22-Jan-2025 19:40:56.633 INFORMATION [main] org.apache.catalina.startup.VersionLoggerListener.log Server Version:        Apache Tomcat/10.0.27
22-Jan-2025 19:40:56.636 INFORMATION [main] org.apache.catalina.startup.VersionLoggerListener.log Server built:          Oct 3 2022 14:18:31 UTC
22-Jan-2025 19:40:56.636 INFORMATION [main] org.apache.catalina.startup.VersionLoggerListener.log Server version number: 10.0.27.0
22-Jan-2025 19:40:56.636 INFORMATION [main] org.apache.catalina.startup.VersionLoggerListener.log OS Name:               Windows 11
22-Jan-2025 19:40:56.636 INFORMATION [main] org.apache.catalina.startup.VersionLoggerListener.log OS Version:            10.0
22-Jan-2025 19:40:56.636 INFORMATION [main] org.apache.catalina.startup.VersionLoggerListener.log Architektur:           amd64
22-Jan-2025 19:40:56.636 INFORMATION [main] org.apache.catalina.startup.VersionLoggerListener.log Java Home:             C:\Program Files\Java\jdk-22
22-Jan-2025 19:40:56.636 INFORMATION [main] org.apache.catalina.startup.VersionLoggerListener.log JVM Version:           22.0.1+8-16
22-Jan-2025 19:40:56.636 INFORMATION [main] org.apache.catalina.startup.VersionLoggerListener.log JVM Hersteller:        Oracle Corporation
22-Jan-2025 19:40:56.637 INFORMATION [main] org.apache.catalina.startup.VersionLoggerListener.log CATALINA_BASE:         D:\Programmieren\Apache Tomcat 10\apache-tomcat-10.0.27
22-Jan-2025 19:40:56.637 INFORMATION [main] org.apache.catalina.startup.VersionLoggerListener.log CATALINA_HOME:         D:\Programmieren\Apache Tomcat 10\apache-tomcat-10.0.27
22-Jan-2025 19:40:56.642 INFORMATION [main] org.apache.catalina.startup.VersionLoggerListener.log Command line argument: --add-opens=java.base/java.lang=ALL-UNNAMED
22-Jan-2025 19:40:56.642 INFORMATION [main] org.apache.catalina.startup.VersionLoggerListener.log Command line argument: --add-opens=java.base/java.io=ALL-UNNAMED
22-Jan-2025 19:40:56.642 INFORMATION [main] org.apache.catalina.startup.VersionLoggerListener.log Command line argument: --add-opens=java.base/java.util=ALL-UNNAMED
22-Jan-2025 19:40:56.642 INFORMATION [main] org.apache.catalina.startup.VersionLoggerListener.log Command line argument: --add-opens=java.base/java.util.concurrent=ALL-UNNAMED
22-Jan-2025 19:40:56.642 INFORMATION [main] org.apache.catalina.startup.VersionLoggerListener.log Command line argument: --add-opens=java.rmi/sun.rmi.transport=ALL-UNNAMED
22-Jan-2025 19:40:56.642 INFORMATION [main] org.apache.catalina.startup.VersionLoggerListener.log Command line argument: -Djava.util.logging.config.file=D:\Programmieren\Apache Tomcat 10\apache-tomcat-10.0.27\conf\logging.properties
22-Jan-2025 19:40:56.642 INFORMATION [main] org.apache.catalina.startup.VersionLoggerListener.log Command line argument: -Djava.util.logging.manager=org.apache.juli.ClassLoaderLogManager
22-Jan-2025 19:40:56.643 INFORMATION [main] org.apache.catalina.startup.VersionLoggerListener.log Command line argument: -Djdk.tls.ephemeralDHKeySize=2048
22-Jan-2025 19:40:56.643 INFORMATION [main] org.apache.catalina.startup.VersionLoggerListener.log Command line argument: -Djava.protocol.handler.pkgs=org.apache.catalina.webresources
22-Jan-2025 19:40:56.643 INFORMATION [main] org.apache.catalina.startup.VersionLoggerListener.log Command line argument: -Dignore.endorsed.dirs=
22-Jan-2025 19:40:56.643 INFORMATION [main] org.apache.catalina.startup.VersionLoggerListener.log Command line argument: -Dcatalina.base=D:\Programmieren\Apache Tomcat 10\apache-tomcat-10.0.27
22-Jan-2025 19:40:56.643 INFORMATION [main] org.apache.catalina.startup.VersionLoggerListener.log Command line argument: -Dcatalina.home=D:\Programmieren\Apache Tomcat 10\apache-tomcat-10.0.27
22-Jan-2025 19:40:56.643 INFORMATION [main] org.apache.catalina.startup.VersionLoggerListener.log Command line argument: -Djava.io.tmpdir=D:\Programmieren\Apache Tomcat 10\apache-tomcat-10.0.27\temp
22-Jan-2025 19:40:56.649 INFORMATION [main] org.apache.catalina.core.AprLifecycleListener.lifecycleEvent The Apache Tomcat Native library which allows using OpenSSL was not found on the java.library.path: [C:\Program Files\Java\jdk-22\bin;C:\WINDOWS\Sun\Java\bin;C:\WINDOWS\system32;C:\WINDOWS;C:\Program Files\Common Files\Oracle\Java\javapath;C:\Python312\Scripts\;C:\Python312\;C:\Program Files\Microsoft\jdk-11.0.16.101-hotspot\bin;C:\Program Files\ImageMagick-7.1.1-Q16-HDRI;C:\Python311\Scripts\;C:\Python311\;C:\Program Files (x86)\Common Files\Oracle\Java\java8path;C:\Program Files (x86)\Common Files\Oracle\Java\javapath;C:\Program Files (x86)\CollabNet;C:\Program Files (x86)\Embarcadero\RAD Studio\10.0\bin;C:\Users\Public\Documents\RAD Studio\10.0\Bpl;C:\WINDOWS\system32;C:\WINDOWS;C:\WINDOWS\System32\Wbem;C:\WINDOWS\System32\WindowsPowerShell\v1.0\;C:\WINDOWS\System32\OpenSSH\;C:\Program Files\Microsoft SQL Server\130\Tools\Binn\;C:\xampp\php;C:\Program Files (x86)\Gpg4win\..\GnuPG\bin;C:\Program Files\Java\apache-ant-1.9.16\bin;C:\Program Files\Microsoft SQL Server\150\Tools\Binn\;C:\Program Files\Microsoft SQL Server\Client SDK\ODBC\170\Tools\Binn\;C:\Program Files\Git\cmd;C:\Program Files\PuTTY\;C:\Program Files\dotnet\;C:\Program Files (x86)\Microsoft SQL Server\150\Tools\Binn\;C:\Program Files\Microsoft SQL Server\150\DTS\Binn\;C:\Program Files (x86)\Microsoft SQL Server\150\DTS\Binn\;C:\Program Files\Azure Data Studio\bin;D:\Android\SDK\platforms;D:\Android\SDK\platform-tools;C:\Program Files (x86)\Pdfsizeopt;C:\ProgramData\chocolatey\bin;C:\Program Files\mosquitto;D:\Android\Flutter-SDK\flutter\bin;C:\Program Files\TortoiseSVN\bin;C:\Program Files\CMake\bin;C:\Program Files (x86)\NVIDIA Corporation\PhysX\Common;C:\Program Files\NVIDIA Corporation\NVIDIA NvDLISR;C:\Program Files\nodejs\;C:\WINDOWS\system32;C:\WINDOWS;C:\WINDOWS\System32\Wbem;C:\WINDOWS\System32\WindowsPowerShell\v1.0\;C:\WINDOWS\System32\OpenSSH\;C:\Program Files (x86)\Windows Kits\10\Windows Performance Toolkit\;C:\Users\Eduard Töws\AppData\Local\Programs\Python\Python39\Scripts\;C:\Users\Eduard Töws\AppData\Local\Programs\Python\Python39\;C:\Users\Eduard Töws\AppData\Local\Microsoft\WindowsApps;C:\Users\Eduard Töws\AppData\Local\GitHubDesktop\bin;C:\Users\Eduard Töws\AppData\Local\Programs\Microsoft VS Code\bin;C:\Users\Eduard Töws\.dotnet\tools;C:\Program Files\Azure Data Studio\bin;C:\Program Files (x86)\Brackets\;C:\Users\Eduard Töws\AppData\Roaming\npm;;.]
22-Jan-2025 19:40:56.959 INFORMATION [main] org.apache.coyote.AbstractProtocol.init Initialisiere ProtocolHandler["http-nio-8080"]
22-Jan-2025 19:40:56.972 INFORMATION [main] org.apache.catalina.startup.Catalina.load Server initialization in [502] milliseconds
22-Jan-2025 19:40:57.009 INFORMATION [main] org.apache.catalina.core.StandardService.startInternal Starting service [Catalina]
22-Jan-2025 19:40:57.009 INFORMATION [main] org.apache.catalina.core.StandardEngine.startInternal Starting Servlet engine: [Apache Tomcat/10.0.27]
22-Jan-2025 19:40:57.015 INFORMATION [main] org.apache.catalina.startup.HostConfig.deployDescriptor Deploying deployment descriptor [D:\Programmieren\Apache Tomcat 10\apache-tomcat-10.0.27\conf\Catalina\localhost\GhostNetFishing.xml]
22-Jan-2025 19:40:57.025 WARNUNG [main] org.apache.catalina.startup.HostConfig.deployDescriptor The path attribute with value [/GhostNetFishing] in deployment descriptor [D:\Programmieren\Apache Tomcat 10\apache-tomcat-10.0.27\conf\Catalina\localhost\GhostNetFishing.xml] has been ignored
22-Jan-2025 19:40:58.467 INFORMATION [main] org.apache.jasper.servlet.TldScanner.scanJars At least one JAR was scanned for TLDs yet contained no TLDs. Enable debug logging for this logger for a complete list of JARs that were scanned but no TLDs were found in them. Skipping unneeded JARs during scanning can improve startup time and JSP compilation time.
22-Jan-2025 19:40:58.512 INFO [main] org.jboss.weld.environment.servlet.EnhancedListener.onStartup WELD-ENV-001008: Initialize Weld using ServletContainerInitializer
22-Jan-2025 19:40:58.530 INFO [main] org.jboss.weld.bootstrap.WeldStartup.<clinit> WELD-000900: 4.0.2 (Final)
22-Jan-2025 19:40:58.724 INFO [main] org.jboss.weld.bootstrap.WeldStartup.startContainer WELD-000101: Transactional services not available. Injection of @Inject UserTransaction not available. Transactional observers will be invoked synchronously.
22-Jan-2025 19:40:58.892 INFO [weld-worker-9] org.jboss.weld.bootstrap.MissingDependenciesRegistry.handleResourceLoadingException WELD-000119: Not generating any bean definitions from de.teddy.GhostNetFishing.JakartaRestConfiguration because of underlying class loading error: Type jakarta.ws.rs.core.Application not found.  If this is unexpected, enable DEBUG logging to see the full error.
22-Jan-2025 19:40:58.895 INFO [weld-worker-5] org.jboss.weld.bootstrap.MissingDependenciesRegistry.handleResourceLoadingException WELD-000119: Not generating any bean definitions from de.teddy.GhostNetFishing.resources.JakartaEE9Resource because of underlying class loading error: Type jakarta.ws.rs.core.Response not found.  If this is unexpected, enable DEBUG logging to see the full error.
22-Jan-2025 19:40:58.915 INFO [main] org.jboss.weld.environment.tomcat.TomcatContainer.initialize WELD-ENV-001100: Tomcat 7+ detected, CDI injection will be available in Servlets, Filters and Listeners.
22-Jan-2025 19:40:59.083 INFORMATION [main] com.sun.faces.config.ConfigureListener.contextInitialized Mojarra 4.0.0 für Kontext '/GhostNetFishing' wird initialisiert.
22-Jan-2025 19:40:59.173 INFORMATION [main] com.sun.faces.spi.InjectionProviderFactory.createInstance JSF1048: PostConstruct/PreDestroy-Annotationen vorhanden.  Verwaltete Bean-Methoden, die mit diesen Annotationen markiert sind, lassen die entsprechenden Annotationen verarbeiten.
22-Jan-2025 19:40:59.591 INFORMATION [main] org.primefaces.webapp.PostConstructApplicationEventListener.processEvent Running on PrimeFaces 11.0.0
22-Jan-2025 19:40:59.611 INFORMATION [main] org.apache.catalina.startup.HostConfig.deployDescriptor Deployment of deployment descriptor [D:\Programmieren\Apache Tomcat 10\apache-tomcat-10.0.27\conf\Catalina\localhost\GhostNetFishing.xml] has finished in [2.594] ms
22-Jan-2025 19:40:59.660 INFORMATION [main] org.apache.catalina.startup.HostConfig.deployWAR Deploying web application archive [D:\Programmieren\Apache Tomcat 10\apache-tomcat-10.0.27\webapps\GhostNetFishing-1.0-SNAPSHOT.war]
22-Jan-2025 19:40:59.674 WARNUNG [main] org.apache.tomcat.util.descriptor.web.WebXml.setVersion Unknown version string [6.0]. Default version will be used.
22-Jan-2025 19:40:59.838 INFORMATION [main] org.apache.jasper.servlet.TldScanner.scanJars At least one JAR was scanned for TLDs yet contained no TLDs. Enable debug logging for this logger for a complete list of JARs that were scanned but no TLDs were found in them. Skipping unneeded JARs during scanning can improve startup time and JSP compilation time.
22-Jan-2025 19:40:59.839 INFORMATION [main] org.apache.catalina.startup.HostConfig.deployWAR Deployment of web application archive [D:\Programmieren\Apache Tomcat 10\apache-tomcat-10.0.27\webapps\GhostNetFishing-1.0-SNAPSHOT.war] has finished in [179] ms
22-Jan-2025 19:40:59.840 INFORMATION [main] org.apache.catalina.startup.HostConfig.deployDirectory Deploye Web-Applikations-Verzeichnis [D:\Programmieren\Apache Tomcat 10\apache-tomcat-10.0.27\webapps\docs]
22-Jan-2025 19:41:00.013 INFORMATION [main] org.apache.jasper.servlet.TldScanner.scanJars At least one JAR was scanned for TLDs yet contained no TLDs. Enable debug logging for this logger for a complete list of JARs that were scanned but no TLDs were found in them. Skipping unneeded JARs during scanning can improve startup time and JSP compilation time.
22-Jan-2025 19:41:00.015 INFORMATION [main] org.apache.catalina.startup.HostConfig.deployDirectory Deployment of web application directory [D:\Programmieren\Apache Tomcat 10\apache-tomcat-10.0.27\webapps\docs] has finished in [175] ms
22-Jan-2025 19:41:00.015 INFORMATION [main] org.apache.catalina.startup.HostConfig.deployDirectory Deploye Web-Applikations-Verzeichnis [D:\Programmieren\Apache Tomcat 10\apache-tomcat-10.0.27\webapps\examples]
22-Jan-2025 19:41:00.660 INFORMATION [main] org.apache.jasper.servlet.TldScanner.scanJars At least one JAR was scanned for TLDs yet contained no TLDs. Enable debug logging for this logger for a complete list of JARs that were scanned but no TLDs were found in them. Skipping unneeded JARs during scanning can improve startup time and JSP compilation time.
22-Jan-2025 19:41:00.687 INFORMATION [main] org.apache.catalina.startup.HostConfig.deployDirectory Deployment of web application directory [D:\Programmieren\Apache Tomcat 10\apache-tomcat-10.0.27\webapps\examples] has finished in [672] ms
22-Jan-2025 19:41:00.687 INFORMATION [main] org.apache.catalina.startup.HostConfig.deployDirectory Deploye Web-Applikations-Verzeichnis [D:\Programmieren\Apache Tomcat 10\apache-tomcat-10.0.27\webapps\host-manager]
22-Jan-2025 19:41:00.852 INFORMATION [main] org.apache.jasper.servlet.TldScanner.scanJars At least one JAR was scanned for TLDs yet contained no TLDs. Enable debug logging for this logger for a complete list of JARs that were scanned but no TLDs were found in them. Skipping unneeded JARs during scanning can improve startup time and JSP compilation time.
22-Jan-2025 19:41:00.855 INFORMATION [main] org.apache.catalina.startup.HostConfig.deployDirectory Deployment of web application directory [D:\Programmieren\Apache Tomcat 10\apache-tomcat-10.0.27\webapps\host-manager] has finished in [168] ms
22-Jan-2025 19:41:00.855 INFORMATION [main] org.apache.catalina.startup.HostConfig.deployDirectory Deploye Web-Applikations-Verzeichnis [D:\Programmieren\Apache Tomcat 10\apache-tomcat-10.0.27\webapps\manager]
22-Jan-2025 19:41:01.006 INFORMATION [main] org.apache.jasper.servlet.TldScanner.scanJars At least one JAR was scanned for TLDs yet contained no TLDs. Enable debug logging for this logger for a complete list of JARs that were scanned but no TLDs were found in them. Skipping unneeded JARs during scanning can improve startup time and JSP compilation time.
22-Jan-2025 19:41:01.008 INFORMATION [main] org.apache.catalina.startup.HostConfig.deployDirectory Deployment of web application directory [D:\Programmieren\Apache Tomcat 10\apache-tomcat-10.0.27\webapps\manager] has finished in [153] ms
22-Jan-2025 19:41:01.011 INFORMATION [main] org.apache.coyote.AbstractProtocol.start Starting ProtocolHandler ["http-nio-8080"]
22-Jan-2025 19:41:01.024 INFORMATION [main] org.apache.catalina.startup.Catalina.start Server startup in [4050] milliseconds
22-Jan-2025 19:41:02.939 INFORMATION [http-nio-8080-exec-1] org.apache.catalina.startup.HostConfig.undeploy Undeploying context [/GhostNetFishing]
22-Jan-2025 19:41:02.984 INFORMATION [http-nio-8080-exec-7] org.apache.catalina.startup.HostConfig.deployDescriptor Deploying deployment descriptor [D:\Programmieren\Apache Tomcat 10\apache-tomcat-10.0.27\conf\Catalina\localhost\GhostNetFishing.xml]
22-Jan-2025 19:41:02.985 WARNUNG [http-nio-8080-exec-7] org.apache.catalina.startup.HostConfig.deployDescriptor The path attribute with value [/GhostNetFishing] in deployment descriptor [D:\Programmieren\Apache Tomcat 10\apache-tomcat-10.0.27\conf\Catalina\localhost\GhostNetFishing.xml] has been ignored
22-Jan-2025 19:41:04.048 INFORMATION [http-nio-8080-exec-7] org.apache.jasper.servlet.TldScanner.scanJars At least one JAR was scanned for TLDs yet contained no TLDs. Enable debug logging for this logger for a complete list of JARs that were scanned but no TLDs were found in them. Skipping unneeded JARs during scanning can improve startup time and JSP compilation time.
22-Jan-2025 19:41:04.074 INFO [http-nio-8080-exec-7] org.jboss.weld.environment.servlet.EnhancedListener.onStartup WELD-ENV-001008: Initialize Weld using ServletContainerInitializer
22-Jan-2025 19:41:04.088 INFO [http-nio-8080-exec-7] org.jboss.weld.bootstrap.WeldStartup.<clinit> WELD-000900: 4.0.2 (Final)
22-Jan-2025 19:41:04.201 INFO [http-nio-8080-exec-7] org.jboss.weld.bootstrap.WeldStartup.startContainer WELD-000101: Transactional services not available. Injection of @Inject UserTransaction not available. Transactional observers will be invoked synchronously.
22-Jan-2025 19:41:04.335 INFO [weld-worker-9] org.jboss.weld.bootstrap.MissingDependenciesRegistry.handleResourceLoadingException WELD-000119: Not generating any bean definitions from de.teddy.GhostNetFishing.JakartaRestConfiguration because of underlying class loading error: Type jakarta.ws.rs.core.Application not found.  If this is unexpected, enable DEBUG logging to see the full error.
22-Jan-2025 19:41:04.338 INFO [weld-worker-10] org.jboss.weld.bootstrap.MissingDependenciesRegistry.handleResourceLoadingException WELD-000119: Not generating any bean definitions from de.teddy.GhostNetFishing.resources.JakartaEE9Resource because of underlying class loading error: Type jakarta.ws.rs.core.Response not found.  If this is unexpected, enable DEBUG logging to see the full error.
22-Jan-2025 19:41:04.352 INFO [http-nio-8080-exec-7] org.jboss.weld.environment.tomcat.TomcatContainer.initialize WELD-ENV-001100: Tomcat 7+ detected, CDI injection will be available in Servlets, Filters and Listeners.
22-Jan-2025 19:41:04.493 INFORMATION [http-nio-8080-exec-7] com.sun.faces.config.ConfigureListener.contextInitialized Mojarra 4.0.0 für Kontext '/GhostNetFishing' wird initialisiert.
22-Jan-2025 19:41:04.553 INFORMATION [http-nio-8080-exec-7] com.sun.faces.spi.InjectionProviderFactory.createInstance JSF1048: PostConstruct/PreDestroy-Annotationen vorhanden.  Verwaltete Bean-Methoden, die mit diesen Annotationen markiert sind, lassen die entsprechenden Annotationen verarbeiten.
22-Jan-2025 19:41:04.833 INFORMATION [http-nio-8080-exec-7] org.primefaces.webapp.PostConstructApplicationEventListener.processEvent Running on PrimeFaces 11.0.0
22-Jan-2025 19:41:04.839 INFORMATION [http-nio-8080-exec-7] org.apache.catalina.startup.HostConfig.deployDescriptor Deployment of deployment descriptor [D:\Programmieren\Apache Tomcat 10\apache-tomcat-10.0.27\conf\Catalina\localhost\GhostNetFishing.xml] has finished in [1.854] ms
22-Jan-2025 19:41:04.841 INFORMATION [http-nio-8080-exec-8] org.apache.catalina.util.LifecycleBase.start The start() method was called on component [StandardEngine[Catalina].StandardHost[localhost].StandardContext[/GhostNetFishing]] after start() had already been called. The second call will be ignored.
22-Jan-2025 19:41:13.114 SCHWERWIEGEND [http-nio-8080-exec-12] com.sun.faces.application.view.FaceletViewHandlingStrategy.handleRenderException Error Rendering View[/uebersicht_test.xhtml]
	jakarta.el.ELException: /uebersicht_test.xhtml @27,31 value="#{datenController.netzeOhnePersonListe}": Fehler beim Lesen von [netzeOhnePersonListe] für den Typ [DatenController]
		at com.sun.faces.facelets.el.TagValueExpression.getValue(TagValueExpression.java:77)
		at jakarta.faces.component.ComponentStateHelper.eval(ComponentStateHelper.java:207)
		at jakarta.faces.component.ComponentStateHelper.eval(ComponentStateHelper.java:176)
		at jakarta.faces.component.UISelectItems.getValue(UISelectItems.java:120)
		at org.primefaces.renderkit.SelectRenderer.getSelectItems(SelectRenderer.java:91)
		at org.primefaces.component.selectonemenu.SelectOneMenuRenderer.encodeMarkup(SelectOneMenuRenderer.java:113)
		at org.primefaces.component.selectonemenu.SelectOneMenuRenderer.encodeEnd(SelectOneMenuRenderer.java:106)
		at jakarta.faces.component.UIComponentBase.encodeEnd(UIComponentBase.java:586)
		at com.sun.faces.renderkit.html_basic.HtmlBasicRenderer.encodeRecursive(HtmlBasicRenderer.java:265)
		at com.sun.faces.renderkit.html_basic.GridRenderer.renderRow(GridRenderer.java:143)
		at com.sun.faces.renderkit.html_basic.GridRenderer.encodeChildren(GridRenderer.java:97)
		at jakarta.faces.component.UIComponentBase.encodeChildren(UIComponentBase.java:557)
		at jakarta.faces.component.UIComponent.encodeAll(UIComponent.java:1435)
		at jakarta.faces.render.Renderer.encodeChildren(Renderer.java:146)
		at jakarta.faces.component.UIComponentBase.encodeChildren(UIComponentBase.java:557)
		at jakarta.faces.component.UIComponent.encodeAll(UIComponent.java:1435)
		at jakarta.faces.component.UIComponent.encodeAll(UIComponent.java:1438)
		at jakarta.faces.component.UIComponent.encodeAll(UIComponent.java:1438)
		at com.sun.faces.application.view.FaceletViewHandlingStrategy.renderView(FaceletViewHandlingStrategy.java:442)
		at com.sun.faces.application.view.MultiViewHandler.renderView(MultiViewHandler.java:162)
		at jakarta.faces.application.ViewHandlerWrapper.renderView(ViewHandlerWrapper.java:125)
		at com.sun.faces.lifecycle.RenderResponsePhase.execute(RenderResponsePhase.java:93)
		at com.sun.faces.lifecycle.Phase.doPhase(Phase.java:72)
		at com.sun.faces.lifecycle.LifecycleImpl.render(LifecycleImpl.java:178)
		at jakarta.faces.webapp.FacesServlet.executeLifecyle(FacesServlet.java:692)
		at jakarta.faces.webapp.FacesServlet.service(FacesServlet.java:449)
		at org.apache.catalina.core.ApplicationFilterChain.internalDoFilter(ApplicationFilterChain.java:223)
		at org.apache.catalina.core.ApplicationFilterChain.doFilter(ApplicationFilterChain.java:158)
		at org.apache.tomcat.websocket.server.WsFilter.doFilter(WsFilter.java:53)
		at org.apache.catalina.core.ApplicationFilterChain.internalDoFilter(ApplicationFilterChain.java:185)
		at org.apache.catalina.core.ApplicationFilterChain.doFilter(ApplicationFilterChain.java:158)
		at org.apache.catalina.core.StandardWrapperValve.invoke(StandardWrapperValve.java:197)
		at org.apache.catalina.core.StandardContextValve.invoke(StandardContextValve.java:97)
		at org.apache.catalina.authenticator.AuthenticatorBase.invoke(AuthenticatorBase.java:542)
		at org.apache.catalina.core.StandardHostValve.invoke(StandardHostValve.java:119)
		at org.apache.catalina.valves.ErrorReportValve.invoke(ErrorReportValve.java:92)
		at org.apache.catalina.valves.AbstractAccessLogValve.invoke(AbstractAccessLogValve.java:690)
		at org.apache.catalina.core.StandardEngineValve.invoke(StandardEngineValve.java:78)
		at org.apache.catalina.connector.CoyoteAdapter.service(CoyoteAdapter.java:356)
		at org.apache.coyote.http11.Http11Processor.service(Http11Processor.java:399)
		at org.apache.coyote.AbstractProcessorLight.process(AbstractProcessorLight.java:65)
		at org.apache.coyote.AbstractProtocol$ConnectionHandler.process(AbstractProtocol.java:870)
		at org.apache.tomcat.util.net.NioEndpoint$SocketProcessor.doRun(NioEndpoint.java:1762)
		at org.apache.tomcat.util.net.SocketProcessorBase.run(SocketProcessorBase.java:49)
		at org.apache.tomcat.util.threads.ThreadPoolExecutor.runWorker(ThreadPoolExecutor.java:1191)
		at org.apache.tomcat.util.threads.ThreadPoolExecutor$Worker.run(ThreadPoolExecutor.java:659)
		at org.apache.tomcat.util.threads.TaskThread$WrappingRunnable.run(TaskThread.java:61)
		at java.base/java.lang.Thread.run(Thread.java:1570)
	Caused by: jakarta.el.ELException: Fehler beim Lesen von [netzeOhnePersonListe] für den Typ [DatenController]
		at jakarta.el.BeanELResolver.getValue(BeanELResolver.java:101)
		at com.sun.faces.el.DemuxCompositeELResolver._getValue(DemuxCompositeELResolver.java:139)
		at com.sun.faces.el.DemuxCompositeELResolver.getValue(DemuxCompositeELResolver.java:164)
		at org.apache.el.parser.AstValue.getValue(AstValue.java:168)
		at org.apache.el.ValueExpressionImpl.getValue(ValueExpressionImpl.java:189)
		at org.jboss.weld.module.web.el.WeldValueExpression.getValue(WeldValueExpression.java:50)
		at com.sun.faces.facelets.el.TagValueExpression.getValue(TagValueExpression.java:73)
		... 47 more
	Caused by: java.lang.IndexOutOfBoundsException: Index 0 out of bounds for length 0
		at java.base/jdk.internal.util.Preconditions.outOfBounds(Preconditions.java:100)
		at java.base/jdk.internal.util.Preconditions.outOfBoundsCheckIndex(Preconditions.java:106)
		at java.base/jdk.internal.util.Preconditions.checkIndex(Preconditions.java:302)
		at java.base/java.util.Objects.checkIndex(Objects.java:365)
		at java.base/java.util.ArrayList.get(ArrayList.java:428)
		at DatenController.getNetzeOhnePersonListe(DatenController.java:27)
		at java.base/jdk.internal.reflect.DirectMethodHandleAccessor.invoke(DirectMethodHandleAccessor.java:103)
		at java.base/java.lang.reflect.Method.invoke(Method.java:580)
		at jakarta.el.BeanELResolver.getValue(BeanELResolver.java:97)
		... 53 more
22-Jan-2025 19:45:32.113 INFORMATION [http-nio-8080-exec-18] org.apache.catalina.startup.HostConfig.undeploy Undeploying context [/GhostNetFishing]
22-Jan-2025 19:45:32.121 INFORMATION [http-nio-8080-exec-14] org.apache.catalina.startup.HostConfig.deployDescriptor Deploying deployment descriptor [D:\Programmieren\Apache Tomcat 10\apache-tomcat-10.0.27\conf\Catalina\localhost\GhostNetFishing.xml]
22-Jan-2025 19:45:32.122 WARNUNG [http-nio-8080-exec-14] org.apache.catalina.startup.HostConfig.deployDescriptor The path attribute with value [/GhostNetFishing] in deployment descriptor [D:\Programmieren\Apache Tomcat 10\apache-tomcat-10.0.27\conf\Catalina\localhost\GhostNetFishing.xml] has been ignored
22-Jan-2025 19:45:33.157 INFORMATION [http-nio-8080-exec-14] org.apache.jasper.servlet.TldScanner.scanJars At least one JAR was scanned for TLDs yet contained no TLDs. Enable debug logging for this logger for a complete list of JARs that were scanned but no TLDs were found in them. Skipping unneeded JARs during scanning can improve startup time and JSP compilation time.
22-Jan-2025 19:45:33.180 INFO [http-nio-8080-exec-14] org.jboss.weld.environment.servlet.EnhancedListener.onStartup WELD-ENV-001008: Initialize Weld using ServletContainerInitializer
22-Jan-2025 19:45:33.194 INFO [http-nio-8080-exec-14] org.jboss.weld.bootstrap.WeldStartup.<clinit> WELD-000900: 4.0.2 (Final)
22-Jan-2025 19:45:33.308 INFO [http-nio-8080-exec-14] org.jboss.weld.bootstrap.WeldStartup.startContainer WELD-000101: Transactional services not available. Injection of @Inject UserTransaction not available. Transactional observers will be invoked synchronously.
22-Jan-2025 19:45:33.438 INFO [weld-worker-9] org.jboss.weld.bootstrap.MissingDependenciesRegistry.handleResourceLoadingException WELD-000119: Not generating any bean definitions from de.teddy.GhostNetFishing.JakartaRestConfiguration because of underlying class loading error: Type jakarta.ws.rs.core.Application not found.  If this is unexpected, enable DEBUG logging to see the full error.
22-Jan-2025 19:45:33.440 INFO [weld-worker-10] org.jboss.weld.bootstrap.MissingDependenciesRegistry.handleResourceLoadingException WELD-000119: Not generating any bean definitions from de.teddy.GhostNetFishing.resources.JakartaEE9Resource because of underlying class loading error: Type jakarta.ws.rs.core.Response not found.  If this is unexpected, enable DEBUG logging to see the full error.
22-Jan-2025 19:45:33.456 INFO [http-nio-8080-exec-14] org.jboss.weld.environment.tomcat.TomcatContainer.initialize WELD-ENV-001100: Tomcat 7+ detected, CDI injection will be available in Servlets, Filters and Listeners.
22-Jan-2025 19:45:33.602 INFORMATION [http-nio-8080-exec-14] com.sun.faces.config.ConfigureListener.contextInitialized Mojarra 4.0.0 für Kontext '/GhostNetFishing' wird initialisiert.
22-Jan-2025 19:45:33.666 INFORMATION [http-nio-8080-exec-14] com.sun.faces.spi.InjectionProviderFactory.createInstance JSF1048: PostConstruct/PreDestroy-Annotationen vorhanden.  Verwaltete Bean-Methoden, die mit diesen Annotationen markiert sind, lassen die entsprechenden Annotationen verarbeiten.
22-Jan-2025 19:45:33.934 INFORMATION [http-nio-8080-exec-14] org.primefaces.webapp.PostConstructApplicationEventListener.processEvent Running on PrimeFaces 11.0.0
22-Jan-2025 19:45:33.941 INFORMATION [http-nio-8080-exec-14] org.apache.catalina.startup.HostConfig.deployDescriptor Deployment of deployment descriptor [D:\Programmieren\Apache Tomcat 10\apache-tomcat-10.0.27\conf\Catalina\localhost\GhostNetFishing.xml] has finished in [1.820] ms
22-Jan-2025 19:45:33.943 INFORMATION [http-nio-8080-exec-20] org.apache.catalina.util.LifecycleBase.start The start() method was called on component [StandardEngine[Catalina].StandardHost[localhost].StandardContext[/GhostNetFishing]] after start() had already been called. The second call will be ignored.
22-Jan-2025 19:46:12.802 INFORMATION [http-nio-8080-exec-21] org.apache.catalina.startup.HostConfig.undeploy Undeploying context [/GhostNetFishing]
22-Jan-2025 19:46:12.810 INFORMATION [http-nio-8080-exec-25] org.apache.catalina.startup.HostConfig.deployDescriptor Deploying deployment descriptor [D:\Programmieren\Apache Tomcat 10\apache-tomcat-10.0.27\conf\Catalina\localhost\GhostNetFishing.xml]
22-Jan-2025 19:46:12.811 WARNUNG [http-nio-8080-exec-25] org.apache.catalina.startup.HostConfig.deployDescriptor The path attribute with value [/GhostNetFishing] in deployment descriptor [D:\Programmieren\Apache Tomcat 10\apache-tomcat-10.0.27\conf\Catalina\localhost\GhostNetFishing.xml] has been ignored
22-Jan-2025 19:46:13.884 INFORMATION [http-nio-8080-exec-25] org.apache.jasper.servlet.TldScanner.scanJars At least one JAR was scanned for TLDs yet contained no TLDs. Enable debug logging for this logger for a complete list of JARs that were scanned but no TLDs were found in them. Skipping unneeded JARs during scanning can improve startup time and JSP compilation time.
22-Jan-2025 19:46:13.906 INFO [http-nio-8080-exec-25] org.jboss.weld.environment.servlet.EnhancedListener.onStartup WELD-ENV-001008: Initialize Weld using ServletContainerInitializer
22-Jan-2025 19:46:13.919 INFO [http-nio-8080-exec-25] org.jboss.weld.bootstrap.WeldStartup.<clinit> WELD-000900: 4.0.2 (Final)
22-Jan-2025 19:46:14.024 INFO [http-nio-8080-exec-25] org.jboss.weld.bootstrap.WeldStartup.startContainer WELD-000101: Transactional services not available. Injection of @Inject UserTransaction not available. Transactional observers will be invoked synchronously.
22-Jan-2025 19:46:14.151 INFO [weld-worker-9] org.jboss.weld.bootstrap.MissingDependenciesRegistry.handleResourceLoadingException WELD-000119: Not generating any bean definitions from de.teddy.GhostNetFishing.JakartaRestConfiguration because of underlying class loading error: Type jakarta.ws.rs.core.Application not found.  If this is unexpected, enable DEBUG logging to see the full error.
22-Jan-2025 19:46:14.153 INFO [weld-worker-10] org.jboss.weld.bootstrap.MissingDependenciesRegistry.handleResourceLoadingException WELD-000119: Not generating any bean definitions from de.teddy.GhostNetFishing.resources.JakartaEE9Resource because of underlying class loading error: Type jakarta.ws.rs.core.Response not found.  If this is unexpected, enable DEBUG logging to see the full error.
22-Jan-2025 19:46:14.167 INFO [http-nio-8080-exec-25] org.jboss.weld.environment.tomcat.TomcatContainer.initialize WELD-ENV-001100: Tomcat 7+ detected, CDI injection will be available in Servlets, Filters and Listeners.
22-Jan-2025 19:46:14.305 INFORMATION [http-nio-8080-exec-25] com.sun.faces.config.ConfigureListener.contextInitialized Mojarra 4.0.0 für Kontext '/GhostNetFishing' wird initialisiert.
22-Jan-2025 19:46:14.369 INFORMATION [http-nio-8080-exec-25] com.sun.faces.spi.InjectionProviderFactory.createInstance JSF1048: PostConstruct/PreDestroy-Annotationen vorhanden.  Verwaltete Bean-Methoden, die mit diesen Annotationen markiert sind, lassen die entsprechenden Annotationen verarbeiten.
22-Jan-2025 19:46:14.634 INFORMATION [http-nio-8080-exec-25] org.primefaces.webapp.PostConstructApplicationEventListener.processEvent Running on PrimeFaces 11.0.0
22-Jan-2025 19:46:14.640 INFORMATION [http-nio-8080-exec-25] org.apache.catalina.startup.HostConfig.deployDescriptor Deployment of deployment descriptor [D:\Programmieren\Apache Tomcat 10\apache-tomcat-10.0.27\conf\Catalina\localhost\GhostNetFishing.xml] has finished in [1.829] ms
22-Jan-2025 19:46:14.642 INFORMATION [http-nio-8080-exec-16] org.apache.catalina.util.LifecycleBase.start The start() method was called on component [StandardEngine[Catalina].StandardHost[localhost].StandardContext[/GhostNetFishing]] after start() had already been called. The second call will be ignored.
22-Jan-2025 19:47:10.415 INFORMATION [http-nio-8080-exec-28] org.apache.catalina.startup.HostConfig.undeploy Undeploying context [/GhostNetFishing]
22-Jan-2025 19:47:10.423 INFORMATION [http-nio-8080-exec-27] org.apache.catalina.startup.HostConfig.deployDescriptor Deploying deployment descriptor [D:\Programmieren\Apache Tomcat 10\apache-tomcat-10.0.27\conf\Catalina\localhost\GhostNetFishing.xml]
22-Jan-2025 19:47:10.424 WARNUNG [http-nio-8080-exec-27] org.apache.catalina.startup.HostConfig.deployDescriptor The path attribute with value [/GhostNetFishing] in deployment descriptor [D:\Programmieren\Apache Tomcat 10\apache-tomcat-10.0.27\conf\Catalina\localhost\GhostNetFishing.xml] has been ignored
22-Jan-2025 19:47:11.519 INFORMATION [http-nio-8080-exec-27] org.apache.jasper.servlet.TldScanner.scanJars At least one JAR was scanned for TLDs yet contained no TLDs. Enable debug logging for this logger for a complete list of JARs that were scanned but no TLDs were found in them. Skipping unneeded JARs during scanning can improve startup time and JSP compilation time.
22-Jan-2025 19:47:11.541 INFO [http-nio-8080-exec-27] org.jboss.weld.environment.servlet.EnhancedListener.onStartup WELD-ENV-001008: Initialize Weld using ServletContainerInitializer
22-Jan-2025 19:47:11.553 INFO [http-nio-8080-exec-27] org.jboss.weld.bootstrap.WeldStartup.<clinit> WELD-000900: 4.0.2 (Final)
22-Jan-2025 19:47:11.655 INFO [http-nio-8080-exec-27] org.jboss.weld.bootstrap.WeldStartup.startContainer WELD-000101: Transactional services not available. Injection of @Inject UserTransaction not available. Transactional observers will be invoked synchronously.
22-Jan-2025 19:47:11.780 INFO [weld-worker-9] org.jboss.weld.bootstrap.MissingDependenciesRegistry.handleResourceLoadingException WELD-000119: Not generating any bean definitions from de.teddy.GhostNetFishing.JakartaRestConfiguration because of underlying class loading error: Type jakarta.ws.rs.core.Application not found.  If this is unexpected, enable DEBUG logging to see the full error.
22-Jan-2025 19:47:11.782 INFO [weld-worker-10] org.jboss.weld.bootstrap.MissingDependenciesRegistry.handleResourceLoadingException WELD-000119: Not generating any bean definitions from de.teddy.GhostNetFishing.resources.JakartaEE9Resource because of underlying class loading error: Type jakarta.ws.rs.core.Response not found.  If this is unexpected, enable DEBUG logging to see the full error.
22-Jan-2025 19:47:11.796 INFO [http-nio-8080-exec-27] org.jboss.weld.environment.tomcat.TomcatContainer.initialize WELD-ENV-001100: Tomcat 7+ detected, CDI injection will be available in Servlets, Filters and Listeners.
22-Jan-2025 19:47:11.925 INFORMATION [http-nio-8080-exec-27] com.sun.faces.config.ConfigureListener.contextInitialized Mojarra 4.0.0 für Kontext '/GhostNetFishing' wird initialisiert.
22-Jan-2025 19:47:11.980 INFORMATION [http-nio-8080-exec-27] com.sun.faces.spi.InjectionProviderFactory.createInstance JSF1048: PostConstruct/PreDestroy-Annotationen vorhanden.  Verwaltete Bean-Methoden, die mit diesen Annotationen markiert sind, lassen die entsprechenden Annotationen verarbeiten.
22-Jan-2025 19:47:12.240 INFORMATION [http-nio-8080-exec-27] org.primefaces.webapp.PostConstructApplicationEventListener.processEvent Running on PrimeFaces 11.0.0
22-Jan-2025 19:47:12.245 INFORMATION [http-nio-8080-exec-27] org.apache.catalina.startup.HostConfig.deployDescriptor Deployment of deployment descriptor [D:\Programmieren\Apache Tomcat 10\apache-tomcat-10.0.27\conf\Catalina\localhost\GhostNetFishing.xml] has finished in [1.822] ms
22-Jan-2025 19:47:12.247 INFORMATION [http-nio-8080-exec-12] org.apache.catalina.util.LifecycleBase.start The start() method was called on component [StandardEngine[Catalina].StandardHost[localhost].StandardContext[/GhostNetFishing]] after start() had already been called. The second call will be ignored.
22-Jan-2025 19:49:11.560 INFORMATION [http-nio-8080-exec-31] org.apache.catalina.startup.HostConfig.undeploy Undeploying context [/GhostNetFishing]
22-Jan-2025 19:49:11.568 INFORMATION [http-nio-8080-exec-33] org.apache.catalina.startup.HostConfig.deployDescriptor Deploying deployment descriptor [D:\Programmieren\Apache Tomcat 10\apache-tomcat-10.0.27\conf\Catalina\localhost\GhostNetFishing.xml]
22-Jan-2025 19:49:11.569 WARNUNG [http-nio-8080-exec-33] org.apache.catalina.startup.HostConfig.deployDescriptor The path attribute with value [/GhostNetFishing] in deployment descriptor [D:\Programmieren\Apache Tomcat 10\apache-tomcat-10.0.27\conf\Catalina\localhost\GhostNetFishing.xml] has been ignored
22-Jan-2025 19:49:12.593 INFORMATION [http-nio-8080-exec-33] org.apache.jasper.servlet.TldScanner.scanJars At least one JAR was scanned for TLDs yet contained no TLDs. Enable debug logging for this logger for a complete list of JARs that were scanned but no TLDs were found in them. Skipping unneeded JARs during scanning can improve startup time and JSP compilation time.
22-Jan-2025 19:49:12.614 INFO [http-nio-8080-exec-33] org.jboss.weld.environment.servlet.EnhancedListener.onStartup WELD-ENV-001008: Initialize Weld using ServletContainerInitializer
22-Jan-2025 19:49:12.627 INFO [http-nio-8080-exec-33] org.jboss.weld.bootstrap.WeldStartup.<clinit> WELD-000900: 4.0.2 (Final)
22-Jan-2025 19:49:12.730 INFO [http-nio-8080-exec-33] org.jboss.weld.bootstrap.WeldStartup.startContainer WELD-000101: Transactional services not available. Injection of @Inject UserTransaction not available. Transactional observers will be invoked synchronously.
22-Jan-2025 19:49:12.854 INFO [weld-worker-9] org.jboss.weld.bootstrap.MissingDependenciesRegistry.handleResourceLoadingException WELD-000119: Not generating any bean definitions from de.teddy.GhostNetFishing.JakartaRestConfiguration because of underlying class loading error: Type jakarta.ws.rs.core.Application not found.  If this is unexpected, enable DEBUG logging to see the full error.
22-Jan-2025 19:49:12.856 INFO [weld-worker-10] org.jboss.weld.bootstrap.MissingDependenciesRegistry.handleResourceLoadingException WELD-000119: Not generating any bean definitions from de.teddy.GhostNetFishing.resources.JakartaEE9Resource because of underlying class loading error: Type jakarta.ws.rs.core.Response not found.  If this is unexpected, enable DEBUG logging to see the full error.
22-Jan-2025 19:49:12.870 INFO [http-nio-8080-exec-33] org.jboss.weld.environment.tomcat.TomcatContainer.initialize WELD-ENV-001100: Tomcat 7+ detected, CDI injection will be available in Servlets, Filters and Listeners.
22-Jan-2025 19:49:13.001 INFORMATION [http-nio-8080-exec-33] com.sun.faces.config.ConfigureListener.contextInitialized Mojarra 4.0.0 für Kontext '/GhostNetFishing' wird initialisiert.
22-Jan-2025 19:49:13.061 INFORMATION [http-nio-8080-exec-33] com.sun.faces.spi.InjectionProviderFactory.createInstance JSF1048: PostConstruct/PreDestroy-Annotationen vorhanden.  Verwaltete Bean-Methoden, die mit diesen Annotationen markiert sind, lassen die entsprechenden Annotationen verarbeiten.
22-Jan-2025 19:49:13.310 INFORMATION [http-nio-8080-exec-33] org.primefaces.webapp.PostConstructApplicationEventListener.processEvent Running on PrimeFaces 11.0.0
22-Jan-2025 19:49:13.314 INFORMATION [http-nio-8080-exec-33] org.apache.catalina.startup.HostConfig.deployDescriptor Deployment of deployment descriptor [D:\Programmieren\Apache Tomcat 10\apache-tomcat-10.0.27\conf\Catalina\localhost\GhostNetFishing.xml] has finished in [1.746] ms
22-Jan-2025 19:49:13.316 INFORMATION [http-nio-8080-exec-34] org.apache.catalina.util.LifecycleBase.start The start() method was called on component [StandardEngine[Catalina].StandardHost[localhost].StandardContext[/GhostNetFishing]] after start() had already been called. The second call will be ignored.
22-Jan-2025 19:53:38.736 INFORMATION [http-nio-8080-exec-47] org.apache.catalina.startup.HostConfig.undeploy Undeploying context [/GhostNetFishing]
22-Jan-2025 19:53:38.744 INFORMATION [http-nio-8080-exec-42] org.apache.catalina.startup.HostConfig.deployDescriptor Deploying deployment descriptor [D:\Programmieren\Apache Tomcat 10\apache-tomcat-10.0.27\conf\Catalina\localhost\GhostNetFishing.xml]
22-Jan-2025 19:53:38.745 WARNUNG [http-nio-8080-exec-42] org.apache.catalina.startup.HostConfig.deployDescriptor The path attribute with value [/GhostNetFishing] in deployment descriptor [D:\Programmieren\Apache Tomcat 10\apache-tomcat-10.0.27\conf\Catalina\localhost\GhostNetFishing.xml] has been ignored
22-Jan-2025 19:53:39.752 INFORMATION [http-nio-8080-exec-42] org.apache.jasper.servlet.TldScanner.scanJars At least one JAR was scanned for TLDs yet contained no TLDs. Enable debug logging for this logger for a complete list of JARs that were scanned but no TLDs were found in them. Skipping unneeded JARs during scanning can improve startup time and JSP compilation time.
22-Jan-2025 19:53:39.773 INFO [http-nio-8080-exec-42] org.jboss.weld.environment.servlet.EnhancedListener.onStartup WELD-ENV-001008: Initialize Weld using ServletContainerInitializer
22-Jan-2025 19:53:39.787 INFO [http-nio-8080-exec-42] org.jboss.weld.bootstrap.WeldStartup.<clinit> WELD-000900: 4.0.2 (Final)
22-Jan-2025 19:53:39.897 INFO [http-nio-8080-exec-42] org.jboss.weld.bootstrap.WeldStartup.startContainer WELD-000101: Transactional services not available. Injection of @Inject UserTransaction not available. Transactional observers will be invoked synchronously.
22-Jan-2025 19:53:40.022 INFO [weld-worker-9] org.jboss.weld.bootstrap.MissingDependenciesRegistry.handleResourceLoadingException WELD-000119: Not generating any bean definitions from de.teddy.GhostNetFishing.JakartaRestConfiguration because of underlying class loading error: Type jakarta.ws.rs.core.Application not found.  If this is unexpected, enable DEBUG logging to see the full error.
22-Jan-2025 19:53:40.024 INFO [weld-worker-12] org.jboss.weld.bootstrap.MissingDependenciesRegistry.handleResourceLoadingException WELD-000119: Not generating any bean definitions from de.teddy.GhostNetFishing.resources.JakartaEE9Resource because of underlying class loading error: Type jakarta.ws.rs.core.Response not found.  If this is unexpected, enable DEBUG logging to see the full error.
22-Jan-2025 19:53:40.039 INFO [http-nio-8080-exec-42] org.jboss.weld.environment.tomcat.TomcatContainer.initialize WELD-ENV-001100: Tomcat 7+ detected, CDI injection will be available in Servlets, Filters and Listeners.
22-Jan-2025 19:53:40.169 INFORMATION [http-nio-8080-exec-42] com.sun.faces.config.ConfigureListener.contextInitialized Mojarra 4.0.0 für Kontext '/GhostNetFishing' wird initialisiert.
22-Jan-2025 19:53:40.227 INFORMATION [http-nio-8080-exec-42] com.sun.faces.spi.InjectionProviderFactory.createInstance JSF1048: PostConstruct/PreDestroy-Annotationen vorhanden.  Verwaltete Bean-Methoden, die mit diesen Annotationen markiert sind, lassen die entsprechenden Annotationen verarbeiten.
22-Jan-2025 19:53:40.489 INFORMATION [http-nio-8080-exec-42] org.primefaces.webapp.PostConstructApplicationEventListener.processEvent Running on PrimeFaces 11.0.0
22-Jan-2025 19:53:40.495 INFORMATION [http-nio-8080-exec-42] org.apache.catalina.startup.HostConfig.deployDescriptor Deployment of deployment descriptor [D:\Programmieren\Apache Tomcat 10\apache-tomcat-10.0.27\conf\Catalina\localhost\GhostNetFishing.xml] has finished in [1.750] ms
22-Jan-2025 19:53:40.497 INFORMATION [http-nio-8080-exec-43] org.apache.catalina.util.LifecycleBase.start The start() method was called on component [StandardEngine[Catalina].StandardHost[localhost].StandardContext[/GhostNetFishing]] after start() had already been called. The second call will be ignored.
22-Jan-2025 19:58:57.931 INFORMATION [http-nio-8080-exec-56] org.apache.catalina.startup.HostConfig.undeploy Undeploying context [/GhostNetFishing]
22-Jan-2025 19:58:57.938 INFORMATION [http-nio-8080-exec-50] org.apache.catalina.startup.HostConfig.deployDescriptor Deploying deployment descriptor [D:\Programmieren\Apache Tomcat 10\apache-tomcat-10.0.27\conf\Catalina\localhost\GhostNetFishing.xml]
22-Jan-2025 19:58:57.939 WARNUNG [http-nio-8080-exec-50] org.apache.catalina.startup.HostConfig.deployDescriptor The path attribute with value [/GhostNetFishing] in deployment descriptor [D:\Programmieren\Apache Tomcat 10\apache-tomcat-10.0.27\conf\Catalina\localhost\GhostNetFishing.xml] has been ignored
22-Jan-2025 19:58:58.944 INFORMATION [http-nio-8080-exec-50] org.apache.jasper.servlet.TldScanner.scanJars At least one JAR was scanned for TLDs yet contained no TLDs. Enable debug logging for this logger for a complete list of JARs that were scanned but no TLDs were found in them. Skipping unneeded JARs during scanning can improve startup time and JSP compilation time.
22-Jan-2025 19:58:58.965 INFO [http-nio-8080-exec-50] org.jboss.weld.environment.servlet.EnhancedListener.onStartup WELD-ENV-001008: Initialize Weld using ServletContainerInitializer
22-Jan-2025 19:58:58.978 INFO [http-nio-8080-exec-50] org.jboss.weld.bootstrap.WeldStartup.<clinit> WELD-000900: 4.0.2 (Final)
22-Jan-2025 19:58:59.086 INFO [http-nio-8080-exec-50] org.jboss.weld.bootstrap.WeldStartup.startContainer WELD-000101: Transactional services not available. Injection of @Inject UserTransaction not available. Transactional observers will be invoked synchronously.
22-Jan-2025 19:58:59.212 INFO [weld-worker-9] org.jboss.weld.bootstrap.MissingDependenciesRegistry.handleResourceLoadingException WELD-000119: Not generating any bean definitions from de.teddy.GhostNetFishing.JakartaRestConfiguration because of underlying class loading error: Type jakarta.ws.rs.core.Application not found.  If this is unexpected, enable DEBUG logging to see the full error.
22-Jan-2025 19:58:59.213 INFO [weld-worker-1] org.jboss.weld.bootstrap.MissingDependenciesRegistry.handleResourceLoadingException WELD-000119: Not generating any bean definitions from de.teddy.GhostNetFishing.resources.JakartaEE9Resource because of underlying class loading error: Type jakarta.ws.rs.core.Response not found.  If this is unexpected, enable DEBUG logging to see the full error.
22-Jan-2025 19:58:59.226 INFO [http-nio-8080-exec-50] org.jboss.weld.environment.tomcat.TomcatContainer.initialize WELD-ENV-001100: Tomcat 7+ detected, CDI injection will be available in Servlets, Filters and Listeners.
22-Jan-2025 19:58:59.354 INFORMATION [http-nio-8080-exec-50] com.sun.faces.config.ConfigureListener.contextInitialized Mojarra 4.0.0 für Kontext '/GhostNetFishing' wird initialisiert.
22-Jan-2025 19:58:59.410 INFORMATION [http-nio-8080-exec-50] com.sun.faces.spi.InjectionProviderFactory.createInstance JSF1048: PostConstruct/PreDestroy-Annotationen vorhanden.  Verwaltete Bean-Methoden, die mit diesen Annotationen markiert sind, lassen die entsprechenden Annotationen verarbeiten.
22-Jan-2025 19:58:59.658 INFORMATION [http-nio-8080-exec-50] org.primefaces.webapp.PostConstructApplicationEventListener.processEvent Running on PrimeFaces 11.0.0
22-Jan-2025 19:58:59.663 INFORMATION [http-nio-8080-exec-50] org.apache.catalina.startup.HostConfig.deployDescriptor Deployment of deployment descriptor [D:\Programmieren\Apache Tomcat 10\apache-tomcat-10.0.27\conf\Catalina\localhost\GhostNetFishing.xml] has finished in [1.725] ms
22-Jan-2025 19:58:59.665 INFORMATION [http-nio-8080-exec-54] org.apache.catalina.util.LifecycleBase.start The start() method was called on component [StandardEngine[Catalina].StandardHost[localhost].StandardContext[/GhostNetFishing]] after start() had already been called. The second call will be ignored.
22-Jan-2025 20:01:14.536 INFORMATION [http-nio-8080-exec-66] org.apache.catalina.startup.HostConfig.undeploy Undeploying context [/GhostNetFishing]
22-Jan-2025 20:01:14.543 INFORMATION [http-nio-8080-exec-63] org.apache.catalina.startup.HostConfig.deployDescriptor Deploying deployment descriptor [D:\Programmieren\Apache Tomcat 10\apache-tomcat-10.0.27\conf\Catalina\localhost\GhostNetFishing.xml]
22-Jan-2025 20:01:14.544 WARNUNG [http-nio-8080-exec-63] org.apache.catalina.startup.HostConfig.deployDescriptor The path attribute with value [/GhostNetFishing] in deployment descriptor [D:\Programmieren\Apache Tomcat 10\apache-tomcat-10.0.27\conf\Catalina\localhost\GhostNetFishing.xml] has been ignored
22-Jan-2025 20:01:15.553 INFORMATION [http-nio-8080-exec-63] org.apache.jasper.servlet.TldScanner.scanJars At least one JAR was scanned for TLDs yet contained no TLDs. Enable debug logging for this logger for a complete list of JARs that were scanned but no TLDs were found in them. Skipping unneeded JARs during scanning can improve startup time and JSP compilation time.
22-Jan-2025 20:01:15.573 INFO [http-nio-8080-exec-63] org.jboss.weld.environment.servlet.EnhancedListener.onStartup WELD-ENV-001008: Initialize Weld using ServletContainerInitializer
22-Jan-2025 20:01:15.586 INFO [http-nio-8080-exec-63] org.jboss.weld.bootstrap.WeldStartup.<clinit> WELD-000900: 4.0.2 (Final)
22-Jan-2025 20:01:15.687 INFO [http-nio-8080-exec-63] org.jboss.weld.bootstrap.WeldStartup.startContainer WELD-000101: Transactional services not available. Injection of @Inject UserTransaction not available. Transactional observers will be invoked synchronously.
22-Jan-2025 20:01:15.811 INFO [weld-worker-9] org.jboss.weld.bootstrap.MissingDependenciesRegistry.handleResourceLoadingException WELD-000119: Not generating any bean definitions from de.teddy.GhostNetFishing.JakartaRestConfiguration because of underlying class loading error: Type jakarta.ws.rs.core.Application not found.  If this is unexpected, enable DEBUG logging to see the full error.
22-Jan-2025 20:01:15.813 INFO [weld-worker-4] org.jboss.weld.bootstrap.MissingDependenciesRegistry.handleResourceLoadingException WELD-000119: Not generating any bean definitions from de.teddy.GhostNetFishing.resources.JakartaEE9Resource because of underlying class loading error: Type jakarta.ws.rs.core.Response not found.  If this is unexpected, enable DEBUG logging to see the full error.
22-Jan-2025 20:01:15.826 INFO [http-nio-8080-exec-63] org.jboss.weld.environment.tomcat.TomcatContainer.initialize WELD-ENV-001100: Tomcat 7+ detected, CDI injection will be available in Servlets, Filters and Listeners.
22-Jan-2025 20:01:15.960 INFORMATION [http-nio-8080-exec-63] com.sun.faces.config.ConfigureListener.contextInitialized Mojarra 4.0.0 für Kontext '/GhostNetFishing' wird initialisiert.
22-Jan-2025 20:01:16.014 INFORMATION [http-nio-8080-exec-63] com.sun.faces.spi.InjectionProviderFactory.createInstance JSF1048: PostConstruct/PreDestroy-Annotationen vorhanden.  Verwaltete Bean-Methoden, die mit diesen Annotationen markiert sind, lassen die entsprechenden Annotationen verarbeiten.
22-Jan-2025 20:01:16.260 INFORMATION [http-nio-8080-exec-63] org.primefaces.webapp.PostConstructApplicationEventListener.processEvent Running on PrimeFaces 11.0.0
22-Jan-2025 20:01:16.265 INFORMATION [http-nio-8080-exec-63] org.apache.catalina.startup.HostConfig.deployDescriptor Deployment of deployment descriptor [D:\Programmieren\Apache Tomcat 10\apache-tomcat-10.0.27\conf\Catalina\localhost\GhostNetFishing.xml] has finished in [1.722] ms
22-Jan-2025 20:01:16.267 INFORMATION [http-nio-8080-exec-68] org.apache.catalina.util.LifecycleBase.start The start() method was called on component [StandardEngine[Catalina].StandardHost[localhost].StandardContext[/GhostNetFishing]] after start() had already been called. The second call will be ignored.
22-Jan-2025 20:02:19.170 INFORMATION [http-nio-8080-exec-67] org.apache.catalina.startup.HostConfig.undeploy Undeploying context [/GhostNetFishing]
22-Jan-2025 20:02:19.177 INFORMATION [http-nio-8080-exec-75] org.apache.catalina.startup.HostConfig.deployDescriptor Deploying deployment descriptor [D:\Programmieren\Apache Tomcat 10\apache-tomcat-10.0.27\conf\Catalina\localhost\GhostNetFishing.xml]
22-Jan-2025 20:02:19.178 WARNUNG [http-nio-8080-exec-75] org.apache.catalina.startup.HostConfig.deployDescriptor The path attribute with value [/GhostNetFishing] in deployment descriptor [D:\Programmieren\Apache Tomcat 10\apache-tomcat-10.0.27\conf\Catalina\localhost\GhostNetFishing.xml] has been ignored
22-Jan-2025 20:02:20.161 INFORMATION [http-nio-8080-exec-75] org.apache.jasper.servlet.TldScanner.scanJars At least one JAR was scanned for TLDs yet contained no TLDs. Enable debug logging for this logger for a complete list of JARs that were scanned but no TLDs were found in them. Skipping unneeded JARs during scanning can improve startup time and JSP compilation time.
22-Jan-2025 20:02:20.182 INFO [http-nio-8080-exec-75] org.jboss.weld.environment.servlet.EnhancedListener.onStartup WELD-ENV-001008: Initialize Weld using ServletContainerInitializer
22-Jan-2025 20:02:20.197 INFO [http-nio-8080-exec-75] org.jboss.weld.bootstrap.WeldStartup.<clinit> WELD-000900: 4.0.2 (Final)
22-Jan-2025 20:02:20.302 INFO [http-nio-8080-exec-75] org.jboss.weld.bootstrap.WeldStartup.startContainer WELD-000101: Transactional services not available. Injection of @Inject UserTransaction not available. Transactional observers will be invoked synchronously.
22-Jan-2025 20:02:20.425 INFO [weld-worker-9] org.jboss.weld.bootstrap.MissingDependenciesRegistry.handleResourceLoadingException WELD-000119: Not generating any bean definitions from de.teddy.GhostNetFishing.JakartaRestConfiguration because of underlying class loading error: Type jakarta.ws.rs.core.Application not found.  If this is unexpected, enable DEBUG logging to see the full error.
22-Jan-2025 20:02:20.426 INFO [weld-worker-2] org.jboss.weld.bootstrap.MissingDependenciesRegistry.handleResourceLoadingException WELD-000119: Not generating any bean definitions from de.teddy.GhostNetFishing.resources.JakartaEE9Resource because of underlying class loading error: Type jakarta.ws.rs.core.Response not found.  If this is unexpected, enable DEBUG logging to see the full error.
22-Jan-2025 20:02:20.440 INFO [http-nio-8080-exec-75] org.jboss.weld.environment.tomcat.TomcatContainer.initialize WELD-ENV-001100: Tomcat 7+ detected, CDI injection will be available in Servlets, Filters and Listeners.
22-Jan-2025 20:02:20.568 INFORMATION [http-nio-8080-exec-75] com.sun.faces.config.ConfigureListener.contextInitialized Mojarra 4.0.0 für Kontext '/GhostNetFishing' wird initialisiert.
22-Jan-2025 20:02:20.620 INFORMATION [http-nio-8080-exec-75] com.sun.faces.spi.InjectionProviderFactory.createInstance JSF1048: PostConstruct/PreDestroy-Annotationen vorhanden.  Verwaltete Bean-Methoden, die mit diesen Annotationen markiert sind, lassen die entsprechenden Annotationen verarbeiten.
22-Jan-2025 20:02:20.865 INFORMATION [http-nio-8080-exec-75] org.primefaces.webapp.PostConstructApplicationEventListener.processEvent Running on PrimeFaces 11.0.0
22-Jan-2025 20:02:20.870 INFORMATION [http-nio-8080-exec-75] org.apache.catalina.startup.HostConfig.deployDescriptor Deployment of deployment descriptor [D:\Programmieren\Apache Tomcat 10\apache-tomcat-10.0.27\conf\Catalina\localhost\GhostNetFishing.xml] has finished in [1.693] ms
22-Jan-2025 20:02:20.872 INFORMATION [http-nio-8080-exec-73] org.apache.catalina.util.LifecycleBase.start The start() method was called on component [StandardEngine[Catalina].StandardHost[localhost].StandardContext[/GhostNetFishing]] after start() had already been called. The second call will be ignored.
22-Jan-2025 20:05:36.040 INFORMATION [http-nio-8080-exec-84] org.apache.catalina.startup.HostConfig.undeploy Undeploying context [/GhostNetFishing]
22-Jan-2025 20:05:36.052 INFORMATION [http-nio-8080-exec-81] org.apache.catalina.startup.HostConfig.deployDescriptor Deploying deployment descriptor [D:\Programmieren\Apache Tomcat 10\apache-tomcat-10.0.27\conf\Catalina\localhost\GhostNetFishing.xml]
22-Jan-2025 20:05:36.053 WARNUNG [http-nio-8080-exec-81] org.apache.catalina.startup.HostConfig.deployDescriptor The path attribute with value [/GhostNetFishing] in deployment descriptor [D:\Programmieren\Apache Tomcat 10\apache-tomcat-10.0.27\conf\Catalina\localhost\GhostNetFishing.xml] has been ignored
22-Jan-2025 20:05:37.069 INFORMATION [http-nio-8080-exec-81] org.apache.jasper.servlet.TldScanner.scanJars At least one JAR was scanned for TLDs yet contained no TLDs. Enable debug logging for this logger for a complete list of JARs that were scanned but no TLDs were found in them. Skipping unneeded JARs during scanning can improve startup time and JSP compilation time.
22-Jan-2025 20:05:37.089 INFO [http-nio-8080-exec-81] org.jboss.weld.environment.servlet.EnhancedListener.onStartup WELD-ENV-001008: Initialize Weld using ServletContainerInitializer
22-Jan-2025 20:05:37.104 INFO [http-nio-8080-exec-81] org.jboss.weld.bootstrap.WeldStartup.<clinit> WELD-000900: 4.0.2 (Final)
22-Jan-2025 20:05:37.209 INFO [http-nio-8080-exec-81] org.jboss.weld.bootstrap.WeldStartup.startContainer WELD-000101: Transactional services not available. Injection of @Inject UserTransaction not available. Transactional observers will be invoked synchronously.
22-Jan-2025 20:05:37.331 INFO [weld-worker-9] org.jboss.weld.bootstrap.MissingDependenciesRegistry.handleResourceLoadingException WELD-000119: Not generating any bean definitions from de.teddy.GhostNetFishing.JakartaRestConfiguration because of underlying class loading error: Type jakarta.ws.rs.core.Application not found.  If this is unexpected, enable DEBUG logging to see the full error.
22-Jan-2025 20:05:37.333 INFO [weld-worker-12] org.jboss.weld.bootstrap.MissingDependenciesRegistry.handleResourceLoadingException WELD-000119: Not generating any bean definitions from de.teddy.GhostNetFishing.resources.JakartaEE9Resource because of underlying class loading error: Type jakarta.ws.rs.core.Response not found.  If this is unexpected, enable DEBUG logging to see the full error.
22-Jan-2025 20:05:37.346 INFO [http-nio-8080-exec-81] org.jboss.weld.environment.tomcat.TomcatContainer.initialize WELD-ENV-001100: Tomcat 7+ detected, CDI injection will be available in Servlets, Filters and Listeners.
22-Jan-2025 20:05:37.470 INFORMATION [http-nio-8080-exec-81] com.sun.faces.config.ConfigureListener.contextInitialized Mojarra 4.0.0 für Kontext '/GhostNetFishing' wird initialisiert.
22-Jan-2025 20:05:37.527 INFORMATION [http-nio-8080-exec-81] com.sun.faces.spi.InjectionProviderFactory.createInstance JSF1048: PostConstruct/PreDestroy-Annotationen vorhanden.  Verwaltete Bean-Methoden, die mit diesen Annotationen markiert sind, lassen die entsprechenden Annotationen verarbeiten.
22-Jan-2025 20:05:37.770 INFORMATION [http-nio-8080-exec-81] org.primefaces.webapp.PostConstructApplicationEventListener.processEvent Running on PrimeFaces 11.0.0
22-Jan-2025 20:05:37.775 INFORMATION [http-nio-8080-exec-81] org.apache.catalina.startup.HostConfig.deployDescriptor Deployment of deployment descriptor [D:\Programmieren\Apache Tomcat 10\apache-tomcat-10.0.27\conf\Catalina\localhost\GhostNetFishing.xml] has finished in [1.723] ms
22-Jan-2025 20:05:37.777 INFORMATION [http-nio-8080-exec-83] org.apache.catalina.util.LifecycleBase.start The start() method was called on component [StandardEngine[Catalina].StandardHost[localhost].StandardContext[/GhostNetFishing]] after start() had already been called. The second call will be ignored.
22-Jan-2025 20:20:21.658 INFORMATION [http-nio-8080-exec-89] org.apache.catalina.startup.HostConfig.undeploy Undeploying context [/GhostNetFishing]
22-Jan-2025 20:20:21.665 INFORMATION [http-nio-8080-exec-93] org.apache.catalina.startup.HostConfig.deployDescriptor Deploying deployment descriptor [D:\Programmieren\Apache Tomcat 10\apache-tomcat-10.0.27\conf\Catalina\localhost\GhostNetFishing.xml]
22-Jan-2025 20:20:21.666 WARNUNG [http-nio-8080-exec-93] org.apache.catalina.startup.HostConfig.deployDescriptor The path attribute with value [/GhostNetFishing] in deployment descriptor [D:\Programmieren\Apache Tomcat 10\apache-tomcat-10.0.27\conf\Catalina\localhost\GhostNetFishing.xml] has been ignored
22-Jan-2025 20:20:22.670 INFORMATION [http-nio-8080-exec-93] org.apache.jasper.servlet.TldScanner.scanJars At least one JAR was scanned for TLDs yet contained no TLDs. Enable debug logging for this logger for a complete list of JARs that were scanned but no TLDs were found in them. Skipping unneeded JARs during scanning can improve startup time and JSP compilation time.
22-Jan-2025 20:20:22.691 INFO [http-nio-8080-exec-93] org.jboss.weld.environment.servlet.EnhancedListener.onStartup WELD-ENV-001008: Initialize Weld using ServletContainerInitializer
22-Jan-2025 20:20:22.704 INFO [http-nio-8080-exec-93] org.jboss.weld.bootstrap.WeldStartup.<clinit> WELD-000900: 4.0.2 (Final)
22-Jan-2025 20:20:22.810 INFO [http-nio-8080-exec-93] org.jboss.weld.bootstrap.WeldStartup.startContainer WELD-000101: Transactional services not available. Injection of @Inject UserTransaction not available. Transactional observers will be invoked synchronously.
22-Jan-2025 20:20:22.934 INFO [weld-worker-9] org.jboss.weld.bootstrap.MissingDependenciesRegistry.handleResourceLoadingException WELD-000119: Not generating any bean definitions from de.teddy.GhostNetFishing.JakartaRestConfiguration because of underlying class loading error: Type jakarta.ws.rs.core.Application not found.  If this is unexpected, enable DEBUG logging to see the full error.
22-Jan-2025 20:20:22.935 INFO [weld-worker-10] org.jboss.weld.bootstrap.MissingDependenciesRegistry.handleResourceLoadingException WELD-000119: Not generating any bean definitions from de.teddy.GhostNetFishing.resources.JakartaEE9Resource because of underlying class loading error: Type jakarta.ws.rs.core.Response not found.  If this is unexpected, enable DEBUG logging to see the full error.
22-Jan-2025 20:20:22.950 INFO [http-nio-8080-exec-93] org.jboss.weld.environment.tomcat.TomcatContainer.initialize WELD-ENV-001100: Tomcat 7+ detected, CDI injection will be available in Servlets, Filters and Listeners.
22-Jan-2025 20:20:23.075 INFORMATION [http-nio-8080-exec-93] com.sun.faces.config.ConfigureListener.contextInitialized Mojarra 4.0.0 für Kontext '/GhostNetFishing' wird initialisiert.
22-Jan-2025 20:20:23.132 INFORMATION [http-nio-8080-exec-93] com.sun.faces.spi.InjectionProviderFactory.createInstance JSF1048: PostConstruct/PreDestroy-Annotationen vorhanden.  Verwaltete Bean-Methoden, die mit diesen Annotationen markiert sind, lassen die entsprechenden Annotationen verarbeiten.
22-Jan-2025 20:20:23.376 INFORMATION [http-nio-8080-exec-93] org.primefaces.webapp.PostConstructApplicationEventListener.processEvent Running on PrimeFaces 11.0.0
22-Jan-2025 20:20:23.381 INFORMATION [http-nio-8080-exec-93] org.apache.catalina.startup.HostConfig.deployDescriptor Deployment of deployment descriptor [D:\Programmieren\Apache Tomcat 10\apache-tomcat-10.0.27\conf\Catalina\localhost\GhostNetFishing.xml] has finished in [1.716] ms
22-Jan-2025 20:20:23.383 INFORMATION [http-nio-8080-exec-91] org.apache.catalina.util.LifecycleBase.start The start() method was called on component [StandardEngine[Catalina].StandardHost[localhost].StandardContext[/GhostNetFishing]] after start() had already been called. The second call will be ignored.
22-Jan-2025 20:21:24.027 INFORMATION [http-nio-8080-exec-103] org.apache.catalina.startup.HostConfig.undeploy Undeploying context [/GhostNetFishing]
22-Jan-2025 20:21:24.034 INFORMATION [http-nio-8080-exec-101] org.apache.catalina.startup.HostConfig.deployDescriptor Deploying deployment descriptor [D:\Programmieren\Apache Tomcat 10\apache-tomcat-10.0.27\conf\Catalina\localhost\GhostNetFishing.xml]
22-Jan-2025 20:21:24.034 WARNUNG [http-nio-8080-exec-101] org.apache.catalina.startup.HostConfig.deployDescriptor The path attribute with value [/GhostNetFishing] in deployment descriptor [D:\Programmieren\Apache Tomcat 10\apache-tomcat-10.0.27\conf\Catalina\localhost\GhostNetFishing.xml] has been ignored
22-Jan-2025 20:21:25.043 INFORMATION [http-nio-8080-exec-101] org.apache.jasper.servlet.TldScanner.scanJars At least one JAR was scanned for TLDs yet contained no TLDs. Enable debug logging for this logger for a complete list of JARs that were scanned but no TLDs were found in them. Skipping unneeded JARs during scanning can improve startup time and JSP compilation time.
22-Jan-2025 20:21:25.064 INFO [http-nio-8080-exec-101] org.jboss.weld.environment.servlet.EnhancedListener.onStartup WELD-ENV-001008: Initialize Weld using ServletContainerInitializer
22-Jan-2025 20:21:25.076 INFO [http-nio-8080-exec-101] org.jboss.weld.bootstrap.WeldStartup.<clinit> WELD-000900: 4.0.2 (Final)
22-Jan-2025 20:21:25.176 INFO [http-nio-8080-exec-101] org.jboss.weld.bootstrap.WeldStartup.startContainer WELD-000101: Transactional services not available. Injection of @Inject UserTransaction not available. Transactional observers will be invoked synchronously.
22-Jan-2025 20:21:25.308 INFO [weld-worker-9] org.jboss.weld.bootstrap.MissingDependenciesRegistry.handleResourceLoadingException WELD-000119: Not generating any bean definitions from de.teddy.GhostNetFishing.JakartaRestConfiguration because of underlying class loading error: Type jakarta.ws.rs.core.Application not found.  If this is unexpected, enable DEBUG logging to see the full error.
22-Jan-2025 20:21:25.310 INFO [weld-worker-11] org.jboss.weld.bootstrap.MissingDependenciesRegistry.handleResourceLoadingException WELD-000119: Not generating any bean definitions from de.teddy.GhostNetFishing.resources.JakartaEE9Resource because of underlying class loading error: Type jakarta.ws.rs.core.Response not found.  If this is unexpected, enable DEBUG logging to see the full error.
22-Jan-2025 20:21:25.323 INFO [http-nio-8080-exec-101] org.jboss.weld.environment.tomcat.TomcatContainer.initialize WELD-ENV-001100: Tomcat 7+ detected, CDI injection will be available in Servlets, Filters and Listeners.
22-Jan-2025 20:21:25.451 INFORMATION [http-nio-8080-exec-101] com.sun.faces.config.ConfigureListener.contextInitialized Mojarra 4.0.0 für Kontext '/GhostNetFishing' wird initialisiert.
22-Jan-2025 20:21:25.503 INFORMATION [http-nio-8080-exec-101] com.sun.faces.spi.InjectionProviderFactory.createInstance JSF1048: PostConstruct/PreDestroy-Annotationen vorhanden.  Verwaltete Bean-Methoden, die mit diesen Annotationen markiert sind, lassen die entsprechenden Annotationen verarbeiten.
22-Jan-2025 20:21:25.744 INFORMATION [http-nio-8080-exec-101] org.primefaces.webapp.PostConstructApplicationEventListener.processEvent Running on PrimeFaces 11.0.0
22-Jan-2025 20:21:25.748 INFORMATION [http-nio-8080-exec-101] org.apache.catalina.startup.HostConfig.deployDescriptor Deployment of deployment descriptor [D:\Programmieren\Apache Tomcat 10\apache-tomcat-10.0.27\conf\Catalina\localhost\GhostNetFishing.xml] has finished in [1.714] ms
22-Jan-2025 20:21:25.750 INFORMATION [http-nio-8080-exec-96] org.apache.catalina.util.LifecycleBase.start The start() method was called on component [StandardEngine[Catalina].StandardHost[localhost].StandardContext[/GhostNetFishing]] after start() had already been called. The second call will be ignored.
22-Jan-2025 20:23:03.260 INFORMATION [http-nio-8080-exec-105] org.apache.catalina.startup.HostConfig.undeploy Undeploying context [/GhostNetFishing]
22-Jan-2025 20:23:03.267 INFORMATION [http-nio-8080-exec-113] org.apache.catalina.startup.HostConfig.deployDescriptor Deploying deployment descriptor [D:\Programmieren\Apache Tomcat 10\apache-tomcat-10.0.27\conf\Catalina\localhost\GhostNetFishing.xml]
22-Jan-2025 20:23:03.267 WARNUNG [http-nio-8080-exec-113] org.apache.catalina.startup.HostConfig.deployDescriptor The path attribute with value [/GhostNetFishing] in deployment descriptor [D:\Programmieren\Apache Tomcat 10\apache-tomcat-10.0.27\conf\Catalina\localhost\GhostNetFishing.xml] has been ignored
22-Jan-2025 20:23:04.258 INFORMATION [http-nio-8080-exec-113] org.apache.jasper.servlet.TldScanner.scanJars At least one JAR was scanned for TLDs yet contained no TLDs. Enable debug logging for this logger for a complete list of JARs that were scanned but no TLDs were found in them. Skipping unneeded JARs during scanning can improve startup time and JSP compilation time.
22-Jan-2025 20:23:04.279 INFO [http-nio-8080-exec-113] org.jboss.weld.environment.servlet.EnhancedListener.onStartup WELD-ENV-001008: Initialize Weld using ServletContainerInitializer
22-Jan-2025 20:23:04.292 INFO [http-nio-8080-exec-113] org.jboss.weld.bootstrap.WeldStartup.<clinit> WELD-000900: 4.0.2 (Final)
22-Jan-2025 20:23:04.395 INFO [http-nio-8080-exec-113] org.jboss.weld.bootstrap.WeldStartup.startContainer WELD-000101: Transactional services not available. Injection of @Inject UserTransaction not available. Transactional observers will be invoked synchronously.
22-Jan-2025 20:23:04.516 INFO [weld-worker-9] org.jboss.weld.bootstrap.MissingDependenciesRegistry.handleResourceLoadingException WELD-000119: Not generating any bean definitions from de.teddy.GhostNetFishing.JakartaRestConfiguration because of underlying class loading error: Type jakarta.ws.rs.core.Application not found.  If this is unexpected, enable DEBUG logging to see the full error.
22-Jan-2025 20:23:04.518 INFO [weld-worker-10] org.jboss.weld.bootstrap.MissingDependenciesRegistry.handleResourceLoadingException WELD-000119: Not generating any bean definitions from de.teddy.GhostNetFishing.resources.JakartaEE9Resource because of underlying class loading error: Type jakarta.ws.rs.core.Response not found.  If this is unexpected, enable DEBUG logging to see the full error.
22-Jan-2025 20:23:04.532 INFO [http-nio-8080-exec-113] org.jboss.weld.environment.tomcat.TomcatContainer.initialize WELD-ENV-001100: Tomcat 7+ detected, CDI injection will be available in Servlets, Filters and Listeners.
22-Jan-2025 20:23:04.657 INFORMATION [http-nio-8080-exec-113] com.sun.faces.config.ConfigureListener.contextInitialized Mojarra 4.0.0 für Kontext '/GhostNetFishing' wird initialisiert.
22-Jan-2025 20:23:04.709 INFORMATION [http-nio-8080-exec-113] com.sun.faces.spi.InjectionProviderFactory.createInstance JSF1048: PostConstruct/PreDestroy-Annotationen vorhanden.  Verwaltete Bean-Methoden, die mit diesen Annotationen markiert sind, lassen die entsprechenden Annotationen verarbeiten.
22-Jan-2025 20:23:04.950 INFORMATION [http-nio-8080-exec-113] org.primefaces.webapp.PostConstructApplicationEventListener.processEvent Running on PrimeFaces 11.0.0
22-Jan-2025 20:23:04.955 INFORMATION [http-nio-8080-exec-113] org.apache.catalina.startup.HostConfig.deployDescriptor Deployment of deployment descriptor [D:\Programmieren\Apache Tomcat 10\apache-tomcat-10.0.27\conf\Catalina\localhost\GhostNetFishing.xml] has finished in [1.687] ms
22-Jan-2025 20:23:04.957 INFORMATION [http-nio-8080-exec-109] org.apache.catalina.util.LifecycleBase.start The start() method was called on component [StandardEngine[Catalina].StandardHost[localhost].StandardContext[/GhostNetFishing]] after start() had already been called. The second call will be ignored.
22-Jan-2025 20:25:02.276 INFORMATION [main] org.apache.catalina.core.StandardServer.await A valid shutdown command was received via the shutdown port. Stopping the Server instance.
22-Jan-2025 20:25:02.277 INFORMATION [main] org.apache.coyote.AbstractProtocol.pause Pausing ProtocolHandler ["http-nio-8080"]
22-Jan-2025 20:25:02.278 INFORMATION [main] org.apache.catalina.core.StandardService.stopInternal Stopping service [Catalina]
22-Jan-2025 20:25:02.292 INFORMATION [main] org.apache.coyote.AbstractProtocol.stop Stopping ProtocolHandler ["http-nio-8080"]
22-Jan-2025 20:25:02.306 INFORMATION [main] org.apache.coyote.AbstractProtocol.destroy Destroying ProtocolHandler ["http-nio-8080"]
