01-Feb-2025 17:54:54.456 INFORMATION [main] org.apache.catalina.startup.VersionLoggerListener.log Server Version:        Apache Tomcat/10.0.27
01-Feb-2025 17:54:54.458 INFORMATION [main] org.apache.catalina.startup.VersionLoggerListener.log Server built:          Oct 3 2022 14:18:31 UTC
01-Feb-2025 17:54:54.458 INFORMATION [main] org.apache.catalina.startup.VersionLoggerListener.log Server version number: 10.0.27.0
01-Feb-2025 17:54:54.458 INFORMATION [main] org.apache.catalina.startup.VersionLoggerListener.log OS Name:               Windows 11
01-Feb-2025 17:54:54.459 INFORMATION [main] org.apache.catalina.startup.VersionLoggerListener.log OS Version:            10.0
01-Feb-2025 17:54:54.459 INFORMATION [main] org.apache.catalina.startup.VersionLoggerListener.log Architektur:           amd64
01-Feb-2025 17:54:54.459 INFORMATION [main] org.apache.catalina.startup.VersionLoggerListener.log Java Home:             C:\Program Files\Java\jdk-22
01-Feb-2025 17:54:54.459 INFORMATION [main] org.apache.catalina.startup.VersionLoggerListener.log JVM Version:           22.0.1+8-16
01-Feb-2025 17:54:54.459 INFORMATION [main] org.apache.catalina.startup.VersionLoggerListener.log JVM Hersteller:        Oracle Corporation
01-Feb-2025 17:54:54.459 INFORMATION [main] org.apache.catalina.startup.VersionLoggerListener.log CATALINA_BASE:         D:\Programmieren\Apache Tomcat 10\apache-tomcat-10.0.27
01-Feb-2025 17:54:54.459 INFORMATION [main] org.apache.catalina.startup.VersionLoggerListener.log CATALINA_HOME:         D:\Programmieren\Apache Tomcat 10\apache-tomcat-10.0.27
01-Feb-2025 17:54:54.466 INFORMATION [main] org.apache.catalina.startup.VersionLoggerListener.log Command line argument: --add-opens=java.base/java.lang=ALL-UNNAMED
01-Feb-2025 17:54:54.466 INFORMATION [main] org.apache.catalina.startup.VersionLoggerListener.log Command line argument: --add-opens=java.base/java.io=ALL-UNNAMED
01-Feb-2025 17:54:54.466 INFORMATION [main] org.apache.catalina.startup.VersionLoggerListener.log Command line argument: --add-opens=java.base/java.util=ALL-UNNAMED
01-Feb-2025 17:54:54.466 INFORMATION [main] org.apache.catalina.startup.VersionLoggerListener.log Command line argument: --add-opens=java.base/java.util.concurrent=ALL-UNNAMED
01-Feb-2025 17:54:54.466 INFORMATION [main] org.apache.catalina.startup.VersionLoggerListener.log Command line argument: --add-opens=java.rmi/sun.rmi.transport=ALL-UNNAMED
01-Feb-2025 17:54:54.466 INFORMATION [main] org.apache.catalina.startup.VersionLoggerListener.log Command line argument: -Djava.util.logging.config.file=D:\Programmieren\Apache Tomcat 10\apache-tomcat-10.0.27\conf\logging.properties
01-Feb-2025 17:54:54.466 INFORMATION [main] org.apache.catalina.startup.VersionLoggerListener.log Command line argument: -Djava.util.logging.manager=org.apache.juli.ClassLoaderLogManager
01-Feb-2025 17:54:54.467 INFORMATION [main] org.apache.catalina.startup.VersionLoggerListener.log Command line argument: -Djdk.tls.ephemeralDHKeySize=2048
01-Feb-2025 17:54:54.467 INFORMATION [main] org.apache.catalina.startup.VersionLoggerListener.log Command line argument: -Djava.protocol.handler.pkgs=org.apache.catalina.webresources
01-Feb-2025 17:54:54.467 INFORMATION [main] org.apache.catalina.startup.VersionLoggerListener.log Command line argument: -Dignore.endorsed.dirs=
01-Feb-2025 17:54:54.467 INFORMATION [main] org.apache.catalina.startup.VersionLoggerListener.log Command line argument: -Dcatalina.base=D:\Programmieren\Apache Tomcat 10\apache-tomcat-10.0.27
01-Feb-2025 17:54:54.467 INFORMATION [main] org.apache.catalina.startup.VersionLoggerListener.log Command line argument: -Dcatalina.home=D:\Programmieren\Apache Tomcat 10\apache-tomcat-10.0.27
01-Feb-2025 17:54:54.467 INFORMATION [main] org.apache.catalina.startup.VersionLoggerListener.log Command line argument: -Djava.io.tmpdir=D:\Programmieren\Apache Tomcat 10\apache-tomcat-10.0.27\temp
01-Feb-2025 17:54:54.476 INFORMATION [main] org.apache.catalina.core.AprLifecycleListener.lifecycleEvent The Apache Tomcat Native library which allows using OpenSSL was not found on the java.library.path: [C:\Program Files\Java\jdk-22\bin;C:\WINDOWS\Sun\Java\bin;C:\WINDOWS\system32;C:\WINDOWS;C:\Program Files\Common Files\Oracle\Java\javapath;C:\Python312\Scripts\;C:\Python312\;C:\Program Files\Microsoft\jdk-11.0.16.101-hotspot\bin;C:\Program Files\ImageMagick-7.1.1-Q16-HDRI;C:\Python311\Scripts\;C:\Python311\;C:\Program Files (x86)\Common Files\Oracle\Java\java8path;C:\Program Files (x86)\Common Files\Oracle\Java\javapath;C:\Program Files (x86)\CollabNet;C:\Program Files (x86)\Embarcadero\RAD Studio\10.0\bin;C:\Users\Public\Documents\RAD Studio\10.0\BPL;C:\Windows\System32;C:\Windows;C:\Windows\System32\wbem;C:\Windows\System32\WindowsPowerShell\v1.0\;C:\Windows\System32\OpenSSH\;C:\Program Files\Microsoft SQL Server\130\Tools\Binn\;C:\xampp\php;C:\Program Files (x86)\GnuPG\bin;C:\Program Files\Java\apache-ant-1.9.16\bin;C:\Program Files\Microsoft SQL Server\150\Tools\Binn\;C:\Program Files\Microsoft SQL Server\Client SDK\ODBC\170\Tools\Binn\;C:\Program Files\Git\cmd;C:\Program Files\PuTTY\;C:\Program Files\dotnet\;C:\Program Files (x86)\Microsoft SQL Server\150\Tools\Binn\;C:\Program Files\Microsoft SQL Server\150\DTS\Binn\;C:\Program Files (x86)\Microsoft SQL Server\150\DTS\Binn\;C:\Program Files\Azure Data Studio\bin;D:\Android\SDK\platforms;D:\Android\SDK\platform-tools;C:\Program Files (x86)\Pdfsizeopt;C:\ProgramData\chocolatey\bin;C:\Program Files\mosquitto;D:\Android\Flutter-SDK\flutter\bin;C:\Program Files\TortoiseSVN\bin;C:\Program Files\CMake\bin;C:\Program Files (x86)\NVIDIA Corporation\PhysX\Common;C:\Program Files\nodejs\;C:\Windows\System32;C:\Windows;C:\Windows\System32\wbem;C:\Windows\System32\WindowsPowerShell\v1.0\;C:\Windows\System32\OpenSSH\;C:\Program Files (x86)\Windows Kits\10\Windows Performance Toolkit\;;C:\Program Files\NVIDIA Corporation\NVIDIA app\NvDLISR;C:\Users\Eduard Töws\AppData\Local\Programs\Python\Python39\Scripts\;C:\Users\Eduard Töws\AppData\Local\Programs\Python\Python39\;C:\Users\Eduard Töws\AppData\Local\Microsoft\WindowsApps;C:\Users\Eduard Töws\AppData\Local\GitHubDesktop\bin;C:\Users\Eduard Töws\AppData\Local\Programs\Microsoft VS Code\bin;C:\Users\Eduard Töws\.dotnet\tools;C:\Program Files\Azure Data Studio\bin;C:\Program Files (x86)\Brackets\;C:\Users\Eduard Töws\AppData\Roaming\npm;;.]
01-Feb-2025 17:54:54.743 INFORMATION [main] org.apache.coyote.AbstractProtocol.init Initialisiere ProtocolHandler["http-nio-8080"]
01-Feb-2025 17:54:54.761 INFORMATION [main] org.apache.catalina.startup.Catalina.load Server initialization in [464] milliseconds
01-Feb-2025 17:54:54.828 INFORMATION [main] org.apache.catalina.core.StandardService.startInternal Starting service [Catalina]
01-Feb-2025 17:54:54.828 INFORMATION [main] org.apache.catalina.core.StandardEngine.startInternal Starting Servlet engine: [Apache Tomcat/10.0.27]
01-Feb-2025 17:54:54.845 INFORMATION [main] org.apache.catalina.startup.HostConfig.deployDescriptor Deploying deployment descriptor [D:\Programmieren\Apache Tomcat 10\apache-tomcat-10.0.27\conf\Catalina\localhost\GhostNetFishing.xml]
01-Feb-2025 17:54:54.855 WARNUNG [main] org.apache.catalina.startup.HostConfig.deployDescriptor The path attribute with value [/GhostNetFishing] in deployment descriptor [D:\Programmieren\Apache Tomcat 10\apache-tomcat-10.0.27\conf\Catalina\localhost\GhostNetFishing.xml] has been ignored
01-Feb-2025 17:54:57.517 INFORMATION [main] org.apache.jasper.servlet.TldScanner.scanJars At least one JAR was scanned for TLDs yet contained no TLDs. Enable debug logging for this logger for a complete list of JARs that were scanned but no TLDs were found in them. Skipping unneeded JARs during scanning can improve startup time and JSP compilation time.
01-Feb-2025 17:54:57.566 INFO [main] org.jboss.weld.environment.servlet.EnhancedListener.onStartup WELD-ENV-001008: Initialize Weld using ServletContainerInitializer
01-Feb-2025 17:54:57.585 INFO [main] org.jboss.weld.bootstrap.WeldStartup.<clinit> WELD-000900: 4.0.2 (Final)
01-Feb-2025 17:54:57.815 INFO [main] org.jboss.weld.bootstrap.WeldStartup.startContainer WELD-000101: Transactional services not available. Injection of @Inject UserTransaction not available. Transactional observers will be invoked synchronously.
01-Feb-2025 17:54:58.026 INFO [weld-worker-10] org.jboss.weld.bootstrap.MissingDependenciesRegistry.handleResourceLoadingException WELD-000119: Not generating any bean definitions from de.teddy.GhostNetFishing.JakartaRestConfiguration because of underlying class loading error: Type jakarta.ws.rs.core.Application not found.  If this is unexpected, enable DEBUG logging to see the full error.
01-Feb-2025 17:54:58.030 INFO [weld-worker-8] org.jboss.weld.bootstrap.MissingDependenciesRegistry.handleResourceLoadingException WELD-000119: Not generating any bean definitions from de.teddy.GhostNetFishing.resources.JakartaEE9Resource because of underlying class loading error: Type jakarta.ws.rs.core.Response not found.  If this is unexpected, enable DEBUG logging to see the full error.
01-Feb-2025 17:54:58.050 INFO [main] org.jboss.weld.environment.tomcat.TomcatContainer.initialize WELD-ENV-001100: Tomcat 7+ detected, CDI injection will be available in Servlets, Filters and Listeners.
01-Feb-2025 17:54:58.236 INFORMATION [main] com.sun.faces.config.ConfigureListener.contextInitialized Mojarra 4.0.0 für Kontext '/GhostNetFishing' wird initialisiert.
01-Feb-2025 17:54:58.356 INFORMATION [main] com.sun.faces.spi.InjectionProviderFactory.createInstance JSF1048: PostConstruct/PreDestroy-Annotationen vorhanden.  Verwaltete Bean-Methoden, die mit diesen Annotationen markiert sind, lassen die entsprechenden Annotationen verarbeiten.
01-Feb-2025 17:54:58.789 INFORMATION [main] org.primefaces.webapp.PostConstructApplicationEventListener.processEvent Running on PrimeFaces 11.0.0
01-Feb-2025 17:54:58.811 INFORMATION [main] org.apache.catalina.startup.HostConfig.deployDescriptor Deployment of deployment descriptor [D:\Programmieren\Apache Tomcat 10\apache-tomcat-10.0.27\conf\Catalina\localhost\GhostNetFishing.xml] has finished in [3.965] ms
01-Feb-2025 17:54:58.881 INFORMATION [main] org.apache.catalina.startup.HostConfig.deployWAR Deploying web application archive [D:\Programmieren\Apache Tomcat 10\apache-tomcat-10.0.27\webapps\GhostNetFishing-1.0-SNAPSHOT.war]
01-Feb-2025 17:54:58.899 WARNUNG [main] org.apache.tomcat.util.descriptor.web.WebXml.setVersion Unknown version string [6.0]. Default version will be used.
01-Feb-2025 17:54:59.083 INFORMATION [main] org.apache.jasper.servlet.TldScanner.scanJars At least one JAR was scanned for TLDs yet contained no TLDs. Enable debug logging for this logger for a complete list of JARs that were scanned but no TLDs were found in them. Skipping unneeded JARs during scanning can improve startup time and JSP compilation time.
01-Feb-2025 17:54:59.084 INFORMATION [main] org.apache.catalina.startup.HostConfig.deployWAR Deployment of web application archive [D:\Programmieren\Apache Tomcat 10\apache-tomcat-10.0.27\webapps\GhostNetFishing-1.0-SNAPSHOT.war] has finished in [203] ms
01-Feb-2025 17:54:59.085 INFORMATION [main] org.apache.catalina.startup.HostConfig.deployDirectory Deploye Web-Applikations-Verzeichnis [D:\Programmieren\Apache Tomcat 10\apache-tomcat-10.0.27\webapps\docs]
01-Feb-2025 17:54:59.274 INFORMATION [main] org.apache.jasper.servlet.TldScanner.scanJars At least one JAR was scanned for TLDs yet contained no TLDs. Enable debug logging for this logger for a complete list of JARs that were scanned but no TLDs were found in them. Skipping unneeded JARs during scanning can improve startup time and JSP compilation time.
01-Feb-2025 17:54:59.275 INFORMATION [main] org.apache.catalina.startup.HostConfig.deployDirectory Deployment of web application directory [D:\Programmieren\Apache Tomcat 10\apache-tomcat-10.0.27\webapps\docs] has finished in [190] ms
01-Feb-2025 17:54:59.275 INFORMATION [main] org.apache.catalina.startup.HostConfig.deployDirectory Deploye Web-Applikations-Verzeichnis [D:\Programmieren\Apache Tomcat 10\apache-tomcat-10.0.27\webapps\examples]
01-Feb-2025 17:54:59.899 INFORMATION [main] org.apache.jasper.servlet.TldScanner.scanJars At least one JAR was scanned for TLDs yet contained no TLDs. Enable debug logging for this logger for a complete list of JARs that were scanned but no TLDs were found in them. Skipping unneeded JARs during scanning can improve startup time and JSP compilation time.
01-Feb-2025 17:54:59.927 INFORMATION [main] org.apache.catalina.startup.HostConfig.deployDirectory Deployment of web application directory [D:\Programmieren\Apache Tomcat 10\apache-tomcat-10.0.27\webapps\examples] has finished in [652] ms
01-Feb-2025 17:54:59.927 INFORMATION [main] org.apache.catalina.startup.HostConfig.deployDirectory Deploye Web-Applikations-Verzeichnis [D:\Programmieren\Apache Tomcat 10\apache-tomcat-10.0.27\webapps\host-manager]
01-Feb-2025 17:55:00.118 INFORMATION [main] org.apache.jasper.servlet.TldScanner.scanJars At least one JAR was scanned for TLDs yet contained no TLDs. Enable debug logging for this logger for a complete list of JARs that were scanned but no TLDs were found in them. Skipping unneeded JARs during scanning can improve startup time and JSP compilation time.
01-Feb-2025 17:55:00.120 INFORMATION [main] org.apache.catalina.startup.HostConfig.deployDirectory Deployment of web application directory [D:\Programmieren\Apache Tomcat 10\apache-tomcat-10.0.27\webapps\host-manager] has finished in [193] ms
01-Feb-2025 17:55:00.120 INFORMATION [main] org.apache.catalina.startup.HostConfig.deployDirectory Deploye Web-Applikations-Verzeichnis [D:\Programmieren\Apache Tomcat 10\apache-tomcat-10.0.27\webapps\manager]
01-Feb-2025 17:55:00.289 INFORMATION [main] org.apache.jasper.servlet.TldScanner.scanJars At least one JAR was scanned for TLDs yet contained no TLDs. Enable debug logging for this logger for a complete list of JARs that were scanned but no TLDs were found in them. Skipping unneeded JARs during scanning can improve startup time and JSP compilation time.
01-Feb-2025 17:55:00.290 INFORMATION [main] org.apache.catalina.startup.HostConfig.deployDirectory Deployment of web application directory [D:\Programmieren\Apache Tomcat 10\apache-tomcat-10.0.27\webapps\manager] has finished in [170] ms
01-Feb-2025 17:55:00.292 INFORMATION [main] org.apache.coyote.AbstractProtocol.start Starting ProtocolHandler ["http-nio-8080"]
01-Feb-2025 17:55:00.316 INFORMATION [main] org.apache.catalina.startup.Catalina.start Server startup in [5554] milliseconds
01-Feb-2025 17:56:11.527 INFORMATION [main] org.apache.catalina.core.StandardServer.await A valid shutdown command was received via the shutdown port. Stopping the Server instance.
01-Feb-2025 17:56:11.528 INFORMATION [main] org.apache.coyote.AbstractProtocol.pause Pausing ProtocolHandler ["http-nio-8080"]
01-Feb-2025 17:56:11.531 INFORMATION [main] org.apache.catalina.core.StandardService.stopInternal Stopping service [Catalina]
01-Feb-2025 17:56:11.563 INFORMATION [main] org.apache.coyote.AbstractProtocol.stop Stopping ProtocolHandler ["http-nio-8080"]
01-Feb-2025 17:56:11.579 INFORMATION [main] org.apache.coyote.AbstractProtocol.destroy Destroying ProtocolHandler ["http-nio-8080"]
01-Feb-2025 17:56:44.851 INFORMATION [main] org.apache.catalina.startup.VersionLoggerListener.log Server Version:        Apache Tomcat/10.0.27
01-Feb-2025 17:56:44.853 INFORMATION [main] org.apache.catalina.startup.VersionLoggerListener.log Server built:          Oct 3 2022 14:18:31 UTC
01-Feb-2025 17:56:44.854 INFORMATION [main] org.apache.catalina.startup.VersionLoggerListener.log Server version number: 10.0.27.0
01-Feb-2025 17:56:44.854 INFORMATION [main] org.apache.catalina.startup.VersionLoggerListener.log OS Name:               Windows 11
01-Feb-2025 17:56:44.854 INFORMATION [main] org.apache.catalina.startup.VersionLoggerListener.log OS Version:            10.0
01-Feb-2025 17:56:44.854 INFORMATION [main] org.apache.catalina.startup.VersionLoggerListener.log Architektur:           amd64
01-Feb-2025 17:56:44.854 INFORMATION [main] org.apache.catalina.startup.VersionLoggerListener.log Java Home:             C:\Program Files\Java\jdk-22
01-Feb-2025 17:56:44.854 INFORMATION [main] org.apache.catalina.startup.VersionLoggerListener.log JVM Version:           22.0.1+8-16
01-Feb-2025 17:56:44.854 INFORMATION [main] org.apache.catalina.startup.VersionLoggerListener.log JVM Hersteller:        Oracle Corporation
01-Feb-2025 17:56:44.854 INFORMATION [main] org.apache.catalina.startup.VersionLoggerListener.log CATALINA_BASE:         D:\Programmieren\Apache Tomcat 10\apache-tomcat-10.0.27
01-Feb-2025 17:56:44.854 INFORMATION [main] org.apache.catalina.startup.VersionLoggerListener.log CATALINA_HOME:         D:\Programmieren\Apache Tomcat 10\apache-tomcat-10.0.27
01-Feb-2025 17:56:44.861 INFORMATION [main] org.apache.catalina.startup.VersionLoggerListener.log Command line argument: --add-opens=java.base/java.lang=ALL-UNNAMED
01-Feb-2025 17:56:44.861 INFORMATION [main] org.apache.catalina.startup.VersionLoggerListener.log Command line argument: --add-opens=java.base/java.io=ALL-UNNAMED
01-Feb-2025 17:56:44.861 INFORMATION [main] org.apache.catalina.startup.VersionLoggerListener.log Command line argument: --add-opens=java.base/java.util=ALL-UNNAMED
01-Feb-2025 17:56:44.861 INFORMATION [main] org.apache.catalina.startup.VersionLoggerListener.log Command line argument: --add-opens=java.base/java.util.concurrent=ALL-UNNAMED
01-Feb-2025 17:56:44.861 INFORMATION [main] org.apache.catalina.startup.VersionLoggerListener.log Command line argument: --add-opens=java.rmi/sun.rmi.transport=ALL-UNNAMED
01-Feb-2025 17:56:44.861 INFORMATION [main] org.apache.catalina.startup.VersionLoggerListener.log Command line argument: -Djava.util.logging.config.file=D:\Programmieren\Apache Tomcat 10\apache-tomcat-10.0.27\conf\logging.properties
01-Feb-2025 17:56:44.861 INFORMATION [main] org.apache.catalina.startup.VersionLoggerListener.log Command line argument: -Djava.util.logging.manager=org.apache.juli.ClassLoaderLogManager
01-Feb-2025 17:56:44.862 INFORMATION [main] org.apache.catalina.startup.VersionLoggerListener.log Command line argument: -Djdk.tls.ephemeralDHKeySize=2048
01-Feb-2025 17:56:44.862 INFORMATION [main] org.apache.catalina.startup.VersionLoggerListener.log Command line argument: -Djava.protocol.handler.pkgs=org.apache.catalina.webresources
01-Feb-2025 17:56:44.862 INFORMATION [main] org.apache.catalina.startup.VersionLoggerListener.log Command line argument: -Dignore.endorsed.dirs=
01-Feb-2025 17:56:44.862 INFORMATION [main] org.apache.catalina.startup.VersionLoggerListener.log Command line argument: -Dcatalina.base=D:\Programmieren\Apache Tomcat 10\apache-tomcat-10.0.27
01-Feb-2025 17:56:44.862 INFORMATION [main] org.apache.catalina.startup.VersionLoggerListener.log Command line argument: -Dcatalina.home=D:\Programmieren\Apache Tomcat 10\apache-tomcat-10.0.27
01-Feb-2025 17:56:44.862 INFORMATION [main] org.apache.catalina.startup.VersionLoggerListener.log Command line argument: -Djava.io.tmpdir=D:\Programmieren\Apache Tomcat 10\apache-tomcat-10.0.27\temp
01-Feb-2025 17:56:44.871 INFORMATION [main] org.apache.catalina.core.AprLifecycleListener.lifecycleEvent The Apache Tomcat Native library which allows using OpenSSL was not found on the java.library.path: [C:\Program Files\Java\jdk-22\bin;C:\WINDOWS\Sun\Java\bin;C:\WINDOWS\system32;C:\WINDOWS;C:\Program Files\Common Files\Oracle\Java\javapath;C:\Python312\Scripts\;C:\Python312\;C:\Program Files\Microsoft\jdk-11.0.16.101-hotspot\bin;C:\Program Files\ImageMagick-7.1.1-Q16-HDRI;C:\Python311\Scripts\;C:\Python311\;C:\Program Files (x86)\Common Files\Oracle\Java\java8path;C:\Program Files (x86)\Common Files\Oracle\Java\javapath;C:\Program Files (x86)\CollabNet;C:\Program Files (x86)\Embarcadero\RAD Studio\10.0\bin;C:\Users\Public\Documents\RAD Studio\10.0\BPL;C:\Windows\System32;C:\Windows;C:\Windows\System32\wbem;C:\Windows\System32\WindowsPowerShell\v1.0\;C:\Windows\System32\OpenSSH\;C:\Program Files\Microsoft SQL Server\130\Tools\Binn\;C:\xampp\php;C:\Program Files (x86)\GnuPG\bin;C:\Program Files\Java\apache-ant-1.9.16\bin;C:\Program Files\Microsoft SQL Server\150\Tools\Binn\;C:\Program Files\Microsoft SQL Server\Client SDK\ODBC\170\Tools\Binn\;C:\Program Files\Git\cmd;C:\Program Files\PuTTY\;C:\Program Files\dotnet\;C:\Program Files (x86)\Microsoft SQL Server\150\Tools\Binn\;C:\Program Files\Microsoft SQL Server\150\DTS\Binn\;C:\Program Files (x86)\Microsoft SQL Server\150\DTS\Binn\;C:\Program Files\Azure Data Studio\bin;D:\Android\SDK\platforms;D:\Android\SDK\platform-tools;C:\Program Files (x86)\Pdfsizeopt;C:\ProgramData\chocolatey\bin;C:\Program Files\mosquitto;D:\Android\Flutter-SDK\flutter\bin;C:\Program Files\TortoiseSVN\bin;C:\Program Files\CMake\bin;C:\Program Files (x86)\NVIDIA Corporation\PhysX\Common;C:\Program Files\nodejs\;C:\Windows\System32;C:\Windows;C:\Windows\System32\wbem;C:\Windows\System32\WindowsPowerShell\v1.0\;C:\Windows\System32\OpenSSH\;C:\Program Files (x86)\Windows Kits\10\Windows Performance Toolkit\;;C:\Program Files\NVIDIA Corporation\NVIDIA app\NvDLISR;C:\Users\Eduard Töws\AppData\Local\Programs\Python\Python39\Scripts\;C:\Users\Eduard Töws\AppData\Local\Programs\Python\Python39\;C:\Users\Eduard Töws\AppData\Local\Microsoft\WindowsApps;C:\Users\Eduard Töws\AppData\Local\GitHubDesktop\bin;C:\Users\Eduard Töws\AppData\Local\Programs\Microsoft VS Code\bin;C:\Users\Eduard Töws\.dotnet\tools;C:\Program Files\Azure Data Studio\bin;C:\Program Files (x86)\Brackets\;C:\Users\Eduard Töws\AppData\Roaming\npm;;.]
01-Feb-2025 17:56:45.090 INFORMATION [main] org.apache.coyote.AbstractProtocol.init Initialisiere ProtocolHandler["http-nio-8080"]
01-Feb-2025 17:56:45.104 INFORMATION [main] org.apache.catalina.startup.Catalina.load Server initialization in [372] milliseconds
01-Feb-2025 17:56:45.142 INFORMATION [main] org.apache.catalina.core.StandardService.startInternal Starting service [Catalina]
01-Feb-2025 17:56:45.142 INFORMATION [main] org.apache.catalina.core.StandardEngine.startInternal Starting Servlet engine: [Apache Tomcat/10.0.27]
01-Feb-2025 17:56:45.148 INFORMATION [main] org.apache.catalina.startup.HostConfig.deployDescriptor Deploying deployment descriptor [D:\Programmieren\Apache Tomcat 10\apache-tomcat-10.0.27\conf\Catalina\localhost\GhostNetFishing.xml]
01-Feb-2025 17:56:45.160 WARNUNG [main] org.apache.catalina.startup.HostConfig.deployDescriptor The path attribute with value [/GhostNetFishing] in deployment descriptor [D:\Programmieren\Apache Tomcat 10\apache-tomcat-10.0.27\conf\Catalina\localhost\GhostNetFishing.xml] has been ignored
01-Feb-2025 17:56:46.644 INFORMATION [main] org.apache.jasper.servlet.TldScanner.scanJars At least one JAR was scanned for TLDs yet contained no TLDs. Enable debug logging for this logger for a complete list of JARs that were scanned but no TLDs were found in them. Skipping unneeded JARs during scanning can improve startup time and JSP compilation time.
01-Feb-2025 17:56:46.694 INFO [main] org.jboss.weld.environment.servlet.EnhancedListener.onStartup WELD-ENV-001008: Initialize Weld using ServletContainerInitializer
01-Feb-2025 17:56:46.711 INFO [main] org.jboss.weld.bootstrap.WeldStartup.<clinit> WELD-000900: 4.0.2 (Final)
01-Feb-2025 17:56:46.922 INFO [main] org.jboss.weld.bootstrap.WeldStartup.startContainer WELD-000101: Transactional services not available. Injection of @Inject UserTransaction not available. Transactional observers will be invoked synchronously.
01-Feb-2025 17:56:47.109 INFO [weld-worker-10] org.jboss.weld.bootstrap.MissingDependenciesRegistry.handleResourceLoadingException WELD-000119: Not generating any bean definitions from de.teddy.GhostNetFishing.JakartaRestConfiguration because of underlying class loading error: Type jakarta.ws.rs.core.Application not found.  If this is unexpected, enable DEBUG logging to see the full error.
01-Feb-2025 17:56:47.113 INFO [weld-worker-1] org.jboss.weld.bootstrap.MissingDependenciesRegistry.handleResourceLoadingException WELD-000119: Not generating any bean definitions from de.teddy.GhostNetFishing.resources.JakartaEE9Resource because of underlying class loading error: Type jakarta.ws.rs.core.Response not found.  If this is unexpected, enable DEBUG logging to see the full error.
01-Feb-2025 17:56:47.133 INFO [main] org.jboss.weld.environment.tomcat.TomcatContainer.initialize WELD-ENV-001100: Tomcat 7+ detected, CDI injection will be available in Servlets, Filters and Listeners.
01-Feb-2025 17:56:47.312 INFORMATION [main] com.sun.faces.config.ConfigureListener.contextInitialized Mojarra 4.0.0 für Kontext '/GhostNetFishing' wird initialisiert.
01-Feb-2025 17:56:47.412 INFORMATION [main] com.sun.faces.spi.InjectionProviderFactory.createInstance JSF1048: PostConstruct/PreDestroy-Annotationen vorhanden.  Verwaltete Bean-Methoden, die mit diesen Annotationen markiert sind, lassen die entsprechenden Annotationen verarbeiten.
01-Feb-2025 17:56:47.825 INFORMATION [main] org.primefaces.webapp.PostConstructApplicationEventListener.processEvent Running on PrimeFaces 11.0.0
01-Feb-2025 17:56:47.847 INFORMATION [main] org.apache.catalina.startup.HostConfig.deployDescriptor Deployment of deployment descriptor [D:\Programmieren\Apache Tomcat 10\apache-tomcat-10.0.27\conf\Catalina\localhost\GhostNetFishing.xml] has finished in [2.697] ms
01-Feb-2025 17:56:47.850 INFORMATION [main] org.apache.catalina.startup.HostConfig.deployWAR Deploying web application archive [D:\Programmieren\Apache Tomcat 10\apache-tomcat-10.0.27\webapps\GhostNetFishing-1.0-SNAPSHOT.war]
01-Feb-2025 17:56:47.859 WARNUNG [main] org.apache.tomcat.util.descriptor.web.WebXml.setVersion Unknown version string [6.0]. Default version will be used.
01-Feb-2025 17:56:48.030 INFORMATION [main] org.apache.jasper.servlet.TldScanner.scanJars At least one JAR was scanned for TLDs yet contained no TLDs. Enable debug logging for this logger for a complete list of JARs that were scanned but no TLDs were found in them. Skipping unneeded JARs during scanning can improve startup time and JSP compilation time.
01-Feb-2025 17:56:48.032 INFORMATION [main] org.apache.catalina.startup.HostConfig.deployWAR Deployment of web application archive [D:\Programmieren\Apache Tomcat 10\apache-tomcat-10.0.27\webapps\GhostNetFishing-1.0-SNAPSHOT.war] has finished in [182] ms
01-Feb-2025 17:56:48.032 INFORMATION [main] org.apache.catalina.startup.HostConfig.deployDirectory Deploye Web-Applikations-Verzeichnis [D:\Programmieren\Apache Tomcat 10\apache-tomcat-10.0.27\webapps\docs]
01-Feb-2025 17:56:48.186 INFORMATION [main] org.apache.jasper.servlet.TldScanner.scanJars At least one JAR was scanned for TLDs yet contained no TLDs. Enable debug logging for this logger for a complete list of JARs that were scanned but no TLDs were found in them. Skipping unneeded JARs during scanning can improve startup time and JSP compilation time.
01-Feb-2025 17:56:48.187 INFORMATION [main] org.apache.catalina.startup.HostConfig.deployDirectory Deployment of web application directory [D:\Programmieren\Apache Tomcat 10\apache-tomcat-10.0.27\webapps\docs] has finished in [155] ms
01-Feb-2025 17:56:48.188 INFORMATION [main] org.apache.catalina.startup.HostConfig.deployDirectory Deploye Web-Applikations-Verzeichnis [D:\Programmieren\Apache Tomcat 10\apache-tomcat-10.0.27\webapps\examples]
01-Feb-2025 17:56:48.483 INFORMATION [main] org.apache.jasper.servlet.TldScanner.scanJars At least one JAR was scanned for TLDs yet contained no TLDs. Enable debug logging for this logger for a complete list of JARs that were scanned but no TLDs were found in them. Skipping unneeded JARs during scanning can improve startup time and JSP compilation time.
01-Feb-2025 17:56:48.512 INFORMATION [main] org.apache.catalina.startup.HostConfig.deployDirectory Deployment of web application directory [D:\Programmieren\Apache Tomcat 10\apache-tomcat-10.0.27\webapps\examples] has finished in [324] ms
01-Feb-2025 17:56:48.512 INFORMATION [main] org.apache.catalina.startup.HostConfig.deployDirectory Deploye Web-Applikations-Verzeichnis [D:\Programmieren\Apache Tomcat 10\apache-tomcat-10.0.27\webapps\host-manager]
01-Feb-2025 17:56:48.674 INFORMATION [main] org.apache.jasper.servlet.TldScanner.scanJars At least one JAR was scanned for TLDs yet contained no TLDs. Enable debug logging for this logger for a complete list of JARs that were scanned but no TLDs were found in them. Skipping unneeded JARs during scanning can improve startup time and JSP compilation time.
01-Feb-2025 17:56:48.676 INFORMATION [main] org.apache.catalina.startup.HostConfig.deployDirectory Deployment of web application directory [D:\Programmieren\Apache Tomcat 10\apache-tomcat-10.0.27\webapps\host-manager] has finished in [164] ms
01-Feb-2025 17:56:48.677 INFORMATION [main] org.apache.catalina.startup.HostConfig.deployDirectory Deploye Web-Applikations-Verzeichnis [D:\Programmieren\Apache Tomcat 10\apache-tomcat-10.0.27\webapps\manager]
01-Feb-2025 17:56:48.836 INFORMATION [main] org.apache.jasper.servlet.TldScanner.scanJars At least one JAR was scanned for TLDs yet contained no TLDs. Enable debug logging for this logger for a complete list of JARs that were scanned but no TLDs were found in them. Skipping unneeded JARs during scanning can improve startup time and JSP compilation time.
01-Feb-2025 17:56:48.838 INFORMATION [main] org.apache.catalina.startup.HostConfig.deployDirectory Deployment of web application directory [D:\Programmieren\Apache Tomcat 10\apache-tomcat-10.0.27\webapps\manager] has finished in [161] ms
01-Feb-2025 17:56:48.840 INFORMATION [main] org.apache.coyote.AbstractProtocol.start Starting ProtocolHandler ["http-nio-8080"]
01-Feb-2025 17:56:48.854 INFORMATION [main] org.apache.catalina.startup.Catalina.start Server startup in [3748] milliseconds
01-Feb-2025 17:56:49.476 INFORMATION [http-nio-8080-exec-8] org.apache.catalina.startup.HostConfig.undeploy Undeploying context [/GhostNetFishing]
01-Feb-2025 17:56:49.519 INFORMATION [http-nio-8080-exec-7] org.apache.catalina.startup.HostConfig.deployDescriptor Deploying deployment descriptor [D:\Programmieren\Apache Tomcat 10\apache-tomcat-10.0.27\conf\Catalina\localhost\GhostNetFishing.xml]
01-Feb-2025 17:56:49.520 WARNUNG [http-nio-8080-exec-7] org.apache.catalina.startup.HostConfig.deployDescriptor The path attribute with value [/GhostNetFishing] in deployment descriptor [D:\Programmieren\Apache Tomcat 10\apache-tomcat-10.0.27\conf\Catalina\localhost\GhostNetFishing.xml] has been ignored
01-Feb-2025 17:56:50.700 INFORMATION [http-nio-8080-exec-7] org.apache.jasper.servlet.TldScanner.scanJars At least one JAR was scanned for TLDs yet contained no TLDs. Enable debug logging for this logger for a complete list of JARs that were scanned but no TLDs were found in them. Skipping unneeded JARs during scanning can improve startup time and JSP compilation time.
01-Feb-2025 17:56:50.723 INFO [http-nio-8080-exec-7] org.jboss.weld.environment.servlet.EnhancedListener.onStartup WELD-ENV-001008: Initialize Weld using ServletContainerInitializer
01-Feb-2025 17:56:50.738 INFO [http-nio-8080-exec-7] org.jboss.weld.bootstrap.WeldStartup.<clinit> WELD-000900: 4.0.2 (Final)
01-Feb-2025 17:56:50.863 INFO [http-nio-8080-exec-7] org.jboss.weld.bootstrap.WeldStartup.startContainer WELD-000101: Transactional services not available. Injection of @Inject UserTransaction not available. Transactional observers will be invoked synchronously.
01-Feb-2025 17:56:51.016 INFO [weld-worker-10] org.jboss.weld.bootstrap.MissingDependenciesRegistry.handleResourceLoadingException WELD-000119: Not generating any bean definitions from de.teddy.GhostNetFishing.JakartaRestConfiguration because of underlying class loading error: Type jakarta.ws.rs.core.Application not found.  If this is unexpected, enable DEBUG logging to see the full error.
01-Feb-2025 17:56:51.018 INFO [weld-worker-10] org.jboss.weld.bootstrap.MissingDependenciesRegistry.handleResourceLoadingException WELD-000119: Not generating any bean definitions from de.teddy.GhostNetFishing.resources.JakartaEE9Resource because of underlying class loading error: Type jakarta.ws.rs.core.Response not found.  If this is unexpected, enable DEBUG logging to see the full error.
01-Feb-2025 17:56:51.037 INFO [http-nio-8080-exec-7] org.jboss.weld.environment.tomcat.TomcatContainer.initialize WELD-ENV-001100: Tomcat 7+ detected, CDI injection will be available in Servlets, Filters and Listeners.
01-Feb-2025 17:56:51.184 INFORMATION [http-nio-8080-exec-7] com.sun.faces.config.ConfigureListener.contextInitialized Mojarra 4.0.0 für Kontext '/GhostNetFishing' wird initialisiert.
01-Feb-2025 17:56:51.259 INFORMATION [http-nio-8080-exec-7] com.sun.faces.spi.InjectionProviderFactory.createInstance JSF1048: PostConstruct/PreDestroy-Annotationen vorhanden.  Verwaltete Bean-Methoden, die mit diesen Annotationen markiert sind, lassen die entsprechenden Annotationen verarbeiten.
01-Feb-2025 17:56:51.561 INFORMATION [http-nio-8080-exec-7] org.primefaces.webapp.PostConstructApplicationEventListener.processEvent Running on PrimeFaces 11.0.0
01-Feb-2025 17:56:51.567 INFORMATION [http-nio-8080-exec-7] org.apache.catalina.startup.HostConfig.deployDescriptor Deployment of deployment descriptor [D:\Programmieren\Apache Tomcat 10\apache-tomcat-10.0.27\conf\Catalina\localhost\GhostNetFishing.xml] has finished in [2.048] ms
01-Feb-2025 17:56:51.570 INFORMATION [http-nio-8080-exec-5] org.apache.catalina.util.LifecycleBase.start The start() method was called on component [StandardEngine[Catalina].StandardHost[localhost].StandardContext[/GhostNetFishing]] after start() had already been called. The second call will be ignored.
01-Feb-2025 18:10:34.741 INFORMATION [main] org.apache.catalina.core.StandardServer.await A valid shutdown command was received via the shutdown port. Stopping the Server instance.
01-Feb-2025 18:10:34.741 INFORMATION [main] org.apache.coyote.AbstractProtocol.pause Pausing ProtocolHandler ["http-nio-8080"]
01-Feb-2025 18:10:34.744 INFORMATION [main] org.apache.catalina.core.StandardService.stopInternal Stopping service [Catalina]
01-Feb-2025 18:10:34.765 INFORMATION [main] org.apache.coyote.AbstractProtocol.stop Stopping ProtocolHandler ["http-nio-8080"]
01-Feb-2025 18:10:34.782 INFORMATION [main] org.apache.coyote.AbstractProtocol.destroy Destroying ProtocolHandler ["http-nio-8080"]
