05-Feb-2025 18:40:05.632 INFORMATION [main] org.apache.catalina.startup.VersionLoggerListener.log Server Version:        Apache Tomcat/10.0.27
05-Feb-2025 18:40:05.635 INFORMATION [main] org.apache.catalina.startup.VersionLoggerListener.log Server built:          Oct 3 2022 14:18:31 UTC
05-Feb-2025 18:40:05.636 INFORMATION [main] org.apache.catalina.startup.VersionLoggerListener.log Server version number: 10.0.27.0
05-Feb-2025 18:40:05.636 INFORMATION [main] org.apache.catalina.startup.VersionLoggerListener.log OS Name:               Windows 11
05-Feb-2025 18:40:05.636 INFORMATION [main] org.apache.catalina.startup.VersionLoggerListener.log OS Version:            10.0
05-Feb-2025 18:40:05.636 INFORMATION [main] org.apache.catalina.startup.VersionLoggerListener.log Architektur:           amd64
05-Feb-2025 18:40:05.636 INFORMATION [main] org.apache.catalina.startup.VersionLoggerListener.log Java Home:             C:\Program Files\Java\jdk-22
05-Feb-2025 18:40:05.636 INFORMATION [main] org.apache.catalina.startup.VersionLoggerListener.log JVM Version:           22.0.1+8-16
05-Feb-2025 18:40:05.636 INFORMATION [main] org.apache.catalina.startup.VersionLoggerListener.log JVM Hersteller:        Oracle Corporation
05-Feb-2025 18:40:05.636 INFORMATION [main] org.apache.catalina.startup.VersionLoggerListener.log CATALINA_BASE:         D:\Programmieren\Apache Tomcat 10\apache-tomcat-10.0.27
05-Feb-2025 18:40:05.637 INFORMATION [main] org.apache.catalina.startup.VersionLoggerListener.log CATALINA_HOME:         D:\Programmieren\Apache Tomcat 10\apache-tomcat-10.0.27
05-Feb-2025 18:40:05.643 INFORMATION [main] org.apache.catalina.startup.VersionLoggerListener.log Command line argument: --add-opens=java.base/java.lang=ALL-UNNAMED
05-Feb-2025 18:40:05.643 INFORMATION [main] org.apache.catalina.startup.VersionLoggerListener.log Command line argument: --add-opens=java.base/java.io=ALL-UNNAMED
05-Feb-2025 18:40:05.643 INFORMATION [main] org.apache.catalina.startup.VersionLoggerListener.log Command line argument: --add-opens=java.base/java.util=ALL-UNNAMED
05-Feb-2025 18:40:05.643 INFORMATION [main] org.apache.catalina.startup.VersionLoggerListener.log Command line argument: --add-opens=java.base/java.util.concurrent=ALL-UNNAMED
05-Feb-2025 18:40:05.643 INFORMATION [main] org.apache.catalina.startup.VersionLoggerListener.log Command line argument: --add-opens=java.rmi/sun.rmi.transport=ALL-UNNAMED
05-Feb-2025 18:40:05.643 INFORMATION [main] org.apache.catalina.startup.VersionLoggerListener.log Command line argument: -Djava.util.logging.config.file=D:\Programmieren\Apache Tomcat 10\apache-tomcat-10.0.27\conf\logging.properties
05-Feb-2025 18:40:05.644 INFORMATION [main] org.apache.catalina.startup.VersionLoggerListener.log Command line argument: -Djava.util.logging.manager=org.apache.juli.ClassLoaderLogManager
05-Feb-2025 18:40:05.644 INFORMATION [main] org.apache.catalina.startup.VersionLoggerListener.log Command line argument: -Djdk.tls.ephemeralDHKeySize=2048
05-Feb-2025 18:40:05.644 INFORMATION [main] org.apache.catalina.startup.VersionLoggerListener.log Command line argument: -Djava.protocol.handler.pkgs=org.apache.catalina.webresources
05-Feb-2025 18:40:05.644 INFORMATION [main] org.apache.catalina.startup.VersionLoggerListener.log Command line argument: -Dignore.endorsed.dirs=
05-Feb-2025 18:40:05.644 INFORMATION [main] org.apache.catalina.startup.VersionLoggerListener.log Command line argument: -Dcatalina.base=D:\Programmieren\Apache Tomcat 10\apache-tomcat-10.0.27
05-Feb-2025 18:40:05.644 INFORMATION [main] org.apache.catalina.startup.VersionLoggerListener.log Command line argument: -Dcatalina.home=D:\Programmieren\Apache Tomcat 10\apache-tomcat-10.0.27
05-Feb-2025 18:40:05.644 INFORMATION [main] org.apache.catalina.startup.VersionLoggerListener.log Command line argument: -Djava.io.tmpdir=D:\Programmieren\Apache Tomcat 10\apache-tomcat-10.0.27\temp
05-Feb-2025 18:40:05.653 INFORMATION [main] org.apache.catalina.core.AprLifecycleListener.lifecycleEvent The Apache Tomcat Native library which allows using OpenSSL was not found on the java.library.path: [C:\Program Files\Java\jdk-22\bin;C:\WINDOWS\Sun\Java\bin;C:\WINDOWS\system32;C:\WINDOWS;C:\Program Files\Common Files\Oracle\Java\javapath;C:\Python312\Scripts\;C:\Python312\;C:\Program Files\Microsoft\jdk-11.0.16.101-hotspot\bin;C:\Program Files\ImageMagick-7.1.1-Q16-HDRI;C:\Python311\Scripts\;C:\Python311\;C:\Program Files (x86)\Common Files\Oracle\Java\java8path;C:\Program Files (x86)\Common Files\Oracle\Java\javapath;C:\Program Files (x86)\CollabNet;C:\Program Files (x86)\Embarcadero\RAD Studio\10.0\bin;C:\Users\Public\Documents\RAD Studio\10.0\BPL;C:\Windows\System32;C:\Windows;C:\Windows\System32\wbem;C:\Windows\System32\WindowsPowerShell\v1.0\;C:\Windows\System32\OpenSSH\;C:\Program Files\Microsoft SQL Server\130\Tools\Binn\;C:\xampp\php;C:\Program Files (x86)\GnuPG\bin;C:\Program Files\Java\apache-ant-1.9.16\bin;C:\Program Files\Microsoft SQL Server\150\Tools\Binn\;C:\Program Files\Microsoft SQL Server\Client SDK\ODBC\170\Tools\Binn\;C:\Program Files\Git\cmd;C:\Program Files\PuTTY\;C:\Program Files\dotnet\;C:\Program Files (x86)\Microsoft SQL Server\150\Tools\Binn\;C:\Program Files\Microsoft SQL Server\150\DTS\Binn\;C:\Program Files (x86)\Microsoft SQL Server\150\DTS\Binn\;C:\Program Files\Azure Data Studio\bin;D:\Android\SDK\platforms;D:\Android\SDK\platform-tools;C:\Program Files (x86)\Pdfsizeopt;C:\ProgramData\chocolatey\bin;C:\Program Files\mosquitto;D:\Android\Flutter-SDK\flutter\bin;C:\Program Files\TortoiseSVN\bin;C:\Program Files\CMake\bin;C:\Program Files (x86)\NVIDIA Corporation\PhysX\Common;C:\Program Files\nodejs\;C:\Windows\System32;C:\Windows;C:\Windows\System32\wbem;C:\Windows\System32\WindowsPowerShell\v1.0\;C:\Windows\System32\OpenSSH\;C:\Program Files (x86)\Windows Kits\10\Windows Performance Toolkit\;;C:\Program Files\NVIDIA Corporation\NVIDIA app\NvDLISR;C:\Users\Eduard Töws\AppData\Local\Programs\Python\Python39\Scripts\;C:\Users\Eduard Töws\AppData\Local\Programs\Python\Python39\;C:\Users\Eduard Töws\AppData\Local\Microsoft\WindowsApps;C:\Users\Eduard Töws\AppData\Local\GitHubDesktop\bin;C:\Users\Eduard Töws\AppData\Local\Programs\Microsoft VS Code\bin;C:\Users\Eduard Töws\.dotnet\tools;C:\Program Files\Azure Data Studio\bin;C:\Program Files (x86)\Brackets\;C:\Users\Eduard Töws\AppData\Roaming\npm;;.]
05-Feb-2025 18:40:06.023 INFORMATION [main] org.apache.coyote.AbstractProtocol.init Initialisiere ProtocolHandler["http-nio-8080"]
05-Feb-2025 18:40:06.046 INFORMATION [main] org.apache.catalina.startup.Catalina.load Server initialization in [801] milliseconds
05-Feb-2025 18:40:06.103 INFORMATION [main] org.apache.catalina.core.StandardService.startInternal Starting service [Catalina]
05-Feb-2025 18:40:06.103 INFORMATION [main] org.apache.catalina.core.StandardEngine.startInternal Starting Servlet engine: [Apache Tomcat/10.0.27]
05-Feb-2025 18:40:06.113 INFORMATION [main] org.apache.catalina.startup.HostConfig.deployDescriptor Deploying deployment descriptor [D:\Programmieren\Apache Tomcat 10\apache-tomcat-10.0.27\conf\Catalina\localhost\GhostNetFishing.xml]
05-Feb-2025 18:40:06.127 WARNUNG [main] org.apache.catalina.startup.HostConfig.deployDescriptor The path attribute with value [/GhostNetFishing] in deployment descriptor [D:\Programmieren\Apache Tomcat 10\apache-tomcat-10.0.27\conf\Catalina\localhost\GhostNetFishing.xml] has been ignored
05-Feb-2025 18:40:07.967 INFORMATION [main] org.apache.jasper.servlet.TldScanner.scanJars At least one JAR was scanned for TLDs yet contained no TLDs. Enable debug logging for this logger for a complete list of JARs that were scanned but no TLDs were found in them. Skipping unneeded JARs during scanning can improve startup time and JSP compilation time.
05-Feb-2025 18:40:08.023 INFO [main] org.jboss.weld.environment.servlet.EnhancedListener.onStartup WELD-ENV-001008: Initialize Weld using ServletContainerInitializer
05-Feb-2025 18:40:08.043 INFO [main] org.jboss.weld.bootstrap.WeldStartup.<clinit> WELD-000900: 4.0.2 (Final)
05-Feb-2025 18:40:08.287 INFO [main] org.jboss.weld.bootstrap.WeldStartup.startContainer WELD-000101: Transactional services not available. Injection of @Inject UserTransaction not available. Transactional observers will be invoked synchronously.
05-Feb-2025 18:40:08.483 INFO [weld-worker-10] org.jboss.weld.bootstrap.MissingDependenciesRegistry.handleResourceLoadingException WELD-000119: Not generating any bean definitions from de.teddy.GhostNetFishing.JakartaRestConfiguration because of underlying class loading error: Type jakarta.ws.rs.core.Application not found.  If this is unexpected, enable DEBUG logging to see the full error.
05-Feb-2025 18:40:08.486 INFO [weld-worker-11] org.jboss.weld.bootstrap.MissingDependenciesRegistry.handleResourceLoadingException WELD-000119: Not generating any bean definitions from de.teddy.GhostNetFishing.resources.JakartaEE9Resource because of underlying class loading error: Type jakarta.ws.rs.core.Response not found.  If this is unexpected, enable DEBUG logging to see the full error.
05-Feb-2025 18:40:08.512 INFO [main] org.jboss.weld.environment.tomcat.TomcatContainer.initialize WELD-ENV-001100: Tomcat 7+ detected, CDI injection will be available in Servlets, Filters and Listeners.
05-Feb-2025 18:40:08.708 INFORMATION [main] com.sun.faces.config.ConfigureListener.contextInitialized Mojarra 4.0.0 für Kontext '/GhostNetFishing' wird initialisiert.
05-Feb-2025 18:40:08.826 INFORMATION [main] com.sun.faces.spi.InjectionProviderFactory.createInstance JSF1048: PostConstruct/PreDestroy-Annotationen vorhanden.  Verwaltete Bean-Methoden, die mit diesen Annotationen markiert sind, lassen die entsprechenden Annotationen verarbeiten.
05-Feb-2025 18:40:09.335 INFORMATION [main] org.primefaces.webapp.PostConstructApplicationEventListener.processEvent Running on PrimeFaces 11.0.0
05-Feb-2025 18:40:09.360 INFORMATION [main] org.apache.catalina.startup.HostConfig.deployDescriptor Deployment of deployment descriptor [D:\Programmieren\Apache Tomcat 10\apache-tomcat-10.0.27\conf\Catalina\localhost\GhostNetFishing.xml] has finished in [3.245] ms
05-Feb-2025 18:40:09.419 INFORMATION [main] org.apache.catalina.startup.HostConfig.deployWAR Deploying web application archive [D:\Programmieren\Apache Tomcat 10\apache-tomcat-10.0.27\webapps\GhostNetFishing-1.0-SNAPSHOT.war]
05-Feb-2025 18:40:09.435 WARNUNG [main] org.apache.tomcat.util.descriptor.web.WebXml.setVersion Unknown version string [6.0]. Default version will be used.
05-Feb-2025 18:40:09.626 INFORMATION [main] org.apache.jasper.servlet.TldScanner.scanJars At least one JAR was scanned for TLDs yet contained no TLDs. Enable debug logging for this logger for a complete list of JARs that were scanned but no TLDs were found in them. Skipping unneeded JARs during scanning can improve startup time and JSP compilation time.
05-Feb-2025 18:40:09.628 INFORMATION [main] org.apache.catalina.startup.HostConfig.deployWAR Deployment of web application archive [D:\Programmieren\Apache Tomcat 10\apache-tomcat-10.0.27\webapps\GhostNetFishing-1.0-SNAPSHOT.war] has finished in [209] ms
05-Feb-2025 18:40:09.629 INFORMATION [main] org.apache.catalina.startup.HostConfig.deployDirectory Deploye Web-Applikations-Verzeichnis [D:\Programmieren\Apache Tomcat 10\apache-tomcat-10.0.27\webapps\docs]
05-Feb-2025 18:40:09.824 INFORMATION [main] org.apache.jasper.servlet.TldScanner.scanJars At least one JAR was scanned for TLDs yet contained no TLDs. Enable debug logging for this logger for a complete list of JARs that were scanned but no TLDs were found in them. Skipping unneeded JARs during scanning can improve startup time and JSP compilation time.
05-Feb-2025 18:40:09.826 INFORMATION [main] org.apache.catalina.startup.HostConfig.deployDirectory Deployment of web application directory [D:\Programmieren\Apache Tomcat 10\apache-tomcat-10.0.27\webapps\docs] has finished in [197] ms
05-Feb-2025 18:40:09.826 INFORMATION [main] org.apache.catalina.startup.HostConfig.deployDirectory Deploye Web-Applikations-Verzeichnis [D:\Programmieren\Apache Tomcat 10\apache-tomcat-10.0.27\webapps\examples]
05-Feb-2025 18:40:10.510 INFORMATION [main] org.apache.jasper.servlet.TldScanner.scanJars At least one JAR was scanned for TLDs yet contained no TLDs. Enable debug logging for this logger for a complete list of JARs that were scanned but no TLDs were found in them. Skipping unneeded JARs during scanning can improve startup time and JSP compilation time.
05-Feb-2025 18:40:10.541 INFORMATION [main] org.apache.catalina.startup.HostConfig.deployDirectory Deployment of web application directory [D:\Programmieren\Apache Tomcat 10\apache-tomcat-10.0.27\webapps\examples] has finished in [715] ms
05-Feb-2025 18:40:10.541 INFORMATION [main] org.apache.catalina.startup.HostConfig.deployDirectory Deploye Web-Applikations-Verzeichnis [D:\Programmieren\Apache Tomcat 10\apache-tomcat-10.0.27\webapps\host-manager]
05-Feb-2025 18:40:10.748 INFORMATION [main] org.apache.jasper.servlet.TldScanner.scanJars At least one JAR was scanned for TLDs yet contained no TLDs. Enable debug logging for this logger for a complete list of JARs that were scanned but no TLDs were found in them. Skipping unneeded JARs during scanning can improve startup time and JSP compilation time.
05-Feb-2025 18:40:10.750 INFORMATION [main] org.apache.catalina.startup.HostConfig.deployDirectory Deployment of web application directory [D:\Programmieren\Apache Tomcat 10\apache-tomcat-10.0.27\webapps\host-manager] has finished in [209] ms
05-Feb-2025 18:40:10.750 INFORMATION [main] org.apache.catalina.startup.HostConfig.deployDirectory Deploye Web-Applikations-Verzeichnis [D:\Programmieren\Apache Tomcat 10\apache-tomcat-10.0.27\webapps\manager]
05-Feb-2025 18:40:10.913 INFORMATION [main] org.apache.jasper.servlet.TldScanner.scanJars At least one JAR was scanned for TLDs yet contained no TLDs. Enable debug logging for this logger for a complete list of JARs that were scanned but no TLDs were found in them. Skipping unneeded JARs during scanning can improve startup time and JSP compilation time.
05-Feb-2025 18:40:10.914 INFORMATION [main] org.apache.catalina.startup.HostConfig.deployDirectory Deployment of web application directory [D:\Programmieren\Apache Tomcat 10\apache-tomcat-10.0.27\webapps\manager] has finished in [164] ms
05-Feb-2025 18:40:10.919 INFORMATION [main] org.apache.coyote.AbstractProtocol.start Starting ProtocolHandler ["http-nio-8080"]
05-Feb-2025 18:40:10.934 INFORMATION [main] org.apache.catalina.startup.Catalina.start Server startup in [4886] milliseconds
05-Feb-2025 18:40:13.718 INFORMATION [http-nio-8080-exec-10] org.apache.catalina.startup.HostConfig.undeploy Undeploying context [/GhostNetFishing]
05-Feb-2025 18:40:13.761 INFORMATION [http-nio-8080-exec-7] org.apache.catalina.startup.HostConfig.deployDescriptor Deploying deployment descriptor [D:\Programmieren\Apache Tomcat 10\apache-tomcat-10.0.27\conf\Catalina\localhost\GhostNetFishing.xml]
05-Feb-2025 18:40:13.762 WARNUNG [http-nio-8080-exec-7] org.apache.catalina.startup.HostConfig.deployDescriptor The path attribute with value [/GhostNetFishing] in deployment descriptor [D:\Programmieren\Apache Tomcat 10\apache-tomcat-10.0.27\conf\Catalina\localhost\GhostNetFishing.xml] has been ignored
05-Feb-2025 18:40:14.968 INFORMATION [http-nio-8080-exec-7] org.apache.jasper.servlet.TldScanner.scanJars At least one JAR was scanned for TLDs yet contained no TLDs. Enable debug logging for this logger for a complete list of JARs that were scanned but no TLDs were found in them. Skipping unneeded JARs during scanning can improve startup time and JSP compilation time.
05-Feb-2025 18:40:14.991 INFO [http-nio-8080-exec-7] org.jboss.weld.environment.servlet.EnhancedListener.onStartup WELD-ENV-001008: Initialize Weld using ServletContainerInitializer
05-Feb-2025 18:40:15.006 INFO [http-nio-8080-exec-7] org.jboss.weld.bootstrap.WeldStartup.<clinit> WELD-000900: 4.0.2 (Final)
05-Feb-2025 18:40:15.128 INFO [http-nio-8080-exec-7] org.jboss.weld.bootstrap.WeldStartup.startContainer WELD-000101: Transactional services not available. Injection of @Inject UserTransaction not available. Transactional observers will be invoked synchronously.
05-Feb-2025 18:40:15.275 INFO [weld-worker-10] org.jboss.weld.bootstrap.MissingDependenciesRegistry.handleResourceLoadingException WELD-000119: Not generating any bean definitions from de.teddy.GhostNetFishing.JakartaRestConfiguration because of underlying class loading error: Type jakarta.ws.rs.core.Application not found.  If this is unexpected, enable DEBUG logging to see the full error.
05-Feb-2025 18:40:15.278 INFO [weld-worker-1] org.jboss.weld.bootstrap.MissingDependenciesRegistry.handleResourceLoadingException WELD-000119: Not generating any bean definitions from de.teddy.GhostNetFishing.resources.JakartaEE9Resource because of underlying class loading error: Type jakarta.ws.rs.core.Response not found.  If this is unexpected, enable DEBUG logging to see the full error.
05-Feb-2025 18:40:15.295 INFO [http-nio-8080-exec-7] org.jboss.weld.environment.tomcat.TomcatContainer.initialize WELD-ENV-001100: Tomcat 7+ detected, CDI injection will be available in Servlets, Filters and Listeners.
05-Feb-2025 18:40:15.460 INFORMATION [http-nio-8080-exec-7] com.sun.faces.config.ConfigureListener.contextInitialized Mojarra 4.0.0 für Kontext '/GhostNetFishing' wird initialisiert.
05-Feb-2025 18:40:15.535 INFORMATION [http-nio-8080-exec-7] com.sun.faces.spi.InjectionProviderFactory.createInstance JSF1048: PostConstruct/PreDestroy-Annotationen vorhanden.  Verwaltete Bean-Methoden, die mit diesen Annotationen markiert sind, lassen die entsprechenden Annotationen verarbeiten.
05-Feb-2025 18:40:15.863 INFORMATION [http-nio-8080-exec-7] org.primefaces.webapp.PostConstructApplicationEventListener.processEvent Running on PrimeFaces 11.0.0
05-Feb-2025 18:40:15.869 INFORMATION [http-nio-8080-exec-7] org.apache.catalina.startup.HostConfig.deployDescriptor Deployment of deployment descriptor [D:\Programmieren\Apache Tomcat 10\apache-tomcat-10.0.27\conf\Catalina\localhost\GhostNetFishing.xml] has finished in [2.108] ms
05-Feb-2025 18:40:15.872 INFORMATION [http-nio-8080-exec-3] org.apache.catalina.util.LifecycleBase.start The start() method was called on component [StandardEngine[Catalina].StandardHost[localhost].StandardContext[/GhostNetFishing]] after start() had already been called. The second call will be ignored.
05-Feb-2025 18:57:55.800 INFORMATION [main] org.apache.catalina.core.StandardServer.await A valid shutdown command was received via the shutdown port. Stopping the Server instance.
05-Feb-2025 18:57:55.800 INFORMATION [main] org.apache.coyote.AbstractProtocol.pause Pausing ProtocolHandler ["http-nio-8080"]
05-Feb-2025 18:57:55.803 INFORMATION [main] org.apache.catalina.core.StandardService.stopInternal Stopping service [Catalina]
05-Feb-2025 18:57:55.825 INFORMATION [main] org.apache.coyote.AbstractProtocol.stop Stopping ProtocolHandler ["http-nio-8080"]
05-Feb-2025 18:57:55.838 INFORMATION [main] org.apache.coyote.AbstractProtocol.destroy Destroying ProtocolHandler ["http-nio-8080"]
05-Feb-2025 19:29:51.694 INFORMATION [main] org.apache.catalina.startup.VersionLoggerListener.log Server Version:        Apache Tomcat/10.0.27
05-Feb-2025 19:29:51.698 INFORMATION [main] org.apache.catalina.startup.VersionLoggerListener.log Server built:          Oct 3 2022 14:18:31 UTC
05-Feb-2025 19:29:51.698 INFORMATION [main] org.apache.catalina.startup.VersionLoggerListener.log Server version number: 10.0.27.0
05-Feb-2025 19:29:51.698 INFORMATION [main] org.apache.catalina.startup.VersionLoggerListener.log OS Name:               Windows 11
05-Feb-2025 19:29:51.698 INFORMATION [main] org.apache.catalina.startup.VersionLoggerListener.log OS Version:            10.0
05-Feb-2025 19:29:51.698 INFORMATION [main] org.apache.catalina.startup.VersionLoggerListener.log Architektur:           amd64
05-Feb-2025 19:29:51.699 INFORMATION [main] org.apache.catalina.startup.VersionLoggerListener.log Java Home:             C:\Program Files\Java\jdk-22
05-Feb-2025 19:29:51.699 INFORMATION [main] org.apache.catalina.startup.VersionLoggerListener.log JVM Version:           22.0.1+8-16
05-Feb-2025 19:29:51.699 INFORMATION [main] org.apache.catalina.startup.VersionLoggerListener.log JVM Hersteller:        Oracle Corporation
05-Feb-2025 19:29:51.699 INFORMATION [main] org.apache.catalina.startup.VersionLoggerListener.log CATALINA_BASE:         D:\Programmieren\Apache Tomcat 10\apache-tomcat-10.0.27
05-Feb-2025 19:29:51.699 INFORMATION [main] org.apache.catalina.startup.VersionLoggerListener.log CATALINA_HOME:         D:\Programmieren\Apache Tomcat 10\apache-tomcat-10.0.27
05-Feb-2025 19:29:51.706 INFORMATION [main] org.apache.catalina.startup.VersionLoggerListener.log Command line argument: --add-opens=java.base/java.lang=ALL-UNNAMED
05-Feb-2025 19:29:51.706 INFORMATION [main] org.apache.catalina.startup.VersionLoggerListener.log Command line argument: --add-opens=java.base/java.io=ALL-UNNAMED
05-Feb-2025 19:29:51.706 INFORMATION [main] org.apache.catalina.startup.VersionLoggerListener.log Command line argument: --add-opens=java.base/java.util=ALL-UNNAMED
05-Feb-2025 19:29:51.706 INFORMATION [main] org.apache.catalina.startup.VersionLoggerListener.log Command line argument: --add-opens=java.base/java.util.concurrent=ALL-UNNAMED
05-Feb-2025 19:29:51.706 INFORMATION [main] org.apache.catalina.startup.VersionLoggerListener.log Command line argument: --add-opens=java.rmi/sun.rmi.transport=ALL-UNNAMED
05-Feb-2025 19:29:51.706 INFORMATION [main] org.apache.catalina.startup.VersionLoggerListener.log Command line argument: -Djava.util.logging.config.file=D:\Programmieren\Apache Tomcat 10\apache-tomcat-10.0.27\conf\logging.properties
05-Feb-2025 19:29:51.706 INFORMATION [main] org.apache.catalina.startup.VersionLoggerListener.log Command line argument: -Djava.util.logging.manager=org.apache.juli.ClassLoaderLogManager
05-Feb-2025 19:29:51.706 INFORMATION [main] org.apache.catalina.startup.VersionLoggerListener.log Command line argument: -Djdk.tls.ephemeralDHKeySize=2048
05-Feb-2025 19:29:51.706 INFORMATION [main] org.apache.catalina.startup.VersionLoggerListener.log Command line argument: -Djava.protocol.handler.pkgs=org.apache.catalina.webresources
05-Feb-2025 19:29:51.706 INFORMATION [main] org.apache.catalina.startup.VersionLoggerListener.log Command line argument: -Dignore.endorsed.dirs=
05-Feb-2025 19:29:51.706 INFORMATION [main] org.apache.catalina.startup.VersionLoggerListener.log Command line argument: -Dcatalina.base=D:\Programmieren\Apache Tomcat 10\apache-tomcat-10.0.27
05-Feb-2025 19:29:51.706 INFORMATION [main] org.apache.catalina.startup.VersionLoggerListener.log Command line argument: -Dcatalina.home=D:\Programmieren\Apache Tomcat 10\apache-tomcat-10.0.27
05-Feb-2025 19:29:51.706 INFORMATION [main] org.apache.catalina.startup.VersionLoggerListener.log Command line argument: -Djava.io.tmpdir=D:\Programmieren\Apache Tomcat 10\apache-tomcat-10.0.27\temp
05-Feb-2025 19:29:51.716 INFORMATION [main] org.apache.catalina.core.AprLifecycleListener.lifecycleEvent The Apache Tomcat Native library which allows using OpenSSL was not found on the java.library.path: [C:\Program Files\Java\jdk-22\bin;C:\WINDOWS\Sun\Java\bin;C:\WINDOWS\system32;C:\WINDOWS;C:\Program Files\Common Files\Oracle\Java\javapath;C:\Python312\Scripts\;C:\Python312\;C:\Program Files\Microsoft\jdk-11.0.16.101-hotspot\bin;C:\Program Files\ImageMagick-7.1.1-Q16-HDRI;C:\Python311\Scripts\;C:\Python311\;C:\Program Files (x86)\Common Files\Oracle\Java\java8path;C:\Program Files (x86)\Common Files\Oracle\Java\javapath;C:\Program Files (x86)\CollabNet;C:\Program Files (x86)\Embarcadero\RAD Studio\10.0\bin;C:\Users\Public\Documents\RAD Studio\10.0\BPL;C:\Windows\System32;C:\Windows;C:\Windows\System32\wbem;C:\Windows\System32\WindowsPowerShell\v1.0\;C:\Windows\System32\OpenSSH\;C:\Program Files\Microsoft SQL Server\130\Tools\Binn\;C:\xampp\php;C:\Program Files (x86)\GnuPG\bin;C:\Program Files\Java\apache-ant-1.9.16\bin;C:\Program Files\Microsoft SQL Server\150\Tools\Binn\;C:\Program Files\Microsoft SQL Server\Client SDK\ODBC\170\Tools\Binn\;C:\Program Files\Git\cmd;C:\Program Files\PuTTY\;C:\Program Files\dotnet\;C:\Program Files (x86)\Microsoft SQL Server\150\Tools\Binn\;C:\Program Files\Microsoft SQL Server\150\DTS\Binn\;C:\Program Files (x86)\Microsoft SQL Server\150\DTS\Binn\;C:\Program Files\Azure Data Studio\bin;D:\Android\SDK\platforms;D:\Android\SDK\platform-tools;C:\Program Files (x86)\Pdfsizeopt;C:\ProgramData\chocolatey\bin;C:\Program Files\mosquitto;D:\Android\Flutter-SDK\flutter\bin;C:\Program Files\TortoiseSVN\bin;C:\Program Files\CMake\bin;C:\Program Files (x86)\NVIDIA Corporation\PhysX\Common;C:\Program Files\nodejs\;C:\Windows\System32;C:\Windows;C:\Windows\System32\wbem;C:\Windows\System32\WindowsPowerShell\v1.0\;C:\Windows\System32\OpenSSH\;C:\Program Files (x86)\Windows Kits\10\Windows Performance Toolkit\;;C:\Program Files\NVIDIA Corporation\NVIDIA app\NvDLISR;C:\Users\Eduard Töws\AppData\Local\Programs\Python\Python39\Scripts\;C:\Users\Eduard Töws\AppData\Local\Programs\Python\Python39\;C:\Users\Eduard Töws\AppData\Local\Microsoft\WindowsApps;C:\Users\Eduard Töws\AppData\Local\GitHubDesktop\bin;C:\Users\Eduard Töws\AppData\Local\Programs\Microsoft VS Code\bin;C:\Users\Eduard Töws\.dotnet\tools;C:\Program Files\Azure Data Studio\bin;C:\Program Files (x86)\Brackets\;C:\Users\Eduard Töws\AppData\Roaming\npm;;.]
05-Feb-2025 19:29:51.993 INFORMATION [main] org.apache.coyote.AbstractProtocol.init Initialisiere ProtocolHandler["http-nio-8080"]
05-Feb-2025 19:29:52.011 INFORMATION [main] org.apache.catalina.startup.Catalina.load Server initialization in [474] milliseconds
05-Feb-2025 19:29:52.054 INFORMATION [main] org.apache.catalina.core.StandardService.startInternal Starting service [Catalina]
05-Feb-2025 19:29:52.054 INFORMATION [main] org.apache.catalina.core.StandardEngine.startInternal Starting Servlet engine: [Apache Tomcat/10.0.27]
05-Feb-2025 19:29:52.061 INFORMATION [main] org.apache.catalina.startup.HostConfig.deployDescriptor Deploying deployment descriptor [D:\Programmieren\Apache Tomcat 10\apache-tomcat-10.0.27\conf\Catalina\localhost\GhostNetFishing.xml]
05-Feb-2025 19:29:52.074 WARNUNG [main] org.apache.catalina.startup.HostConfig.deployDescriptor The path attribute with value [/GhostNetFishing] in deployment descriptor [D:\Programmieren\Apache Tomcat 10\apache-tomcat-10.0.27\conf\Catalina\localhost\GhostNetFishing.xml] has been ignored
05-Feb-2025 19:29:53.728 INFORMATION [main] org.apache.jasper.servlet.TldScanner.scanJars At least one JAR was scanned for TLDs yet contained no TLDs. Enable debug logging for this logger for a complete list of JARs that were scanned but no TLDs were found in them. Skipping unneeded JARs during scanning can improve startup time and JSP compilation time.
05-Feb-2025 19:29:53.784 INFO [main] org.jboss.weld.environment.servlet.EnhancedListener.onStartup WELD-ENV-001008: Initialize Weld using ServletContainerInitializer
05-Feb-2025 19:29:53.807 INFO [main] org.jboss.weld.bootstrap.WeldStartup.<clinit> WELD-000900: 4.0.2 (Final)
05-Feb-2025 19:29:54.066 INFO [main] org.jboss.weld.bootstrap.WeldStartup.startContainer WELD-000101: Transactional services not available. Injection of @Inject UserTransaction not available. Transactional observers will be invoked synchronously.
05-Feb-2025 19:29:54.256 INFO [weld-worker-10] org.jboss.weld.bootstrap.MissingDependenciesRegistry.handleResourceLoadingException WELD-000119: Not generating any bean definitions from de.teddy.GhostNetFishing.JakartaRestConfiguration because of underlying class loading error: Type jakarta.ws.rs.core.Application not found.  If this is unexpected, enable DEBUG logging to see the full error.
05-Feb-2025 19:29:54.260 INFO [weld-worker-7] org.jboss.weld.bootstrap.MissingDependenciesRegistry.handleResourceLoadingException WELD-000119: Not generating any bean definitions from de.teddy.GhostNetFishing.resources.JakartaEE9Resource because of underlying class loading error: Type jakarta.ws.rs.core.Response not found.  If this is unexpected, enable DEBUG logging to see the full error.
05-Feb-2025 19:29:54.279 INFO [main] org.jboss.weld.environment.tomcat.TomcatContainer.initialize WELD-ENV-001100: Tomcat 7+ detected, CDI injection will be available in Servlets, Filters and Listeners.
05-Feb-2025 19:29:54.474 INFORMATION [main] com.sun.faces.config.ConfigureListener.contextInitialized Mojarra 4.0.0 für Kontext '/GhostNetFishing' wird initialisiert.
05-Feb-2025 19:29:54.576 INFORMATION [main] com.sun.faces.spi.InjectionProviderFactory.createInstance JSF1048: PostConstruct/PreDestroy-Annotationen vorhanden.  Verwaltete Bean-Methoden, die mit diesen Annotationen markiert sind, lassen die entsprechenden Annotationen verarbeiten.
05-Feb-2025 19:29:55.070 INFORMATION [main] org.primefaces.webapp.PostConstructApplicationEventListener.processEvent Running on PrimeFaces 11.0.0
05-Feb-2025 19:29:55.097 INFORMATION [main] org.apache.catalina.startup.HostConfig.deployDescriptor Deployment of deployment descriptor [D:\Programmieren\Apache Tomcat 10\apache-tomcat-10.0.27\conf\Catalina\localhost\GhostNetFishing.xml] has finished in [3.033] ms
05-Feb-2025 19:29:55.101 INFORMATION [main] org.apache.catalina.startup.HostConfig.deployWAR Deploying web application archive [D:\Programmieren\Apache Tomcat 10\apache-tomcat-10.0.27\webapps\GhostNetFishing-1.0-SNAPSHOT.war]
05-Feb-2025 19:29:55.113 WARNUNG [main] org.apache.tomcat.util.descriptor.web.WebXml.setVersion Unknown version string [6.0]. Default version will be used.
05-Feb-2025 19:29:55.321 INFORMATION [main] org.apache.jasper.servlet.TldScanner.scanJars At least one JAR was scanned for TLDs yet contained no TLDs. Enable debug logging for this logger for a complete list of JARs that were scanned but no TLDs were found in them. Skipping unneeded JARs during scanning can improve startup time and JSP compilation time.
05-Feb-2025 19:29:55.324 INFORMATION [main] org.apache.catalina.startup.HostConfig.deployWAR Deployment of web application archive [D:\Programmieren\Apache Tomcat 10\apache-tomcat-10.0.27\webapps\GhostNetFishing-1.0-SNAPSHOT.war] has finished in [222] ms
05-Feb-2025 19:29:55.324 INFORMATION [main] org.apache.catalina.startup.HostConfig.deployDirectory Deploye Web-Applikations-Verzeichnis [D:\Programmieren\Apache Tomcat 10\apache-tomcat-10.0.27\webapps\docs]
05-Feb-2025 19:29:55.492 INFORMATION [main] org.apache.jasper.servlet.TldScanner.scanJars At least one JAR was scanned for TLDs yet contained no TLDs. Enable debug logging for this logger for a complete list of JARs that were scanned but no TLDs were found in them. Skipping unneeded JARs during scanning can improve startup time and JSP compilation time.
05-Feb-2025 19:29:55.494 INFORMATION [main] org.apache.catalina.startup.HostConfig.deployDirectory Deployment of web application directory [D:\Programmieren\Apache Tomcat 10\apache-tomcat-10.0.27\webapps\docs] has finished in [169] ms
05-Feb-2025 19:29:55.494 INFORMATION [main] org.apache.catalina.startup.HostConfig.deployDirectory Deploye Web-Applikations-Verzeichnis [D:\Programmieren\Apache Tomcat 10\apache-tomcat-10.0.27\webapps\examples]
05-Feb-2025 19:29:55.836 INFORMATION [main] org.apache.jasper.servlet.TldScanner.scanJars At least one JAR was scanned for TLDs yet contained no TLDs. Enable debug logging for this logger for a complete list of JARs that were scanned but no TLDs were found in them. Skipping unneeded JARs during scanning can improve startup time and JSP compilation time.
05-Feb-2025 19:29:55.865 INFORMATION [main] org.apache.catalina.startup.HostConfig.deployDirectory Deployment of web application directory [D:\Programmieren\Apache Tomcat 10\apache-tomcat-10.0.27\webapps\examples] has finished in [371] ms
05-Feb-2025 19:29:55.865 INFORMATION [main] org.apache.catalina.startup.HostConfig.deployDirectory Deploye Web-Applikations-Verzeichnis [D:\Programmieren\Apache Tomcat 10\apache-tomcat-10.0.27\webapps\host-manager]
05-Feb-2025 19:29:56.026 INFORMATION [main] org.apache.jasper.servlet.TldScanner.scanJars At least one JAR was scanned for TLDs yet contained no TLDs. Enable debug logging for this logger for a complete list of JARs that were scanned but no TLDs were found in them. Skipping unneeded JARs during scanning can improve startup time and JSP compilation time.
05-Feb-2025 19:29:56.029 INFORMATION [main] org.apache.catalina.startup.HostConfig.deployDirectory Deployment of web application directory [D:\Programmieren\Apache Tomcat 10\apache-tomcat-10.0.27\webapps\host-manager] has finished in [164] ms
05-Feb-2025 19:29:56.029 INFORMATION [main] org.apache.catalina.startup.HostConfig.deployDirectory Deploye Web-Applikations-Verzeichnis [D:\Programmieren\Apache Tomcat 10\apache-tomcat-10.0.27\webapps\manager]
05-Feb-2025 19:29:56.188 INFORMATION [main] org.apache.jasper.servlet.TldScanner.scanJars At least one JAR was scanned for TLDs yet contained no TLDs. Enable debug logging for this logger for a complete list of JARs that were scanned but no TLDs were found in them. Skipping unneeded JARs during scanning can improve startup time and JSP compilation time.
05-Feb-2025 19:29:56.190 INFORMATION [main] org.apache.catalina.startup.HostConfig.deployDirectory Deployment of web application directory [D:\Programmieren\Apache Tomcat 10\apache-tomcat-10.0.27\webapps\manager] has finished in [160] ms
05-Feb-2025 19:29:56.193 INFORMATION [main] org.apache.coyote.AbstractProtocol.start Starting ProtocolHandler ["http-nio-8080"]
05-Feb-2025 19:29:56.207 INFORMATION [main] org.apache.catalina.startup.Catalina.start Server startup in [4195] milliseconds
05-Feb-2025 19:29:58.967 INFORMATION [http-nio-8080-exec-10] org.apache.catalina.startup.HostConfig.undeploy Undeploying context [/GhostNetFishing]
05-Feb-2025 19:29:58.999 INFORMATION [http-nio-8080-exec-8] org.apache.catalina.startup.HostConfig.deployDescriptor Deploying deployment descriptor [D:\Programmieren\Apache Tomcat 10\apache-tomcat-10.0.27\conf\Catalina\localhost\GhostNetFishing.xml]
05-Feb-2025 19:29:59.000 WARNUNG [http-nio-8080-exec-8] org.apache.catalina.startup.HostConfig.deployDescriptor The path attribute with value [/GhostNetFishing] in deployment descriptor [D:\Programmieren\Apache Tomcat 10\apache-tomcat-10.0.27\conf\Catalina\localhost\GhostNetFishing.xml] has been ignored
05-Feb-2025 19:30:00.161 INFORMATION [http-nio-8080-exec-8] org.apache.jasper.servlet.TldScanner.scanJars At least one JAR was scanned for TLDs yet contained no TLDs. Enable debug logging for this logger for a complete list of JARs that were scanned but no TLDs were found in them. Skipping unneeded JARs during scanning can improve startup time and JSP compilation time.
05-Feb-2025 19:30:00.185 INFO [http-nio-8080-exec-8] org.jboss.weld.environment.servlet.EnhancedListener.onStartup WELD-ENV-001008: Initialize Weld using ServletContainerInitializer
05-Feb-2025 19:30:00.199 INFO [http-nio-8080-exec-8] org.jboss.weld.bootstrap.WeldStartup.<clinit> WELD-000900: 4.0.2 (Final)
05-Feb-2025 19:30:00.324 INFO [http-nio-8080-exec-8] org.jboss.weld.bootstrap.WeldStartup.startContainer WELD-000101: Transactional services not available. Injection of @Inject UserTransaction not available. Transactional observers will be invoked synchronously.
05-Feb-2025 19:30:00.474 INFO [weld-worker-10] org.jboss.weld.bootstrap.MissingDependenciesRegistry.handleResourceLoadingException WELD-000119: Not generating any bean definitions from de.teddy.GhostNetFishing.JakartaRestConfiguration because of underlying class loading error: Type jakarta.ws.rs.core.Application not found.  If this is unexpected, enable DEBUG logging to see the full error.
05-Feb-2025 19:30:00.477 INFO [weld-worker-1] org.jboss.weld.bootstrap.MissingDependenciesRegistry.handleResourceLoadingException WELD-000119: Not generating any bean definitions from de.teddy.GhostNetFishing.resources.JakartaEE9Resource because of underlying class loading error: Type jakarta.ws.rs.core.Response not found.  If this is unexpected, enable DEBUG logging to see the full error.
05-Feb-2025 19:30:00.493 INFO [http-nio-8080-exec-8] org.jboss.weld.environment.tomcat.TomcatContainer.initialize WELD-ENV-001100: Tomcat 7+ detected, CDI injection will be available in Servlets, Filters and Listeners.
05-Feb-2025 19:30:00.642 INFORMATION [http-nio-8080-exec-8] com.sun.faces.config.ConfigureListener.contextInitialized Mojarra 4.0.0 für Kontext '/GhostNetFishing' wird initialisiert.
05-Feb-2025 19:30:00.709 INFORMATION [http-nio-8080-exec-8] com.sun.faces.spi.InjectionProviderFactory.createInstance JSF1048: PostConstruct/PreDestroy-Annotationen vorhanden.  Verwaltete Bean-Methoden, die mit diesen Annotationen markiert sind, lassen die entsprechenden Annotationen verarbeiten.
05-Feb-2025 19:30:01.015 INFORMATION [http-nio-8080-exec-8] org.primefaces.webapp.PostConstructApplicationEventListener.processEvent Running on PrimeFaces 11.0.0
05-Feb-2025 19:30:01.022 INFORMATION [http-nio-8080-exec-8] org.apache.catalina.startup.HostConfig.deployDescriptor Deployment of deployment descriptor [D:\Programmieren\Apache Tomcat 10\apache-tomcat-10.0.27\conf\Catalina\localhost\GhostNetFishing.xml] has finished in [2.023] ms
05-Feb-2025 19:30:01.024 INFORMATION [http-nio-8080-exec-1] org.apache.catalina.util.LifecycleBase.start The start() method was called on component [StandardEngine[Catalina].StandardHost[localhost].StandardContext[/GhostNetFishing]] after start() had already been called. The second call will be ignored.
05-Feb-2025 20:12:20.435 INFORMATION [main] org.apache.catalina.core.StandardServer.await A valid shutdown command was received via the shutdown port. Stopping the Server instance.
05-Feb-2025 20:12:20.435 INFORMATION [main] org.apache.coyote.AbstractProtocol.pause Pausing ProtocolHandler ["http-nio-8080"]
05-Feb-2025 20:12:20.437 INFORMATION [main] org.apache.catalina.core.StandardService.stopInternal Stopping service [Catalina]
05-Feb-2025 20:12:20.455 INFORMATION [main] org.apache.coyote.AbstractProtocol.stop Stopping ProtocolHandler ["http-nio-8080"]
05-Feb-2025 20:12:20.465 INFORMATION [main] org.apache.coyote.AbstractProtocol.destroy Destroying ProtocolHandler ["http-nio-8080"]
