30-Jan-2025 18:39:52.427 INFORMATION [main] org.apache.catalina.startup.VersionLoggerListener.log Server Version:        Apache Tomcat/10.0.27
30-Jan-2025 18:39:52.429 INFORMATION [main] org.apache.catalina.startup.VersionLoggerListener.log Server built:          Oct 3 2022 14:18:31 UTC
30-Jan-2025 18:39:52.430 INFORMATION [main] org.apache.catalina.startup.VersionLoggerListener.log Server version number: 10.0.27.0
30-Jan-2025 18:39:52.430 INFORMATION [main] org.apache.catalina.startup.VersionLoggerListener.log OS Name:               Windows 11
30-Jan-2025 18:39:52.430 INFORMATION [main] org.apache.catalina.startup.VersionLoggerListener.log OS Version:            10.0
30-Jan-2025 18:39:52.430 INFORMATION [main] org.apache.catalina.startup.VersionLoggerListener.log Architektur:           amd64
30-Jan-2025 18:39:52.430 INFORMATION [main] org.apache.catalina.startup.VersionLoggerListener.log Java Home:             C:\Program Files\Java\jdk-22
30-Jan-2025 18:39:52.430 INFORMATION [main] org.apache.catalina.startup.VersionLoggerListener.log JVM Version:           22.0.1+8-16
30-Jan-2025 18:39:52.430 INFORMATION [main] org.apache.catalina.startup.VersionLoggerListener.log JVM Hersteller:        Oracle Corporation
30-Jan-2025 18:39:52.430 INFORMATION [main] org.apache.catalina.startup.VersionLoggerListener.log CATALINA_BASE:         D:\Programmieren\Apache Tomcat 10\apache-tomcat-10.0.27
30-Jan-2025 18:39:52.430 INFORMATION [main] org.apache.catalina.startup.VersionLoggerListener.log CATALINA_HOME:         D:\Programmieren\Apache Tomcat 10\apache-tomcat-10.0.27
30-Jan-2025 18:39:52.435 INFORMATION [main] org.apache.catalina.startup.VersionLoggerListener.log Command line argument: --add-opens=java.base/java.lang=ALL-UNNAMED
30-Jan-2025 18:39:52.435 INFORMATION [main] org.apache.catalina.startup.VersionLoggerListener.log Command line argument: --add-opens=java.base/java.io=ALL-UNNAMED
30-Jan-2025 18:39:52.435 INFORMATION [main] org.apache.catalina.startup.VersionLoggerListener.log Command line argument: --add-opens=java.base/java.util=ALL-UNNAMED
30-Jan-2025 18:39:52.436 INFORMATION [main] org.apache.catalina.startup.VersionLoggerListener.log Command line argument: --add-opens=java.base/java.util.concurrent=ALL-UNNAMED
30-Jan-2025 18:39:52.436 INFORMATION [main] org.apache.catalina.startup.VersionLoggerListener.log Command line argument: --add-opens=java.rmi/sun.rmi.transport=ALL-UNNAMED
30-Jan-2025 18:39:52.436 INFORMATION [main] org.apache.catalina.startup.VersionLoggerListener.log Command line argument: -Djava.util.logging.config.file=D:\Programmieren\Apache Tomcat 10\apache-tomcat-10.0.27\conf\logging.properties
30-Jan-2025 18:39:52.436 INFORMATION [main] org.apache.catalina.startup.VersionLoggerListener.log Command line argument: -Djava.util.logging.manager=org.apache.juli.ClassLoaderLogManager
30-Jan-2025 18:39:52.436 INFORMATION [main] org.apache.catalina.startup.VersionLoggerListener.log Command line argument: -Djdk.tls.ephemeralDHKeySize=2048
30-Jan-2025 18:39:52.436 INFORMATION [main] org.apache.catalina.startup.VersionLoggerListener.log Command line argument: -Djava.protocol.handler.pkgs=org.apache.catalina.webresources
30-Jan-2025 18:39:52.436 INFORMATION [main] org.apache.catalina.startup.VersionLoggerListener.log Command line argument: -Dignore.endorsed.dirs=
30-Jan-2025 18:39:52.436 INFORMATION [main] org.apache.catalina.startup.VersionLoggerListener.log Command line argument: -Dcatalina.base=D:\Programmieren\Apache Tomcat 10\apache-tomcat-10.0.27
30-Jan-2025 18:39:52.436 INFORMATION [main] org.apache.catalina.startup.VersionLoggerListener.log Command line argument: -Dcatalina.home=D:\Programmieren\Apache Tomcat 10\apache-tomcat-10.0.27
30-Jan-2025 18:39:52.436 INFORMATION [main] org.apache.catalina.startup.VersionLoggerListener.log Command line argument: -Djava.io.tmpdir=D:\Programmieren\Apache Tomcat 10\apache-tomcat-10.0.27\temp
30-Jan-2025 18:39:52.445 INFORMATION [main] org.apache.catalina.core.AprLifecycleListener.lifecycleEvent The Apache Tomcat Native library which allows using OpenSSL was not found on the java.library.path: [C:\Program Files\Java\jdk-22\bin;C:\WINDOWS\Sun\Java\bin;C:\WINDOWS\system32;C:\WINDOWS;C:\Program Files\Common Files\Oracle\Java\javapath;C:\Python312\Scripts\;C:\Python312\;C:\Program Files\Microsoft\jdk-11.0.16.101-hotspot\bin;C:\Program Files\ImageMagick-7.1.1-Q16-HDRI;C:\Python311\Scripts\;C:\Python311\;C:\Program Files (x86)\Common Files\Oracle\Java\java8path;C:\Program Files (x86)\Common Files\Oracle\Java\javapath;C:\Program Files (x86)\CollabNet;C:\Program Files (x86)\Embarcadero\RAD Studio\10.0\bin;C:\Users\Public\Documents\RAD Studio\10.0\BPL;C:\Windows\System32;C:\Windows;C:\Windows\System32\wbem;C:\Windows\System32\WindowsPowerShell\v1.0\;C:\Windows\System32\OpenSSH\;C:\Program Files\Microsoft SQL Server\130\Tools\Binn\;C:\xampp\php;C:\Program Files (x86)\GnuPG\bin;C:\Program Files\Java\apache-ant-1.9.16\bin;C:\Program Files\Microsoft SQL Server\150\Tools\Binn\;C:\Program Files\Microsoft SQL Server\Client SDK\ODBC\170\Tools\Binn\;C:\Program Files\Git\cmd;C:\Program Files\PuTTY\;C:\Program Files\dotnet\;C:\Program Files (x86)\Microsoft SQL Server\150\Tools\Binn\;C:\Program Files\Microsoft SQL Server\150\DTS\Binn\;C:\Program Files (x86)\Microsoft SQL Server\150\DTS\Binn\;C:\Program Files\Azure Data Studio\bin;D:\Android\SDK\platforms;D:\Android\SDK\platform-tools;C:\Program Files (x86)\Pdfsizeopt;C:\ProgramData\chocolatey\bin;C:\Program Files\mosquitto;D:\Android\Flutter-SDK\flutter\bin;C:\Program Files\TortoiseSVN\bin;C:\Program Files\CMake\bin;C:\Program Files (x86)\NVIDIA Corporation\PhysX\Common;C:\Program Files\NVIDIA Corporation\NVIDIA NvDLISR;C:\Program Files\nodejs\;C:\Windows\System32;C:\Windows;C:\Windows\System32\wbem;C:\Windows\System32\WindowsPowerShell\v1.0\;C:\Windows\System32\OpenSSH\;C:\Program Files (x86)\Windows Kits\10\Windows Performance Toolkit\;C:\Users\Eduard Töws\AppData\Local\Programs\Python\Python39\Scripts\;C:\Users\Eduard Töws\AppData\Local\Programs\Python\Python39\;C:\Users\Eduard Töws\AppData\Local\Microsoft\WindowsApps;C:\Users\Eduard Töws\AppData\Local\GitHubDesktop\bin;C:\Users\Eduard Töws\AppData\Local\Programs\Microsoft VS Code\bin;C:\Users\Eduard Töws\.dotnet\tools;C:\Program Files\Azure Data Studio\bin;C:\Program Files (x86)\Brackets\;C:\Users\Eduard Töws\AppData\Roaming\npm;;.]
30-Jan-2025 18:39:52.750 INFORMATION [main] org.apache.coyote.AbstractProtocol.init Initialisiere ProtocolHandler["http-nio-8080"]
30-Jan-2025 18:39:52.763 INFORMATION [main] org.apache.catalina.startup.Catalina.load Server initialization in [486] milliseconds
30-Jan-2025 18:39:52.801 INFORMATION [main] org.apache.catalina.core.StandardService.startInternal Starting service [Catalina]
30-Jan-2025 18:39:52.801 INFORMATION [main] org.apache.catalina.core.StandardEngine.startInternal Starting Servlet engine: [Apache Tomcat/10.0.27]
30-Jan-2025 18:39:52.807 INFORMATION [main] org.apache.catalina.startup.HostConfig.deployDescriptor Deploying deployment descriptor [D:\Programmieren\Apache Tomcat 10\apache-tomcat-10.0.27\conf\Catalina\localhost\GhostNetFishing.xml]
30-Jan-2025 18:39:52.819 WARNUNG [main] org.apache.catalina.startup.HostConfig.deployDescriptor The path attribute with value [/GhostNetFishing] in deployment descriptor [D:\Programmieren\Apache Tomcat 10\apache-tomcat-10.0.27\conf\Catalina\localhost\GhostNetFishing.xml] has been ignored
30-Jan-2025 18:39:54.351 INFORMATION [main] org.apache.jasper.servlet.TldScanner.scanJars At least one JAR was scanned for TLDs yet contained no TLDs. Enable debug logging for this logger for a complete list of JARs that were scanned but no TLDs were found in them. Skipping unneeded JARs during scanning can improve startup time and JSP compilation time.
30-Jan-2025 18:39:54.400 INFO [main] org.jboss.weld.environment.servlet.EnhancedListener.onStartup WELD-ENV-001008: Initialize Weld using ServletContainerInitializer
30-Jan-2025 18:39:54.418 INFO [main] org.jboss.weld.bootstrap.WeldStartup.<clinit> WELD-000900: 4.0.2 (Final)
30-Jan-2025 18:39:54.642 INFO [main] org.jboss.weld.bootstrap.WeldStartup.startContainer WELD-000101: Transactional services not available. Injection of @Inject UserTransaction not available. Transactional observers will be invoked synchronously.
30-Jan-2025 18:39:54.817 INFO [weld-worker-10] org.jboss.weld.bootstrap.MissingDependenciesRegistry.handleResourceLoadingException WELD-000119: Not generating any bean definitions from de.teddy.GhostNetFishing.JakartaRestConfiguration because of underlying class loading error: Type jakarta.ws.rs.core.Application not found.  If this is unexpected, enable DEBUG logging to see the full error.
30-Jan-2025 18:39:54.820 INFO [weld-worker-8] org.jboss.weld.bootstrap.MissingDependenciesRegistry.handleResourceLoadingException WELD-000119: Not generating any bean definitions from de.teddy.GhostNetFishing.resources.JakartaEE9Resource because of underlying class loading error: Type jakarta.ws.rs.core.Response not found.  If this is unexpected, enable DEBUG logging to see the full error.
30-Jan-2025 18:39:54.842 INFO [main] org.jboss.weld.environment.tomcat.TomcatContainer.initialize WELD-ENV-001100: Tomcat 7+ detected, CDI injection will be available in Servlets, Filters and Listeners.
30-Jan-2025 18:39:55.022 INFORMATION [main] com.sun.faces.config.ConfigureListener.contextInitialized Mojarra 4.0.0 für Kontext '/GhostNetFishing' wird initialisiert.
30-Jan-2025 18:39:55.120 INFORMATION [main] com.sun.faces.spi.InjectionProviderFactory.createInstance JSF1048: PostConstruct/PreDestroy-Annotationen vorhanden.  Verwaltete Bean-Methoden, die mit diesen Annotationen markiert sind, lassen die entsprechenden Annotationen verarbeiten.
30-Jan-2025 18:39:55.534 INFORMATION [main] org.primefaces.webapp.PostConstructApplicationEventListener.processEvent Running on PrimeFaces 11.0.0
30-Jan-2025 18:39:55.555 INFORMATION [main] org.apache.catalina.startup.HostConfig.deployDescriptor Deployment of deployment descriptor [D:\Programmieren\Apache Tomcat 10\apache-tomcat-10.0.27\conf\Catalina\localhost\GhostNetFishing.xml] has finished in [2.746] ms
30-Jan-2025 18:39:55.598 INFORMATION [main] org.apache.catalina.startup.HostConfig.deployWAR Deploying web application archive [D:\Programmieren\Apache Tomcat 10\apache-tomcat-10.0.27\webapps\GhostNetFishing-1.0-SNAPSHOT.war]
30-Jan-2025 18:39:55.616 WARNUNG [main] org.apache.tomcat.util.descriptor.web.WebXml.setVersion Unknown version string [6.0]. Default version will be used.
30-Jan-2025 18:39:55.791 INFORMATION [main] org.apache.jasper.servlet.TldScanner.scanJars At least one JAR was scanned for TLDs yet contained no TLDs. Enable debug logging for this logger for a complete list of JARs that were scanned but no TLDs were found in them. Skipping unneeded JARs during scanning can improve startup time and JSP compilation time.
30-Jan-2025 18:39:55.793 INFORMATION [main] org.apache.catalina.startup.HostConfig.deployWAR Deployment of web application archive [D:\Programmieren\Apache Tomcat 10\apache-tomcat-10.0.27\webapps\GhostNetFishing-1.0-SNAPSHOT.war] has finished in [195] ms
30-Jan-2025 18:39:55.793 INFORMATION [main] org.apache.catalina.startup.HostConfig.deployDirectory Deploye Web-Applikations-Verzeichnis [D:\Programmieren\Apache Tomcat 10\apache-tomcat-10.0.27\webapps\docs]
30-Jan-2025 18:39:55.978 INFORMATION [main] org.apache.jasper.servlet.TldScanner.scanJars At least one JAR was scanned for TLDs yet contained no TLDs. Enable debug logging for this logger for a complete list of JARs that were scanned but no TLDs were found in them. Skipping unneeded JARs during scanning can improve startup time and JSP compilation time.
30-Jan-2025 18:39:55.979 INFORMATION [main] org.apache.catalina.startup.HostConfig.deployDirectory Deployment of web application directory [D:\Programmieren\Apache Tomcat 10\apache-tomcat-10.0.27\webapps\docs] has finished in [186] ms
30-Jan-2025 18:39:55.979 INFORMATION [main] org.apache.catalina.startup.HostConfig.deployDirectory Deploye Web-Applikations-Verzeichnis [D:\Programmieren\Apache Tomcat 10\apache-tomcat-10.0.27\webapps\examples]
30-Jan-2025 18:39:56.621 INFORMATION [main] org.apache.jasper.servlet.TldScanner.scanJars At least one JAR was scanned for TLDs yet contained no TLDs. Enable debug logging for this logger for a complete list of JARs that were scanned but no TLDs were found in them. Skipping unneeded JARs during scanning can improve startup time and JSP compilation time.
30-Jan-2025 18:39:56.652 INFORMATION [main] org.apache.catalina.startup.HostConfig.deployDirectory Deployment of web application directory [D:\Programmieren\Apache Tomcat 10\apache-tomcat-10.0.27\webapps\examples] has finished in [673] ms
30-Jan-2025 18:39:56.653 INFORMATION [main] org.apache.catalina.startup.HostConfig.deployDirectory Deploye Web-Applikations-Verzeichnis [D:\Programmieren\Apache Tomcat 10\apache-tomcat-10.0.27\webapps\host-manager]
30-Jan-2025 18:39:56.817 INFORMATION [main] org.apache.jasper.servlet.TldScanner.scanJars At least one JAR was scanned for TLDs yet contained no TLDs. Enable debug logging for this logger for a complete list of JARs that were scanned but no TLDs were found in them. Skipping unneeded JARs during scanning can improve startup time and JSP compilation time.
30-Jan-2025 18:39:56.820 INFORMATION [main] org.apache.catalina.startup.HostConfig.deployDirectory Deployment of web application directory [D:\Programmieren\Apache Tomcat 10\apache-tomcat-10.0.27\webapps\host-manager] has finished in [167] ms
30-Jan-2025 18:39:56.820 INFORMATION [main] org.apache.catalina.startup.HostConfig.deployDirectory Deploye Web-Applikations-Verzeichnis [D:\Programmieren\Apache Tomcat 10\apache-tomcat-10.0.27\webapps\manager]
30-Jan-2025 18:39:56.990 INFORMATION [main] org.apache.jasper.servlet.TldScanner.scanJars At least one JAR was scanned for TLDs yet contained no TLDs. Enable debug logging for this logger for a complete list of JARs that were scanned but no TLDs were found in them. Skipping unneeded JARs during scanning can improve startup time and JSP compilation time.
30-Jan-2025 18:39:56.991 INFORMATION [main] org.apache.catalina.startup.HostConfig.deployDirectory Deployment of web application directory [D:\Programmieren\Apache Tomcat 10\apache-tomcat-10.0.27\webapps\manager] has finished in [171] ms
30-Jan-2025 18:39:56.993 INFORMATION [main] org.apache.coyote.AbstractProtocol.start Starting ProtocolHandler ["http-nio-8080"]
30-Jan-2025 18:39:57.008 INFORMATION [main] org.apache.catalina.startup.Catalina.start Server startup in [4243] milliseconds
30-Jan-2025 18:39:59.787 INFORMATION [http-nio-8080-exec-10] org.apache.catalina.startup.HostConfig.undeploy Undeploying context [/GhostNetFishing]
30-Jan-2025 18:39:59.827 INFORMATION [http-nio-8080-exec-8] org.apache.catalina.startup.HostConfig.deployDescriptor Deploying deployment descriptor [D:\Programmieren\Apache Tomcat 10\apache-tomcat-10.0.27\conf\Catalina\localhost\GhostNetFishing.xml]
30-Jan-2025 18:39:59.828 WARNUNG [http-nio-8080-exec-8] org.apache.catalina.startup.HostConfig.deployDescriptor The path attribute with value [/GhostNetFishing] in deployment descriptor [D:\Programmieren\Apache Tomcat 10\apache-tomcat-10.0.27\conf\Catalina\localhost\GhostNetFishing.xml] has been ignored
30-Jan-2025 18:40:00.998 INFORMATION [http-nio-8080-exec-8] org.apache.jasper.servlet.TldScanner.scanJars At least one JAR was scanned for TLDs yet contained no TLDs. Enable debug logging for this logger for a complete list of JARs that were scanned but no TLDs were found in them. Skipping unneeded JARs during scanning can improve startup time and JSP compilation time.
30-Jan-2025 18:40:01.021 INFO [http-nio-8080-exec-8] org.jboss.weld.environment.servlet.EnhancedListener.onStartup WELD-ENV-001008: Initialize Weld using ServletContainerInitializer
30-Jan-2025 18:40:01.036 INFO [http-nio-8080-exec-8] org.jboss.weld.bootstrap.WeldStartup.<clinit> WELD-000900: 4.0.2 (Final)
30-Jan-2025 18:40:01.163 INFO [http-nio-8080-exec-8] org.jboss.weld.bootstrap.WeldStartup.startContainer WELD-000101: Transactional services not available. Injection of @Inject UserTransaction not available. Transactional observers will be invoked synchronously.
30-Jan-2025 18:40:01.316 INFO [weld-worker-10] org.jboss.weld.bootstrap.MissingDependenciesRegistry.handleResourceLoadingException WELD-000119: Not generating any bean definitions from de.teddy.GhostNetFishing.JakartaRestConfiguration because of underlying class loading error: Type jakarta.ws.rs.core.Application not found.  If this is unexpected, enable DEBUG logging to see the full error.
30-Jan-2025 18:40:01.320 INFO [weld-worker-1] org.jboss.weld.bootstrap.MissingDependenciesRegistry.handleResourceLoadingException WELD-000119: Not generating any bean definitions from de.teddy.GhostNetFishing.resources.JakartaEE9Resource because of underlying class loading error: Type jakarta.ws.rs.core.Response not found.  If this is unexpected, enable DEBUG logging to see the full error.
30-Jan-2025 18:40:01.336 INFO [http-nio-8080-exec-8] org.jboss.weld.environment.tomcat.TomcatContainer.initialize WELD-ENV-001100: Tomcat 7+ detected, CDI injection will be available in Servlets, Filters and Listeners.
30-Jan-2025 18:40:01.489 INFORMATION [http-nio-8080-exec-8] com.sun.faces.config.ConfigureListener.contextInitialized Mojarra 4.0.0 für Kontext '/GhostNetFishing' wird initialisiert.
30-Jan-2025 18:40:01.561 INFORMATION [http-nio-8080-exec-8] com.sun.faces.spi.InjectionProviderFactory.createInstance JSF1048: PostConstruct/PreDestroy-Annotationen vorhanden.  Verwaltete Bean-Methoden, die mit diesen Annotationen markiert sind, lassen die entsprechenden Annotationen verarbeiten.
30-Jan-2025 18:40:01.859 INFORMATION [http-nio-8080-exec-8] org.primefaces.webapp.PostConstructApplicationEventListener.processEvent Running on PrimeFaces 11.0.0
30-Jan-2025 18:40:01.865 INFORMATION [http-nio-8080-exec-8] org.apache.catalina.startup.HostConfig.deployDescriptor Deployment of deployment descriptor [D:\Programmieren\Apache Tomcat 10\apache-tomcat-10.0.27\conf\Catalina\localhost\GhostNetFishing.xml] has finished in [2.038] ms
30-Jan-2025 18:40:01.867 INFORMATION [http-nio-8080-exec-1] org.apache.catalina.util.LifecycleBase.start The start() method was called on component [StandardEngine[Catalina].StandardHost[localhost].StandardContext[/GhostNetFishing]] after start() had already been called. The second call will be ignored.
30-Jan-2025 20:14:14.901 INFORMATION [http-nio-8080-exec-16] org.apache.catalina.startup.HostConfig.undeploy Undeploying context [/GhostNetFishing]
30-Jan-2025 20:14:14.913 INFORMATION [http-nio-8080-exec-11] org.apache.catalina.startup.HostConfig.deployDescriptor Deploying deployment descriptor [D:\Programmieren\Apache Tomcat 10\apache-tomcat-10.0.27\conf\Catalina\localhost\GhostNetFishing.xml]
30-Jan-2025 20:14:14.914 WARNUNG [http-nio-8080-exec-11] org.apache.catalina.startup.HostConfig.deployDescriptor The path attribute with value [/GhostNetFishing] in deployment descriptor [D:\Programmieren\Apache Tomcat 10\apache-tomcat-10.0.27\conf\Catalina\localhost\GhostNetFishing.xml] has been ignored
30-Jan-2025 20:14:16.035 INFORMATION [http-nio-8080-exec-11] org.apache.jasper.servlet.TldScanner.scanJars At least one JAR was scanned for TLDs yet contained no TLDs. Enable debug logging for this logger for a complete list of JARs that were scanned but no TLDs were found in them. Skipping unneeded JARs during scanning can improve startup time and JSP compilation time.
30-Jan-2025 20:14:16.059 INFO [http-nio-8080-exec-11] org.jboss.weld.environment.servlet.EnhancedListener.onStartup WELD-ENV-001008: Initialize Weld using ServletContainerInitializer
30-Jan-2025 20:14:16.074 INFO [http-nio-8080-exec-11] org.jboss.weld.bootstrap.WeldStartup.<clinit> WELD-000900: 4.0.2 (Final)
30-Jan-2025 20:14:16.203 INFO [http-nio-8080-exec-11] org.jboss.weld.bootstrap.WeldStartup.startContainer WELD-000101: Transactional services not available. Injection of @Inject UserTransaction not available. Transactional observers will be invoked synchronously.
30-Jan-2025 20:14:16.349 INFO [weld-worker-10] org.jboss.weld.bootstrap.MissingDependenciesRegistry.handleResourceLoadingException WELD-000119: Not generating any bean definitions from de.teddy.GhostNetFishing.JakartaRestConfiguration because of underlying class loading error: Type jakarta.ws.rs.core.Application not found.  If this is unexpected, enable DEBUG logging to see the full error.
30-Jan-2025 20:14:16.352 INFO [weld-worker-5] org.jboss.weld.bootstrap.MissingDependenciesRegistry.handleResourceLoadingException WELD-000119: Not generating any bean definitions from de.teddy.GhostNetFishing.resources.JakartaEE9Resource because of underlying class loading error: Type jakarta.ws.rs.core.Response not found.  If this is unexpected, enable DEBUG logging to see the full error.
30-Jan-2025 20:14:16.369 INFO [http-nio-8080-exec-11] org.jboss.weld.environment.tomcat.TomcatContainer.initialize WELD-ENV-001100: Tomcat 7+ detected, CDI injection will be available in Servlets, Filters and Listeners.
30-Jan-2025 20:14:16.525 INFORMATION [http-nio-8080-exec-11] com.sun.faces.config.ConfigureListener.contextInitialized Mojarra 4.0.0 für Kontext '/GhostNetFishing' wird initialisiert.
30-Jan-2025 20:14:16.591 INFORMATION [http-nio-8080-exec-11] com.sun.faces.spi.InjectionProviderFactory.createInstance JSF1048: PostConstruct/PreDestroy-Annotationen vorhanden.  Verwaltete Bean-Methoden, die mit diesen Annotationen markiert sind, lassen die entsprechenden Annotationen verarbeiten.
30-Jan-2025 20:14:16.870 INFORMATION [http-nio-8080-exec-11] org.primefaces.webapp.PostConstructApplicationEventListener.processEvent Running on PrimeFaces 11.0.0
30-Jan-2025 20:14:16.876 INFORMATION [http-nio-8080-exec-11] org.apache.catalina.startup.HostConfig.deployDescriptor Deployment of deployment descriptor [D:\Programmieren\Apache Tomcat 10\apache-tomcat-10.0.27\conf\Catalina\localhost\GhostNetFishing.xml] has finished in [1.962] ms
30-Jan-2025 20:14:16.877 INFORMATION [http-nio-8080-exec-14] org.apache.catalina.util.LifecycleBase.start The start() method was called on component [StandardEngine[Catalina].StandardHost[localhost].StandardContext[/GhostNetFishing]] after start() had already been called. The second call will be ignored.
