27-Jan-2025 19:54:51.348 INFORMATION [main] org.apache.catalina.startup.VersionLoggerListener.log Server Version:        Apache Tomcat/10.0.27
27-Jan-2025 19:54:51.351 INFORMATION [main] org.apache.catalina.startup.VersionLoggerListener.log Server built:          Oct 3 2022 14:18:31 UTC
27-Jan-2025 19:54:51.351 INFORMATION [main] org.apache.catalina.startup.VersionLoggerListener.log Server version number: 10.0.27.0
27-Jan-2025 19:54:51.351 INFORMATION [main] org.apache.catalina.startup.VersionLoggerListener.log OS Name:               Windows 11
27-Jan-2025 19:54:51.351 INFORMATION [main] org.apache.catalina.startup.VersionLoggerListener.log OS Version:            10.0
27-Jan-2025 19:54:51.351 INFORMATION [main] org.apache.catalina.startup.VersionLoggerListener.log Architektur:           amd64
27-Jan-2025 19:54:51.351 INFORMATION [main] org.apache.catalina.startup.VersionLoggerListener.log Java Home:             C:\Program Files\Java\jdk-22
27-Jan-2025 19:54:51.351 INFORMATION [main] org.apache.catalina.startup.VersionLoggerListener.log JVM Version:           22.0.1+8-16
27-Jan-2025 19:54:51.351 INFORMATION [main] org.apache.catalina.startup.VersionLoggerListener.log JVM Hersteller:        Oracle Corporation
27-Jan-2025 19:54:51.352 INFORMATION [main] org.apache.catalina.startup.VersionLoggerListener.log CATALINA_BASE:         D:\Programmieren\Apache Tomcat 10\apache-tomcat-10.0.27
27-Jan-2025 19:54:51.352 INFORMATION [main] org.apache.catalina.startup.VersionLoggerListener.log CATALINA_HOME:         D:\Programmieren\Apache Tomcat 10\apache-tomcat-10.0.27
27-Jan-2025 19:54:51.357 INFORMATION [main] org.apache.catalina.startup.VersionLoggerListener.log Command line argument: --add-opens=java.base/java.lang=ALL-UNNAMED
27-Jan-2025 19:54:51.357 INFORMATION [main] org.apache.catalina.startup.VersionLoggerListener.log Command line argument: --add-opens=java.base/java.io=ALL-UNNAMED
27-Jan-2025 19:54:51.357 INFORMATION [main] org.apache.catalina.startup.VersionLoggerListener.log Command line argument: --add-opens=java.base/java.util=ALL-UNNAMED
27-Jan-2025 19:54:51.357 INFORMATION [main] org.apache.catalina.startup.VersionLoggerListener.log Command line argument: --add-opens=java.base/java.util.concurrent=ALL-UNNAMED
27-Jan-2025 19:54:51.357 INFORMATION [main] org.apache.catalina.startup.VersionLoggerListener.log Command line argument: --add-opens=java.rmi/sun.rmi.transport=ALL-UNNAMED
27-Jan-2025 19:54:51.357 INFORMATION [main] org.apache.catalina.startup.VersionLoggerListener.log Command line argument: -Djava.util.logging.config.file=D:\Programmieren\Apache Tomcat 10\apache-tomcat-10.0.27\conf\logging.properties
27-Jan-2025 19:54:51.357 INFORMATION [main] org.apache.catalina.startup.VersionLoggerListener.log Command line argument: -Djava.util.logging.manager=org.apache.juli.ClassLoaderLogManager
27-Jan-2025 19:54:51.357 INFORMATION [main] org.apache.catalina.startup.VersionLoggerListener.log Command line argument: -Djdk.tls.ephemeralDHKeySize=2048
27-Jan-2025 19:54:51.357 INFORMATION [main] org.apache.catalina.startup.VersionLoggerListener.log Command line argument: -Djava.protocol.handler.pkgs=org.apache.catalina.webresources
27-Jan-2025 19:54:51.357 INFORMATION [main] org.apache.catalina.startup.VersionLoggerListener.log Command line argument: -Dignore.endorsed.dirs=
27-Jan-2025 19:54:51.357 INFORMATION [main] org.apache.catalina.startup.VersionLoggerListener.log Command line argument: -Dcatalina.base=D:\Programmieren\Apache Tomcat 10\apache-tomcat-10.0.27
27-Jan-2025 19:54:51.357 INFORMATION [main] org.apache.catalina.startup.VersionLoggerListener.log Command line argument: -Dcatalina.home=D:\Programmieren\Apache Tomcat 10\apache-tomcat-10.0.27
27-Jan-2025 19:54:51.358 INFORMATION [main] org.apache.catalina.startup.VersionLoggerListener.log Command line argument: -Djava.io.tmpdir=D:\Programmieren\Apache Tomcat 10\apache-tomcat-10.0.27\temp
27-Jan-2025 19:54:51.364 INFORMATION [main] org.apache.catalina.core.AprLifecycleListener.lifecycleEvent The Apache Tomcat Native library which allows using OpenSSL was not found on the java.library.path: [C:\Program Files\Java\jdk-22\bin;C:\WINDOWS\Sun\Java\bin;C:\WINDOWS\system32;C:\WINDOWS;C:\Program Files\Common Files\Oracle\Java\javapath;C:\Python312\Scripts\;C:\Python312\;C:\Program Files\Microsoft\jdk-11.0.16.101-hotspot\bin;C:\Program Files\ImageMagick-7.1.1-Q16-HDRI;C:\Python311\Scripts\;C:\Python311\;C:\Program Files (x86)\Common Files\Oracle\Java\java8path;C:\Program Files (x86)\Common Files\Oracle\Java\javapath;C:\Program Files (x86)\CollabNet;C:\Program Files (x86)\Embarcadero\RAD Studio\10.0\bin;C:\Users\Public\Documents\RAD Studio\10.0\Bpl;C:\WINDOWS\system32;C:\WINDOWS;C:\WINDOWS\System32\Wbem;C:\WINDOWS\System32\WindowsPowerShell\v1.0\;C:\WINDOWS\System32\OpenSSH\;C:\Program Files\Microsoft SQL Server\130\Tools\Binn\;C:\xampp\php;C:\Program Files (x86)\Gpg4win\..\GnuPG\bin;C:\Program Files\Java\apache-ant-1.9.16\bin;C:\Program Files\Microsoft SQL Server\150\Tools\Binn\;C:\Program Files\Microsoft SQL Server\Client SDK\ODBC\170\Tools\Binn\;C:\Program Files\Git\cmd;C:\Program Files\PuTTY\;C:\Program Files\dotnet\;C:\Program Files (x86)\Microsoft SQL Server\150\Tools\Binn\;C:\Program Files\Microsoft SQL Server\150\DTS\Binn\;C:\Program Files (x86)\Microsoft SQL Server\150\DTS\Binn\;C:\Program Files\Azure Data Studio\bin;D:\Android\SDK\platforms;D:\Android\SDK\platform-tools;C:\Program Files (x86)\Pdfsizeopt;C:\ProgramData\chocolatey\bin;C:\Program Files\mosquitto;D:\Android\Flutter-SDK\flutter\bin;C:\Program Files\TortoiseSVN\bin;C:\Program Files\CMake\bin;C:\Program Files (x86)\NVIDIA Corporation\PhysX\Common;C:\Program Files\NVIDIA Corporation\NVIDIA NvDLISR;C:\Program Files\nodejs\;C:\WINDOWS\system32;C:\WINDOWS;C:\WINDOWS\System32\Wbem;C:\WINDOWS\System32\WindowsPowerShell\v1.0\;C:\WINDOWS\System32\OpenSSH\;C:\Program Files (x86)\Windows Kits\10\Windows Performance Toolkit\;C:\Users\Eduard Töws\AppData\Local\Programs\Python\Python39\Scripts\;C:\Users\Eduard Töws\AppData\Local\Programs\Python\Python39\;C:\Users\Eduard Töws\AppData\Local\Microsoft\WindowsApps;C:\Users\Eduard Töws\AppData\Local\GitHubDesktop\bin;C:\Users\Eduard Töws\AppData\Local\Programs\Microsoft VS Code\bin;C:\Users\Eduard Töws\.dotnet\tools;C:\Program Files\Azure Data Studio\bin;C:\Program Files (x86)\Brackets\;C:\Users\Eduard Töws\AppData\Roaming\npm;;.]
27-Jan-2025 19:54:51.578 INFORMATION [main] org.apache.coyote.AbstractProtocol.init Initialisiere ProtocolHandler["http-nio-8080"]
27-Jan-2025 19:54:51.594 INFORMATION [main] org.apache.catalina.startup.Catalina.load Server initialization in [409] milliseconds
27-Jan-2025 19:54:51.642 INFORMATION [main] org.apache.catalina.core.StandardService.startInternal Starting service [Catalina]
27-Jan-2025 19:54:51.642 INFORMATION [main] org.apache.catalina.core.StandardEngine.startInternal Starting Servlet engine: [Apache Tomcat/10.0.27]
27-Jan-2025 19:54:51.649 INFORMATION [main] org.apache.catalina.startup.HostConfig.deployDescriptor Deploying deployment descriptor [D:\Programmieren\Apache Tomcat 10\apache-tomcat-10.0.27\conf\Catalina\localhost\GhostNetFishing.xml]
27-Jan-2025 19:54:51.659 WARNUNG [main] org.apache.catalina.startup.HostConfig.deployDescriptor The path attribute with value [/GhostNetFishing] in deployment descriptor [D:\Programmieren\Apache Tomcat 10\apache-tomcat-10.0.27\conf\Catalina\localhost\GhostNetFishing.xml] has been ignored
27-Jan-2025 19:54:53.560 INFORMATION [main] org.apache.jasper.servlet.TldScanner.scanJars At least one JAR was scanned for TLDs yet contained no TLDs. Enable debug logging for this logger for a complete list of JARs that were scanned but no TLDs were found in them. Skipping unneeded JARs during scanning can improve startup time and JSP compilation time.
27-Jan-2025 19:54:53.621 INFO [main] org.jboss.weld.environment.servlet.EnhancedListener.onStartup WELD-ENV-001008: Initialize Weld using ServletContainerInitializer
27-Jan-2025 19:54:53.641 INFO [main] org.jboss.weld.bootstrap.WeldStartup.<clinit> WELD-000900: 4.0.2 (Final)
27-Jan-2025 19:54:53.864 INFO [main] org.jboss.weld.bootstrap.WeldStartup.startContainer WELD-000101: Transactional services not available. Injection of @Inject UserTransaction not available. Transactional observers will be invoked synchronously.
27-Jan-2025 19:54:54.045 INFO [weld-worker-10] org.jboss.weld.bootstrap.MissingDependenciesRegistry.handleResourceLoadingException WELD-000119: Not generating any bean definitions from de.teddy.GhostNetFishing.JakartaRestConfiguration because of underlying class loading error: Type jakarta.ws.rs.core.Application not found.  If this is unexpected, enable DEBUG logging to see the full error.
27-Jan-2025 19:54:54.049 INFO [weld-worker-1] org.jboss.weld.bootstrap.MissingDependenciesRegistry.handleResourceLoadingException WELD-000119: Not generating any bean definitions from de.teddy.GhostNetFishing.resources.JakartaEE9Resource because of underlying class loading error: Type jakarta.ws.rs.core.Response not found.  If this is unexpected, enable DEBUG logging to see the full error.
27-Jan-2025 19:54:54.067 INFO [main] org.jboss.weld.environment.tomcat.TomcatContainer.initialize WELD-ENV-001100: Tomcat 7+ detected, CDI injection will be available in Servlets, Filters and Listeners.
27-Jan-2025 19:54:54.250 INFORMATION [main] com.sun.faces.config.ConfigureListener.contextInitialized Mojarra 4.0.0 für Kontext '/GhostNetFishing' wird initialisiert.
27-Jan-2025 19:54:54.353 INFORMATION [main] com.sun.faces.spi.InjectionProviderFactory.createInstance JSF1048: PostConstruct/PreDestroy-Annotationen vorhanden.  Verwaltete Bean-Methoden, die mit diesen Annotationen markiert sind, lassen die entsprechenden Annotationen verarbeiten.
27-Jan-2025 19:54:54.786 INFORMATION [main] org.primefaces.webapp.PostConstructApplicationEventListener.processEvent Running on PrimeFaces 11.0.0
27-Jan-2025 19:54:54.808 INFORMATION [main] org.apache.catalina.startup.HostConfig.deployDescriptor Deployment of deployment descriptor [D:\Programmieren\Apache Tomcat 10\apache-tomcat-10.0.27\conf\Catalina\localhost\GhostNetFishing.xml] has finished in [3.157] ms
27-Jan-2025 19:54:54.857 INFORMATION [main] org.apache.catalina.startup.HostConfig.deployWAR Deploying web application archive [D:\Programmieren\Apache Tomcat 10\apache-tomcat-10.0.27\webapps\GhostNetFishing-1.0-SNAPSHOT.war]
27-Jan-2025 19:54:54.870 WARNUNG [main] org.apache.tomcat.util.descriptor.web.WebXml.setVersion Unknown version string [6.0]. Default version will be used.
27-Jan-2025 19:54:55.040 INFORMATION [main] org.apache.jasper.servlet.TldScanner.scanJars At least one JAR was scanned for TLDs yet contained no TLDs. Enable debug logging for this logger for a complete list of JARs that were scanned but no TLDs were found in them. Skipping unneeded JARs during scanning can improve startup time and JSP compilation time.
27-Jan-2025 19:54:55.042 INFORMATION [main] org.apache.catalina.startup.HostConfig.deployWAR Deployment of web application archive [D:\Programmieren\Apache Tomcat 10\apache-tomcat-10.0.27\webapps\GhostNetFishing-1.0-SNAPSHOT.war] has finished in [185] ms
27-Jan-2025 19:54:55.042 INFORMATION [main] org.apache.catalina.startup.HostConfig.deployDirectory Deploye Web-Applikations-Verzeichnis [D:\Programmieren\Apache Tomcat 10\apache-tomcat-10.0.27\webapps\docs]
27-Jan-2025 19:54:55.263 INFORMATION [main] org.apache.jasper.servlet.TldScanner.scanJars At least one JAR was scanned for TLDs yet contained no TLDs. Enable debug logging for this logger for a complete list of JARs that were scanned but no TLDs were found in them. Skipping unneeded JARs during scanning can improve startup time and JSP compilation time.
27-Jan-2025 19:54:55.266 INFORMATION [main] org.apache.catalina.startup.HostConfig.deployDirectory Deployment of web application directory [D:\Programmieren\Apache Tomcat 10\apache-tomcat-10.0.27\webapps\docs] has finished in [224] ms
27-Jan-2025 19:54:55.267 INFORMATION [main] org.apache.catalina.startup.HostConfig.deployDirectory Deploye Web-Applikations-Verzeichnis [D:\Programmieren\Apache Tomcat 10\apache-tomcat-10.0.27\webapps\examples]
27-Jan-2025 19:54:55.963 INFORMATION [main] org.apache.jasper.servlet.TldScanner.scanJars At least one JAR was scanned for TLDs yet contained no TLDs. Enable debug logging for this logger for a complete list of JARs that were scanned but no TLDs were found in them. Skipping unneeded JARs during scanning can improve startup time and JSP compilation time.
27-Jan-2025 19:54:55.993 INFORMATION [main] org.apache.catalina.startup.HostConfig.deployDirectory Deployment of web application directory [D:\Programmieren\Apache Tomcat 10\apache-tomcat-10.0.27\webapps\examples] has finished in [726] ms
27-Jan-2025 19:54:55.993 INFORMATION [main] org.apache.catalina.startup.HostConfig.deployDirectory Deploye Web-Applikations-Verzeichnis [D:\Programmieren\Apache Tomcat 10\apache-tomcat-10.0.27\webapps\host-manager]
27-Jan-2025 19:54:56.193 INFORMATION [main] org.apache.jasper.servlet.TldScanner.scanJars At least one JAR was scanned for TLDs yet contained no TLDs. Enable debug logging for this logger for a complete list of JARs that were scanned but no TLDs were found in them. Skipping unneeded JARs during scanning can improve startup time and JSP compilation time.
27-Jan-2025 19:54:56.196 INFORMATION [main] org.apache.catalina.startup.HostConfig.deployDirectory Deployment of web application directory [D:\Programmieren\Apache Tomcat 10\apache-tomcat-10.0.27\webapps\host-manager] has finished in [201] ms
27-Jan-2025 19:54:56.196 INFORMATION [main] org.apache.catalina.startup.HostConfig.deployDirectory Deploye Web-Applikations-Verzeichnis [D:\Programmieren\Apache Tomcat 10\apache-tomcat-10.0.27\webapps\manager]
27-Jan-2025 19:54:56.397 INFORMATION [main] org.apache.jasper.servlet.TldScanner.scanJars At least one JAR was scanned for TLDs yet contained no TLDs. Enable debug logging for this logger for a complete list of JARs that were scanned but no TLDs were found in them. Skipping unneeded JARs during scanning can improve startup time and JSP compilation time.
27-Jan-2025 19:54:56.398 INFORMATION [main] org.apache.catalina.startup.HostConfig.deployDirectory Deployment of web application directory [D:\Programmieren\Apache Tomcat 10\apache-tomcat-10.0.27\webapps\manager] has finished in [202] ms
27-Jan-2025 19:54:56.401 INFORMATION [main] org.apache.coyote.AbstractProtocol.start Starting ProtocolHandler ["http-nio-8080"]
27-Jan-2025 19:54:56.418 INFORMATION [main] org.apache.catalina.startup.Catalina.start Server startup in [4822] milliseconds
27-Jan-2025 19:54:59.680 INFORMATION [http-nio-8080-exec-8] org.apache.catalina.startup.HostConfig.undeploy Undeploying context [/GhostNetFishing]
27-Jan-2025 19:54:59.726 INFORMATION [http-nio-8080-exec-3] org.apache.catalina.startup.HostConfig.deployDescriptor Deploying deployment descriptor [D:\Programmieren\Apache Tomcat 10\apache-tomcat-10.0.27\conf\Catalina\localhost\GhostNetFishing.xml]
27-Jan-2025 19:54:59.727 WARNUNG [http-nio-8080-exec-3] org.apache.catalina.startup.HostConfig.deployDescriptor The path attribute with value [/GhostNetFishing] in deployment descriptor [D:\Programmieren\Apache Tomcat 10\apache-tomcat-10.0.27\conf\Catalina\localhost\GhostNetFishing.xml] has been ignored
27-Jan-2025 19:55:00.869 INFORMATION [http-nio-8080-exec-3] org.apache.jasper.servlet.TldScanner.scanJars At least one JAR was scanned for TLDs yet contained no TLDs. Enable debug logging for this logger for a complete list of JARs that were scanned but no TLDs were found in them. Skipping unneeded JARs during scanning can improve startup time and JSP compilation time.
27-Jan-2025 19:55:00.892 INFO [http-nio-8080-exec-3] org.jboss.weld.environment.servlet.EnhancedListener.onStartup WELD-ENV-001008: Initialize Weld using ServletContainerInitializer
27-Jan-2025 19:55:00.905 INFO [http-nio-8080-exec-3] org.jboss.weld.bootstrap.WeldStartup.<clinit> WELD-000900: 4.0.2 (Final)
27-Jan-2025 19:55:01.044 INFO [http-nio-8080-exec-3] org.jboss.weld.bootstrap.WeldStartup.startContainer WELD-000101: Transactional services not available. Injection of @Inject UserTransaction not available. Transactional observers will be invoked synchronously.
27-Jan-2025 19:55:01.197 INFO [weld-worker-10] org.jboss.weld.bootstrap.MissingDependenciesRegistry.handleResourceLoadingException WELD-000119: Not generating any bean definitions from de.teddy.GhostNetFishing.JakartaRestConfiguration because of underlying class loading error: Type jakarta.ws.rs.core.Application not found.  If this is unexpected, enable DEBUG logging to see the full error.
27-Jan-2025 19:55:01.200 INFO [weld-worker-1] org.jboss.weld.bootstrap.MissingDependenciesRegistry.handleResourceLoadingException WELD-000119: Not generating any bean definitions from de.teddy.GhostNetFishing.resources.JakartaEE9Resource because of underlying class loading error: Type jakarta.ws.rs.core.Response not found.  If this is unexpected, enable DEBUG logging to see the full error.
27-Jan-2025 19:55:01.215 INFO [http-nio-8080-exec-3] org.jboss.weld.environment.tomcat.TomcatContainer.initialize WELD-ENV-001100: Tomcat 7+ detected, CDI injection will be available in Servlets, Filters and Listeners.
27-Jan-2025 19:55:01.364 INFORMATION [http-nio-8080-exec-3] com.sun.faces.config.ConfigureListener.contextInitialized Mojarra 4.0.0 für Kontext '/GhostNetFishing' wird initialisiert.
27-Jan-2025 19:55:01.427 INFORMATION [http-nio-8080-exec-3] com.sun.faces.spi.InjectionProviderFactory.createInstance JSF1048: PostConstruct/PreDestroy-Annotationen vorhanden.  Verwaltete Bean-Methoden, die mit diesen Annotationen markiert sind, lassen die entsprechenden Annotationen verarbeiten.
27-Jan-2025 19:55:01.715 INFORMATION [http-nio-8080-exec-3] org.primefaces.webapp.PostConstructApplicationEventListener.processEvent Running on PrimeFaces 11.0.0
27-Jan-2025 19:55:01.724 INFORMATION [http-nio-8080-exec-3] org.apache.catalina.startup.HostConfig.deployDescriptor Deployment of deployment descriptor [D:\Programmieren\Apache Tomcat 10\apache-tomcat-10.0.27\conf\Catalina\localhost\GhostNetFishing.xml] has finished in [1.998] ms
27-Jan-2025 19:55:01.726 INFORMATION [http-nio-8080-exec-9] org.apache.catalina.util.LifecycleBase.start The start() method was called on component [StandardEngine[Catalina].StandardHost[localhost].StandardContext[/GhostNetFishing]] after start() had already been called. The second call will be ignored.
27-Jan-2025 19:58:11.149 INFORMATION [http-nio-8080-exec-11] org.apache.catalina.startup.HostConfig.undeploy Undeploying context [/GhostNetFishing]
27-Jan-2025 19:58:11.158 INFORMATION [http-nio-8080-exec-19] org.apache.catalina.startup.HostConfig.deployDescriptor Deploying deployment descriptor [D:\Programmieren\Apache Tomcat 10\apache-tomcat-10.0.27\conf\Catalina\localhost\GhostNetFishing.xml]
27-Jan-2025 19:58:11.159 WARNUNG [http-nio-8080-exec-19] org.apache.catalina.startup.HostConfig.deployDescriptor The path attribute with value [/GhostNetFishing] in deployment descriptor [D:\Programmieren\Apache Tomcat 10\apache-tomcat-10.0.27\conf\Catalina\localhost\GhostNetFishing.xml] has been ignored
27-Jan-2025 19:58:12.198 INFORMATION [http-nio-8080-exec-19] org.apache.jasper.servlet.TldScanner.scanJars At least one JAR was scanned for TLDs yet contained no TLDs. Enable debug logging for this logger for a complete list of JARs that were scanned but no TLDs were found in them. Skipping unneeded JARs during scanning can improve startup time and JSP compilation time.
27-Jan-2025 19:58:12.221 INFO [http-nio-8080-exec-19] org.jboss.weld.environment.servlet.EnhancedListener.onStartup WELD-ENV-001008: Initialize Weld using ServletContainerInitializer
27-Jan-2025 19:58:12.234 INFO [http-nio-8080-exec-19] org.jboss.weld.bootstrap.WeldStartup.<clinit> WELD-000900: 4.0.2 (Final)
27-Jan-2025 19:58:12.348 INFO [http-nio-8080-exec-19] org.jboss.weld.bootstrap.WeldStartup.startContainer WELD-000101: Transactional services not available. Injection of @Inject UserTransaction not available. Transactional observers will be invoked synchronously.
27-Jan-2025 19:58:12.480 INFO [weld-worker-10] org.jboss.weld.bootstrap.MissingDependenciesRegistry.handleResourceLoadingException WELD-000119: Not generating any bean definitions from de.teddy.GhostNetFishing.JakartaRestConfiguration because of underlying class loading error: Type jakarta.ws.rs.core.Application not found.  If this is unexpected, enable DEBUG logging to see the full error.
27-Jan-2025 19:58:12.483 INFO [weld-worker-1] org.jboss.weld.bootstrap.MissingDependenciesRegistry.handleResourceLoadingException WELD-000119: Not generating any bean definitions from de.teddy.GhostNetFishing.resources.JakartaEE9Resource because of underlying class loading error: Type jakarta.ws.rs.core.Response not found.  If this is unexpected, enable DEBUG logging to see the full error.
27-Jan-2025 19:58:12.499 INFO [http-nio-8080-exec-19] org.jboss.weld.environment.tomcat.TomcatContainer.initialize WELD-ENV-001100: Tomcat 7+ detected, CDI injection will be available in Servlets, Filters and Listeners.
27-Jan-2025 19:58:12.648 INFORMATION [http-nio-8080-exec-19] com.sun.faces.config.ConfigureListener.contextInitialized Mojarra 4.0.0 für Kontext '/GhostNetFishing' wird initialisiert.
27-Jan-2025 19:58:12.713 INFORMATION [http-nio-8080-exec-19] com.sun.faces.spi.InjectionProviderFactory.createInstance JSF1048: PostConstruct/PreDestroy-Annotationen vorhanden.  Verwaltete Bean-Methoden, die mit diesen Annotationen markiert sind, lassen die entsprechenden Annotationen verarbeiten.
27-Jan-2025 19:58:12.984 INFORMATION [http-nio-8080-exec-19] org.primefaces.webapp.PostConstructApplicationEventListener.processEvent Running on PrimeFaces 11.0.0
27-Jan-2025 19:58:12.990 INFORMATION [http-nio-8080-exec-19] org.apache.catalina.startup.HostConfig.deployDescriptor Deployment of deployment descriptor [D:\Programmieren\Apache Tomcat 10\apache-tomcat-10.0.27\conf\Catalina\localhost\GhostNetFishing.xml] has finished in [1.831] ms
27-Jan-2025 19:58:12.992 INFORMATION [http-nio-8080-exec-20] org.apache.catalina.util.LifecycleBase.start The start() method was called on component [StandardEngine[Catalina].StandardHost[localhost].StandardContext[/GhostNetFishing]] after start() had already been called. The second call will be ignored.
27-Jan-2025 19:59:13.940 INFORMATION [main] org.apache.catalina.core.StandardServer.await A valid shutdown command was received via the shutdown port. Stopping the Server instance.
27-Jan-2025 19:59:13.940 INFORMATION [main] org.apache.coyote.AbstractProtocol.pause Pausing ProtocolHandler ["http-nio-8080"]
27-Jan-2025 19:59:13.942 INFORMATION [main] org.apache.catalina.core.StandardService.stopInternal Stopping service [Catalina]
27-Jan-2025 19:59:13.957 INFORMATION [main] org.apache.coyote.AbstractProtocol.stop Stopping ProtocolHandler ["http-nio-8080"]
27-Jan-2025 19:59:13.978 INFORMATION [main] org.apache.coyote.AbstractProtocol.destroy Destroying ProtocolHandler ["http-nio-8080"]
