29-Jan-2025 19:32:18.869 INFORMATION [main] org.apache.catalina.core.ApplicationContext.log ContextListener: contextInitialized()
29-Jan-2025 19:32:18.869 INFORMATION [main] org.apache.catalina.core.ApplicationContext.log SessionListener: contextInitialized()
29-Jan-2025 19:32:18.870 INFORMATION [main] org.apache.catalina.core.ApplicationContext.log ContextListener: attributeAdded('StockTicker', 'async.Stockticker@5a5c041f')
29-Jan-2025 19:32:30.996 SCHWERWIEGEND [http-nio-8080-exec-12] org.apache.catalina.core.StandardWrapperValve.invoke Servlet.service() for servlet [FacesServlet] in context with path [/GhostNetFishing] threw exception [Exception [EclipseLink-4003] (Eclipse Persistence Services - 2.7.12.v20230209-e5c4074ef3): org.eclipse.persistence.exceptions.DatabaseException
Exception Description: Configuration error.  Class [com.mysql.cj.jdbc.Driver] not found.] with root cause
Local Exception Stack: 
	Exception [EclipseLink-4003] (Eclipse Persistence Services - 2.7.12.v20230209-e5c4074ef3): org.eclipse.persistence.exceptions.DatabaseException
Exception Description: Configuration error.  Class [com.mysql.cj.jdbc.Driver] not found.
		at org.eclipse.persistence.exceptions.DatabaseException.configurationErrorClassNotFound(DatabaseException.java:91)
		at org.eclipse.persistence.sessions.DefaultConnector.loadDriverClass(DefaultConnector.java:269)
		at org.eclipse.persistence.sessions.DefaultConnector.connect(DefaultConnector.java:87)
		at org.eclipse.persistence.sessions.DatasourceLogin.connectToDatasource(DatasourceLogin.java:172)
		at org.eclipse.persistence.internal.databaseaccess.DatasourceAccessor.connectInternal(DatasourceAccessor.java:349)
		at org.eclipse.persistence.internal.databaseaccess.DatabaseAccessor.connectInternal(DatabaseAccessor.java:316)
		at org.eclipse.persistence.internal.databaseaccess.DatasourceAccessor.connect(DatasourceAccessor.java:438)
		at org.eclipse.persistence.sessions.server.ConnectionPool.buildConnection(ConnectionPool.java:219)
		at org.eclipse.persistence.sessions.server.ConnectionPool.startUp(ConnectionPool.java:507)
		at org.eclipse.persistence.sessions.server.ServerSession.connect(ServerSession.java:522)
		at org.eclipse.persistence.internal.sessions.DatabaseSessionImpl.login(DatabaseSessionImpl.java:825)
		at org.eclipse.persistence.internal.jpa.EntityManagerFactoryProvider.login(EntityManagerFactoryProvider.java:263)
		at org.eclipse.persistence.internal.jpa.EntityManagerSetupImpl.deploy(EntityManagerSetupImpl.java:771)
		at org.eclipse.persistence.internal.jpa.EntityManagerFactoryDelegate.getAbstractSession(EntityManagerFactoryDelegate.java:222)
		at org.eclipse.persistence.internal.jpa.EntityManagerFactoryDelegate.createEntityManagerImpl(EntityManagerFactoryDelegate.java:330)
		at org.eclipse.persistence.internal.jpa.EntityManagerFactoryImpl.createEntityManagerImpl(EntityManagerFactoryImpl.java:350)
		at org.eclipse.persistence.internal.jpa.EntityManagerFactoryImpl.createEntityManager(EntityManagerFactoryImpl.java:313)
		at PersonDAO.findAllPersons(PersonDAO.java:21)
		at RegistryController.<init>(RegistryController.java:33)
		at java.base/jdk.internal.reflect.DirectConstructorHandleAccessor.newInstance(DirectConstructorHandleAccessor.java:62)
		at java.base/java.lang.reflect.Constructor.newInstanceWithCaller(Constructor.java:502)
		at java.base/java.lang.reflect.Constructor.newInstance(Constructor.java:486)
		at org.jboss.weld.injection.ConstructorInjectionPoint.newInstance(ConstructorInjectionPoint.java:119)
		at org.jboss.weld.injection.ConstructorInjectionPoint.invokeAroundConstructCallbacks(ConstructorInjectionPoint.java:92)
		at org.jboss.weld.injection.ConstructorInjectionPoint.newInstance(ConstructorInjectionPoint.java:78)
		at org.jboss.weld.injection.producer.AbstractInstantiator.newInstance(AbstractInstantiator.java:28)
		at org.jboss.weld.injection.producer.BasicInjectionTarget.produce(BasicInjectionTarget.java:112)
		at org.jboss.weld.injection.producer.BeanInjectionTarget.produce(BeanInjectionTarget.java:186)
		at org.jboss.weld.bean.ManagedBean.create(ManagedBean.java:160)
		at org.jboss.weld.util.bean.IsolatedForwardingBean.create(IsolatedForwardingBean.java:45)
		at org.jboss.weld.contexts.AbstractContext.get(AbstractContext.java:96)
		at org.jboss.weld.contexts.PassivatingContextWrapper$AbstractPassivatingContextWrapper.get(PassivatingContextWrapper.java:84)
		at org.jboss.weld.bean.ContextualInstanceStrategy$DefaultContextualInstanceStrategy.get(ContextualInstanceStrategy.java:100)
		at org.jboss.weld.bean.ContextualInstanceStrategy$CachingContextualInstanceStrategy.get(ContextualInstanceStrategy.java:177)
		at org.jboss.weld.bean.ContextualInstance.get(ContextualInstance.java:50)
		at org.jboss.weld.manager.BeanManagerImpl.getReference(BeanManagerImpl.java:694)
		at org.jboss.weld.module.web.el.AbstractWeldELResolver.lookup(AbstractWeldELResolver.java:107)
		at org.jboss.weld.module.web.el.AbstractWeldELResolver.getValue(AbstractWeldELResolver.java:90)
		at com.sun.faces.el.DemuxCompositeELResolver._getValue(DemuxCompositeELResolver.java:139)
		at com.sun.faces.el.DemuxCompositeELResolver.getValue(DemuxCompositeELResolver.java:164)
		at org.apache.el.parser.AstIdentifier.getValue(AstIdentifier.java:93)
		at org.apache.el.parser.AstValue.getTarget(AstValue.java:69)
		at org.apache.el.parser.AstValue.invoke(AstValue.java:233)
		at org.apache.el.MethodExpressionImpl.invoke(MethodExpressionImpl.java:266)
		at org.jboss.weld.module.web.util.el.ForwardingMethodExpression.invoke(ForwardingMethodExpression.java:40)
		at org.jboss.weld.module.web.el.WeldMethodExpression.invoke(WeldMethodExpression.java:50)
		at com.sun.faces.facelets.el.TagMethodExpression.invoke(TagMethodExpression.java:70)
		at com.sun.faces.application.ActionListenerImpl.getNavigationOutcome(ActionListenerImpl.java:74)
		at com.sun.faces.application.ActionListenerImpl.processAction(ActionListenerImpl.java:62)
		at jakarta.faces.component.UICommand.broadcast(UICommand.java:205)
		at jakarta.faces.component.UIViewRoot.broadcastEvents(UIViewRoot.java:858)
		at jakarta.faces.component.UIViewRoot.processApplication(UIViewRoot.java:1332)
		at com.sun.faces.lifecycle.InvokeApplicationPhase.execute(InvokeApplicationPhase.java:56)
		at com.sun.faces.lifecycle.Phase.doPhase(Phase.java:72)
		at com.sun.faces.lifecycle.LifecycleImpl.execute(LifecycleImpl.java:159)
		at jakarta.faces.webapp.FacesServlet.executeLifecyle(FacesServlet.java:691)
		at jakarta.faces.webapp.FacesServlet.service(FacesServlet.java:449)
		at org.apache.catalina.core.ApplicationFilterChain.internalDoFilter(ApplicationFilterChain.java:223)
		at org.apache.catalina.core.ApplicationFilterChain.doFilter(ApplicationFilterChain.java:158)
		at org.apache.tomcat.websocket.server.WsFilter.doFilter(WsFilter.java:53)
		at org.apache.catalina.core.ApplicationFilterChain.internalDoFilter(ApplicationFilterChain.java:185)
		at org.apache.catalina.core.ApplicationFilterChain.doFilter(ApplicationFilterChain.java:158)
		at org.apache.catalina.core.StandardWrapperValve.invoke(StandardWrapperValve.java:197)
		at org.apache.catalina.core.StandardContextValve.invoke(StandardContextValve.java:97)
		at org.apache.catalina.authenticator.AuthenticatorBase.invoke(AuthenticatorBase.java:542)
		at org.apache.catalina.core.StandardHostValve.invoke(StandardHostValve.java:119)
		at org.apache.catalina.valves.ErrorReportValve.invoke(ErrorReportValve.java:92)
		at org.apache.catalina.valves.AbstractAccessLogValve.invoke(AbstractAccessLogValve.java:690)
		at org.apache.catalina.core.StandardEngineValve.invoke(StandardEngineValve.java:78)
		at org.apache.catalina.connector.CoyoteAdapter.service(CoyoteAdapter.java:356)
		at org.apache.coyote.http11.Http11Processor.service(Http11Processor.java:399)
		at org.apache.coyote.AbstractProcessorLight.process(AbstractProcessorLight.java:65)
		at org.apache.coyote.AbstractProtocol$ConnectionHandler.process(AbstractProtocol.java:870)
		at org.apache.tomcat.util.net.NioEndpoint$SocketProcessor.doRun(NioEndpoint.java:1762)
		at org.apache.tomcat.util.net.SocketProcessorBase.run(SocketProcessorBase.java:49)
		at org.apache.tomcat.util.threads.ThreadPoolExecutor.runWorker(ThreadPoolExecutor.java:1191)
		at org.apache.tomcat.util.threads.ThreadPoolExecutor$Worker.run(ThreadPoolExecutor.java:659)
		at org.apache.tomcat.util.threads.TaskThread$WrappingRunnable.run(TaskThread.java:61)
		at java.base/java.lang.Thread.run(Thread.java:1570)
29-Jan-2025 19:33:16.205 SCHWERWIEGEND [http-nio-8080-exec-13] org.apache.catalina.core.StandardWrapperValve.invoke Servlet.service() for servlet [FacesServlet] in context with path [/GhostNetFishing] threw exception [Exception [EclipseLink-4003] (Eclipse Persistence Services - 2.7.12.v20230209-e5c4074ef3): org.eclipse.persistence.exceptions.DatabaseException
Exception Description: Configuration error.  Class [com.mysql.cj.jdbc.Driver] not found.] with root cause
Local Exception Stack: 
	Exception [EclipseLink-4003] (Eclipse Persistence Services - 2.7.12.v20230209-e5c4074ef3): org.eclipse.persistence.exceptions.DatabaseException
Exception Description: Configuration error.  Class [com.mysql.cj.jdbc.Driver] not found.
		at org.eclipse.persistence.exceptions.DatabaseException.configurationErrorClassNotFound(DatabaseException.java:91)
		at org.eclipse.persistence.sessions.DefaultConnector.loadDriverClass(DefaultConnector.java:269)
		at org.eclipse.persistence.sessions.DefaultConnector.connect(DefaultConnector.java:87)
		at org.eclipse.persistence.sessions.DatasourceLogin.connectToDatasource(DatasourceLogin.java:172)
		at org.eclipse.persistence.internal.databaseaccess.DatasourceAccessor.connectInternal(DatasourceAccessor.java:349)
		at org.eclipse.persistence.internal.databaseaccess.DatabaseAccessor.connectInternal(DatabaseAccessor.java:316)
		at org.eclipse.persistence.internal.databaseaccess.DatasourceAccessor.connect(DatasourceAccessor.java:438)
		at org.eclipse.persistence.sessions.server.ConnectionPool.buildConnection(ConnectionPool.java:219)
		at org.eclipse.persistence.sessions.server.ConnectionPool.startUp(ConnectionPool.java:507)
		at org.eclipse.persistence.sessions.server.ServerSession.connect(ServerSession.java:522)
		at org.eclipse.persistence.internal.sessions.DatabaseSessionImpl.login(DatabaseSessionImpl.java:825)
		at org.eclipse.persistence.internal.jpa.EntityManagerFactoryProvider.login(EntityManagerFactoryProvider.java:263)
		at org.eclipse.persistence.internal.jpa.EntityManagerSetupImpl.deploy(EntityManagerSetupImpl.java:771)
		at org.eclipse.persistence.internal.jpa.EntityManagerFactoryDelegate.getAbstractSession(EntityManagerFactoryDelegate.java:222)
		at org.eclipse.persistence.internal.jpa.EntityManagerFactoryDelegate.createEntityManagerImpl(EntityManagerFactoryDelegate.java:330)
		at org.eclipse.persistence.internal.jpa.EntityManagerFactoryImpl.createEntityManagerImpl(EntityManagerFactoryImpl.java:350)
		at org.eclipse.persistence.internal.jpa.EntityManagerFactoryImpl.createEntityManager(EntityManagerFactoryImpl.java:313)
		at PersonDAO.findAllPersons(PersonDAO.java:21)
		at RegistryController.<init>(RegistryController.java:33)
		at java.base/jdk.internal.reflect.DirectConstructorHandleAccessor.newInstance(DirectConstructorHandleAccessor.java:62)
		at java.base/java.lang.reflect.Constructor.newInstanceWithCaller(Constructor.java:502)
		at java.base/java.lang.reflect.Constructor.newInstance(Constructor.java:486)
		at org.jboss.weld.injection.ConstructorInjectionPoint.newInstance(ConstructorInjectionPoint.java:119)
		at org.jboss.weld.injection.ConstructorInjectionPoint.invokeAroundConstructCallbacks(ConstructorInjectionPoint.java:92)
		at org.jboss.weld.injection.ConstructorInjectionPoint.newInstance(ConstructorInjectionPoint.java:78)
		at org.jboss.weld.injection.producer.AbstractInstantiator.newInstance(AbstractInstantiator.java:28)
		at org.jboss.weld.injection.producer.BasicInjectionTarget.produce(BasicInjectionTarget.java:112)
		at org.jboss.weld.injection.producer.BeanInjectionTarget.produce(BeanInjectionTarget.java:186)
		at org.jboss.weld.bean.ManagedBean.create(ManagedBean.java:160)
		at org.jboss.weld.util.bean.IsolatedForwardingBean.create(IsolatedForwardingBean.java:45)
		at org.jboss.weld.contexts.AbstractContext.get(AbstractContext.java:96)
		at org.jboss.weld.contexts.PassivatingContextWrapper$AbstractPassivatingContextWrapper.get(PassivatingContextWrapper.java:84)
		at org.jboss.weld.bean.ContextualInstanceStrategy$DefaultContextualInstanceStrategy.get(ContextualInstanceStrategy.java:100)
		at org.jboss.weld.bean.ContextualInstanceStrategy$CachingContextualInstanceStrategy.get(ContextualInstanceStrategy.java:177)
		at org.jboss.weld.bean.ContextualInstance.get(ContextualInstance.java:50)
		at org.jboss.weld.manager.BeanManagerImpl.getReference(BeanManagerImpl.java:694)
		at org.jboss.weld.module.web.el.AbstractWeldELResolver.lookup(AbstractWeldELResolver.java:107)
		at org.jboss.weld.module.web.el.AbstractWeldELResolver.getValue(AbstractWeldELResolver.java:90)
		at com.sun.faces.el.DemuxCompositeELResolver._getValue(DemuxCompositeELResolver.java:139)
		at com.sun.faces.el.DemuxCompositeELResolver.getValue(DemuxCompositeELResolver.java:164)
		at org.apache.el.parser.AstIdentifier.getValue(AstIdentifier.java:93)
		at org.apache.el.parser.AstValue.getTarget(AstValue.java:69)
		at org.apache.el.parser.AstValue.invoke(AstValue.java:233)
		at org.apache.el.MethodExpressionImpl.invoke(MethodExpressionImpl.java:266)
		at org.jboss.weld.module.web.util.el.ForwardingMethodExpression.invoke(ForwardingMethodExpression.java:40)
		at org.jboss.weld.module.web.el.WeldMethodExpression.invoke(WeldMethodExpression.java:50)
		at com.sun.faces.facelets.el.TagMethodExpression.invoke(TagMethodExpression.java:70)
		at com.sun.faces.application.ActionListenerImpl.getNavigationOutcome(ActionListenerImpl.java:74)
		at com.sun.faces.application.ActionListenerImpl.processAction(ActionListenerImpl.java:62)
		at jakarta.faces.component.UICommand.broadcast(UICommand.java:205)
		at jakarta.faces.component.UIViewRoot.broadcastEvents(UIViewRoot.java:858)
		at jakarta.faces.component.UIViewRoot.processApplication(UIViewRoot.java:1332)
		at com.sun.faces.lifecycle.InvokeApplicationPhase.execute(InvokeApplicationPhase.java:56)
		at com.sun.faces.lifecycle.Phase.doPhase(Phase.java:72)
		at com.sun.faces.lifecycle.LifecycleImpl.execute(LifecycleImpl.java:159)
		at jakarta.faces.webapp.FacesServlet.executeLifecyle(FacesServlet.java:691)
		at jakarta.faces.webapp.FacesServlet.service(FacesServlet.java:449)
		at org.apache.catalina.core.ApplicationFilterChain.internalDoFilter(ApplicationFilterChain.java:223)
		at org.apache.catalina.core.ApplicationFilterChain.doFilter(ApplicationFilterChain.java:158)
		at org.apache.tomcat.websocket.server.WsFilter.doFilter(WsFilter.java:53)
		at org.apache.catalina.core.ApplicationFilterChain.internalDoFilter(ApplicationFilterChain.java:185)
		at org.apache.catalina.core.ApplicationFilterChain.doFilter(ApplicationFilterChain.java:158)
		at org.apache.catalina.core.StandardWrapperValve.invoke(StandardWrapperValve.java:197)
		at org.apache.catalina.core.StandardContextValve.invoke(StandardContextValve.java:97)
		at org.apache.catalina.authenticator.AuthenticatorBase.invoke(AuthenticatorBase.java:542)
		at org.apache.catalina.core.StandardHostValve.invoke(StandardHostValve.java:119)
		at org.apache.catalina.valves.ErrorReportValve.invoke(ErrorReportValve.java:92)
		at org.apache.catalina.valves.AbstractAccessLogValve.invoke(AbstractAccessLogValve.java:690)
		at org.apache.catalina.core.StandardEngineValve.invoke(StandardEngineValve.java:78)
		at org.apache.catalina.connector.CoyoteAdapter.service(CoyoteAdapter.java:356)
		at org.apache.coyote.http11.Http11Processor.service(Http11Processor.java:399)
		at org.apache.coyote.AbstractProcessorLight.process(AbstractProcessorLight.java:65)
		at org.apache.coyote.AbstractProtocol$ConnectionHandler.process(AbstractProtocol.java:870)
		at org.apache.tomcat.util.net.NioEndpoint$SocketProcessor.doRun(NioEndpoint.java:1762)
		at org.apache.tomcat.util.net.SocketProcessorBase.run(SocketProcessorBase.java:49)
		at org.apache.tomcat.util.threads.ThreadPoolExecutor.runWorker(ThreadPoolExecutor.java:1191)
		at org.apache.tomcat.util.threads.ThreadPoolExecutor$Worker.run(ThreadPoolExecutor.java:659)
		at org.apache.tomcat.util.threads.TaskThread$WrappingRunnable.run(TaskThread.java:61)
		at java.base/java.lang.Thread.run(Thread.java:1570)
29-Jan-2025 19:33:33.996 INFORMATION [main] org.apache.catalina.core.ApplicationContext.log SessionListener: contextDestroyed()
29-Jan-2025 19:33:33.996 INFORMATION [main] org.apache.catalina.core.ApplicationContext.log ContextListener: contextDestroyed()
29-Jan-2025 19:33:43.571 INFORMATION [main] org.apache.catalina.core.ApplicationContext.log ContextListener: contextInitialized()
29-Jan-2025 19:33:43.571 INFORMATION [main] org.apache.catalina.core.ApplicationContext.log SessionListener: contextInitialized()
29-Jan-2025 19:33:43.572 INFORMATION [main] org.apache.catalina.core.ApplicationContext.log ContextListener: attributeAdded('StockTicker', 'async.Stockticker@447bf09d')
29-Jan-2025 19:36:53.870 INFORMATION [main] org.apache.catalina.core.ApplicationContext.log SessionListener: contextDestroyed()
29-Jan-2025 19:36:53.871 INFORMATION [main] org.apache.catalina.core.ApplicationContext.log ContextListener: contextDestroyed()
