26-Jan-2025 13:59:46.226 INFORMATION [main] org.apache.catalina.core.ApplicationContext.log ContextListener: contextInitialized()
26-Jan-2025 13:59:46.226 INFORMATION [main] org.apache.catalina.core.ApplicationContext.log SessionListener: contextInitialized()
26-Jan-2025 13:59:46.227 INFORMATION [main] org.apache.catalina.core.ApplicationContext.log ContextListener: attributeAdded('StockTicker', 'async.Stockticker@6aef33f6')
26-Jan-2025 14:09:27.874 SCHWERWIEGEND [http-nio-8080-exec-30] org.apache.catalina.core.StandardWrapperValve.invoke Servlet.service() for servlet [FacesServlet] in context with path [/GhostNetFishing] threw exception [Cannot invoke "java.lang.Integer.equals(Object)" because the return value of "Geisternetz.getId()" is null] with root cause
	java.lang.NullPointerException: Cannot invoke "java.lang.Integer.equals(Object)" because the return value of "Geisternetz.getId()" is null
		at PersonDAO.mergeNetzForPerson(PersonDAO.java:52)
		at DatenController.saveNetz(DatenController.java:43)
		at java.base/jdk.internal.reflect.DirectMethodHandleAccessor.invoke(DirectMethodHandleAccessor.java:103)
		at java.base/java.lang.reflect.Method.invoke(Method.java:580)
		at org.apache.el.parser.AstValue.invoke(AstValue.java:252)
		at org.apache.el.MethodExpressionImpl.invoke(MethodExpressionImpl.java:266)
		at org.jboss.weld.module.web.util.el.ForwardingMethodExpression.invoke(ForwardingMethodExpression.java:40)
		at org.jboss.weld.module.web.el.WeldMethodExpression.invoke(WeldMethodExpression.java:50)
		at com.sun.faces.facelets.el.TagMethodExpression.invoke(TagMethodExpression.java:70)
		at com.sun.faces.application.ActionListenerImpl.getNavigationOutcome(ActionListenerImpl.java:74)
		at com.sun.faces.application.ActionListenerImpl.processAction(ActionListenerImpl.java:62)
		at jakarta.faces.component.UICommand.broadcast(UICommand.java:205)
		at jakarta.faces.component.UIViewRoot.broadcastEvents(UIViewRoot.java:858)
		at jakarta.faces.component.UIViewRoot.processApplication(UIViewRoot.java:1332)
		at com.sun.faces.lifecycle.InvokeApplicationPhase.execute(InvokeApplicationPhase.java:56)
		at com.sun.faces.lifecycle.Phase.doPhase(Phase.java:72)
		at com.sun.faces.lifecycle.LifecycleImpl.execute(LifecycleImpl.java:159)
		at jakarta.faces.webapp.FacesServlet.executeLifecyle(FacesServlet.java:691)
		at jakarta.faces.webapp.FacesServlet.service(FacesServlet.java:449)
		at org.apache.catalina.core.ApplicationFilterChain.internalDoFilter(ApplicationFilterChain.java:223)
		at org.apache.catalina.core.ApplicationFilterChain.doFilter(ApplicationFilterChain.java:158)
		at org.apache.tomcat.websocket.server.WsFilter.doFilter(WsFilter.java:53)
		at org.apache.catalina.core.ApplicationFilterChain.internalDoFilter(ApplicationFilterChain.java:185)
		at org.apache.catalina.core.ApplicationFilterChain.doFilter(ApplicationFilterChain.java:158)
		at org.apache.catalina.core.StandardWrapperValve.invoke(StandardWrapperValve.java:197)
		at org.apache.catalina.core.StandardContextValve.invoke(StandardContextValve.java:97)
		at org.apache.catalina.authenticator.AuthenticatorBase.invoke(AuthenticatorBase.java:542)
		at org.apache.catalina.core.StandardHostValve.invoke(StandardHostValve.java:119)
		at org.apache.catalina.valves.ErrorReportValve.invoke(ErrorReportValve.java:92)
		at org.apache.catalina.valves.AbstractAccessLogValve.invoke(AbstractAccessLogValve.java:690)
		at org.apache.catalina.core.StandardEngineValve.invoke(StandardEngineValve.java:78)
		at org.apache.catalina.connector.CoyoteAdapter.service(CoyoteAdapter.java:356)
		at org.apache.coyote.http11.Http11Processor.service(Http11Processor.java:399)
		at org.apache.coyote.AbstractProcessorLight.process(AbstractProcessorLight.java:65)
		at org.apache.coyote.AbstractProtocol$ConnectionHandler.process(AbstractProtocol.java:870)
		at org.apache.tomcat.util.net.NioEndpoint$SocketProcessor.doRun(NioEndpoint.java:1762)
		at org.apache.tomcat.util.net.SocketProcessorBase.run(SocketProcessorBase.java:49)
		at org.apache.tomcat.util.threads.ThreadPoolExecutor.runWorker(ThreadPoolExecutor.java:1191)
		at org.apache.tomcat.util.threads.ThreadPoolExecutor$Worker.run(ThreadPoolExecutor.java:659)
		at org.apache.tomcat.util.threads.TaskThread$WrappingRunnable.run(TaskThread.java:61)
		at java.base/java.lang.Thread.run(Thread.java:1570)
26-Jan-2025 14:13:23.620 SCHWERWIEGEND [http-nio-8080-exec-33] org.apache.catalina.core.StandardWrapperValve.invoke Servlet.service() for servlet [FacesServlet] in context with path [/GhostNetFishing] threw exception [Cannot invoke "java.lang.Integer.equals(Object)" because the return value of "Geisternetz.getId()" is null] with root cause
	java.lang.NullPointerException: Cannot invoke "java.lang.Integer.equals(Object)" because the return value of "Geisternetz.getId()" is null
		at PersonDAO.mergeNetzForPerson(PersonDAO.java:52)
		at DatenController.saveNetz(DatenController.java:43)
		at java.base/jdk.internal.reflect.DirectMethodHandleAccessor.invoke(DirectMethodHandleAccessor.java:103)
		at java.base/java.lang.reflect.Method.invoke(Method.java:580)
		at org.apache.el.parser.AstValue.invoke(AstValue.java:252)
		at org.apache.el.MethodExpressionImpl.invoke(MethodExpressionImpl.java:266)
		at org.jboss.weld.module.web.util.el.ForwardingMethodExpression.invoke(ForwardingMethodExpression.java:40)
		at org.jboss.weld.module.web.el.WeldMethodExpression.invoke(WeldMethodExpression.java:50)
		at com.sun.faces.facelets.el.TagMethodExpression.invoke(TagMethodExpression.java:70)
		at com.sun.faces.application.ActionListenerImpl.getNavigationOutcome(ActionListenerImpl.java:74)
		at com.sun.faces.application.ActionListenerImpl.processAction(ActionListenerImpl.java:62)
		at jakarta.faces.component.UICommand.broadcast(UICommand.java:205)
		at jakarta.faces.component.UIViewRoot.broadcastEvents(UIViewRoot.java:858)
		at jakarta.faces.component.UIViewRoot.processApplication(UIViewRoot.java:1332)
		at com.sun.faces.lifecycle.InvokeApplicationPhase.execute(InvokeApplicationPhase.java:56)
		at com.sun.faces.lifecycle.Phase.doPhase(Phase.java:72)
		at com.sun.faces.lifecycle.LifecycleImpl.execute(LifecycleImpl.java:159)
		at jakarta.faces.webapp.FacesServlet.executeLifecyle(FacesServlet.java:691)
		at jakarta.faces.webapp.FacesServlet.service(FacesServlet.java:449)
		at org.apache.catalina.core.ApplicationFilterChain.internalDoFilter(ApplicationFilterChain.java:223)
		at org.apache.catalina.core.ApplicationFilterChain.doFilter(ApplicationFilterChain.java:158)
		at org.apache.tomcat.websocket.server.WsFilter.doFilter(WsFilter.java:53)
		at org.apache.catalina.core.ApplicationFilterChain.internalDoFilter(ApplicationFilterChain.java:185)
		at org.apache.catalina.core.ApplicationFilterChain.doFilter(ApplicationFilterChain.java:158)
		at org.apache.catalina.core.StandardWrapperValve.invoke(StandardWrapperValve.java:197)
		at org.apache.catalina.core.StandardContextValve.invoke(StandardContextValve.java:97)
		at org.apache.catalina.authenticator.AuthenticatorBase.invoke(AuthenticatorBase.java:542)
		at org.apache.catalina.core.StandardHostValve.invoke(StandardHostValve.java:119)
		at org.apache.catalina.valves.ErrorReportValve.invoke(ErrorReportValve.java:92)
		at org.apache.catalina.valves.AbstractAccessLogValve.invoke(AbstractAccessLogValve.java:690)
		at org.apache.catalina.core.StandardEngineValve.invoke(StandardEngineValve.java:78)
		at org.apache.catalina.connector.CoyoteAdapter.service(CoyoteAdapter.java:356)
		at org.apache.coyote.http11.Http11Processor.service(Http11Processor.java:399)
		at org.apache.coyote.AbstractProcessorLight.process(AbstractProcessorLight.java:65)
		at org.apache.coyote.AbstractProtocol$ConnectionHandler.process(AbstractProtocol.java:870)
		at org.apache.tomcat.util.net.NioEndpoint$SocketProcessor.doRun(NioEndpoint.java:1762)
		at org.apache.tomcat.util.net.SocketProcessorBase.run(SocketProcessorBase.java:49)
		at org.apache.tomcat.util.threads.ThreadPoolExecutor.runWorker(ThreadPoolExecutor.java:1191)
		at org.apache.tomcat.util.threads.ThreadPoolExecutor$Worker.run(ThreadPoolExecutor.java:659)
		at org.apache.tomcat.util.threads.TaskThread$WrappingRunnable.run(TaskThread.java:61)
		at java.base/java.lang.Thread.run(Thread.java:1570)
26-Jan-2025 15:37:07.111 SCHWERWIEGEND [http-nio-8080-exec-91] org.apache.catalina.core.StandardWrapperValve.invoke Servlet.service() for servlet [FacesServlet] in context with path [/GhostNetFishing] threw exception [/login.xhtml @17,89 value="#{registryController.name}": Die Eigenschaft [name] wurde f端r den Typ [RegistryController] nicht gefunden] with root cause
	jakarta.el.PropertyNotFoundException: Die Eigenschaft [name] wurde f端r den Typ [RegistryController] nicht gefunden
		at jakarta.el.BeanELResolver$BeanProperties.get(BeanELResolver.java:261)
		at jakarta.el.BeanELResolver$BeanProperties.access$300(BeanELResolver.java:213)
		at jakarta.el.BeanELResolver.property(BeanELResolver.java:334)
		at jakarta.el.BeanELResolver.getValue(BeanELResolver.java:95)
		at com.sun.faces.el.DemuxCompositeELResolver._getValue(DemuxCompositeELResolver.java:139)
		at com.sun.faces.el.DemuxCompositeELResolver.getValue(DemuxCompositeELResolver.java:164)
		at org.apache.el.parser.AstValue.getValue(AstValue.java:168)
		at org.apache.el.ValueExpressionImpl.getValue(ValueExpressionImpl.java:189)
		at org.jboss.weld.module.web.el.WeldValueExpression.getValue(WeldValueExpression.java:50)
		at com.sun.faces.facelets.el.TagValueExpression.getValue(TagValueExpression.java:73)
		at jakarta.faces.component.ComponentStateHelper.eval(ComponentStateHelper.java:207)
		at jakarta.faces.component.ComponentStateHelper.eval(ComponentStateHelper.java:176)
		at jakarta.faces.component.UIOutput.getValue(UIOutput.java:134)
		at jakarta.faces.component.UIInput.getValue(UIInput.java:287)
		at com.sun.faces.renderkit.html_basic.HtmlBasicInputRenderer.getValue(HtmlBasicInputRenderer.java:163)
		at com.sun.faces.renderkit.html_basic.HtmlBasicRenderer.getCurrentValue(HtmlBasicRenderer.java:303)
		at com.sun.faces.renderkit.html_basic.HtmlBasicRenderer.encodeEnd(HtmlBasicRenderer.java:135)
		at jakarta.faces.component.UIComponentBase.encodeEnd(UIComponentBase.java:586)
		at com.sun.faces.renderkit.html_basic.HtmlBasicRenderer.encodeRecursive(HtmlBasicRenderer.java:265)
		at com.sun.faces.renderkit.html_basic.GridRenderer.renderRow(GridRenderer.java:143)
		at com.sun.faces.renderkit.html_basic.GridRenderer.encodeChildren(GridRenderer.java:97)
		at jakarta.faces.component.UIComponentBase.encodeChildren(UIComponentBase.java:557)
		at jakarta.faces.component.UIComponent.encodeAll(UIComponent.java:1435)
		at jakarta.faces.render.Renderer.encodeChildren(Renderer.java:146)
		at jakarta.faces.component.UIComponentBase.encodeChildren(UIComponentBase.java:557)
		at jakarta.faces.component.UIComponent.encodeAll(UIComponent.java:1435)
		at jakarta.faces.component.UIComponent.encodeAll(UIComponent.java:1438)
		at jakarta.faces.component.UIComponent.encodeAll(UIComponent.java:1438)
		at com.sun.faces.application.view.FaceletViewHandlingStrategy.renderView(FaceletViewHandlingStrategy.java:442)
		at com.sun.faces.application.view.MultiViewHandler.renderView(MultiViewHandler.java:162)
		at jakarta.faces.application.ViewHandlerWrapper.renderView(ViewHandlerWrapper.java:125)
		at com.sun.faces.lifecycle.RenderResponsePhase.execute(RenderResponsePhase.java:93)
		at com.sun.faces.lifecycle.Phase.doPhase(Phase.java:72)
		at com.sun.faces.lifecycle.LifecycleImpl.render(LifecycleImpl.java:178)
		at jakarta.faces.webapp.FacesServlet.executeLifecyle(FacesServlet.java:692)
		at jakarta.faces.webapp.FacesServlet.service(FacesServlet.java:449)
		at org.apache.catalina.core.ApplicationFilterChain.internalDoFilter(ApplicationFilterChain.java:223)
		at org.apache.catalina.core.ApplicationFilterChain.doFilter(ApplicationFilterChain.java:158)
		at org.apache.tomcat.websocket.server.WsFilter.doFilter(WsFilter.java:53)
		at org.apache.catalina.core.ApplicationFilterChain.internalDoFilter(ApplicationFilterChain.java:185)
		at org.apache.catalina.core.ApplicationFilterChain.doFilter(ApplicationFilterChain.java:158)
		at org.apache.catalina.core.StandardWrapperValve.invoke(StandardWrapperValve.java:197)
		at org.apache.catalina.core.StandardContextValve.invoke(StandardContextValve.java:97)
		at org.apache.catalina.authenticator.AuthenticatorBase.invoke(AuthenticatorBase.java:542)
		at org.apache.catalina.core.StandardHostValve.invoke(StandardHostValve.java:119)
		at org.apache.catalina.valves.ErrorReportValve.invoke(ErrorReportValve.java:92)
		at org.apache.catalina.valves.AbstractAccessLogValve.invoke(AbstractAccessLogValve.java:690)
		at org.apache.catalina.core.StandardEngineValve.invoke(StandardEngineValve.java:78)
		at org.apache.catalina.connector.CoyoteAdapter.service(CoyoteAdapter.java:356)
		at org.apache.coyote.http11.Http11Processor.service(Http11Processor.java:399)
		at org.apache.coyote.AbstractProcessorLight.process(AbstractProcessorLight.java:65)
		at org.apache.coyote.AbstractProtocol$ConnectionHandler.process(AbstractProtocol.java:870)
		at org.apache.tomcat.util.net.NioEndpoint$SocketProcessor.doRun(NioEndpoint.java:1762)
		at org.apache.tomcat.util.net.SocketProcessorBase.run(SocketProcessorBase.java:49)
		at org.apache.tomcat.util.threads.ThreadPoolExecutor.runWorker(ThreadPoolExecutor.java:1191)
		at org.apache.tomcat.util.threads.ThreadPoolExecutor$Worker.run(ThreadPoolExecutor.java:659)
		at org.apache.tomcat.util.threads.TaskThread$WrappingRunnable.run(TaskThread.java:61)
		at java.base/java.lang.Thread.run(Thread.java:1570)
26-Jan-2025 15:38:11.825 SCHWERWIEGEND [http-nio-8080-exec-94] org.apache.catalina.core.StandardWrapperValve.invoke Servlet.service() for servlet [FacesServlet] in context with path [/GhostNetFishing] threw exception [/login.xhtml @17,89 value="#{registryController.name}": Die Eigenschaft [name] wurde f端r den Typ [RegistryController] nicht gefunden] with root cause
	jakarta.el.PropertyNotFoundException: Die Eigenschaft [name] wurde f端r den Typ [RegistryController] nicht gefunden
		at jakarta.el.BeanELResolver$BeanProperties.get(BeanELResolver.java:261)
		at jakarta.el.BeanELResolver$BeanProperties.access$300(BeanELResolver.java:213)
		at jakarta.el.BeanELResolver.property(BeanELResolver.java:334)
		at jakarta.el.BeanELResolver.getValue(BeanELResolver.java:95)
		at com.sun.faces.el.DemuxCompositeELResolver._getValue(DemuxCompositeELResolver.java:139)
		at com.sun.faces.el.DemuxCompositeELResolver.getValue(DemuxCompositeELResolver.java:164)
		at org.apache.el.parser.AstValue.getValue(AstValue.java:168)
		at org.apache.el.ValueExpressionImpl.getValue(ValueExpressionImpl.java:189)
		at org.jboss.weld.module.web.el.WeldValueExpression.getValue(WeldValueExpression.java:50)
		at com.sun.faces.facelets.el.TagValueExpression.getValue(TagValueExpression.java:73)
		at jakarta.faces.component.ComponentStateHelper.eval(ComponentStateHelper.java:207)
		at jakarta.faces.component.ComponentStateHelper.eval(ComponentStateHelper.java:176)
		at jakarta.faces.component.UIOutput.getValue(UIOutput.java:134)
		at jakarta.faces.component.UIInput.getValue(UIInput.java:287)
		at com.sun.faces.renderkit.html_basic.HtmlBasicInputRenderer.getValue(HtmlBasicInputRenderer.java:163)
		at com.sun.faces.renderkit.html_basic.HtmlBasicRenderer.getCurrentValue(HtmlBasicRenderer.java:303)
		at com.sun.faces.renderkit.html_basic.HtmlBasicRenderer.encodeEnd(HtmlBasicRenderer.java:135)
		at jakarta.faces.component.UIComponentBase.encodeEnd(UIComponentBase.java:586)
		at com.sun.faces.renderkit.html_basic.HtmlBasicRenderer.encodeRecursive(HtmlBasicRenderer.java:265)
		at com.sun.faces.renderkit.html_basic.GridRenderer.renderRow(GridRenderer.java:143)
		at com.sun.faces.renderkit.html_basic.GridRenderer.encodeChildren(GridRenderer.java:97)
		at jakarta.faces.component.UIComponentBase.encodeChildren(UIComponentBase.java:557)
		at jakarta.faces.component.UIComponent.encodeAll(UIComponent.java:1435)
		at jakarta.faces.render.Renderer.encodeChildren(Renderer.java:146)
		at jakarta.faces.component.UIComponentBase.encodeChildren(UIComponentBase.java:557)
		at jakarta.faces.component.UIComponent.encodeAll(UIComponent.java:1435)
		at jakarta.faces.component.UIComponent.encodeAll(UIComponent.java:1438)
		at jakarta.faces.component.UIComponent.encodeAll(UIComponent.java:1438)
		at com.sun.faces.application.view.FaceletViewHandlingStrategy.renderView(FaceletViewHandlingStrategy.java:442)
		at com.sun.faces.application.view.MultiViewHandler.renderView(MultiViewHandler.java:162)
		at jakarta.faces.application.ViewHandlerWrapper.renderView(ViewHandlerWrapper.java:125)
		at com.sun.faces.lifecycle.RenderResponsePhase.execute(RenderResponsePhase.java:93)
		at com.sun.faces.lifecycle.Phase.doPhase(Phase.java:72)
		at com.sun.faces.lifecycle.LifecycleImpl.render(LifecycleImpl.java:178)
		at jakarta.faces.webapp.FacesServlet.executeLifecyle(FacesServlet.java:692)
		at jakarta.faces.webapp.FacesServlet.service(FacesServlet.java:449)
		at org.apache.catalina.core.ApplicationFilterChain.internalDoFilter(ApplicationFilterChain.java:223)
		at org.apache.catalina.core.ApplicationFilterChain.doFilter(ApplicationFilterChain.java:158)
		at org.apache.tomcat.websocket.server.WsFilter.doFilter(WsFilter.java:53)
		at org.apache.catalina.core.ApplicationFilterChain.internalDoFilter(ApplicationFilterChain.java:185)
		at org.apache.catalina.core.ApplicationFilterChain.doFilter(ApplicationFilterChain.java:158)
		at org.apache.catalina.core.StandardWrapperValve.invoke(StandardWrapperValve.java:197)
		at org.apache.catalina.core.StandardContextValve.invoke(StandardContextValve.java:97)
		at org.apache.catalina.authenticator.AuthenticatorBase.invoke(AuthenticatorBase.java:542)
		at org.apache.catalina.core.StandardHostValve.invoke(StandardHostValve.java:119)
		at org.apache.catalina.valves.ErrorReportValve.invoke(ErrorReportValve.java:92)
		at org.apache.catalina.valves.AbstractAccessLogValve.invoke(AbstractAccessLogValve.java:690)
		at org.apache.catalina.core.StandardEngineValve.invoke(StandardEngineValve.java:78)
		at org.apache.catalina.connector.CoyoteAdapter.service(CoyoteAdapter.java:356)
		at org.apache.coyote.http11.Http11Processor.service(Http11Processor.java:399)
		at org.apache.coyote.AbstractProcessorLight.process(AbstractProcessorLight.java:65)
		at org.apache.coyote.AbstractProtocol$ConnectionHandler.process(AbstractProtocol.java:870)
		at org.apache.tomcat.util.net.NioEndpoint$SocketProcessor.doRun(NioEndpoint.java:1762)
		at org.apache.tomcat.util.net.SocketProcessorBase.run(SocketProcessorBase.java:49)
		at org.apache.tomcat.util.threads.ThreadPoolExecutor.runWorker(ThreadPoolExecutor.java:1191)
		at org.apache.tomcat.util.threads.ThreadPoolExecutor$Worker.run(ThreadPoolExecutor.java:659)
		at org.apache.tomcat.util.threads.TaskThread$WrappingRunnable.run(TaskThread.java:61)
		at java.base/java.lang.Thread.run(Thread.java:1570)
26-Jan-2025 16:05:03.275 SCHWERWIEGEND [http-nio-8080-exec-166] org.apache.catalina.core.StandardWrapperValve.invoke Servlet.service() for servlet [FacesServlet] in context with path [/GhostNetFishing] threw exception [Exception [EclipseLink-4002] (Eclipse Persistence Services - 2.7.12.v20230209-e5c4074ef3): org.eclipse.persistence.exceptions.DatabaseException
Internal Exception: java.sql.SQLIntegrityConstraintViolationException: Duplicate entry 'Person6' for key 'PRIMARY'
Error Code: 1062
Call: INSERT INTO PERSON (NAME, PASSWORT, STATUS, TELNR) VALUES (?, ?, ?, ?)
	bind => [4 parameters bound]
Query: InsertObjectQuery(Person@26b40955)] with root cause
	java.sql.SQLIntegrityConstraintViolationException: Duplicate entry 'Person6' for key 'PRIMARY'
		at com.mysql.cj.jdbc.exceptions.SQLError.createSQLException(SQLError.java:109)
		at com.mysql.cj.jdbc.exceptions.SQLExceptionsMapping.translateException(SQLExceptionsMapping.java:114)
		at com.mysql.cj.jdbc.ClientPreparedStatement.executeInternal(ClientPreparedStatement.java:988)
		at com.mysql.cj.jdbc.ClientPreparedStatement.executeUpdateInternal(ClientPreparedStatement.java:1166)
		at com.mysql.cj.jdbc.ClientPreparedStatement.executeUpdateInternal(ClientPreparedStatement.java:1101)
		at com.mysql.cj.jdbc.ClientPreparedStatement.executeLargeUpdate(ClientPreparedStatement.java:1467)
		at com.mysql.cj.jdbc.ClientPreparedStatement.executeUpdate(ClientPreparedStatement.java:1084)
		at org.eclipse.persistence.internal.databaseaccess.DatabaseAccessor.executeDirectNoSelect(DatabaseAccessor.java:907)
		at org.eclipse.persistence.internal.databaseaccess.DatabaseAccessor.executeNoSelect(DatabaseAccessor.java:979)
		at org.eclipse.persistence.internal.databaseaccess.DatabaseAccessor.basicExecuteCall(DatabaseAccessor.java:640)
		at org.eclipse.persistence.internal.databaseaccess.DatabaseAccessor.executeCall(DatabaseAccessor.java:567)
		at org.eclipse.persistence.internal.sessions.AbstractSession.basicExecuteCall(AbstractSession.java:2105)
		at org.eclipse.persistence.sessions.server.ClientSession.executeCall(ClientSession.java:313)
		at org.eclipse.persistence.internal.queries.DatasourceCallQueryMechanism.executeCall(DatasourceCallQueryMechanism.java:275)
		at org.eclipse.persistence.internal.queries.DatasourceCallQueryMechanism.executeCall(DatasourceCallQueryMechanism.java:261)
		at org.eclipse.persistence.internal.queries.DatasourceCallQueryMechanism.insertObject(DatasourceCallQueryMechanism.java:428)
		at org.eclipse.persistence.internal.queries.StatementQueryMechanism.insertObject(StatementQueryMechanism.java:182)
		at org.eclipse.persistence.internal.queries.StatementQueryMechanism.insertObject(StatementQueryMechanism.java:197)
		at org.eclipse.persistence.internal.queries.DatabaseQueryMechanism.insertObjectForWrite(DatabaseQueryMechanism.java:515)
		at org.eclipse.persistence.queries.InsertObjectQuery.executeCommit(InsertObjectQuery.java:85)
		at org.eclipse.persistence.queries.InsertObjectQuery.executeCommitWithChangeSet(InsertObjectQuery.java:95)
		at org.eclipse.persistence.internal.queries.DatabaseQueryMechanism.executeWriteWithChangeSet(DatabaseQueryMechanism.java:327)
		at org.eclipse.persistence.queries.WriteObjectQuery.executeDatabaseQuery(WriteObjectQuery.java:60)
		at org.eclipse.persistence.queries.DatabaseQuery.execute(DatabaseQuery.java:913)
		at org.eclipse.persistence.queries.DatabaseQuery.executeInUnitOfWork(DatabaseQuery.java:812)
		at org.eclipse.persistence.queries.ObjectLevelModifyQuery.executeInUnitOfWorkObjectLevelModifyQuery(ObjectLevelModifyQuery.java:110)
		at org.eclipse.persistence.queries.ObjectLevelModifyQuery.executeInUnitOfWork(ObjectLevelModifyQuery.java:87)
		at org.eclipse.persistence.internal.sessions.UnitOfWorkImpl.internalExecuteQuery(UnitOfWorkImpl.java:3004)
		at org.eclipse.persistence.internal.sessions.AbstractSession.executeQuery(AbstractSession.java:1898)
		at org.eclipse.persistence.internal.sessions.AbstractSession.executeQuery(AbstractSession.java:1880)
		at org.eclipse.persistence.internal.sessions.AbstractSession.executeQuery(AbstractSession.java:1830)
		at org.eclipse.persistence.internal.sessions.CommitManager.commitNewObjectsForClassWithChangeSet(CommitManager.java:229)
		at org.eclipse.persistence.internal.sessions.CommitManager.commitAllObjectsWithChangeSet(CommitManager.java:128)
		at org.eclipse.persistence.internal.sessions.AbstractSession.writeAllObjectsWithChangeSet(AbstractSession.java:4409)
		at org.eclipse.persistence.internal.sessions.UnitOfWorkImpl.commitToDatabase(UnitOfWorkImpl.java:1503)
		at org.eclipse.persistence.internal.sessions.UnitOfWorkImpl.commitToDatabaseWithChangeSet(UnitOfWorkImpl.java:1593)
		at org.eclipse.persistence.internal.sessions.RepeatableWriteUnitOfWork.commitRootUnitOfWork(RepeatableWriteUnitOfWork.java:280)
		at org.eclipse.persistence.internal.sessions.UnitOfWorkImpl.commitAndResume(UnitOfWorkImpl.java:1230)
		at org.eclipse.persistence.internal.jpa.transaction.EntityTransactionImpl.commit(EntityTransactionImpl.java:136)
		at PersonDAO.savePerson(PersonDAO.java:17)
		at RegistryController.fromRegistryToUebersichtView(RegistryController.java:67)
		at java.base/jdk.internal.reflect.DirectMethodHandleAccessor.invoke(DirectMethodHandleAccessor.java:103)
		at java.base/java.lang.reflect.Method.invoke(Method.java:580)
		at org.apache.el.parser.AstValue.invoke(AstValue.java:252)
		at org.apache.el.MethodExpressionImpl.invoke(MethodExpressionImpl.java:266)
		at org.jboss.weld.module.web.util.el.ForwardingMethodExpression.invoke(ForwardingMethodExpression.java:40)
		at org.jboss.weld.module.web.el.WeldMethodExpression.invoke(WeldMethodExpression.java:50)
		at com.sun.faces.facelets.el.TagMethodExpression.invoke(TagMethodExpression.java:70)
		at com.sun.faces.application.ActionListenerImpl.getNavigationOutcome(ActionListenerImpl.java:74)
		at com.sun.faces.application.ActionListenerImpl.processAction(ActionListenerImpl.java:62)
		at jakarta.faces.component.UICommand.broadcast(UICommand.java:205)
		at jakarta.faces.component.UIViewRoot.broadcastEvents(UIViewRoot.java:858)
		at jakarta.faces.component.UIViewRoot.processApplication(UIViewRoot.java:1332)
		at com.sun.faces.lifecycle.InvokeApplicationPhase.execute(InvokeApplicationPhase.java:56)
		at com.sun.faces.lifecycle.Phase.doPhase(Phase.java:72)
		at com.sun.faces.lifecycle.LifecycleImpl.execute(LifecycleImpl.java:159)
		at jakarta.faces.webapp.FacesServlet.executeLifecyle(FacesServlet.java:691)
		at jakarta.faces.webapp.FacesServlet.service(FacesServlet.java:449)
		at org.apache.catalina.core.ApplicationFilterChain.internalDoFilter(ApplicationFilterChain.java:223)
		at org.apache.catalina.core.ApplicationFilterChain.doFilter(ApplicationFilterChain.java:158)
		at org.apache.tomcat.websocket.server.WsFilter.doFilter(WsFilter.java:53)
		at org.apache.catalina.core.ApplicationFilterChain.internalDoFilter(ApplicationFilterChain.java:185)
		at org.apache.catalina.core.ApplicationFilterChain.doFilter(ApplicationFilterChain.java:158)
		at org.apache.catalina.core.StandardWrapperValve.invoke(StandardWrapperValve.java:197)
		at org.apache.catalina.core.StandardContextValve.invoke(StandardContextValve.java:97)
		at org.apache.catalina.authenticator.AuthenticatorBase.invoke(AuthenticatorBase.java:542)
		at org.apache.catalina.core.StandardHostValve.invoke(StandardHostValve.java:119)
		at org.apache.catalina.valves.ErrorReportValve.invoke(ErrorReportValve.java:92)
		at org.apache.catalina.valves.AbstractAccessLogValve.invoke(AbstractAccessLogValve.java:690)
		at org.apache.catalina.core.StandardEngineValve.invoke(StandardEngineValve.java:78)
		at org.apache.catalina.connector.CoyoteAdapter.service(CoyoteAdapter.java:356)
		at org.apache.coyote.http11.Http11Processor.service(Http11Processor.java:399)
		at org.apache.coyote.AbstractProcessorLight.process(AbstractProcessorLight.java:65)
		at org.apache.coyote.AbstractProtocol$ConnectionHandler.process(AbstractProtocol.java:870)
		at org.apache.tomcat.util.net.NioEndpoint$SocketProcessor.doRun(NioEndpoint.java:1762)
		at org.apache.tomcat.util.net.SocketProcessorBase.run(SocketProcessorBase.java:49)
		at org.apache.tomcat.util.threads.ThreadPoolExecutor.runWorker(ThreadPoolExecutor.java:1191)
		at org.apache.tomcat.util.threads.ThreadPoolExecutor$Worker.run(ThreadPoolExecutor.java:659)
		at org.apache.tomcat.util.threads.TaskThread$WrappingRunnable.run(TaskThread.java:61)
		at java.base/java.lang.Thread.run(Thread.java:1570)
26-Jan-2025 16:13:53.258 SCHWERWIEGEND [http-nio-8080-exec-171] org.apache.catalina.core.StandardWrapperValve.invoke Servlet.service() for servlet [FacesServlet] in context with path [/GhostNetFishing] threw exception [Cannot invoke "java.util.List.add(Object)" because the return value of "Person.getGeisternetze()" is null] with root cause
	java.lang.NullPointerException: Cannot invoke "java.util.List.add(Object)" because the return value of "Person.getGeisternetze()" is null
		at PersonDAO.persistNetzForPerson(PersonDAO.java:50)
		at DatenController.saveNetz(DatenController.java:43)
		at java.base/jdk.internal.reflect.DirectMethodHandleAccessor.invoke(DirectMethodHandleAccessor.java:103)
		at java.base/java.lang.reflect.Method.invoke(Method.java:580)
		at org.apache.el.parser.AstValue.invoke(AstValue.java:252)
		at org.apache.el.MethodExpressionImpl.invoke(MethodExpressionImpl.java:266)
		at org.jboss.weld.module.web.util.el.ForwardingMethodExpression.invoke(ForwardingMethodExpression.java:40)
		at org.jboss.weld.module.web.el.WeldMethodExpression.invoke(WeldMethodExpression.java:50)
		at com.sun.faces.facelets.el.TagMethodExpression.invoke(TagMethodExpression.java:70)
		at com.sun.faces.application.ActionListenerImpl.getNavigationOutcome(ActionListenerImpl.java:74)
		at com.sun.faces.application.ActionListenerImpl.processAction(ActionListenerImpl.java:62)
		at jakarta.faces.component.UICommand.broadcast(UICommand.java:205)
		at jakarta.faces.component.UIViewRoot.broadcastEvents(UIViewRoot.java:858)
		at jakarta.faces.component.UIViewRoot.processApplication(UIViewRoot.java:1332)
		at com.sun.faces.lifecycle.InvokeApplicationPhase.execute(InvokeApplicationPhase.java:56)
		at com.sun.faces.lifecycle.Phase.doPhase(Phase.java:72)
		at com.sun.faces.lifecycle.LifecycleImpl.execute(LifecycleImpl.java:159)
		at jakarta.faces.webapp.FacesServlet.executeLifecyle(FacesServlet.java:691)
		at jakarta.faces.webapp.FacesServlet.service(FacesServlet.java:449)
		at org.apache.catalina.core.ApplicationFilterChain.internalDoFilter(ApplicationFilterChain.java:223)
		at org.apache.catalina.core.ApplicationFilterChain.doFilter(ApplicationFilterChain.java:158)
		at org.apache.tomcat.websocket.server.WsFilter.doFilter(WsFilter.java:53)
		at org.apache.catalina.core.ApplicationFilterChain.internalDoFilter(ApplicationFilterChain.java:185)
		at org.apache.catalina.core.ApplicationFilterChain.doFilter(ApplicationFilterChain.java:158)
		at org.apache.catalina.core.StandardWrapperValve.invoke(StandardWrapperValve.java:197)
		at org.apache.catalina.core.StandardContextValve.invoke(StandardContextValve.java:97)
		at org.apache.catalina.authenticator.AuthenticatorBase.invoke(AuthenticatorBase.java:542)
		at org.apache.catalina.core.StandardHostValve.invoke(StandardHostValve.java:119)
		at org.apache.catalina.valves.ErrorReportValve.invoke(ErrorReportValve.java:92)
		at org.apache.catalina.valves.AbstractAccessLogValve.invoke(AbstractAccessLogValve.java:690)
		at org.apache.catalina.core.StandardEngineValve.invoke(StandardEngineValve.java:78)
		at org.apache.catalina.connector.CoyoteAdapter.service(CoyoteAdapter.java:356)
		at org.apache.coyote.http11.Http11Processor.service(Http11Processor.java:399)
		at org.apache.coyote.AbstractProcessorLight.process(AbstractProcessorLight.java:65)
		at org.apache.coyote.AbstractProtocol$ConnectionHandler.process(AbstractProtocol.java:870)
		at org.apache.tomcat.util.net.NioEndpoint$SocketProcessor.doRun(NioEndpoint.java:1762)
		at org.apache.tomcat.util.net.SocketProcessorBase.run(SocketProcessorBase.java:49)
		at org.apache.tomcat.util.threads.ThreadPoolExecutor.runWorker(ThreadPoolExecutor.java:1191)
		at org.apache.tomcat.util.threads.ThreadPoolExecutor$Worker.run(ThreadPoolExecutor.java:659)
		at org.apache.tomcat.util.threads.TaskThread$WrappingRunnable.run(TaskThread.java:61)
		at java.base/java.lang.Thread.run(Thread.java:1570)
26-Jan-2025 18:23:12.855 INFORMATION [main] org.apache.catalina.core.ApplicationContext.log SessionListener: contextDestroyed()
26-Jan-2025 18:23:12.855 INFORMATION [main] org.apache.catalina.core.ApplicationContext.log ContextListener: contextDestroyed()
26-Jan-2025 19:17:22.527 INFORMATION [main] org.apache.catalina.core.ApplicationContext.log ContextListener: contextInitialized()
26-Jan-2025 19:17:22.527 INFORMATION [main] org.apache.catalina.core.ApplicationContext.log SessionListener: contextInitialized()
26-Jan-2025 19:17:22.528 INFORMATION [main] org.apache.catalina.core.ApplicationContext.log ContextListener: attributeAdded('StockTicker', 'async.Stockticker@aa7bda6')
26-Jan-2025 19:20:09.030 INFORMATION [main] org.apache.catalina.core.ApplicationContext.log SessionListener: contextDestroyed()
26-Jan-2025 19:20:09.030 INFORMATION [main] org.apache.catalina.core.ApplicationContext.log ContextListener: contextDestroyed()
