10-Jan-2025 18:09:34.126 INFORMATION [main] org.apache.catalina.core.ApplicationContext.log ContextListener: contextInitialized()
10-Jan-2025 18:09:34.126 INFORMATION [main] org.apache.catalina.core.ApplicationContext.log SessionListener: contextInitialized()
10-Jan-2025 18:09:34.127 INFORMATION [main] org.apache.catalina.core.ApplicationContext.log ContextListener: attributeAdded('StockTicker', 'async.Stockticker@23aaa756')
10-Jan-2025 18:09:52.863 INFORMATION [main] org.apache.catalina.core.ApplicationContext.log SessionListener: contextDestroyed()
10-Jan-2025 18:09:52.863 INFORMATION [main] org.apache.catalina.core.ApplicationContext.log ContextListener: contextDestroyed()
10-Jan-2025 18:10:04.111 INFORMATION [main] org.apache.catalina.core.ApplicationContext.log ContextListener: contextInitialized()
10-Jan-2025 18:10:04.111 INFORMATION [main] org.apache.catalina.core.ApplicationContext.log SessionListener: contextInitialized()
10-Jan-2025 18:10:04.112 INFORMATION [main] org.apache.catalina.core.ApplicationContext.log ContextListener: attributeAdded('StockTicker', 'async.Stockticker@726a5e6a')
10-Jan-2025 19:01:43.519 INFORMATION [main] org.apache.catalina.core.ApplicationContext.log SessionListener: contextDestroyed()
10-Jan-2025 19:01:43.519 INFORMATION [main] org.apache.catalina.core.ApplicationContext.log ContextListener: contextDestroyed()
10-Jan-2025 19:01:53.909 INFORMATION [main] org.apache.catalina.core.ApplicationContext.log ContextListener: contextInitialized()
10-Jan-2025 19:01:53.909 INFORMATION [main] org.apache.catalina.core.ApplicationContext.log SessionListener: contextInitialized()
10-Jan-2025 19:01:53.910 INFORMATION [main] org.apache.catalina.core.ApplicationContext.log ContextListener: attributeAdded('StockTicker', 'async.Stockticker@472dbaf5')
10-Jan-2025 19:23:40.895 INFORMATION [main] org.apache.catalina.core.ApplicationContext.log SessionListener: contextDestroyed()
10-Jan-2025 19:23:40.895 INFORMATION [main] org.apache.catalina.core.ApplicationContext.log ContextListener: contextDestroyed()
10-Jan-2025 19:23:54.515 INFORMATION [main] org.apache.catalina.core.ApplicationContext.log ContextListener: contextInitialized()
10-Jan-2025 19:23:54.515 INFORMATION [main] org.apache.catalina.core.ApplicationContext.log SessionListener: contextInitialized()
10-Jan-2025 19:23:54.516 INFORMATION [main] org.apache.catalina.core.ApplicationContext.log ContextListener: attributeAdded('StockTicker', 'async.Stockticker@4860627a')
10-Jan-2025 19:25:25.746 INFORMATION [main] org.apache.catalina.core.ApplicationContext.log SessionListener: contextDestroyed()
10-Jan-2025 19:25:25.746 INFORMATION [main] org.apache.catalina.core.ApplicationContext.log ContextListener: contextDestroyed()
10-Jan-2025 19:25:42.753 INFORMATION [main] org.apache.catalina.core.ApplicationContext.log ContextListener: contextInitialized()
10-Jan-2025 19:25:42.754 INFORMATION [main] org.apache.catalina.core.ApplicationContext.log SessionListener: contextInitialized()
10-Jan-2025 19:25:42.754 INFORMATION [main] org.apache.catalina.core.ApplicationContext.log ContextListener: attributeAdded('StockTicker', 'async.Stockticker@6c2fea95')
10-Jan-2025 19:33:57.696 INFORMATION [main] org.apache.catalina.core.ApplicationContext.log SessionListener: contextDestroyed()
10-Jan-2025 19:33:57.696 INFORMATION [main] org.apache.catalina.core.ApplicationContext.log ContextListener: contextDestroyed()
10-Jan-2025 19:34:11.310 INFORMATION [main] org.apache.catalina.core.ApplicationContext.log ContextListener: contextInitialized()
10-Jan-2025 19:34:11.310 INFORMATION [main] org.apache.catalina.core.ApplicationContext.log SessionListener: contextInitialized()
10-Jan-2025 19:34:11.311 INFORMATION [main] org.apache.catalina.core.ApplicationContext.log ContextListener: attributeAdded('StockTicker', 'async.Stockticker@25c4f621')
10-Jan-2025 19:34:16.861 SCHWERWIEGEND [http-nio-8080-exec-7] org.apache.catalina.core.StandardWrapperValve.invoke Servlet.service() for servlet [FacesServlet] in context with path [] threw exception [jakarta.el.PropertyNotWritableException: /index.xhtml @27,91 value="#{datenController.geisternetz.id}": Die Eigenschaft [id] kann nicht für den Typ [Geisternetz] beschrieben werden] with root cause
	jakarta.el.PropertyNotWritableException: Die Eigenschaft [id] kann nicht für den Typ [Geisternetz] beschrieben werden
		at jakarta.el.BeanELResolver$BeanProperty.write(BeanELResolver.java:302)
		at jakarta.el.BeanELResolver$BeanProperty.access$100(BeanELResolver.java:272)
		at jakarta.el.BeanELResolver.setValue(BeanELResolver.java:123)
		at com.sun.faces.el.DemuxCompositeELResolver._setValue(DemuxCompositeELResolver.java:199)
		at com.sun.faces.el.DemuxCompositeELResolver.setValue(DemuxCompositeELResolver.java:222)
		at org.apache.el.parser.AstValue.setValue(AstValue.java:201)
		at org.apache.el.ValueExpressionImpl.setValue(ValueExpressionImpl.java:262)
		at org.jboss.weld.module.web.el.WeldValueExpression.setValue(WeldValueExpression.java:64)
		at com.sun.faces.facelets.el.TagValueExpression.setValue(TagValueExpression.java:95)
		at jakarta.faces.component.UIInput.updateModel(UIInput.java:696)
		at jakarta.faces.component.UIInput.processUpdates(UIInput.java:622)
		at jakarta.faces.component.UIComponentBase.processUpdates(UIComponentBase.java:935)
		at jakarta.faces.component.UIForm.processUpdates(UIForm.java:252)
		at jakarta.faces.component.UIComponentBase.processUpdates(UIComponentBase.java:935)
		at jakarta.faces.component.UIComponentBase.processUpdates(UIComponentBase.java:935)
		at jakarta.faces.component.UIViewRoot.processUpdates(UIViewRoot.java:1340)
		at com.sun.faces.lifecycle.UpdateModelValuesPhase.execute(UpdateModelValuesPhase.java:50)
		at com.sun.faces.lifecycle.Phase.doPhase(Phase.java:72)
		at com.sun.faces.lifecycle.LifecycleImpl.execute(LifecycleImpl.java:159)
		at jakarta.faces.webapp.FacesServlet.executeLifecyle(FacesServlet.java:677)
		at jakarta.faces.webapp.FacesServlet.service(FacesServlet.java:435)
		at org.apache.catalina.core.ApplicationFilterChain.internalDoFilter(ApplicationFilterChain.java:223)
		at org.apache.catalina.core.ApplicationFilterChain.doFilter(ApplicationFilterChain.java:158)
		at org.apache.tomcat.websocket.server.WsFilter.doFilter(WsFilter.java:53)
		at org.apache.catalina.core.ApplicationFilterChain.internalDoFilter(ApplicationFilterChain.java:185)
		at org.apache.catalina.core.ApplicationFilterChain.doFilter(ApplicationFilterChain.java:158)
		at org.apache.catalina.core.StandardWrapperValve.invoke(StandardWrapperValve.java:197)
		at org.apache.catalina.core.StandardContextValve.invoke(StandardContextValve.java:97)
		at org.apache.catalina.authenticator.AuthenticatorBase.invoke(AuthenticatorBase.java:542)
		at org.apache.catalina.core.StandardHostValve.invoke(StandardHostValve.java:119)
		at org.apache.catalina.valves.ErrorReportValve.invoke(ErrorReportValve.java:92)
		at org.apache.catalina.valves.AbstractAccessLogValve.invoke(AbstractAccessLogValve.java:690)
		at org.apache.catalina.core.StandardEngineValve.invoke(StandardEngineValve.java:78)
		at org.apache.catalina.connector.CoyoteAdapter.service(CoyoteAdapter.java:356)
		at org.apache.coyote.http11.Http11Processor.service(Http11Processor.java:399)
		at org.apache.coyote.AbstractProcessorLight.process(AbstractProcessorLight.java:65)
		at org.apache.coyote.AbstractProtocol$ConnectionHandler.process(AbstractProtocol.java:870)
		at org.apache.tomcat.util.net.NioEndpoint$SocketProcessor.doRun(NioEndpoint.java:1762)
		at org.apache.tomcat.util.net.SocketProcessorBase.run(SocketProcessorBase.java:49)
		at org.apache.tomcat.util.threads.ThreadPoolExecutor.runWorker(ThreadPoolExecutor.java:1191)
		at org.apache.tomcat.util.threads.ThreadPoolExecutor$Worker.run(ThreadPoolExecutor.java:659)
		at org.apache.tomcat.util.threads.TaskThread$WrappingRunnable.run(TaskThread.java:61)
		at java.base/java.lang.Thread.run(Thread.java:1570)
10-Jan-2025 19:43:52.198 INFORMATION [main] org.apache.catalina.core.ApplicationContext.log SessionListener: contextDestroyed()
10-Jan-2025 19:43:52.198 INFORMATION [main] org.apache.catalina.core.ApplicationContext.log ContextListener: contextDestroyed()
