04-Jan-2025 14:59:01.961 INFORMATION [main] org.apache.catalina.core.ApplicationContext.log ContextListener: contextInitialized()
04-Jan-2025 14:59:01.961 INFORMATION [main] org.apache.catalina.core.ApplicationContext.log SessionListener: contextInitialized()
04-Jan-2025 14:59:01.963 INFORMATION [main] org.apache.catalina.core.ApplicationContext.log ContextListener: attributeAdded('StockTicker', 'async.Stockticker@61861a29')
04-Jan-2025 14:59:59.867 INFORMATION [main] org.apache.catalina.core.ApplicationContext.log SessionListener: contextDestroyed()
04-Jan-2025 14:59:59.867 INFORMATION [main] org.apache.catalina.core.ApplicationContext.log ContextListener: contextDestroyed()
04-Jan-2025 15:01:58.130 INFORMATION [main] org.apache.catalina.core.ApplicationContext.log ContextListener: contextInitialized()
04-Jan-2025 15:01:58.130 INFORMATION [main] org.apache.catalina.core.ApplicationContext.log SessionListener: contextInitialized()
04-Jan-2025 15:01:58.132 INFORMATION [main] org.apache.catalina.core.ApplicationContext.log ContextListener: attributeAdded('StockTicker', 'async.Stockticker@7c041b41')
04-Jan-2025 15:02:18.177 INFORMATION [main] org.apache.catalina.core.ApplicationContext.log SessionListener: contextDestroyed()
04-Jan-2025 15:02:18.177 INFORMATION [main] org.apache.catalina.core.ApplicationContext.log ContextListener: contextDestroyed()
04-Jan-2025 15:09:59.291 INFORMATION [main] org.apache.catalina.core.ApplicationContext.log ContextListener: contextInitialized()
04-Jan-2025 15:09:59.291 INFORMATION [main] org.apache.catalina.core.ApplicationContext.log SessionListener: contextInitialized()
04-Jan-2025 15:09:59.292 INFORMATION [main] org.apache.catalina.core.ApplicationContext.log ContextListener: attributeAdded('StockTicker', 'async.Stockticker@4e3a6c83')
04-Jan-2025 15:10:52.264 INFORMATION [main] org.apache.catalina.core.ApplicationContext.log SessionListener: contextDestroyed()
04-Jan-2025 15:10:52.264 INFORMATION [main] org.apache.catalina.core.ApplicationContext.log ContextListener: contextDestroyed()
04-Jan-2025 19:53:00.515 INFORMATION [main] org.apache.catalina.core.ApplicationContext.log ContextListener: contextInitialized()
04-Jan-2025 19:53:00.515 INFORMATION [main] org.apache.catalina.core.ApplicationContext.log SessionListener: contextInitialized()
04-Jan-2025 19:53:00.516 INFORMATION [main] org.apache.catalina.core.ApplicationContext.log ContextListener: attributeAdded('StockTicker', 'async.Stockticker@6c2fea95')
04-Jan-2025 19:55:54.744 INFORMATION [main] org.apache.catalina.core.ApplicationContext.log SessionListener: contextDestroyed()
04-Jan-2025 19:55:54.744 INFORMATION [main] org.apache.catalina.core.ApplicationContext.log ContextListener: contextDestroyed()
