17-Jan-2025 16:20:35.893 INFORMATION [main] org.apache.catalina.core.ApplicationContext.log ContextListener: contextInitialized()
17-Jan-2025 16:20:35.893 INFORMATION [main] org.apache.catalina.core.ApplicationContext.log SessionListener: contextInitialized()
17-Jan-2025 16:20:35.894 INFORMATION [main] org.apache.catalina.core.ApplicationContext.log ContextListener: attributeAdded('StockTicker', 'async.Stockticker@64829470')
17-Jan-2025 16:21:25.882 INFORMATION [main] org.apache.catalina.core.ApplicationContext.log SessionListener: contextDestroyed()
17-Jan-2025 16:21:25.882 INFORMATION [main] org.apache.catalina.core.ApplicationContext.log ContextListener: contextDestroyed()
17-Jan-2025 16:22:12.760 INFORMATION [main] org.apache.catalina.core.ApplicationContext.log ContextListener: contextInitialized()
17-Jan-2025 16:22:12.760 INFORMATION [main] org.apache.catalina.core.ApplicationContext.log SessionListener: contextInitialized()
17-Jan-2025 16:22:12.761 INFORMATION [main] org.apache.catalina.core.ApplicationContext.log ContextListener: attributeAdded('StockTicker', 'async.Stockticker@61aa6300')
17-Jan-2025 16:28:25.117 INFORMATION [main] org.apache.catalina.core.ApplicationContext.log SessionListener: contextDestroyed()
17-Jan-2025 16:28:25.117 INFORMATION [main] org.apache.catalina.core.ApplicationContext.log ContextListener: contextDestroyed()
17-Jan-2025 16:30:31.461 INFORMATION [main] org.apache.catalina.core.ApplicationContext.log ContextListener: contextInitialized()
17-Jan-2025 16:30:31.461 INFORMATION [main] org.apache.catalina.core.ApplicationContext.log SessionListener: contextInitialized()
17-Jan-2025 16:30:31.462 INFORMATION [main] org.apache.catalina.core.ApplicationContext.log ContextListener: attributeAdded('StockTicker', 'async.Stockticker@24a7725d')
17-Jan-2025 16:31:36.582 INFORMATION [main] org.apache.catalina.core.ApplicationContext.log SessionListener: contextDestroyed()
17-Jan-2025 16:31:36.582 INFORMATION [main] org.apache.catalina.core.ApplicationContext.log ContextListener: contextDestroyed()
17-Jan-2025 16:59:06.564 INFORMATION [main] org.apache.catalina.core.ApplicationContext.log ContextListener: contextInitialized()
17-Jan-2025 16:59:06.564 INFORMATION [main] org.apache.catalina.core.ApplicationContext.log SessionListener: contextInitialized()
17-Jan-2025 16:59:06.565 INFORMATION [main] org.apache.catalina.core.ApplicationContext.log ContextListener: attributeAdded('StockTicker', 'async.Stockticker@5020b59f')
17-Jan-2025 16:59:10.238 SCHWERWIEGEND [http-nio-8080-exec-8] org.apache.catalina.core.StandardWrapperValve.invoke Servlet.service() for servlet [FacesServlet] in context with path [] threw exception [Error Parsing /registrierung.xhtml: Error Traced[line: 24] Elementtyp "p:ajax" muss mit dem entsprechenden Endtag "</p:ajax>" beendet werden.] with root cause
	jakarta.faces.view.facelets.FaceletException: Error Parsing /registrierung.xhtml: Error Traced[line: 24] Elementtyp "p:ajax" muss mit dem entsprechenden Endtag "</p:ajax>" beendet werden.
		at com.sun.faces.facelets.compiler.SAXCompiler.doCompile(SAXCompiler.java:403)
		at com.sun.faces.facelets.compiler.SAXCompiler.doMetadataCompile(SAXCompiler.java:391)
		at com.sun.faces.facelets.compiler.Compiler.metadataCompile(Compiler.java:84)
		at com.sun.faces.facelets.impl.DefaultFaceletFactory.createMetadataFacelet(DefaultFaceletFactory.java:422)
		at com.sun.faces.facelets.impl.DefaultFaceletFactory.lambda$initCache$1(DefaultFaceletFactory.java:153)
		at com.sun.faces.facelets.impl.DefaultFaceletCache.lambda$new$1(DefaultFaceletCache.java:65)
		at com.sun.faces.util.ExpiringConcurrentCache.lambda$get$0(ExpiringConcurrentCache.java:75)
		at java.base/java.util.concurrent.FutureTask.run(FutureTask.java:317)
		at com.sun.faces.util.ExpiringConcurrentCache.get(ExpiringConcurrentCache.java:88)
		at com.sun.faces.facelets.impl.DefaultFaceletCache.getViewMetadataFacelet(DefaultFaceletCache.java:106)
		at com.sun.faces.facelets.impl.DefaultFaceletCache.getViewMetadataFacelet(DefaultFaceletCache.java:36)
		at com.sun.faces.facelets.impl.DefaultFaceletFactory.getMetadataFacelet(DefaultFaceletFactory.java:247)
		at com.sun.faces.facelets.impl.DefaultFaceletFactory.getMetadataFacelet(DefaultFaceletFactory.java:181)
		at com.sun.faces.application.view.ViewMetadataImpl.createMetadataView(ViewMetadataImpl.java:116)
		at com.sun.faces.lifecycle.RestoreViewPhase.execute(RestoreViewPhase.java:188)
		at com.sun.faces.lifecycle.Phase.doPhase(Phase.java:72)
		at com.sun.faces.lifecycle.RestoreViewPhase.doPhase(RestoreViewPhase.java:92)
		at com.sun.faces.lifecycle.LifecycleImpl.execute(LifecycleImpl.java:159)
		at jakarta.faces.webapp.FacesServlet.executeLifecyle(FacesServlet.java:677)
		at jakarta.faces.webapp.FacesServlet.service(FacesServlet.java:435)
		at org.apache.catalina.core.ApplicationFilterChain.internalDoFilter(ApplicationFilterChain.java:223)
		at org.apache.catalina.core.ApplicationFilterChain.doFilter(ApplicationFilterChain.java:158)
		at org.apache.tomcat.websocket.server.WsFilter.doFilter(WsFilter.java:53)
		at org.apache.catalina.core.ApplicationFilterChain.internalDoFilter(ApplicationFilterChain.java:185)
		at org.apache.catalina.core.ApplicationFilterChain.doFilter(ApplicationFilterChain.java:158)
		at org.apache.catalina.core.StandardWrapperValve.invoke(StandardWrapperValve.java:197)
		at org.apache.catalina.core.StandardContextValve.invoke(StandardContextValve.java:97)
		at org.apache.catalina.authenticator.AuthenticatorBase.invoke(AuthenticatorBase.java:542)
		at org.apache.catalina.core.StandardHostValve.invoke(StandardHostValve.java:119)
		at org.apache.catalina.valves.ErrorReportValve.invoke(ErrorReportValve.java:92)
		at org.apache.catalina.valves.AbstractAccessLogValve.invoke(AbstractAccessLogValve.java:690)
		at org.apache.catalina.core.StandardEngineValve.invoke(StandardEngineValve.java:78)
		at org.apache.catalina.connector.CoyoteAdapter.service(CoyoteAdapter.java:356)
		at org.apache.coyote.http11.Http11Processor.service(Http11Processor.java:399)
		at org.apache.coyote.AbstractProcessorLight.process(AbstractProcessorLight.java:65)
		at org.apache.coyote.AbstractProtocol$ConnectionHandler.process(AbstractProtocol.java:870)
		at org.apache.tomcat.util.net.NioEndpoint$SocketProcessor.doRun(NioEndpoint.java:1762)
		at org.apache.tomcat.util.net.SocketProcessorBase.run(SocketProcessorBase.java:49)
		at org.apache.tomcat.util.threads.ThreadPoolExecutor.runWorker(ThreadPoolExecutor.java:1191)
		at org.apache.tomcat.util.threads.ThreadPoolExecutor$Worker.run(ThreadPoolExecutor.java:659)
		at org.apache.tomcat.util.threads.TaskThread$WrappingRunnable.run(TaskThread.java:61)
		at java.base/java.lang.Thread.run(Thread.java:1570)
17-Jan-2025 17:05:28.301 INFORMATION [main] org.apache.catalina.core.ApplicationContext.log SessionListener: contextDestroyed()
17-Jan-2025 17:05:28.301 INFORMATION [main] org.apache.catalina.core.ApplicationContext.log ContextListener: contextDestroyed()
17-Jan-2025 17:05:38.750 INFORMATION [main] org.apache.catalina.core.ApplicationContext.log ContextListener: contextInitialized()
17-Jan-2025 17:05:38.750 INFORMATION [main] org.apache.catalina.core.ApplicationContext.log SessionListener: contextInitialized()
17-Jan-2025 17:05:38.751 INFORMATION [main] org.apache.catalina.core.ApplicationContext.log ContextListener: attributeAdded('StockTicker', 'async.Stockticker@66d6e50b')
17-Jan-2025 17:05:42.415 SCHWERWIEGEND [http-nio-8080-exec-2] org.apache.catalina.core.StandardWrapperValve.invoke Servlet.service() for servlet [FacesServlet] in context with path [] threw exception [class PersonStatus cannot be cast to class jakarta.faces.model.SelectItem (PersonStatus and jakarta.faces.model.SelectItem are in unnamed module of loader org.apache.catalina.loader.ParallelWebappClassLoader @366c481)] with root cause
	java.lang.ClassCastException: class PersonStatus cannot be cast to class jakarta.faces.model.SelectItem (PersonStatus and jakarta.faces.model.SelectItem are in unnamed module of loader org.apache.catalina.loader.ParallelWebappClassLoader @366c481)
		at com.sun.faces.renderkit.SelectItemsIterator.initializeItems(SelectItemsIterator.java:172)
		at com.sun.faces.renderkit.SelectItemsIterator.hasNext(SelectItemsIterator.java:110)
		at com.sun.faces.renderkit.html_basic.SelectManyCheckboxListRenderer.encodeEnd(SelectManyCheckboxListRenderer.java:86)
		at com.sun.faces.renderkit.html_basic.RadioRenderer.encodeEnd(RadioRenderer.java:107)
		at jakarta.faces.component.UIComponentBase.encodeEnd(UIComponentBase.java:583)
		at com.sun.faces.renderkit.html_basic.HtmlBasicRenderer.encodeRecursive(HtmlBasicRenderer.java:275)
		at com.sun.faces.renderkit.html_basic.GridRenderer.renderRow(GridRenderer.java:143)
		at com.sun.faces.renderkit.html_basic.GridRenderer.encodeChildren(GridRenderer.java:97)
		at jakarta.faces.component.UIComponentBase.encodeChildren(UIComponentBase.java:554)
		at jakarta.faces.component.UIComponent.encodeAll(UIComponent.java:1545)
		at jakarta.faces.render.Renderer.encodeChildren(Renderer.java:145)
		at jakarta.faces.component.UIComponentBase.encodeChildren(UIComponentBase.java:554)
		at jakarta.faces.component.UIComponent.encodeAll(UIComponent.java:1545)
		at jakarta.faces.component.UIComponent.encodeAll(UIComponent.java:1548)
		at jakarta.faces.component.UIComponent.encodeAll(UIComponent.java:1548)
		at com.sun.faces.application.view.FaceletViewHandlingStrategy.renderView(FaceletViewHandlingStrategy.java:448)
		at com.sun.faces.application.view.MultiViewHandler.renderView(MultiViewHandler.java:161)
		at jakarta.faces.application.ViewHandlerWrapper.renderView(ViewHandlerWrapper.java:125)
		at com.sun.faces.lifecycle.RenderResponsePhase.execute(RenderResponsePhase.java:93)
		at com.sun.faces.lifecycle.Phase.doPhase(Phase.java:72)
		at com.sun.faces.lifecycle.LifecycleImpl.render(LifecycleImpl.java:178)
		at jakarta.faces.webapp.FacesServlet.executeLifecyle(FacesServlet.java:678)
		at jakarta.faces.webapp.FacesServlet.service(FacesServlet.java:435)
		at org.apache.catalina.core.ApplicationFilterChain.internalDoFilter(ApplicationFilterChain.java:223)
		at org.apache.catalina.core.ApplicationFilterChain.doFilter(ApplicationFilterChain.java:158)
		at org.apache.tomcat.websocket.server.WsFilter.doFilter(WsFilter.java:53)
		at org.apache.catalina.core.ApplicationFilterChain.internalDoFilter(ApplicationFilterChain.java:185)
		at org.apache.catalina.core.ApplicationFilterChain.doFilter(ApplicationFilterChain.java:158)
		at org.apache.catalina.core.StandardWrapperValve.invoke(StandardWrapperValve.java:197)
		at org.apache.catalina.core.StandardContextValve.invoke(StandardContextValve.java:97)
		at org.apache.catalina.authenticator.AuthenticatorBase.invoke(AuthenticatorBase.java:542)
		at org.apache.catalina.core.StandardHostValve.invoke(StandardHostValve.java:119)
		at org.apache.catalina.valves.ErrorReportValve.invoke(ErrorReportValve.java:92)
		at org.apache.catalina.valves.AbstractAccessLogValve.invoke(AbstractAccessLogValve.java:690)
		at org.apache.catalina.core.StandardEngineValve.invoke(StandardEngineValve.java:78)
		at org.apache.catalina.connector.CoyoteAdapter.service(CoyoteAdapter.java:356)
		at org.apache.coyote.http11.Http11Processor.service(Http11Processor.java:399)
		at org.apache.coyote.AbstractProcessorLight.process(AbstractProcessorLight.java:65)
		at org.apache.coyote.AbstractProtocol$ConnectionHandler.process(AbstractProtocol.java:870)
		at org.apache.tomcat.util.net.NioEndpoint$SocketProcessor.doRun(NioEndpoint.java:1762)
		at org.apache.tomcat.util.net.SocketProcessorBase.run(SocketProcessorBase.java:49)
		at org.apache.tomcat.util.threads.ThreadPoolExecutor.runWorker(ThreadPoolExecutor.java:1191)
		at org.apache.tomcat.util.threads.ThreadPoolExecutor$Worker.run(ThreadPoolExecutor.java:659)
		at org.apache.tomcat.util.threads.TaskThread$WrappingRunnable.run(TaskThread.java:61)
		at java.base/java.lang.Thread.run(Thread.java:1570)
17-Jan-2025 17:23:20.481 INFORMATION [main] org.apache.catalina.core.ApplicationContext.log SessionListener: contextDestroyed()
17-Jan-2025 17:23:20.481 INFORMATION [main] org.apache.catalina.core.ApplicationContext.log ContextListener: contextDestroyed()
17-Jan-2025 17:23:31.116 INFORMATION [main] org.apache.catalina.core.ApplicationContext.log ContextListener: contextInitialized()
17-Jan-2025 17:23:31.116 INFORMATION [main] org.apache.catalina.core.ApplicationContext.log SessionListener: contextInitialized()
17-Jan-2025 17:23:31.117 INFORMATION [main] org.apache.catalina.core.ApplicationContext.log ContextListener: attributeAdded('StockTicker', 'async.Stockticker@7253c53')
17-Jan-2025 17:28:24.604 INFORMATION [main] org.apache.catalina.core.ApplicationContext.log SessionListener: contextDestroyed()
17-Jan-2025 17:28:24.604 INFORMATION [main] org.apache.catalina.core.ApplicationContext.log ContextListener: contextDestroyed()
17-Jan-2025 17:28:35.254 INFORMATION [main] org.apache.catalina.core.ApplicationContext.log ContextListener: contextInitialized()
17-Jan-2025 17:28:35.254 INFORMATION [main] org.apache.catalina.core.ApplicationContext.log SessionListener: contextInitialized()
17-Jan-2025 17:28:35.255 INFORMATION [main] org.apache.catalina.core.ApplicationContext.log ContextListener: attributeAdded('StockTicker', 'async.Stockticker@7ec8db0c')
17-Jan-2025 17:32:28.154 INFORMATION [main] org.apache.catalina.core.ApplicationContext.log SessionListener: contextDestroyed()
17-Jan-2025 17:32:28.154 INFORMATION [main] org.apache.catalina.core.ApplicationContext.log ContextListener: contextDestroyed()
17-Jan-2025 17:32:40.416 INFORMATION [main] org.apache.catalina.core.ApplicationContext.log ContextListener: contextInitialized()
17-Jan-2025 17:32:40.416 INFORMATION [main] org.apache.catalina.core.ApplicationContext.log SessionListener: contextInitialized()
17-Jan-2025 17:32:40.418 INFORMATION [main] org.apache.catalina.core.ApplicationContext.log ContextListener: attributeAdded('StockTicker', 'async.Stockticker@3702d0ed')
17-Jan-2025 17:43:14.073 INFORMATION [main] org.apache.catalina.core.ApplicationContext.log SessionListener: contextDestroyed()
17-Jan-2025 17:43:14.073 INFORMATION [main] org.apache.catalina.core.ApplicationContext.log ContextListener: contextDestroyed()
17-Jan-2025 17:43:26.659 INFORMATION [main] org.apache.catalina.core.ApplicationContext.log ContextListener: contextInitialized()
17-Jan-2025 17:43:26.659 INFORMATION [main] org.apache.catalina.core.ApplicationContext.log SessionListener: contextInitialized()
17-Jan-2025 17:43:26.660 INFORMATION [main] org.apache.catalina.core.ApplicationContext.log ContextListener: attributeAdded('StockTicker', 'async.Stockticker@2e09e367')
17-Jan-2025 17:46:03.779 INFORMATION [main] org.apache.catalina.core.ApplicationContext.log SessionListener: contextDestroyed()
17-Jan-2025 17:46:03.779 INFORMATION [main] org.apache.catalina.core.ApplicationContext.log ContextListener: contextDestroyed()
17-Jan-2025 17:46:13.560 INFORMATION [main] org.apache.catalina.core.ApplicationContext.log ContextListener: contextInitialized()
17-Jan-2025 17:46:13.560 INFORMATION [main] org.apache.catalina.core.ApplicationContext.log SessionListener: contextInitialized()
17-Jan-2025 17:46:13.562 INFORMATION [main] org.apache.catalina.core.ApplicationContext.log ContextListener: attributeAdded('StockTicker', 'async.Stockticker@7253c53')
17-Jan-2025 17:48:59.679 INFORMATION [main] org.apache.catalina.core.ApplicationContext.log SessionListener: contextDestroyed()
17-Jan-2025 17:48:59.679 INFORMATION [main] org.apache.catalina.core.ApplicationContext.log ContextListener: contextDestroyed()
17-Jan-2025 17:49:08.684 INFORMATION [main] org.apache.catalina.core.ApplicationContext.log ContextListener: contextInitialized()
17-Jan-2025 17:49:08.684 INFORMATION [main] org.apache.catalina.core.ApplicationContext.log SessionListener: contextInitialized()
17-Jan-2025 17:49:08.685 INFORMATION [main] org.apache.catalina.core.ApplicationContext.log ContextListener: attributeAdded('StockTicker', 'async.Stockticker@75db328e')
17-Jan-2025 17:49:11.363 SCHWERWIEGEND [http-nio-8080-exec-7] org.apache.catalina.core.StandardWrapperValve.invoke Servlet.service() for servlet [FacesServlet] in context with path [] threw exception [/registrierung.xhtml @23,101 <p:ajax> Event:onclick is not supported.] with root cause
	jakarta.faces.view.facelets.TagException: /registrierung.xhtml @23,101 <p:ajax> Event:onclick is not supported.
		at org.primefaces.behavior.base.AbstractBehaviorHandler.applyAttachedObject(AbstractBehaviorHandler.java:197)
		at org.primefaces.behavior.base.AbstractBehaviorHandler.apply(AbstractBehaviorHandler.java:133)
		at jakarta.faces.view.facelets.CompositeFaceletHandler.apply(CompositeFaceletHandler.java:55)
		at jakarta.faces.view.facelets.DelegatingMetaTagHandler.applyNextHandler(DelegatingMetaTagHandler.java:132)
		at com.sun.faces.facelets.tag.faces.ComponentTagHandlerDelegateImpl.apply(ComponentTagHandlerDelegateImpl.java:177)
		at jakarta.faces.view.facelets.DelegatingMetaTagHandler.apply(DelegatingMetaTagHandler.java:107)
		at jakarta.faces.view.facelets.CompositeFaceletHandler.apply(CompositeFaceletHandler.java:55)
		at jakarta.faces.view.facelets.DelegatingMetaTagHandler.applyNextHandler(DelegatingMetaTagHandler.java:132)
		at com.sun.faces.facelets.tag.faces.ComponentTagHandlerDelegateImpl.apply(ComponentTagHandlerDelegateImpl.java:177)
		at jakarta.faces.view.facelets.DelegatingMetaTagHandler.apply(DelegatingMetaTagHandler.java:107)
		at jakarta.faces.view.facelets.DelegatingMetaTagHandler.applyNextHandler(DelegatingMetaTagHandler.java:132)
		at com.sun.faces.facelets.tag.faces.ComponentTagHandlerDelegateImpl.apply(ComponentTagHandlerDelegateImpl.java:177)
		at jakarta.faces.view.facelets.DelegatingMetaTagHandler.apply(DelegatingMetaTagHandler.java:107)
		at jakarta.faces.view.facelets.CompositeFaceletHandler.apply(CompositeFaceletHandler.java:55)
		at jakarta.faces.view.facelets.DelegatingMetaTagHandler.applyNextHandler(DelegatingMetaTagHandler.java:132)
		at com.sun.faces.facelets.tag.faces.ComponentTagHandlerDelegateImpl.apply(ComponentTagHandlerDelegateImpl.java:177)
		at jakarta.faces.view.facelets.DelegatingMetaTagHandler.apply(DelegatingMetaTagHandler.java:107)
		at jakarta.faces.view.facelets.CompositeFaceletHandler.apply(CompositeFaceletHandler.java:55)
		at com.sun.faces.facelets.compiler.NamespaceHandler.apply(NamespaceHandler.java:52)
		at com.sun.faces.facelets.compiler.EncodingHandler.apply(EncodingHandler.java:46)
		at com.sun.faces.facelets.impl.DefaultFacelet.apply(DefaultFacelet.java:124)
		at com.sun.faces.application.view.FaceletViewHandlingStrategy.buildView(FaceletViewHandlingStrategy.java:328)
		at com.sun.faces.lifecycle.RenderResponsePhase.execute(RenderResponsePhase.java:70)
		at com.sun.faces.lifecycle.Phase.doPhase(Phase.java:72)
		at com.sun.faces.lifecycle.LifecycleImpl.render(LifecycleImpl.java:178)
		at jakarta.faces.webapp.FacesServlet.executeLifecyle(FacesServlet.java:678)
		at jakarta.faces.webapp.FacesServlet.service(FacesServlet.java:435)
		at org.apache.catalina.core.ApplicationFilterChain.internalDoFilter(ApplicationFilterChain.java:223)
		at org.apache.catalina.core.ApplicationFilterChain.doFilter(ApplicationFilterChain.java:158)
		at org.apache.tomcat.websocket.server.WsFilter.doFilter(WsFilter.java:53)
		at org.apache.catalina.core.ApplicationFilterChain.internalDoFilter(ApplicationFilterChain.java:185)
		at org.apache.catalina.core.ApplicationFilterChain.doFilter(ApplicationFilterChain.java:158)
		at org.apache.catalina.core.StandardWrapperValve.invoke(StandardWrapperValve.java:197)
		at org.apache.catalina.core.StandardContextValve.invoke(StandardContextValve.java:97)
		at org.apache.catalina.authenticator.AuthenticatorBase.invoke(AuthenticatorBase.java:542)
		at org.apache.catalina.core.StandardHostValve.invoke(StandardHostValve.java:119)
		at org.apache.catalina.valves.ErrorReportValve.invoke(ErrorReportValve.java:92)
		at org.apache.catalina.valves.AbstractAccessLogValve.invoke(AbstractAccessLogValve.java:690)
		at org.apache.catalina.core.StandardEngineValve.invoke(StandardEngineValve.java:78)
		at org.apache.catalina.connector.CoyoteAdapter.service(CoyoteAdapter.java:356)
		at org.apache.coyote.http11.Http11Processor.service(Http11Processor.java:399)
		at org.apache.coyote.AbstractProcessorLight.process(AbstractProcessorLight.java:65)
		at org.apache.coyote.AbstractProtocol$ConnectionHandler.process(AbstractProtocol.java:870)
		at org.apache.tomcat.util.net.NioEndpoint$SocketProcessor.doRun(NioEndpoint.java:1762)
		at org.apache.tomcat.util.net.SocketProcessorBase.run(SocketProcessorBase.java:49)
		at org.apache.tomcat.util.threads.ThreadPoolExecutor.runWorker(ThreadPoolExecutor.java:1191)
		at org.apache.tomcat.util.threads.ThreadPoolExecutor$Worker.run(ThreadPoolExecutor.java:659)
		at org.apache.tomcat.util.threads.TaskThread$WrappingRunnable.run(TaskThread.java:61)
		at java.base/java.lang.Thread.run(Thread.java:1570)
17-Jan-2025 17:54:30.086 INFORMATION [main] org.apache.catalina.core.ApplicationContext.log SessionListener: contextDestroyed()
17-Jan-2025 17:54:30.086 INFORMATION [main] org.apache.catalina.core.ApplicationContext.log ContextListener: contextDestroyed()
17-Jan-2025 17:54:40.083 INFORMATION [main] org.apache.catalina.core.ApplicationContext.log ContextListener: contextInitialized()
17-Jan-2025 17:54:40.083 INFORMATION [main] org.apache.catalina.core.ApplicationContext.log SessionListener: contextInitialized()
17-Jan-2025 17:54:40.084 INFORMATION [main] org.apache.catalina.core.ApplicationContext.log ContextListener: attributeAdded('StockTicker', 'async.Stockticker@5a24390b')
17-Jan-2025 17:57:09.176 INFORMATION [main] org.apache.catalina.core.ApplicationContext.log SessionListener: contextDestroyed()
17-Jan-2025 17:57:09.176 INFORMATION [main] org.apache.catalina.core.ApplicationContext.log ContextListener: contextDestroyed()
17-Jan-2025 17:57:17.651 INFORMATION [main] org.apache.catalina.core.ApplicationContext.log ContextListener: contextInitialized()
17-Jan-2025 17:57:17.651 INFORMATION [main] org.apache.catalina.core.ApplicationContext.log SessionListener: contextInitialized()
17-Jan-2025 17:57:17.651 INFORMATION [main] org.apache.catalina.core.ApplicationContext.log ContextListener: attributeAdded('StockTicker', 'async.Stockticker@28ceb25e')
17-Jan-2025 18:01:09.957 INFORMATION [main] org.apache.catalina.core.ApplicationContext.log SessionListener: contextDestroyed()
17-Jan-2025 18:01:09.957 INFORMATION [main] org.apache.catalina.core.ApplicationContext.log ContextListener: contextDestroyed()
17-Jan-2025 18:01:18.796 INFORMATION [main] org.apache.catalina.core.ApplicationContext.log ContextListener: contextInitialized()
17-Jan-2025 18:01:18.796 INFORMATION [main] org.apache.catalina.core.ApplicationContext.log SessionListener: contextInitialized()
17-Jan-2025 18:01:18.797 INFORMATION [main] org.apache.catalina.core.ApplicationContext.log ContextListener: attributeAdded('StockTicker', 'async.Stockticker@2213854b')
17-Jan-2025 18:03:08.006 INFORMATION [main] org.apache.catalina.core.ApplicationContext.log SessionListener: contextDestroyed()
17-Jan-2025 18:03:08.006 INFORMATION [main] org.apache.catalina.core.ApplicationContext.log ContextListener: contextDestroyed()
17-Jan-2025 18:03:17.041 INFORMATION [main] org.apache.catalina.core.ApplicationContext.log ContextListener: contextInitialized()
17-Jan-2025 18:03:17.041 INFORMATION [main] org.apache.catalina.core.ApplicationContext.log SessionListener: contextInitialized()
17-Jan-2025 18:03:17.042 INFORMATION [main] org.apache.catalina.core.ApplicationContext.log ContextListener: attributeAdded('StockTicker', 'async.Stockticker@66d6e50b')
17-Jan-2025 18:13:18.048 INFORMATION [main] org.apache.catalina.core.ApplicationContext.log SessionListener: contextDestroyed()
17-Jan-2025 18:13:18.048 INFORMATION [main] org.apache.catalina.core.ApplicationContext.log ContextListener: contextDestroyed()
17-Jan-2025 18:13:26.840 INFORMATION [main] org.apache.catalina.core.ApplicationContext.log ContextListener: contextInitialized()
17-Jan-2025 18:13:26.840 INFORMATION [main] org.apache.catalina.core.ApplicationContext.log SessionListener: contextInitialized()
17-Jan-2025 18:13:26.841 INFORMATION [main] org.apache.catalina.core.ApplicationContext.log ContextListener: attributeAdded('StockTicker', 'async.Stockticker@77e5c765')
17-Jan-2025 18:15:36.889 INFORMATION [main] org.apache.catalina.core.ApplicationContext.log SessionListener: contextDestroyed()
17-Jan-2025 18:15:36.889 INFORMATION [main] org.apache.catalina.core.ApplicationContext.log ContextListener: contextDestroyed()
17-Jan-2025 18:15:46.503 INFORMATION [main] org.apache.catalina.core.ApplicationContext.log ContextListener: contextInitialized()
17-Jan-2025 18:15:46.503 INFORMATION [main] org.apache.catalina.core.ApplicationContext.log SessionListener: contextInitialized()
17-Jan-2025 18:15:46.503 INFORMATION [main] org.apache.catalina.core.ApplicationContext.log ContextListener: attributeAdded('StockTicker', 'async.Stockticker@29d33f1')
17-Jan-2025 18:28:01.713 INFORMATION [main] org.apache.catalina.core.ApplicationContext.log SessionListener: contextDestroyed()
17-Jan-2025 18:28:01.714 INFORMATION [main] org.apache.catalina.core.ApplicationContext.log ContextListener: contextDestroyed()
17-Jan-2025 18:29:01.287 INFORMATION [main] org.apache.catalina.core.ApplicationContext.log ContextListener: contextInitialized()
17-Jan-2025 18:29:01.287 INFORMATION [main] org.apache.catalina.core.ApplicationContext.log SessionListener: contextInitialized()
17-Jan-2025 18:29:01.288 INFORMATION [main] org.apache.catalina.core.ApplicationContext.log ContextListener: attributeAdded('StockTicker', 'async.Stockticker@28ceb25e')
17-Jan-2025 18:31:28.107 INFORMATION [main] org.apache.catalina.core.ApplicationContext.log SessionListener: contextDestroyed()
17-Jan-2025 18:31:28.107 INFORMATION [main] org.apache.catalina.core.ApplicationContext.log ContextListener: contextDestroyed()
17-Jan-2025 18:31:36.550 INFORMATION [main] org.apache.catalina.core.ApplicationContext.log ContextListener: contextInitialized()
17-Jan-2025 18:31:36.550 INFORMATION [main] org.apache.catalina.core.ApplicationContext.log SessionListener: contextInitialized()
17-Jan-2025 18:31:36.551 INFORMATION [main] org.apache.catalina.core.ApplicationContext.log ContextListener: attributeAdded('StockTicker', 'async.Stockticker@75db328e')
17-Jan-2025 18:33:35.240 INFORMATION [main] org.apache.catalina.core.ApplicationContext.log SessionListener: contextDestroyed()
17-Jan-2025 18:33:35.240 INFORMATION [main] org.apache.catalina.core.ApplicationContext.log ContextListener: contextDestroyed()
17-Jan-2025 18:33:43.675 INFORMATION [main] org.apache.catalina.core.ApplicationContext.log ContextListener: contextInitialized()
17-Jan-2025 18:33:43.675 INFORMATION [main] org.apache.catalina.core.ApplicationContext.log SessionListener: contextInitialized()
17-Jan-2025 18:33:43.676 INFORMATION [main] org.apache.catalina.core.ApplicationContext.log ContextListener: attributeAdded('StockTicker', 'async.Stockticker@64829470')
17-Jan-2025 18:35:31.472 INFORMATION [main] org.apache.catalina.core.ApplicationContext.log SessionListener: contextDestroyed()
17-Jan-2025 18:35:31.472 INFORMATION [main] org.apache.catalina.core.ApplicationContext.log ContextListener: contextDestroyed()
17-Jan-2025 18:35:41.471 INFORMATION [main] org.apache.catalina.core.ApplicationContext.log ContextListener: contextInitialized()
17-Jan-2025 18:35:41.471 INFORMATION [main] org.apache.catalina.core.ApplicationContext.log SessionListener: contextInitialized()
17-Jan-2025 18:35:41.472 INFORMATION [main] org.apache.catalina.core.ApplicationContext.log ContextListener: attributeAdded('StockTicker', 'async.Stockticker@5a24390b')
17-Jan-2025 18:38:47.321 INFORMATION [main] org.apache.catalina.core.ApplicationContext.log SessionListener: contextDestroyed()
17-Jan-2025 18:38:47.322 INFORMATION [main] org.apache.catalina.core.ApplicationContext.log ContextListener: contextDestroyed()
17-Jan-2025 18:38:55.962 INFORMATION [main] org.apache.catalina.core.ApplicationContext.log ContextListener: contextInitialized()
17-Jan-2025 18:38:55.962 INFORMATION [main] org.apache.catalina.core.ApplicationContext.log SessionListener: contextInitialized()
17-Jan-2025 18:38:55.963 INFORMATION [main] org.apache.catalina.core.ApplicationContext.log ContextListener: attributeAdded('StockTicker', 'async.Stockticker@41d53813')
17-Jan-2025 18:49:43.163 INFORMATION [main] org.apache.catalina.core.ApplicationContext.log SessionListener: contextDestroyed()
17-Jan-2025 18:49:43.163 INFORMATION [main] org.apache.catalina.core.ApplicationContext.log ContextListener: contextDestroyed()
17-Jan-2025 18:49:53.971 INFORMATION [main] org.apache.catalina.core.ApplicationContext.log ContextListener: contextInitialized()
17-Jan-2025 18:49:53.972 INFORMATION [main] org.apache.catalina.core.ApplicationContext.log SessionListener: contextInitialized()
17-Jan-2025 18:49:53.972 INFORMATION [main] org.apache.catalina.core.ApplicationContext.log ContextListener: attributeAdded('StockTicker', 'async.Stockticker@66d6e50b')
17-Jan-2025 18:54:48.239 INFORMATION [main] org.apache.catalina.core.ApplicationContext.log SessionListener: contextDestroyed()
17-Jan-2025 18:54:48.240 INFORMATION [main] org.apache.catalina.core.ApplicationContext.log ContextListener: contextDestroyed()
17-Jan-2025 18:55:00.818 INFORMATION [main] org.apache.catalina.core.ApplicationContext.log ContextListener: contextInitialized()
17-Jan-2025 18:55:00.818 INFORMATION [main] org.apache.catalina.core.ApplicationContext.log SessionListener: contextInitialized()
17-Jan-2025 18:55:00.819 INFORMATION [main] org.apache.catalina.core.ApplicationContext.log ContextListener: attributeAdded('StockTicker', 'async.Stockticker@63062eea')
17-Jan-2025 19:00:55.478 INFORMATION [main] org.apache.catalina.core.ApplicationContext.log SessionListener: contextDestroyed()
17-Jan-2025 19:00:55.478 INFORMATION [main] org.apache.catalina.core.ApplicationContext.log ContextListener: contextDestroyed()
17-Jan-2025 19:01:08.089 INFORMATION [main] org.apache.catalina.core.ApplicationContext.log ContextListener: contextInitialized()
17-Jan-2025 19:01:08.089 INFORMATION [main] org.apache.catalina.core.ApplicationContext.log SessionListener: contextInitialized()
17-Jan-2025 19:01:08.090 INFORMATION [main] org.apache.catalina.core.ApplicationContext.log ContextListener: attributeAdded('StockTicker', 'async.Stockticker@66d6e50b')
17-Jan-2025 19:12:25.999 INFORMATION [main] org.apache.catalina.core.ApplicationContext.log SessionListener: contextDestroyed()
17-Jan-2025 19:12:25.999 INFORMATION [main] org.apache.catalina.core.ApplicationContext.log ContextListener: contextDestroyed()
17-Jan-2025 19:12:40.552 INFORMATION [main] org.apache.catalina.core.ApplicationContext.log ContextListener: contextInitialized()
17-Jan-2025 19:12:40.552 INFORMATION [main] org.apache.catalina.core.ApplicationContext.log SessionListener: contextInitialized()
17-Jan-2025 19:12:40.553 INFORMATION [main] org.apache.catalina.core.ApplicationContext.log ContextListener: attributeAdded('StockTicker', 'async.Stockticker@2e09e367')
17-Jan-2025 19:12:44.726 SCHWERWIEGEND [http-nio-8080-exec-7] org.apache.catalina.core.StandardWrapperValve.invoke Servlet.service() for servlet [FacesServlet] in context with path [] threw exception [Error Parsing /registrierung.xhtml: Error Traced[line: 26] Elementtyp "h:panelGrid" muss mit dem entsprechenden Endtag "</h:panelGrid>" beendet werden.] with root cause
	jakarta.faces.view.facelets.FaceletException: Error Parsing /registrierung.xhtml: Error Traced[line: 26] Elementtyp "h:panelGrid" muss mit dem entsprechenden Endtag "</h:panelGrid>" beendet werden.
		at com.sun.faces.facelets.compiler.SAXCompiler.doCompile(SAXCompiler.java:403)
		at com.sun.faces.facelets.compiler.SAXCompiler.doCompile(SAXCompiler.java:382)
		at com.sun.faces.facelets.compiler.Compiler.compile(Compiler.java:79)
		at com.sun.faces.facelets.impl.DefaultFaceletFactory.createFacelet(DefaultFaceletFactory.java:407)
		at com.sun.faces.facelets.impl.DefaultFaceletFactory.lambda$initCache$0(DefaultFaceletFactory.java:152)
		at com.sun.faces.facelets.impl.DefaultFaceletCache.lambda$new$0(DefaultFaceletCache.java:58)
		at com.sun.faces.util.ExpiringConcurrentCache.lambda$get$0(ExpiringConcurrentCache.java:75)
		at java.base/java.util.concurrent.FutureTask.run(FutureTask.java:317)
		at com.sun.faces.util.ExpiringConcurrentCache.get(ExpiringConcurrentCache.java:88)
		at com.sun.faces.facelets.impl.DefaultFaceletCache.getFacelet(DefaultFaceletCache.java:85)
		at com.sun.faces.facelets.impl.DefaultFaceletCache.getFacelet(DefaultFaceletCache.java:36)
		at com.sun.faces.facelets.impl.DefaultFaceletFactory.getFacelet(DefaultFaceletFactory.java:226)
		at com.sun.faces.facelets.impl.DefaultFaceletFactory.getFacelet(DefaultFaceletFactory.java:175)
		at com.sun.faces.application.view.FaceletViewHandlingStrategy.buildView(FaceletViewHandlingStrategy.java:322)
		at com.sun.faces.lifecycle.RenderResponsePhase.execute(RenderResponsePhase.java:70)
		at com.sun.faces.lifecycle.Phase.doPhase(Phase.java:72)
		at com.sun.faces.lifecycle.LifecycleImpl.render(LifecycleImpl.java:178)
		at jakarta.faces.webapp.FacesServlet.executeLifecyle(FacesServlet.java:678)
		at jakarta.faces.webapp.FacesServlet.service(FacesServlet.java:435)
		at org.apache.catalina.core.ApplicationFilterChain.internalDoFilter(ApplicationFilterChain.java:223)
		at org.apache.catalina.core.ApplicationFilterChain.doFilter(ApplicationFilterChain.java:158)
		at org.apache.tomcat.websocket.server.WsFilter.doFilter(WsFilter.java:53)
		at org.apache.catalina.core.ApplicationFilterChain.internalDoFilter(ApplicationFilterChain.java:185)
		at org.apache.catalina.core.ApplicationFilterChain.doFilter(ApplicationFilterChain.java:158)
		at org.apache.catalina.core.StandardWrapperValve.invoke(StandardWrapperValve.java:197)
		at org.apache.catalina.core.StandardContextValve.invoke(StandardContextValve.java:97)
		at org.apache.catalina.authenticator.AuthenticatorBase.invoke(AuthenticatorBase.java:542)
		at org.apache.catalina.core.StandardHostValve.invoke(StandardHostValve.java:119)
		at org.apache.catalina.valves.ErrorReportValve.invoke(ErrorReportValve.java:92)
		at org.apache.catalina.valves.AbstractAccessLogValve.invoke(AbstractAccessLogValve.java:690)
		at org.apache.catalina.core.StandardEngineValve.invoke(StandardEngineValve.java:78)
		at org.apache.catalina.connector.CoyoteAdapter.service(CoyoteAdapter.java:356)
		at org.apache.coyote.http11.Http11Processor.service(Http11Processor.java:399)
		at org.apache.coyote.AbstractProcessorLight.process(AbstractProcessorLight.java:65)
		at org.apache.coyote.AbstractProtocol$ConnectionHandler.process(AbstractProtocol.java:870)
		at org.apache.tomcat.util.net.NioEndpoint$SocketProcessor.doRun(NioEndpoint.java:1762)
		at org.apache.tomcat.util.net.SocketProcessorBase.run(SocketProcessorBase.java:49)
		at org.apache.tomcat.util.threads.ThreadPoolExecutor.runWorker(ThreadPoolExecutor.java:1191)
		at org.apache.tomcat.util.threads.ThreadPoolExecutor$Worker.run(ThreadPoolExecutor.java:659)
		at org.apache.tomcat.util.threads.TaskThread$WrappingRunnable.run(TaskThread.java:61)
		at java.base/java.lang.Thread.run(Thread.java:1570)
17-Jan-2025 19:13:56.871 INFORMATION [main] org.apache.catalina.core.ApplicationContext.log SessionListener: contextDestroyed()
17-Jan-2025 19:13:56.871 INFORMATION [main] org.apache.catalina.core.ApplicationContext.log ContextListener: contextDestroyed()
17-Jan-2025 19:15:18.810 INFORMATION [main] org.apache.catalina.core.ApplicationContext.log ContextListener: contextInitialized()
17-Jan-2025 19:15:18.810 INFORMATION [main] org.apache.catalina.core.ApplicationContext.log SessionListener: contextInitialized()
17-Jan-2025 19:15:18.811 INFORMATION [main] org.apache.catalina.core.ApplicationContext.log ContextListener: attributeAdded('StockTicker', 'async.Stockticker@5a24390b')
17-Jan-2025 19:17:55.164 INFORMATION [main] org.apache.catalina.core.ApplicationContext.log SessionListener: contextDestroyed()
17-Jan-2025 19:17:55.164 INFORMATION [main] org.apache.catalina.core.ApplicationContext.log ContextListener: contextDestroyed()
17-Jan-2025 19:18:03.638 INFORMATION [main] org.apache.catalina.core.ApplicationContext.log ContextListener: contextInitialized()
17-Jan-2025 19:18:03.638 INFORMATION [main] org.apache.catalina.core.ApplicationContext.log SessionListener: contextInitialized()
17-Jan-2025 19:18:03.639 INFORMATION [main] org.apache.catalina.core.ApplicationContext.log ContextListener: attributeAdded('StockTicker', 'async.Stockticker@64829470')
17-Jan-2025 19:18:21.122 INFORMATION [main] org.apache.catalina.core.ApplicationContext.log SessionListener: contextDestroyed()
17-Jan-2025 19:18:21.122 INFORMATION [main] org.apache.catalina.core.ApplicationContext.log ContextListener: contextDestroyed()
17-Jan-2025 19:19:31.988 INFORMATION [main] org.apache.catalina.core.ApplicationContext.log ContextListener: contextInitialized()
17-Jan-2025 19:19:31.988 INFORMATION [main] org.apache.catalina.core.ApplicationContext.log SessionListener: contextInitialized()
17-Jan-2025 19:19:31.989 INFORMATION [main] org.apache.catalina.core.ApplicationContext.log ContextListener: attributeAdded('StockTicker', 'async.Stockticker@75db328e')
17-Jan-2025 19:20:56.145 INFORMATION [main] org.apache.catalina.core.ApplicationContext.log SessionListener: contextDestroyed()
17-Jan-2025 19:20:56.145 INFORMATION [main] org.apache.catalina.core.ApplicationContext.log ContextListener: contextDestroyed()
17-Jan-2025 19:30:23.923 INFORMATION [main] org.apache.catalina.core.ApplicationContext.log ContextListener: contextInitialized()
17-Jan-2025 19:30:23.923 INFORMATION [main] org.apache.catalina.core.ApplicationContext.log SessionListener: contextInitialized()
17-Jan-2025 19:30:23.924 INFORMATION [main] org.apache.catalina.core.ApplicationContext.log ContextListener: attributeAdded('StockTicker', 'async.Stockticker@7253c53')
17-Jan-2025 19:31:48.538 INFORMATION [main] org.apache.catalina.core.ApplicationContext.log SessionListener: contextDestroyed()
17-Jan-2025 19:31:48.538 INFORMATION [main] org.apache.catalina.core.ApplicationContext.log ContextListener: contextDestroyed()
17-Jan-2025 19:32:07.457 INFORMATION [main] org.apache.catalina.core.ApplicationContext.log ContextListener: contextInitialized()
17-Jan-2025 19:32:07.457 INFORMATION [main] org.apache.catalina.core.ApplicationContext.log SessionListener: contextInitialized()
17-Jan-2025 19:32:07.458 INFORMATION [main] org.apache.catalina.core.ApplicationContext.log ContextListener: attributeAdded('StockTicker', 'async.Stockticker@518a7b8a')
17-Jan-2025 19:32:44.074 INFORMATION [main] org.apache.catalina.core.ApplicationContext.log SessionListener: contextDestroyed()
17-Jan-2025 19:32:44.074 INFORMATION [main] org.apache.catalina.core.ApplicationContext.log ContextListener: contextDestroyed()
17-Jan-2025 19:35:32.518 INFORMATION [main] org.apache.catalina.core.ApplicationContext.log ContextListener: contextInitialized()
17-Jan-2025 19:35:32.518 INFORMATION [main] org.apache.catalina.core.ApplicationContext.log SessionListener: contextInitialized()
17-Jan-2025 19:35:32.524 INFORMATION [main] org.apache.catalina.core.ApplicationContext.log ContextListener: attributeAdded('StockTicker', 'async.Stockticker@7771c4e')
17-Jan-2025 20:38:32.387 INFORMATION [main] org.apache.catalina.core.ApplicationContext.log SessionListener: contextDestroyed()
17-Jan-2025 20:38:32.387 INFORMATION [main] org.apache.catalina.core.ApplicationContext.log ContextListener: contextDestroyed()
17-Jan-2025 20:40:04.309 INFORMATION [main] org.apache.catalina.core.ApplicationContext.log ContextListener: contextInitialized()
17-Jan-2025 20:40:04.310 INFORMATION [main] org.apache.catalina.core.ApplicationContext.log SessionListener: contextInitialized()
17-Jan-2025 20:40:04.310 INFORMATION [main] org.apache.catalina.core.ApplicationContext.log ContextListener: attributeAdded('StockTicker', 'async.Stockticker@570b85dd')
17-Jan-2025 20:44:00.005 INFORMATION [main] org.apache.catalina.core.ApplicationContext.log SessionListener: contextDestroyed()
17-Jan-2025 20:44:00.005 INFORMATION [main] org.apache.catalina.core.ApplicationContext.log ContextListener: contextDestroyed()
17-Jan-2025 20:44:07.960 INFORMATION [main] org.apache.catalina.core.ApplicationContext.log ContextListener: contextInitialized()
17-Jan-2025 20:44:07.960 INFORMATION [main] org.apache.catalina.core.ApplicationContext.log SessionListener: contextInitialized()
17-Jan-2025 20:44:07.961 INFORMATION [main] org.apache.catalina.core.ApplicationContext.log ContextListener: attributeAdded('StockTicker', 'async.Stockticker@72c1bf75')
17-Jan-2025 20:46:01.639 INFORMATION [main] org.apache.catalina.core.ApplicationContext.log SessionListener: contextDestroyed()
17-Jan-2025 20:46:01.639 INFORMATION [main] org.apache.catalina.core.ApplicationContext.log ContextListener: contextDestroyed()
17-Jan-2025 20:46:09.558 INFORMATION [main] org.apache.catalina.core.ApplicationContext.log ContextListener: contextInitialized()
17-Jan-2025 20:46:09.558 INFORMATION [main] org.apache.catalina.core.ApplicationContext.log SessionListener: contextInitialized()
17-Jan-2025 20:46:09.559 INFORMATION [main] org.apache.catalina.core.ApplicationContext.log ContextListener: attributeAdded('StockTicker', 'async.Stockticker@28ceb25e')
17-Jan-2025 20:47:08.863 INFORMATION [main] org.apache.catalina.core.ApplicationContext.log SessionListener: contextDestroyed()
17-Jan-2025 20:47:08.863 INFORMATION [main] org.apache.catalina.core.ApplicationContext.log ContextListener: contextDestroyed()
17-Jan-2025 21:13:24.480 INFORMATION [main] org.apache.catalina.core.ApplicationContext.log ContextListener: contextInitialized()
17-Jan-2025 21:13:24.480 INFORMATION [main] org.apache.catalina.core.ApplicationContext.log SessionListener: contextInitialized()
17-Jan-2025 21:13:24.481 INFORMATION [main] org.apache.catalina.core.ApplicationContext.log ContextListener: attributeAdded('StockTicker', 'async.Stockticker@570b85dd')
17-Jan-2025 21:22:56.334 INFORMATION [main] org.apache.catalina.core.ApplicationContext.log SessionListener: contextDestroyed()
17-Jan-2025 21:22:56.334 INFORMATION [main] org.apache.catalina.core.ApplicationContext.log ContextListener: contextDestroyed()
17-Jan-2025 21:23:05.599 INFORMATION [main] org.apache.catalina.core.ApplicationContext.log ContextListener: contextInitialized()
17-Jan-2025 21:23:05.599 INFORMATION [main] org.apache.catalina.core.ApplicationContext.log SessionListener: contextInitialized()
17-Jan-2025 21:23:05.600 INFORMATION [main] org.apache.catalina.core.ApplicationContext.log ContextListener: attributeAdded('StockTicker', 'async.Stockticker@b04a6a4')
17-Jan-2025 21:24:00.939 INFORMATION [main] org.apache.catalina.core.ApplicationContext.log SessionListener: contextDestroyed()
17-Jan-2025 21:24:00.939 INFORMATION [main] org.apache.catalina.core.ApplicationContext.log ContextListener: contextDestroyed()
17-Jan-2025 21:24:10.425 INFORMATION [main] org.apache.catalina.core.ApplicationContext.log ContextListener: contextInitialized()
17-Jan-2025 21:24:10.425 INFORMATION [main] org.apache.catalina.core.ApplicationContext.log SessionListener: contextInitialized()
17-Jan-2025 21:24:10.426 INFORMATION [main] org.apache.catalina.core.ApplicationContext.log ContextListener: attributeAdded('StockTicker', 'async.Stockticker@43a8bd35')
17-Jan-2025 21:29:36.284 INFORMATION [main] org.apache.catalina.core.ApplicationContext.log SessionListener: contextDestroyed()
17-Jan-2025 21:29:36.284 INFORMATION [main] org.apache.catalina.core.ApplicationContext.log ContextListener: contextDestroyed()
17-Jan-2025 21:29:45.446 INFORMATION [main] org.apache.catalina.core.ApplicationContext.log ContextListener: contextInitialized()
17-Jan-2025 21:29:45.446 INFORMATION [main] org.apache.catalina.core.ApplicationContext.log SessionListener: contextInitialized()
17-Jan-2025 21:29:45.447 INFORMATION [main] org.apache.catalina.core.ApplicationContext.log ContextListener: attributeAdded('StockTicker', 'async.Stockticker@15a2fddd')
17-Jan-2025 21:35:27.924 INFORMATION [main] org.apache.catalina.core.ApplicationContext.log SessionListener: contextDestroyed()
17-Jan-2025 21:35:27.924 INFORMATION [main] org.apache.catalina.core.ApplicationContext.log ContextListener: contextDestroyed()
17-Jan-2025 21:35:40.510 INFORMATION [main] org.apache.catalina.core.ApplicationContext.log ContextListener: contextInitialized()
17-Jan-2025 21:35:40.510 INFORMATION [main] org.apache.catalina.core.ApplicationContext.log SessionListener: contextInitialized()
17-Jan-2025 21:35:40.511 INFORMATION [main] org.apache.catalina.core.ApplicationContext.log ContextListener: attributeAdded('StockTicker', 'async.Stockticker@6fb219dd')
17-Jan-2025 21:46:59.429 INFORMATION [main] org.apache.catalina.core.ApplicationContext.log SessionListener: contextDestroyed()
17-Jan-2025 21:46:59.429 INFORMATION [main] org.apache.catalina.core.ApplicationContext.log ContextListener: contextDestroyed()
17-Jan-2025 21:47:23.510 INFORMATION [main] org.apache.catalina.core.ApplicationContext.log ContextListener: contextInitialized()
17-Jan-2025 21:47:23.510 INFORMATION [main] org.apache.catalina.core.ApplicationContext.log SessionListener: contextInitialized()
17-Jan-2025 21:47:23.510 INFORMATION [main] org.apache.catalina.core.ApplicationContext.log ContextListener: attributeAdded('StockTicker', 'async.Stockticker@3465edf9')
17-Jan-2025 21:50:59.444 INFORMATION [main] org.apache.catalina.core.ApplicationContext.log SessionListener: contextDestroyed()
17-Jan-2025 21:50:59.444 INFORMATION [main] org.apache.catalina.core.ApplicationContext.log ContextListener: contextDestroyed()
17-Jan-2025 21:51:08.279 INFORMATION [main] org.apache.catalina.core.ApplicationContext.log ContextListener: contextInitialized()
17-Jan-2025 21:51:08.279 INFORMATION [main] org.apache.catalina.core.ApplicationContext.log SessionListener: contextInitialized()
17-Jan-2025 21:51:08.280 INFORMATION [main] org.apache.catalina.core.ApplicationContext.log ContextListener: attributeAdded('StockTicker', 'async.Stockticker@5a24390b')
17-Jan-2025 21:53:19.345 INFORMATION [main] org.apache.catalina.core.ApplicationContext.log SessionListener: contextDestroyed()
17-Jan-2025 21:53:19.345 INFORMATION [main] org.apache.catalina.core.ApplicationContext.log ContextListener: contextDestroyed()
17-Jan-2025 22:02:59.479 INFORMATION [main] org.apache.catalina.core.ApplicationContext.log ContextListener: contextInitialized()
17-Jan-2025 22:02:59.479 INFORMATION [main] org.apache.catalina.core.ApplicationContext.log SessionListener: contextInitialized()
17-Jan-2025 22:02:59.480 INFORMATION [main] org.apache.catalina.core.ApplicationContext.log ContextListener: attributeAdded('StockTicker', 'async.Stockticker@4fea095b')
17-Jan-2025 22:04:27.357 INFORMATION [main] org.apache.catalina.core.ApplicationContext.log SessionListener: contextDestroyed()
17-Jan-2025 22:04:27.357 INFORMATION [main] org.apache.catalina.core.ApplicationContext.log ContextListener: contextDestroyed()
17-Jan-2025 22:04:37.019 INFORMATION [main] org.apache.catalina.core.ApplicationContext.log ContextListener: contextInitialized()
17-Jan-2025 22:04:37.019 INFORMATION [main] org.apache.catalina.core.ApplicationContext.log SessionListener: contextInitialized()
17-Jan-2025 22:04:37.020 INFORMATION [main] org.apache.catalina.core.ApplicationContext.log ContextListener: attributeAdded('StockTicker', 'async.Stockticker@570b85dd')
17-Jan-2025 22:08:50.570 INFORMATION [main] org.apache.catalina.core.ApplicationContext.log SessionListener: contextDestroyed()
17-Jan-2025 22:08:50.570 INFORMATION [main] org.apache.catalina.core.ApplicationContext.log ContextListener: contextDestroyed()
17-Jan-2025 22:09:00.875 INFORMATION [main] org.apache.catalina.core.ApplicationContext.log ContextListener: contextInitialized()
17-Jan-2025 22:09:00.875 INFORMATION [main] org.apache.catalina.core.ApplicationContext.log SessionListener: contextInitialized()
17-Jan-2025 22:09:00.876 INFORMATION [main] org.apache.catalina.core.ApplicationContext.log ContextListener: attributeAdded('StockTicker', 'async.Stockticker@12dc702b')
17-Jan-2025 22:10:20.438 INFORMATION [main] org.apache.catalina.core.ApplicationContext.log SessionListener: contextDestroyed()
17-Jan-2025 22:10:20.438 INFORMATION [main] org.apache.catalina.core.ApplicationContext.log ContextListener: contextDestroyed()
17-Jan-2025 22:10:30.887 INFORMATION [main] org.apache.catalina.core.ApplicationContext.log ContextListener: contextInitialized()
17-Jan-2025 22:10:30.887 INFORMATION [main] org.apache.catalina.core.ApplicationContext.log SessionListener: contextInitialized()
17-Jan-2025 22:10:30.888 INFORMATION [main] org.apache.catalina.core.ApplicationContext.log ContextListener: attributeAdded('StockTicker', 'async.Stockticker@6fb219dd')
17-Jan-2025 22:11:55.490 INFORMATION [main] org.apache.catalina.core.ApplicationContext.log SessionListener: contextDestroyed()
17-Jan-2025 22:11:55.490 INFORMATION [main] org.apache.catalina.core.ApplicationContext.log ContextListener: contextDestroyed()
17-Jan-2025 22:12:07.856 INFORMATION [main] org.apache.catalina.core.ApplicationContext.log ContextListener: contextInitialized()
17-Jan-2025 22:12:07.856 INFORMATION [main] org.apache.catalina.core.ApplicationContext.log SessionListener: contextInitialized()
17-Jan-2025 22:12:07.857 INFORMATION [main] org.apache.catalina.core.ApplicationContext.log ContextListener: attributeAdded('StockTicker', 'async.Stockticker@728535c6')
17-Jan-2025 22:12:22.360 SCHWERWIEGEND [http-nio-8080-exec-2] org.apache.catalina.core.StandardWrapperValve.invoke Servlet.service() for servlet [FacesServlet] in context with path [] threw exception [/registrierung.xhtml @28,169 validator="#{registryController.validateRegistry}": Method not found: RegistryController@468fe8a7.validateRegistry(jakarta.faces.context.FacesContext, jakarta.faces.component.UIComponent, java.lang.Object)] with root cause
	jakarta.el.MethodNotFoundException: /registrierung.xhtml @28,169 validator="#{registryController.validateRegistry}": Method not found: RegistryController@468fe8a7.validateRegistry(jakarta.faces.context.FacesContext, jakarta.faces.component.UIComponent, java.lang.Object)
		at com.sun.faces.facelets.el.TagMethodExpression.invoke(TagMethodExpression.java:74)
		at jakarta.faces.validator.MethodExpressionValidator.validate(MethodExpressionValidator.java:84)
		at jakarta.faces.component.UIInput.validateValue(UIInput.java:1019)
		at jakarta.faces.component.UIInput.validate(UIInput.java:825)
		at jakarta.faces.component.UIInput.executeValidate(UIInput.java:1093)
		at jakarta.faces.component.UIInput.processValidators(UIInput.java:586)
		at jakarta.faces.component.UIComponentBase.processValidators(UIComponentBase.java:904)
		at jakarta.faces.component.UIForm.processValidators(UIForm.java:221)
		at jakarta.faces.component.UIComponentBase.processValidators(UIComponentBase.java:904)
		at jakarta.faces.component.UIComponentBase.processValidators(UIComponentBase.java:904)
		at jakarta.faces.component.UIViewRoot.processValidators(UIViewRoot.java:1292)
		at com.sun.faces.lifecycle.ProcessValidationsPhase.execute(ProcessValidationsPhase.java:49)
		at com.sun.faces.lifecycle.Phase.doPhase(Phase.java:72)
		at com.sun.faces.lifecycle.LifecycleImpl.execute(LifecycleImpl.java:159)
		at jakarta.faces.webapp.FacesServlet.executeLifecyle(FacesServlet.java:677)
		at jakarta.faces.webapp.FacesServlet.service(FacesServlet.java:435)
		at org.apache.catalina.core.ApplicationFilterChain.internalDoFilter(ApplicationFilterChain.java:223)
		at org.apache.catalina.core.ApplicationFilterChain.doFilter(ApplicationFilterChain.java:158)
		at org.apache.tomcat.websocket.server.WsFilter.doFilter(WsFilter.java:53)
		at org.apache.catalina.core.ApplicationFilterChain.internalDoFilter(ApplicationFilterChain.java:185)
		at org.apache.catalina.core.ApplicationFilterChain.doFilter(ApplicationFilterChain.java:158)
		at org.apache.catalina.core.StandardWrapperValve.invoke(StandardWrapperValve.java:197)
		at org.apache.catalina.core.StandardContextValve.invoke(StandardContextValve.java:97)
		at org.apache.catalina.authenticator.AuthenticatorBase.invoke(AuthenticatorBase.java:542)
		at org.apache.catalina.core.StandardHostValve.invoke(StandardHostValve.java:119)
		at org.apache.catalina.valves.ErrorReportValve.invoke(ErrorReportValve.java:92)
		at org.apache.catalina.valves.AbstractAccessLogValve.invoke(AbstractAccessLogValve.java:690)
		at org.apache.catalina.core.StandardEngineValve.invoke(StandardEngineValve.java:78)
		at org.apache.catalina.connector.CoyoteAdapter.service(CoyoteAdapter.java:356)
		at org.apache.coyote.http11.Http11Processor.service(Http11Processor.java:399)
		at org.apache.coyote.AbstractProcessorLight.process(AbstractProcessorLight.java:65)
		at org.apache.coyote.AbstractProtocol$ConnectionHandler.process(AbstractProtocol.java:870)
		at org.apache.tomcat.util.net.NioEndpoint$SocketProcessor.doRun(NioEndpoint.java:1762)
		at org.apache.tomcat.util.net.SocketProcessorBase.run(SocketProcessorBase.java:49)
		at org.apache.tomcat.util.threads.ThreadPoolExecutor.runWorker(ThreadPoolExecutor.java:1191)
		at org.apache.tomcat.util.threads.ThreadPoolExecutor$Worker.run(ThreadPoolExecutor.java:659)
		at org.apache.tomcat.util.threads.TaskThread$WrappingRunnable.run(TaskThread.java:61)
		at java.base/java.lang.Thread.run(Thread.java:1570)
17-Jan-2025 22:14:23.044 INFORMATION [main] org.apache.catalina.core.ApplicationContext.log SessionListener: contextDestroyed()
17-Jan-2025 22:14:23.044 INFORMATION [main] org.apache.catalina.core.ApplicationContext.log ContextListener: contextDestroyed()
