06-Feb-2025 20:14:32.232 INFORMATION [main] org.apache.catalina.core.ApplicationContext.log ContextListener: contextInitialized()
06-Feb-2025 20:14:32.232 INFORMATION [main] org.apache.catalina.core.ApplicationContext.log SessionListener: contextInitialized()
06-Feb-2025 20:14:32.232 INFORMATION [main] org.apache.catalina.core.ApplicationContext.log ContextListener: attributeAdded('StockTicker', 'async.Stockticker@7b7d69d1')
06-Feb-2025 20:18:32.849 SCHWERWIEGEND [Catalina-utility-2] org.apache.catalina.core.StandardContext.listenerStop Exception sending context destroyed event to listener instance of class [org.jboss.weld.environment.servlet.EnhancedListener]
	java.lang.IllegalStateException: java.io.IOException: java.lang.reflect.InvocationTargetException
		at org.apache.catalina.webresources.AbstractSingleArchiveResourceSet.getArchiveEntry(AbstractSingleArchiveResourceSet.java:101)
		at org.apache.catalina.webresources.AbstractArchiveResourceSet.getResource(AbstractArchiveResourceSet.java:263)
		at org.apache.catalina.webresources.StandardRoot.getResourceInternal(StandardRoot.java:281)
		at org.apache.catalina.webresources.Cache.getResource(Cache.java:64)
		at org.apache.catalina.webresources.StandardRoot.getResource(StandardRoot.java:216)
		at org.apache.catalina.webresources.StandardRoot.getClassLoaderResource(StandardRoot.java:225)
		at org.apache.catalina.loader.WebappClassLoaderBase.findClassInternal(WebappClassLoaderBase.java:2391)
		at org.apache.catalina.loader.WebappClassLoaderBase.findClass(WebappClassLoaderBase.java:877)
		at org.apache.catalina.loader.WebappClassLoaderBase.loadClass(WebappClassLoaderBase.java:1413)
		at org.apache.catalina.loader.WebappClassLoaderBase.loadClass(WebappClassLoaderBase.java:1257)
		at org.jboss.weld.bootstrap.WeldRuntime.shutdown(WeldRuntime.java:66)
		at org.jboss.weld.bootstrap.WeldBootstrap.shutdown(WeldBootstrap.java:116)
		at org.jboss.weld.environment.servlet.WeldServletLifecycle.lambda$initialize$1(WeldServletLifecycle.java:242)
		at org.jboss.weld.environment.servlet.WeldServletLifecycle.destroy(WeldServletLifecycle.java:251)
		at org.jboss.weld.environment.servlet.EnhancedListener.contextDestroyed(EnhancedListener.java:86)
		at org.apache.catalina.core.StandardContext.listenerStop(StandardContext.java:4764)
		at org.apache.catalina.core.StandardContext.stopInternal(StandardContext.java:5427)
		at org.apache.catalina.util.LifecycleBase.stop(LifecycleBase.java:257)
		at org.apache.catalina.core.StandardContext.reload(StandardContext.java:3775)
		at org.apache.catalina.startup.HostConfig.reload(HostConfig.java:1533)
		at org.apache.catalina.startup.HostConfig.checkResources(HostConfig.java:1505)
		at org.apache.catalina.startup.HostConfig.check(HostConfig.java:1744)
		at org.apache.catalina.startup.HostConfig.lifecycleEvent(HostConfig.java:316)
		at org.apache.catalina.util.LifecycleBase.fireLifecycleEvent(LifecycleBase.java:123)
		at org.apache.catalina.core.ContainerBase.backgroundProcess(ContainerBase.java:1162)
		at org.apache.catalina.core.ContainerBase$ContainerBackgroundProcessor.processChildren(ContainerBase.java:1365)
		at org.apache.catalina.core.ContainerBase$ContainerBackgroundProcessor.processChildren(ContainerBase.java:1369)
		at org.apache.catalina.core.ContainerBase$ContainerBackgroundProcessor.run(ContainerBase.java:1347)
		at java.base/java.util.concurrent.Executors$RunnableAdapter.call(Executors.java:572)
		at java.base/java.util.concurrent.FutureTask.runAndReset(FutureTask.java:358)
		at java.base/java.util.concurrent.ScheduledThreadPoolExecutor$ScheduledFutureTask.run(ScheduledThreadPoolExecutor.java:305)
		at java.base/java.util.concurrent.ThreadPoolExecutor.runWorker(ThreadPoolExecutor.java:1144)
		at java.base/java.util.concurrent.ThreadPoolExecutor$Worker.run(ThreadPoolExecutor.java:642)
		at org.apache.tomcat.util.threads.TaskThread$WrappingRunnable.run(TaskThread.java:61)
		at java.base/java.lang.Thread.run(Thread.java:1570)
	Caused by: java.io.IOException: java.lang.reflect.InvocationTargetException
		at org.apache.tomcat.util.compat.Jre9Compat.jarFileNewInstance(Jre9Compat.java:209)
		at org.apache.tomcat.util.compat.Jre19Compat.jarFileNewInstance(Jre19Compat.java:25)
		at org.apache.tomcat.util.compat.JreCompat.jarFileNewInstance(JreCompat.java:240)
		at org.apache.catalina.webresources.AbstractArchiveResourceSet.openJarFile(AbstractArchiveResourceSet.java:314)
		at org.apache.catalina.webresources.AbstractSingleArchiveResourceSet.getArchiveEntry(AbstractSingleArchiveResourceSet.java:97)
		... 34 more
	Caused by: java.lang.reflect.InvocationTargetException
		at java.base/jdk.internal.reflect.DirectConstructorHandleAccessor.newInstance(DirectConstructorHandleAccessor.java:74)
		at java.base/java.lang.reflect.Constructor.newInstanceWithCaller(Constructor.java:502)
		at java.base/java.lang.reflect.Constructor.newInstance(Constructor.java:486)
		at org.apache.tomcat.util.compat.Jre9Compat.jarFileNewInstance(Jre9Compat.java:206)
		... 38 more
	Caused by: java.nio.file.NoSuchFileException: D:\Programmieren\JavaEE\GhostNetFishing\GhostNetFishing\target\GhostNetFishing-1.0-SNAPSHOT\WEB-INF\lib\jakarta.annotation-api-2.1.0.jar
		at java.base/sun.nio.fs.WindowsException.translateToIOException(WindowsException.java:85)
		at java.base/sun.nio.fs.WindowsException.rethrowAsIOException(WindowsException.java:103)
		at java.base/sun.nio.fs.WindowsException.rethrowAsIOException(WindowsException.java:108)
		at java.base/sun.nio.fs.WindowsFileAttributeViews$Basic.readAttributes(WindowsFileAttributeViews.java:53)
		at java.base/sun.nio.fs.WindowsFileAttributeViews$Basic.readAttributes(WindowsFileAttributeViews.java:38)
		at java.base/sun.nio.fs.WindowsFileSystemProvider.readAttributes(WindowsFileSystemProvider.java:197)
		at java.base/java.nio.file.Files.readAttributes(Files.java:1858)
		at java.base/java.util.zip.ZipFile$Source.get(ZipFile.java:1491)
		at java.base/java.util.zip.ZipFile$CleanableResource.<init>(ZipFile.java:724)
		at java.base/java.util.zip.ZipFile.<init>(ZipFile.java:251)
		at java.base/java.util.zip.ZipFile.<init>(ZipFile.java:180)
		at java.base/java.util.jar.JarFile.<init>(JarFile.java:345)
		at java.base/jdk.internal.reflect.DirectConstructorHandleAccessor.newInstance(DirectConstructorHandleAccessor.java:62)
		... 41 more
06-Feb-2025 20:19:31.950 INFORMATION [main] org.apache.catalina.core.ApplicationContext.log SessionListener: contextDestroyed()
06-Feb-2025 20:19:31.950 INFORMATION [main] org.apache.catalina.core.ApplicationContext.log ContextListener: contextDestroyed()
06-Feb-2025 20:19:41.016 INFORMATION [main] org.apache.catalina.core.ApplicationContext.log ContextListener: contextInitialized()
06-Feb-2025 20:19:41.016 INFORMATION [main] org.apache.catalina.core.ApplicationContext.log SessionListener: contextInitialized()
06-Feb-2025 20:19:41.017 INFORMATION [main] org.apache.catalina.core.ApplicationContext.log ContextListener: attributeAdded('StockTicker', 'async.Stockticker@13d8d105')
06-Feb-2025 20:33:23.140 INFORMATION [Catalina-utility-2] org.apache.catalina.core.ApplicationContext.log SessionListener: contextDestroyed()
06-Feb-2025 20:33:23.140 INFORMATION [Catalina-utility-2] org.apache.catalina.core.ApplicationContext.log ContextListener: contextDestroyed()
06-Feb-2025 20:35:04.065 INFORMATION [Catalina-utility-1] org.apache.catalina.core.ApplicationContext.log ContextListener: contextInitialized()
06-Feb-2025 20:35:04.065 INFORMATION [Catalina-utility-1] org.apache.catalina.core.ApplicationContext.log SessionListener: contextInitialized()
06-Feb-2025 20:35:04.066 INFORMATION [Catalina-utility-1] org.apache.catalina.core.ApplicationContext.log ContextListener: attributeAdded('StockTicker', 'async.Stockticker@2847a222')
06-Feb-2025 20:42:45.615 SCHWERWIEGEND [Catalina-utility-2] org.apache.catalina.core.StandardContext.listenerStop Exception sending context destroyed event to listener instance of class [org.jboss.weld.environment.servlet.EnhancedListener]
	java.lang.IllegalStateException: java.io.IOException: java.lang.reflect.InvocationTargetException
		at org.apache.catalina.webresources.AbstractSingleArchiveResourceSet.getArchiveEntry(AbstractSingleArchiveResourceSet.java:101)
		at org.apache.catalina.webresources.AbstractArchiveResourceSet.getResource(AbstractArchiveResourceSet.java:263)
		at org.apache.catalina.webresources.StandardRoot.getResourceInternal(StandardRoot.java:281)
		at org.apache.catalina.webresources.Cache.getResource(Cache.java:64)
		at org.apache.catalina.webresources.StandardRoot.getResource(StandardRoot.java:216)
		at org.apache.catalina.webresources.StandardRoot.getClassLoaderResource(StandardRoot.java:225)
		at org.apache.catalina.loader.WebappClassLoaderBase.findClassInternal(WebappClassLoaderBase.java:2391)
		at org.apache.catalina.loader.WebappClassLoaderBase.findClass(WebappClassLoaderBase.java:877)
		at org.apache.catalina.loader.WebappClassLoaderBase.loadClass(WebappClassLoaderBase.java:1413)
		at org.apache.catalina.loader.WebappClassLoaderBase.loadClass(WebappClassLoaderBase.java:1257)
		at org.jboss.weld.bootstrap.WeldRuntime.shutdown(WeldRuntime.java:66)
		at org.jboss.weld.bootstrap.WeldBootstrap.shutdown(WeldBootstrap.java:116)
		at org.jboss.weld.environment.servlet.WeldServletLifecycle.lambda$initialize$1(WeldServletLifecycle.java:242)
		at org.jboss.weld.environment.servlet.WeldServletLifecycle.destroy(WeldServletLifecycle.java:251)
		at org.jboss.weld.environment.servlet.EnhancedListener.contextDestroyed(EnhancedListener.java:86)
		at org.apache.catalina.core.StandardContext.listenerStop(StandardContext.java:4764)
		at org.apache.catalina.core.StandardContext.stopInternal(StandardContext.java:5427)
		at org.apache.catalina.util.LifecycleBase.stop(LifecycleBase.java:257)
		at org.apache.catalina.core.ContainerBase.removeChild(ContainerBase.java:814)
		at org.apache.catalina.startup.HostConfig.undeploy(HostConfig.java:1556)
		at org.apache.catalina.startup.HostConfig.checkResources(HostConfig.java:1481)
		at org.apache.catalina.startup.HostConfig.check(HostConfig.java:1744)
		at org.apache.catalina.startup.HostConfig.lifecycleEvent(HostConfig.java:316)
		at org.apache.catalina.util.LifecycleBase.fireLifecycleEvent(LifecycleBase.java:123)
		at org.apache.catalina.core.ContainerBase.backgroundProcess(ContainerBase.java:1162)
		at org.apache.catalina.core.ContainerBase$ContainerBackgroundProcessor.processChildren(ContainerBase.java:1365)
		at org.apache.catalina.core.ContainerBase$ContainerBackgroundProcessor.processChildren(ContainerBase.java:1369)
		at org.apache.catalina.core.ContainerBase$ContainerBackgroundProcessor.run(ContainerBase.java:1347)
		at java.base/java.util.concurrent.Executors$RunnableAdapter.call(Executors.java:572)
		at java.base/java.util.concurrent.FutureTask.runAndReset(FutureTask.java:358)
		at java.base/java.util.concurrent.ScheduledThreadPoolExecutor$ScheduledFutureTask.run(ScheduledThreadPoolExecutor.java:305)
		at java.base/java.util.concurrent.ThreadPoolExecutor.runWorker(ThreadPoolExecutor.java:1144)
		at java.base/java.util.concurrent.ThreadPoolExecutor$Worker.run(ThreadPoolExecutor.java:642)
		at org.apache.tomcat.util.threads.TaskThread$WrappingRunnable.run(TaskThread.java:61)
		at java.base/java.lang.Thread.run(Thread.java:1570)
	Caused by: java.io.IOException: java.lang.reflect.InvocationTargetException
		at org.apache.tomcat.util.compat.Jre9Compat.jarFileNewInstance(Jre9Compat.java:209)
		at org.apache.tomcat.util.compat.Jre19Compat.jarFileNewInstance(Jre19Compat.java:25)
		at org.apache.tomcat.util.compat.JreCompat.jarFileNewInstance(JreCompat.java:240)
		at org.apache.catalina.webresources.AbstractArchiveResourceSet.openJarFile(AbstractArchiveResourceSet.java:314)
		at org.apache.catalina.webresources.AbstractSingleArchiveResourceSet.getArchiveEntry(AbstractSingleArchiveResourceSet.java:97)
		... 34 more
	Caused by: java.lang.reflect.InvocationTargetException
		at java.base/jdk.internal.reflect.DirectConstructorHandleAccessor.newInstance(DirectConstructorHandleAccessor.java:74)
		at java.base/java.lang.reflect.Constructor.newInstanceWithCaller(Constructor.java:502)
		at java.base/java.lang.reflect.Constructor.newInstance(Constructor.java:486)
		at org.apache.tomcat.util.compat.Jre9Compat.jarFileNewInstance(Jre9Compat.java:206)
		... 38 more
	Caused by: java.nio.file.NoSuchFileException: D:\Programmieren\JavaEE\GhostNetFishing\GhostNetFishing\target\GhostNetFishing-1.0-SNAPSHOT\WEB-INF\lib\jakarta.annotation-api-2.1.0.jar
		at java.base/sun.nio.fs.WindowsException.translateToIOException(WindowsException.java:85)
		at java.base/sun.nio.fs.WindowsException.rethrowAsIOException(WindowsException.java:103)
		at java.base/sun.nio.fs.WindowsException.rethrowAsIOException(WindowsException.java:108)
		at java.base/sun.nio.fs.WindowsFileAttributeViews$Basic.readAttributes(WindowsFileAttributeViews.java:53)
		at java.base/sun.nio.fs.WindowsFileAttributeViews$Basic.readAttributes(WindowsFileAttributeViews.java:38)
		at java.base/sun.nio.fs.WindowsFileSystemProvider.readAttributes(WindowsFileSystemProvider.java:197)
		at java.base/java.nio.file.Files.readAttributes(Files.java:1858)
		at java.base/java.util.zip.ZipFile$Source.get(ZipFile.java:1491)
		at java.base/java.util.zip.ZipFile$CleanableResource.<init>(ZipFile.java:724)
		at java.base/java.util.zip.ZipFile.<init>(ZipFile.java:251)
		at java.base/java.util.zip.ZipFile.<init>(ZipFile.java:180)
		at java.base/java.util.jar.JarFile.<init>(JarFile.java:345)
		at java.base/jdk.internal.reflect.DirectConstructorHandleAccessor.newInstance(DirectConstructorHandleAccessor.java:62)
		... 41 more
06-Feb-2025 20:44:00.104 INFORMATION [main] org.apache.catalina.core.ApplicationContext.log SessionListener: contextDestroyed()
06-Feb-2025 20:44:00.104 INFORMATION [main] org.apache.catalina.core.ApplicationContext.log ContextListener: contextDestroyed()
06-Feb-2025 20:44:10.638 INFORMATION [main] org.apache.catalina.core.ApplicationContext.log ContextListener: contextInitialized()
06-Feb-2025 20:44:10.638 INFORMATION [main] org.apache.catalina.core.ApplicationContext.log SessionListener: contextInitialized()
06-Feb-2025 20:44:10.639 INFORMATION [main] org.apache.catalina.core.ApplicationContext.log ContextListener: attributeAdded('StockTicker', 'async.Stockticker@13757e8')
06-Feb-2025 20:50:27.904 INFORMATION [main] org.apache.catalina.core.ApplicationContext.log SessionListener: contextDestroyed()
06-Feb-2025 20:50:27.904 INFORMATION [main] org.apache.catalina.core.ApplicationContext.log ContextListener: contextDestroyed()
06-Feb-2025 20:50:37.687 INFORMATION [main] org.apache.catalina.core.ApplicationContext.log ContextListener: contextInitialized()
06-Feb-2025 20:50:37.687 INFORMATION [main] org.apache.catalina.core.ApplicationContext.log SessionListener: contextInitialized()
06-Feb-2025 20:50:37.688 INFORMATION [main] org.apache.catalina.core.ApplicationContext.log ContextListener: attributeAdded('StockTicker', 'async.Stockticker@2fbe0960')
06-Feb-2025 20:57:01.428 INFORMATION [main] org.apache.catalina.core.ApplicationContext.log SessionListener: contextDestroyed()
06-Feb-2025 20:57:01.428 INFORMATION [main] org.apache.catalina.core.ApplicationContext.log ContextListener: contextDestroyed()
06-Feb-2025 20:59:33.505 INFORMATION [main] org.apache.catalina.core.ApplicationContext.log ContextListener: contextInitialized()
06-Feb-2025 20:59:33.505 INFORMATION [main] org.apache.catalina.core.ApplicationContext.log SessionListener: contextInitialized()
06-Feb-2025 20:59:33.506 INFORMATION [main] org.apache.catalina.core.ApplicationContext.log ContextListener: attributeAdded('StockTicker', 'async.Stockticker@22d72c99')
06-Feb-2025 21:00:05.311 INFORMATION [main] org.apache.catalina.core.ApplicationContext.log SessionListener: contextDestroyed()
06-Feb-2025 21:00:05.311 INFORMATION [main] org.apache.catalina.core.ApplicationContext.log ContextListener: contextDestroyed()
06-Feb-2025 21:12:50.761 INFORMATION [main] org.apache.catalina.core.ApplicationContext.log ContextListener: contextInitialized()
06-Feb-2025 21:12:50.761 INFORMATION [main] org.apache.catalina.core.ApplicationContext.log SessionListener: contextInitialized()
06-Feb-2025 21:12:50.762 INFORMATION [main] org.apache.catalina.core.ApplicationContext.log ContextListener: attributeAdded('StockTicker', 'async.Stockticker@172aa171')
06-Feb-2025 21:13:35.703 INFORMATION [main] org.apache.catalina.core.ApplicationContext.log SessionListener: contextDestroyed()
06-Feb-2025 21:13:35.703 INFORMATION [main] org.apache.catalina.core.ApplicationContext.log ContextListener: contextDestroyed()
06-Feb-2025 21:14:48.711 INFORMATION [main] org.apache.catalina.core.ApplicationContext.log ContextListener: contextInitialized()
06-Feb-2025 21:14:48.711 INFORMATION [main] org.apache.catalina.core.ApplicationContext.log SessionListener: contextInitialized()
06-Feb-2025 21:14:48.713 INFORMATION [main] org.apache.catalina.core.ApplicationContext.log ContextListener: attributeAdded('StockTicker', 'async.Stockticker@5f2de715')
06-Feb-2025 21:16:02.819 INFORMATION [main] org.apache.catalina.core.ApplicationContext.log SessionListener: contextDestroyed()
06-Feb-2025 21:16:02.819 INFORMATION [main] org.apache.catalina.core.ApplicationContext.log ContextListener: contextDestroyed()
06-Feb-2025 21:17:46.369 INFORMATION [main] org.apache.catalina.core.ApplicationContext.log ContextListener: contextInitialized()
06-Feb-2025 21:17:46.370 INFORMATION [main] org.apache.catalina.core.ApplicationContext.log SessionListener: contextInitialized()
06-Feb-2025 21:17:46.371 INFORMATION [main] org.apache.catalina.core.ApplicationContext.log ContextListener: attributeAdded('StockTicker', 'async.Stockticker@44784e2f')
06-Feb-2025 21:18:13.132 INFORMATION [main] org.apache.catalina.core.ApplicationContext.log SessionListener: contextDestroyed()
06-Feb-2025 21:18:13.132 INFORMATION [main] org.apache.catalina.core.ApplicationContext.log ContextListener: contextDestroyed()
06-Feb-2025 21:19:19.240 INFORMATION [main] org.apache.catalina.core.ApplicationContext.log ContextListener: contextInitialized()
06-Feb-2025 21:19:19.240 INFORMATION [main] org.apache.catalina.core.ApplicationContext.log SessionListener: contextInitialized()
06-Feb-2025 21:19:19.241 INFORMATION [main] org.apache.catalina.core.ApplicationContext.log ContextListener: attributeAdded('StockTicker', 'async.Stockticker@2440022a')
06-Feb-2025 21:19:43.973 INFORMATION [main] org.apache.catalina.core.ApplicationContext.log SessionListener: contextDestroyed()
06-Feb-2025 21:19:43.973 INFORMATION [main] org.apache.catalina.core.ApplicationContext.log ContextListener: contextDestroyed()
06-Feb-2025 21:20:06.131 INFORMATION [main] org.apache.catalina.core.ApplicationContext.log ContextListener: contextInitialized()
06-Feb-2025 21:20:06.131 INFORMATION [main] org.apache.catalina.core.ApplicationContext.log SessionListener: contextInitialized()
06-Feb-2025 21:20:06.132 INFORMATION [main] org.apache.catalina.core.ApplicationContext.log ContextListener: attributeAdded('StockTicker', 'async.Stockticker@3ea95c22')
06-Feb-2025 21:20:24.798 INFORMATION [main] org.apache.catalina.core.ApplicationContext.log SessionListener: contextDestroyed()
06-Feb-2025 21:20:24.798 INFORMATION [main] org.apache.catalina.core.ApplicationContext.log ContextListener: contextDestroyed()
