08-Jan-2025 18:17:28.586 INFORMATION [main] org.apache.catalina.core.ApplicationContext.log ContextListener: contextInitialized()
08-Jan-2025 18:17:28.586 INFORMATION [main] org.apache.catalina.core.ApplicationContext.log SessionListener: contextInitialized()
08-Jan-2025 18:17:28.587 INFORMATION [main] org.apache.catalina.core.ApplicationContext.log ContextListener: attributeAdded('StockTicker', 'async.Stockticker@23aaa756')
08-Jan-2025 18:22:33.603 INFORMATION [main] org.apache.catalina.core.ApplicationContext.log SessionListener: contextDestroyed()
08-Jan-2025 18:22:33.603 INFORMATION [main] org.apache.catalina.core.ApplicationContext.log ContextListener: contextDestroyed()
08-Jan-2025 19:03:00.335 INFORMATION [main] org.apache.catalina.core.ApplicationContext.log ContextListener: contextInitialized()
08-Jan-2025 19:03:00.335 INFORMATION [main] org.apache.catalina.core.ApplicationContext.log SessionListener: contextInitialized()
08-Jan-2025 19:03:00.336 INFORMATION [main] org.apache.catalina.core.ApplicationContext.log ContextListener: attributeAdded('StockTicker', 'async.Stockticker@25c4f621')
08-Jan-2025 19:03:02.989 SCHWERWIEGEND [http-nio-8080-exec-4] org.apache.catalina.core.StandardWrapperValve.invoke Servlet.service() for servlet [FacesServlet] in context with path [] threw exception [Ausdrucksfehler: Benanntes Objekt geisternetz nicht gefunden.] with root cause
	jakarta.faces.FacesException: Ausdrucksfehler: Benanntes Objekt geisternetz nicht gefunden.
		at com.sun.faces.util.Util.notNullNamedObject(Util.java:461)
		at com.sun.faces.application.applicationimpl.InstanceFactory.createConverter(InstanceFactory.java:422)
		at com.sun.faces.application.ApplicationImpl.createConverter(ApplicationImpl.java:475)
		at jakarta.faces.application.ApplicationWrapper.createConverter(ApplicationWrapper.java:335)
		at com.sun.faces.facelets.tag.faces.ValueHolderRule$LiteralConverterMetadata.applyMetadata(ValueHolderRule.java:46)
		at com.sun.faces.facelets.tag.MetadataImpl.applyMetadata(MetadataImpl.java:40)
		at jakarta.faces.view.facelets.MetaTagHandler.setAttributes(MetaTagHandler.java:101)
		at jakarta.faces.view.facelets.DelegatingMetaTagHandler.setAttributes(DelegatingMetaTagHandler.java:89)
		at com.sun.faces.facelets.tag.faces.ComponentTagHandlerDelegateImpl.doNewComponentActions(ComponentTagHandlerDelegateImpl.java:415)
		at com.sun.faces.facelets.tag.faces.ComponentTagHandlerDelegateImpl.apply(ComponentTagHandlerDelegateImpl.java:154)
		at jakarta.faces.view.facelets.DelegatingMetaTagHandler.apply(DelegatingMetaTagHandler.java:107)
		at jakarta.faces.view.facelets.CompositeFaceletHandler.apply(CompositeFaceletHandler.java:55)
		at jakarta.faces.view.facelets.DelegatingMetaTagHandler.applyNextHandler(DelegatingMetaTagHandler.java:132)
		at com.sun.faces.facelets.tag.faces.ComponentTagHandlerDelegateImpl.apply(ComponentTagHandlerDelegateImpl.java:177)
		at jakarta.faces.view.facelets.DelegatingMetaTagHandler.apply(DelegatingMetaTagHandler.java:107)
		at jakarta.faces.view.facelets.DelegatingMetaTagHandler.applyNextHandler(DelegatingMetaTagHandler.java:132)
		at com.sun.faces.facelets.tag.faces.ComponentTagHandlerDelegateImpl.apply(ComponentTagHandlerDelegateImpl.java:177)
		at jakarta.faces.view.facelets.DelegatingMetaTagHandler.apply(DelegatingMetaTagHandler.java:107)
		at jakarta.faces.view.facelets.CompositeFaceletHandler.apply(CompositeFaceletHandler.java:55)
		at jakarta.faces.view.facelets.DelegatingMetaTagHandler.applyNextHandler(DelegatingMetaTagHandler.java:132)
		at com.sun.faces.facelets.tag.faces.ComponentTagHandlerDelegateImpl.apply(ComponentTagHandlerDelegateImpl.java:177)
		at jakarta.faces.view.facelets.DelegatingMetaTagHandler.apply(DelegatingMetaTagHandler.java:107)
		at jakarta.faces.view.facelets.CompositeFaceletHandler.apply(CompositeFaceletHandler.java:55)
		at com.sun.faces.facelets.compiler.NamespaceHandler.apply(NamespaceHandler.java:52)
		at jakarta.faces.view.facelets.CompositeFaceletHandler.apply(CompositeFaceletHandler.java:55)
		at com.sun.faces.facelets.compiler.EncodingHandler.apply(EncodingHandler.java:46)
		at com.sun.faces.facelets.impl.DefaultFacelet.apply(DefaultFacelet.java:124)
		at com.sun.faces.application.view.FaceletViewHandlingStrategy.buildView(FaceletViewHandlingStrategy.java:328)
		at com.sun.faces.lifecycle.RenderResponsePhase.execute(RenderResponsePhase.java:70)
		at com.sun.faces.lifecycle.Phase.doPhase(Phase.java:72)
		at com.sun.faces.lifecycle.LifecycleImpl.render(LifecycleImpl.java:178)
		at jakarta.faces.webapp.FacesServlet.executeLifecyle(FacesServlet.java:678)
		at jakarta.faces.webapp.FacesServlet.service(FacesServlet.java:435)
		at org.apache.catalina.core.ApplicationFilterChain.internalDoFilter(ApplicationFilterChain.java:223)
		at org.apache.catalina.core.ApplicationFilterChain.doFilter(ApplicationFilterChain.java:158)
		at org.apache.tomcat.websocket.server.WsFilter.doFilter(WsFilter.java:53)
		at org.apache.catalina.core.ApplicationFilterChain.internalDoFilter(ApplicationFilterChain.java:185)
		at org.apache.catalina.core.ApplicationFilterChain.doFilter(ApplicationFilterChain.java:158)
		at org.apache.catalina.core.StandardWrapperValve.invoke(StandardWrapperValve.java:197)
		at org.apache.catalina.core.StandardContextValve.invoke(StandardContextValve.java:97)
		at org.apache.catalina.authenticator.AuthenticatorBase.invoke(AuthenticatorBase.java:542)
		at org.apache.catalina.core.StandardHostValve.invoke(StandardHostValve.java:119)
		at org.apache.catalina.valves.ErrorReportValve.invoke(ErrorReportValve.java:92)
		at org.apache.catalina.valves.AbstractAccessLogValve.invoke(AbstractAccessLogValve.java:690)
		at org.apache.catalina.core.StandardEngineValve.invoke(StandardEngineValve.java:78)
		at org.apache.catalina.connector.CoyoteAdapter.service(CoyoteAdapter.java:356)
		at org.apache.coyote.http11.Http11Processor.service(Http11Processor.java:399)
		at org.apache.coyote.AbstractProcessorLight.process(AbstractProcessorLight.java:65)
		at org.apache.coyote.AbstractProtocol$ConnectionHandler.process(AbstractProtocol.java:870)
		at org.apache.tomcat.util.net.NioEndpoint$SocketProcessor.doRun(NioEndpoint.java:1762)
		at org.apache.tomcat.util.net.SocketProcessorBase.run(SocketProcessorBase.java:49)
		at org.apache.tomcat.util.threads.ThreadPoolExecutor.runWorker(ThreadPoolExecutor.java:1191)
		at org.apache.tomcat.util.threads.ThreadPoolExecutor$Worker.run(ThreadPoolExecutor.java:659)
		at org.apache.tomcat.util.threads.TaskThread$WrappingRunnable.run(TaskThread.java:61)
		at java.base/java.lang.Thread.run(Thread.java:1570)
08-Jan-2025 19:04:09.619 INFORMATION [main] org.apache.catalina.core.ApplicationContext.log SessionListener: contextDestroyed()
08-Jan-2025 19:04:09.619 INFORMATION [main] org.apache.catalina.core.ApplicationContext.log ContextListener: contextDestroyed()
08-Jan-2025 19:09:38.808 INFORMATION [main] org.apache.catalina.core.ApplicationContext.log ContextListener: contextInitialized()
08-Jan-2025 19:09:38.809 INFORMATION [main] org.apache.catalina.core.ApplicationContext.log SessionListener: contextInitialized()
08-Jan-2025 19:09:38.809 INFORMATION [main] org.apache.catalina.core.ApplicationContext.log ContextListener: attributeAdded('StockTicker', 'async.Stockticker@16fb9fdd')
08-Jan-2025 19:10:09.027 INFORMATION [main] org.apache.catalina.core.ApplicationContext.log SessionListener: contextDestroyed()
08-Jan-2025 19:10:09.027 INFORMATION [main] org.apache.catalina.core.ApplicationContext.log ContextListener: contextDestroyed()
08-Jan-2025 19:10:21.927 INFORMATION [main] org.apache.catalina.core.ApplicationContext.log ContextListener: contextInitialized()
08-Jan-2025 19:10:21.927 INFORMATION [main] org.apache.catalina.core.ApplicationContext.log SessionListener: contextInitialized()
08-Jan-2025 19:10:21.928 INFORMATION [main] org.apache.catalina.core.ApplicationContext.log ContextListener: attributeAdded('StockTicker', 'async.Stockticker@46ff1aad')
08-Jan-2025 19:10:24.565 SCHWERWIEGEND [http-nio-8080-exec-4] org.apache.catalina.core.StandardWrapperValve.invoke Servlet.service() for servlet [FacesServlet] in context with path [] threw exception [Ausdrucksfehler: Benanntes Objekt geisternetz nicht gefunden.] with root cause
	jakarta.faces.FacesException: Ausdrucksfehler: Benanntes Objekt geisternetz nicht gefunden.
		at com.sun.faces.util.Util.notNullNamedObject(Util.java:461)
		at com.sun.faces.application.applicationimpl.InstanceFactory.createConverter(InstanceFactory.java:422)
		at com.sun.faces.application.ApplicationImpl.createConverter(ApplicationImpl.java:475)
		at jakarta.faces.application.ApplicationWrapper.createConverter(ApplicationWrapper.java:335)
		at com.sun.faces.facelets.tag.faces.ValueHolderRule$LiteralConverterMetadata.applyMetadata(ValueHolderRule.java:46)
		at com.sun.faces.facelets.tag.MetadataImpl.applyMetadata(MetadataImpl.java:40)
		at jakarta.faces.view.facelets.MetaTagHandler.setAttributes(MetaTagHandler.java:101)
		at jakarta.faces.view.facelets.DelegatingMetaTagHandler.setAttributes(DelegatingMetaTagHandler.java:89)
		at com.sun.faces.facelets.tag.faces.ComponentTagHandlerDelegateImpl.doNewComponentActions(ComponentTagHandlerDelegateImpl.java:415)
		at com.sun.faces.facelets.tag.faces.ComponentTagHandlerDelegateImpl.apply(ComponentTagHandlerDelegateImpl.java:154)
		at jakarta.faces.view.facelets.DelegatingMetaTagHandler.apply(DelegatingMetaTagHandler.java:107)
		at jakarta.faces.view.facelets.CompositeFaceletHandler.apply(CompositeFaceletHandler.java:55)
		at jakarta.faces.view.facelets.DelegatingMetaTagHandler.applyNextHandler(DelegatingMetaTagHandler.java:132)
		at com.sun.faces.facelets.tag.faces.ComponentTagHandlerDelegateImpl.apply(ComponentTagHandlerDelegateImpl.java:177)
		at jakarta.faces.view.facelets.DelegatingMetaTagHandler.apply(DelegatingMetaTagHandler.java:107)
		at jakarta.faces.view.facelets.DelegatingMetaTagHandler.applyNextHandler(DelegatingMetaTagHandler.java:132)
		at com.sun.faces.facelets.tag.faces.ComponentTagHandlerDelegateImpl.apply(ComponentTagHandlerDelegateImpl.java:177)
		at jakarta.faces.view.facelets.DelegatingMetaTagHandler.apply(DelegatingMetaTagHandler.java:107)
		at jakarta.faces.view.facelets.CompositeFaceletHandler.apply(CompositeFaceletHandler.java:55)
		at jakarta.faces.view.facelets.DelegatingMetaTagHandler.applyNextHandler(DelegatingMetaTagHandler.java:132)
		at com.sun.faces.facelets.tag.faces.ComponentTagHandlerDelegateImpl.apply(ComponentTagHandlerDelegateImpl.java:177)
		at jakarta.faces.view.facelets.DelegatingMetaTagHandler.apply(DelegatingMetaTagHandler.java:107)
		at jakarta.faces.view.facelets.CompositeFaceletHandler.apply(CompositeFaceletHandler.java:55)
		at com.sun.faces.facelets.compiler.NamespaceHandler.apply(NamespaceHandler.java:52)
		at jakarta.faces.view.facelets.CompositeFaceletHandler.apply(CompositeFaceletHandler.java:55)
		at com.sun.faces.facelets.compiler.EncodingHandler.apply(EncodingHandler.java:46)
		at com.sun.faces.facelets.impl.DefaultFacelet.apply(DefaultFacelet.java:124)
		at com.sun.faces.application.view.FaceletViewHandlingStrategy.buildView(FaceletViewHandlingStrategy.java:328)
		at com.sun.faces.lifecycle.RenderResponsePhase.execute(RenderResponsePhase.java:70)
		at com.sun.faces.lifecycle.Phase.doPhase(Phase.java:72)
		at com.sun.faces.lifecycle.LifecycleImpl.render(LifecycleImpl.java:178)
		at jakarta.faces.webapp.FacesServlet.executeLifecyle(FacesServlet.java:678)
		at jakarta.faces.webapp.FacesServlet.service(FacesServlet.java:435)
		at org.apache.catalina.core.ApplicationFilterChain.internalDoFilter(ApplicationFilterChain.java:223)
		at org.apache.catalina.core.ApplicationFilterChain.doFilter(ApplicationFilterChain.java:158)
		at org.apache.tomcat.websocket.server.WsFilter.doFilter(WsFilter.java:53)
		at org.apache.catalina.core.ApplicationFilterChain.internalDoFilter(ApplicationFilterChain.java:185)
		at org.apache.catalina.core.ApplicationFilterChain.doFilter(ApplicationFilterChain.java:158)
		at org.apache.catalina.core.StandardWrapperValve.invoke(StandardWrapperValve.java:197)
		at org.apache.catalina.core.StandardContextValve.invoke(StandardContextValve.java:97)
		at org.apache.catalina.authenticator.AuthenticatorBase.invoke(AuthenticatorBase.java:542)
		at org.apache.catalina.core.StandardHostValve.invoke(StandardHostValve.java:119)
		at org.apache.catalina.valves.ErrorReportValve.invoke(ErrorReportValve.java:92)
		at org.apache.catalina.valves.AbstractAccessLogValve.invoke(AbstractAccessLogValve.java:690)
		at org.apache.catalina.core.StandardEngineValve.invoke(StandardEngineValve.java:78)
		at org.apache.catalina.connector.CoyoteAdapter.service(CoyoteAdapter.java:356)
		at org.apache.coyote.http11.Http11Processor.service(Http11Processor.java:399)
		at org.apache.coyote.AbstractProcessorLight.process(AbstractProcessorLight.java:65)
		at org.apache.coyote.AbstractProtocol$ConnectionHandler.process(AbstractProtocol.java:870)
		at org.apache.tomcat.util.net.NioEndpoint$SocketProcessor.doRun(NioEndpoint.java:1762)
		at org.apache.tomcat.util.net.SocketProcessorBase.run(SocketProcessorBase.java:49)
		at org.apache.tomcat.util.threads.ThreadPoolExecutor.runWorker(ThreadPoolExecutor.java:1191)
		at org.apache.tomcat.util.threads.ThreadPoolExecutor$Worker.run(ThreadPoolExecutor.java:659)
		at org.apache.tomcat.util.threads.TaskThread$WrappingRunnable.run(TaskThread.java:61)
		at java.base/java.lang.Thread.run(Thread.java:1570)
08-Jan-2025 19:11:29.684 INFORMATION [main] org.apache.catalina.core.ApplicationContext.log SessionListener: contextDestroyed()
08-Jan-2025 19:11:29.684 INFORMATION [main] org.apache.catalina.core.ApplicationContext.log ContextListener: contextDestroyed()
08-Jan-2025 19:11:40.365 INFORMATION [main] org.apache.catalina.core.ApplicationContext.log ContextListener: contextInitialized()
08-Jan-2025 19:11:40.365 INFORMATION [main] org.apache.catalina.core.ApplicationContext.log SessionListener: contextInitialized()
08-Jan-2025 19:11:40.366 INFORMATION [main] org.apache.catalina.core.ApplicationContext.log ContextListener: attributeAdded('StockTicker', 'async.Stockticker@472dbaf5')
08-Jan-2025 19:11:42.998 SCHWERWIEGEND [http-nio-8080-exec-3] org.apache.catalina.core.StandardWrapperValve.invoke Servlet.service() for servlet [FacesServlet] in context with path [] threw exception [Ausdrucksfehler: Benanntes Objekt geisternetz nicht gefunden.] with root cause
	jakarta.faces.FacesException: Ausdrucksfehler: Benanntes Objekt geisternetz nicht gefunden.
		at com.sun.faces.util.Util.notNullNamedObject(Util.java:461)
		at com.sun.faces.application.applicationimpl.InstanceFactory.createConverter(InstanceFactory.java:422)
		at com.sun.faces.application.ApplicationImpl.createConverter(ApplicationImpl.java:475)
		at jakarta.faces.application.ApplicationWrapper.createConverter(ApplicationWrapper.java:335)
		at com.sun.faces.facelets.tag.faces.ValueHolderRule$LiteralConverterMetadata.applyMetadata(ValueHolderRule.java:46)
		at com.sun.faces.facelets.tag.MetadataImpl.applyMetadata(MetadataImpl.java:40)
		at jakarta.faces.view.facelets.MetaTagHandler.setAttributes(MetaTagHandler.java:101)
		at jakarta.faces.view.facelets.DelegatingMetaTagHandler.setAttributes(DelegatingMetaTagHandler.java:89)
		at com.sun.faces.facelets.tag.faces.ComponentTagHandlerDelegateImpl.doNewComponentActions(ComponentTagHandlerDelegateImpl.java:415)
		at com.sun.faces.facelets.tag.faces.ComponentTagHandlerDelegateImpl.apply(ComponentTagHandlerDelegateImpl.java:154)
		at jakarta.faces.view.facelets.DelegatingMetaTagHandler.apply(DelegatingMetaTagHandler.java:107)
		at jakarta.faces.view.facelets.CompositeFaceletHandler.apply(CompositeFaceletHandler.java:55)
		at jakarta.faces.view.facelets.DelegatingMetaTagHandler.applyNextHandler(DelegatingMetaTagHandler.java:132)
		at com.sun.faces.facelets.tag.faces.ComponentTagHandlerDelegateImpl.apply(ComponentTagHandlerDelegateImpl.java:177)
		at jakarta.faces.view.facelets.DelegatingMetaTagHandler.apply(DelegatingMetaTagHandler.java:107)
		at jakarta.faces.view.facelets.DelegatingMetaTagHandler.applyNextHandler(DelegatingMetaTagHandler.java:132)
		at com.sun.faces.facelets.tag.faces.ComponentTagHandlerDelegateImpl.apply(ComponentTagHandlerDelegateImpl.java:177)
		at jakarta.faces.view.facelets.DelegatingMetaTagHandler.apply(DelegatingMetaTagHandler.java:107)
		at jakarta.faces.view.facelets.CompositeFaceletHandler.apply(CompositeFaceletHandler.java:55)
		at jakarta.faces.view.facelets.DelegatingMetaTagHandler.applyNextHandler(DelegatingMetaTagHandler.java:132)
		at com.sun.faces.facelets.tag.faces.ComponentTagHandlerDelegateImpl.apply(ComponentTagHandlerDelegateImpl.java:177)
		at jakarta.faces.view.facelets.DelegatingMetaTagHandler.apply(DelegatingMetaTagHandler.java:107)
		at jakarta.faces.view.facelets.CompositeFaceletHandler.apply(CompositeFaceletHandler.java:55)
		at com.sun.faces.facelets.compiler.NamespaceHandler.apply(NamespaceHandler.java:52)
		at jakarta.faces.view.facelets.CompositeFaceletHandler.apply(CompositeFaceletHandler.java:55)
		at com.sun.faces.facelets.compiler.EncodingHandler.apply(EncodingHandler.java:46)
		at com.sun.faces.facelets.impl.DefaultFacelet.apply(DefaultFacelet.java:124)
		at com.sun.faces.application.view.FaceletViewHandlingStrategy.buildView(FaceletViewHandlingStrategy.java:328)
		at com.sun.faces.lifecycle.RenderResponsePhase.execute(RenderResponsePhase.java:70)
		at com.sun.faces.lifecycle.Phase.doPhase(Phase.java:72)
		at com.sun.faces.lifecycle.LifecycleImpl.render(LifecycleImpl.java:178)
		at jakarta.faces.webapp.FacesServlet.executeLifecyle(FacesServlet.java:678)
		at jakarta.faces.webapp.FacesServlet.service(FacesServlet.java:435)
		at org.apache.catalina.core.ApplicationFilterChain.internalDoFilter(ApplicationFilterChain.java:223)
		at org.apache.catalina.core.ApplicationFilterChain.doFilter(ApplicationFilterChain.java:158)
		at org.apache.tomcat.websocket.server.WsFilter.doFilter(WsFilter.java:53)
		at org.apache.catalina.core.ApplicationFilterChain.internalDoFilter(ApplicationFilterChain.java:185)
		at org.apache.catalina.core.ApplicationFilterChain.doFilter(ApplicationFilterChain.java:158)
		at org.apache.catalina.core.StandardWrapperValve.invoke(StandardWrapperValve.java:197)
		at org.apache.catalina.core.StandardContextValve.invoke(StandardContextValve.java:97)
		at org.apache.catalina.authenticator.AuthenticatorBase.invoke(AuthenticatorBase.java:542)
		at org.apache.catalina.core.StandardHostValve.invoke(StandardHostValve.java:119)
		at org.apache.catalina.valves.ErrorReportValve.invoke(ErrorReportValve.java:92)
		at org.apache.catalina.valves.AbstractAccessLogValve.invoke(AbstractAccessLogValve.java:690)
		at org.apache.catalina.core.StandardEngineValve.invoke(StandardEngineValve.java:78)
		at org.apache.catalina.connector.CoyoteAdapter.service(CoyoteAdapter.java:356)
		at org.apache.coyote.http11.Http11Processor.service(Http11Processor.java:399)
		at org.apache.coyote.AbstractProcessorLight.process(AbstractProcessorLight.java:65)
		at org.apache.coyote.AbstractProtocol$ConnectionHandler.process(AbstractProtocol.java:870)
		at org.apache.tomcat.util.net.NioEndpoint$SocketProcessor.doRun(NioEndpoint.java:1762)
		at org.apache.tomcat.util.net.SocketProcessorBase.run(SocketProcessorBase.java:49)
		at org.apache.tomcat.util.threads.ThreadPoolExecutor.runWorker(ThreadPoolExecutor.java:1191)
		at org.apache.tomcat.util.threads.ThreadPoolExecutor$Worker.run(ThreadPoolExecutor.java:659)
		at org.apache.tomcat.util.threads.TaskThread$WrappingRunnable.run(TaskThread.java:61)
		at java.base/java.lang.Thread.run(Thread.java:1570)
08-Jan-2025 19:14:19.116 INFORMATION [main] org.apache.catalina.core.ApplicationContext.log SessionListener: contextDestroyed()
08-Jan-2025 19:14:19.116 INFORMATION [main] org.apache.catalina.core.ApplicationContext.log ContextListener: contextDestroyed()
08-Jan-2025 19:19:32.032 INFORMATION [main] org.apache.catalina.core.ApplicationContext.log ContextListener: contextInitialized()
08-Jan-2025 19:19:32.032 INFORMATION [main] org.apache.catalina.core.ApplicationContext.log SessionListener: contextInitialized()
08-Jan-2025 19:19:32.033 INFORMATION [main] org.apache.catalina.core.ApplicationContext.log ContextListener: attributeAdded('StockTicker', 'async.Stockticker@39dce2df')
08-Jan-2025 19:19:34.707 SCHWERWIEGEND [http-nio-8080-exec-7] org.apache.catalina.core.StandardWrapperValve.invoke Servlet.service() for servlet [FacesServlet] in context with path [] threw exception [Ausdrucksfehler: Benanntes Objekt geisternetz nicht gefunden.] with root cause
	jakarta.faces.FacesException: Ausdrucksfehler: Benanntes Objekt geisternetz nicht gefunden.
		at com.sun.faces.util.Util.notNullNamedObject(Util.java:461)
		at com.sun.faces.application.applicationimpl.InstanceFactory.createConverter(InstanceFactory.java:422)
		at com.sun.faces.application.ApplicationImpl.createConverter(ApplicationImpl.java:475)
		at jakarta.faces.application.ApplicationWrapper.createConverter(ApplicationWrapper.java:335)
		at com.sun.faces.facelets.tag.faces.ValueHolderRule$LiteralConverterMetadata.applyMetadata(ValueHolderRule.java:46)
		at com.sun.faces.facelets.tag.MetadataImpl.applyMetadata(MetadataImpl.java:40)
		at jakarta.faces.view.facelets.MetaTagHandler.setAttributes(MetaTagHandler.java:101)
		at jakarta.faces.view.facelets.DelegatingMetaTagHandler.setAttributes(DelegatingMetaTagHandler.java:89)
		at com.sun.faces.facelets.tag.faces.ComponentTagHandlerDelegateImpl.doNewComponentActions(ComponentTagHandlerDelegateImpl.java:415)
		at com.sun.faces.facelets.tag.faces.ComponentTagHandlerDelegateImpl.apply(ComponentTagHandlerDelegateImpl.java:154)
		at jakarta.faces.view.facelets.DelegatingMetaTagHandler.apply(DelegatingMetaTagHandler.java:107)
		at jakarta.faces.view.facelets.CompositeFaceletHandler.apply(CompositeFaceletHandler.java:55)
		at jakarta.faces.view.facelets.DelegatingMetaTagHandler.applyNextHandler(DelegatingMetaTagHandler.java:132)
		at com.sun.faces.facelets.tag.faces.ComponentTagHandlerDelegateImpl.apply(ComponentTagHandlerDelegateImpl.java:177)
		at jakarta.faces.view.facelets.DelegatingMetaTagHandler.apply(DelegatingMetaTagHandler.java:107)
		at jakarta.faces.view.facelets.DelegatingMetaTagHandler.applyNextHandler(DelegatingMetaTagHandler.java:132)
		at com.sun.faces.facelets.tag.faces.ComponentTagHandlerDelegateImpl.apply(ComponentTagHandlerDelegateImpl.java:177)
		at jakarta.faces.view.facelets.DelegatingMetaTagHandler.apply(DelegatingMetaTagHandler.java:107)
		at jakarta.faces.view.facelets.CompositeFaceletHandler.apply(CompositeFaceletHandler.java:55)
		at jakarta.faces.view.facelets.DelegatingMetaTagHandler.applyNextHandler(DelegatingMetaTagHandler.java:132)
		at com.sun.faces.facelets.tag.faces.ComponentTagHandlerDelegateImpl.apply(ComponentTagHandlerDelegateImpl.java:177)
		at jakarta.faces.view.facelets.DelegatingMetaTagHandler.apply(DelegatingMetaTagHandler.java:107)
		at jakarta.faces.view.facelets.CompositeFaceletHandler.apply(CompositeFaceletHandler.java:55)
		at com.sun.faces.facelets.compiler.NamespaceHandler.apply(NamespaceHandler.java:52)
		at jakarta.faces.view.facelets.CompositeFaceletHandler.apply(CompositeFaceletHandler.java:55)
		at com.sun.faces.facelets.compiler.EncodingHandler.apply(EncodingHandler.java:46)
		at com.sun.faces.facelets.impl.DefaultFacelet.apply(DefaultFacelet.java:124)
		at com.sun.faces.application.view.FaceletViewHandlingStrategy.buildView(FaceletViewHandlingStrategy.java:328)
		at com.sun.faces.lifecycle.RenderResponsePhase.execute(RenderResponsePhase.java:70)
		at com.sun.faces.lifecycle.Phase.doPhase(Phase.java:72)
		at com.sun.faces.lifecycle.LifecycleImpl.render(LifecycleImpl.java:178)
		at jakarta.faces.webapp.FacesServlet.executeLifecyle(FacesServlet.java:678)
		at jakarta.faces.webapp.FacesServlet.service(FacesServlet.java:435)
		at org.apache.catalina.core.ApplicationFilterChain.internalDoFilter(ApplicationFilterChain.java:223)
		at org.apache.catalina.core.ApplicationFilterChain.doFilter(ApplicationFilterChain.java:158)
		at org.apache.tomcat.websocket.server.WsFilter.doFilter(WsFilter.java:53)
		at org.apache.catalina.core.ApplicationFilterChain.internalDoFilter(ApplicationFilterChain.java:185)
		at org.apache.catalina.core.ApplicationFilterChain.doFilter(ApplicationFilterChain.java:158)
		at org.apache.catalina.core.StandardWrapperValve.invoke(StandardWrapperValve.java:197)
		at org.apache.catalina.core.StandardContextValve.invoke(StandardContextValve.java:97)
		at org.apache.catalina.authenticator.AuthenticatorBase.invoke(AuthenticatorBase.java:542)
		at org.apache.catalina.core.StandardHostValve.invoke(StandardHostValve.java:119)
		at org.apache.catalina.valves.ErrorReportValve.invoke(ErrorReportValve.java:92)
		at org.apache.catalina.valves.AbstractAccessLogValve.invoke(AbstractAccessLogValve.java:690)
		at org.apache.catalina.core.StandardEngineValve.invoke(StandardEngineValve.java:78)
		at org.apache.catalina.connector.CoyoteAdapter.service(CoyoteAdapter.java:356)
		at org.apache.coyote.http11.Http11Processor.service(Http11Processor.java:399)
		at org.apache.coyote.AbstractProcessorLight.process(AbstractProcessorLight.java:65)
		at org.apache.coyote.AbstractProtocol$ConnectionHandler.process(AbstractProtocol.java:870)
		at org.apache.tomcat.util.net.NioEndpoint$SocketProcessor.doRun(NioEndpoint.java:1762)
		at org.apache.tomcat.util.net.SocketProcessorBase.run(SocketProcessorBase.java:49)
		at org.apache.tomcat.util.threads.ThreadPoolExecutor.runWorker(ThreadPoolExecutor.java:1191)
		at org.apache.tomcat.util.threads.ThreadPoolExecutor$Worker.run(ThreadPoolExecutor.java:659)
		at org.apache.tomcat.util.threads.TaskThread$WrappingRunnable.run(TaskThread.java:61)
		at java.base/java.lang.Thread.run(Thread.java:1570)
08-Jan-2025 19:20:12.111 INFORMATION [main] org.apache.catalina.core.ApplicationContext.log SessionListener: contextDestroyed()
08-Jan-2025 19:20:12.112 INFORMATION [main] org.apache.catalina.core.ApplicationContext.log ContextListener: contextDestroyed()
08-Jan-2025 19:21:33.025 INFORMATION [main] org.apache.catalina.core.ApplicationContext.log ContextListener: contextInitialized()
08-Jan-2025 19:21:33.025 INFORMATION [main] org.apache.catalina.core.ApplicationContext.log SessionListener: contextInitialized()
08-Jan-2025 19:21:33.027 INFORMATION [main] org.apache.catalina.core.ApplicationContext.log ContextListener: attributeAdded('StockTicker', 'async.Stockticker@25c4f621')
08-Jan-2025 19:22:33.954 INFORMATION [main] org.apache.catalina.core.ApplicationContext.log SessionListener: contextDestroyed()
08-Jan-2025 19:22:33.954 INFORMATION [main] org.apache.catalina.core.ApplicationContext.log ContextListener: contextDestroyed()
08-Jan-2025 19:22:52.845 INFORMATION [main] org.apache.catalina.core.ApplicationContext.log ContextListener: contextInitialized()
08-Jan-2025 19:22:52.845 INFORMATION [main] org.apache.catalina.core.ApplicationContext.log SessionListener: contextInitialized()
08-Jan-2025 19:22:52.845 INFORMATION [main] org.apache.catalina.core.ApplicationContext.log ContextListener: attributeAdded('StockTicker', 'async.Stockticker@67f0bf7e')
08-Jan-2025 19:31:58.555 SCHWERWIEGEND [http-nio-8080-exec-20] org.apache.catalina.core.StandardWrapperValve.invoke Servlet.service() for servlet [FacesServlet] in context with path [] threw exception [For input string: "netze"] with root cause
	java.lang.NumberFormatException: For input string: "netze"
		at java.base/java.lang.NumberFormatException.forInputString(NumberFormatException.java:67)
		at java.base/java.lang.Integer.parseInt(Integer.java:588)
		at java.base/java.lang.Integer.parseInt(Integer.java:685)
		at jakarta.el.ListELResolver.coerce(ListELResolver.java:148)
		at jakarta.el.ListELResolver.getValue(ListELResolver.java:65)
		at com.sun.faces.el.DemuxCompositeELResolver._getValue(DemuxCompositeELResolver.java:139)
		at com.sun.faces.el.DemuxCompositeELResolver.getValue(DemuxCompositeELResolver.java:164)
		at org.apache.el.parser.AstValue.getValue(AstValue.java:168)
		at org.apache.el.ValueExpressionImpl.getValue(ValueExpressionImpl.java:189)
		at org.jboss.weld.module.web.el.WeldValueExpression.getValue(WeldValueExpression.java:50)
		at com.sun.faces.facelets.el.TagValueExpression.getValue(TagValueExpression.java:73)
		at jakarta.faces.component.ComponentStateHelper.eval(ComponentStateHelper.java:206)
		at jakarta.faces.component.ComponentStateHelper.eval(ComponentStateHelper.java:175)
		at jakarta.faces.component.UISelectItems.getValue(UISelectItems.java:120)
		at org.primefaces.renderkit.SelectRenderer.getSelectItems(SelectRenderer.java:91)
		at org.primefaces.component.selectonemenu.SelectOneMenuRenderer.encodeMarkup(SelectOneMenuRenderer.java:113)
		at org.primefaces.component.selectonemenu.SelectOneMenuRenderer.encodeEnd(SelectOneMenuRenderer.java:106)
		at jakarta.faces.component.UIComponentBase.encodeEnd(UIComponentBase.java:583)
		at com.sun.faces.renderkit.html_basic.HtmlBasicRenderer.encodeRecursive(HtmlBasicRenderer.java:275)
		at com.sun.faces.renderkit.html_basic.GridRenderer.renderRow(GridRenderer.java:143)
		at com.sun.faces.renderkit.html_basic.GridRenderer.encodeChildren(GridRenderer.java:97)
		at jakarta.faces.component.UIComponentBase.encodeChildren(UIComponentBase.java:554)
		at jakarta.faces.component.UIComponent.encodeAll(UIComponent.java:1545)
		at jakarta.faces.render.Renderer.encodeChildren(Renderer.java:145)
		at jakarta.faces.component.UIComponentBase.encodeChildren(UIComponentBase.java:554)
		at jakarta.faces.component.UIComponent.encodeAll(UIComponent.java:1545)
		at jakarta.faces.component.UIComponent.encodeAll(UIComponent.java:1548)
		at jakarta.faces.component.UIComponent.encodeAll(UIComponent.java:1548)
		at com.sun.faces.application.view.FaceletViewHandlingStrategy.renderView(FaceletViewHandlingStrategy.java:448)
		at com.sun.faces.application.view.MultiViewHandler.renderView(MultiViewHandler.java:161)
		at jakarta.faces.application.ViewHandlerWrapper.renderView(ViewHandlerWrapper.java:125)
		at com.sun.faces.lifecycle.RenderResponsePhase.execute(RenderResponsePhase.java:93)
		at com.sun.faces.lifecycle.Phase.doPhase(Phase.java:72)
		at com.sun.faces.lifecycle.LifecycleImpl.render(LifecycleImpl.java:178)
		at jakarta.faces.webapp.FacesServlet.executeLifecyle(FacesServlet.java:678)
		at jakarta.faces.webapp.FacesServlet.service(FacesServlet.java:435)
		at org.apache.catalina.core.ApplicationFilterChain.internalDoFilter(ApplicationFilterChain.java:223)
		at org.apache.catalina.core.ApplicationFilterChain.doFilter(ApplicationFilterChain.java:158)
		at org.apache.tomcat.websocket.server.WsFilter.doFilter(WsFilter.java:53)
		at org.apache.catalina.core.ApplicationFilterChain.internalDoFilter(ApplicationFilterChain.java:185)
		at org.apache.catalina.core.ApplicationFilterChain.doFilter(ApplicationFilterChain.java:158)
		at org.apache.catalina.core.StandardWrapperValve.invoke(StandardWrapperValve.java:197)
		at org.apache.catalina.core.StandardContextValve.invoke(StandardContextValve.java:97)
		at org.apache.catalina.authenticator.AuthenticatorBase.invoke(AuthenticatorBase.java:542)
		at org.apache.catalina.core.StandardHostValve.invoke(StandardHostValve.java:119)
		at org.apache.catalina.valves.ErrorReportValve.invoke(ErrorReportValve.java:92)
		at org.apache.catalina.valves.AbstractAccessLogValve.invoke(AbstractAccessLogValve.java:690)
		at org.apache.catalina.core.StandardEngineValve.invoke(StandardEngineValve.java:78)
		at org.apache.catalina.connector.CoyoteAdapter.service(CoyoteAdapter.java:356)
		at org.apache.coyote.http11.Http11Processor.service(Http11Processor.java:399)
		at org.apache.coyote.AbstractProcessorLight.process(AbstractProcessorLight.java:65)
		at org.apache.coyote.AbstractProtocol$ConnectionHandler.process(AbstractProtocol.java:870)
		at org.apache.tomcat.util.net.NioEndpoint$SocketProcessor.doRun(NioEndpoint.java:1762)
		at org.apache.tomcat.util.net.SocketProcessorBase.run(SocketProcessorBase.java:49)
		at org.apache.tomcat.util.threads.ThreadPoolExecutor.runWorker(ThreadPoolExecutor.java:1191)
		at org.apache.tomcat.util.threads.ThreadPoolExecutor$Worker.run(ThreadPoolExecutor.java:659)
		at org.apache.tomcat.util.threads.TaskThread$WrappingRunnable.run(TaskThread.java:61)
		at java.base/java.lang.Thread.run(Thread.java:1570)
08-Jan-2025 20:25:41.296 INFORMATION [main] org.apache.catalina.core.ApplicationContext.log SessionListener: contextDestroyed()
08-Jan-2025 20:25:41.296 INFORMATION [main] org.apache.catalina.core.ApplicationContext.log ContextListener: contextDestroyed()
