22-Jan-2025 19:41:00.681 INFORMATION [main] org.apache.catalina.core.ApplicationContext.log ContextListener: contextInitialized()
22-Jan-2025 19:41:00.681 INFORMATION [main] org.apache.catalina.core.ApplicationContext.log SessionListener: contextInitialized()
22-Jan-2025 19:41:00.682 INFORMATION [main] org.apache.catalina.core.ApplicationContext.log ContextListener: attributeAdded('StockTicker', 'async.Stockticker@26499067')
22-Jan-2025 19:41:13.361 SCHWERWIEGEND [http-nio-8080-exec-12] org.apache.catalina.core.StandardWrapperValve.invoke Servlet.service() for servlet [FacesServlet] in context with path [/GhostNetFishing] threw exception [Index 0 out of bounds for length 0] with root cause
	java.lang.IndexOutOfBoundsException: Index 0 out of bounds for length 0
		at java.base/jdk.internal.util.Preconditions.outOfBounds(Preconditions.java:100)
		at java.base/jdk.internal.util.Preconditions.outOfBoundsCheckIndex(Preconditions.java:106)
		at java.base/jdk.internal.util.Preconditions.checkIndex(Preconditions.java:302)
		at java.base/java.util.Objects.checkIndex(Objects.java:365)
		at java.base/java.util.ArrayList.get(ArrayList.java:428)
		at DatenController.getNetzeOhnePersonListe(DatenController.java:27)
		at java.base/jdk.internal.reflect.DirectMethodHandleAccessor.invoke(DirectMethodHandleAccessor.java:103)
		at java.base/java.lang.reflect.Method.invoke(Method.java:580)
		at jakarta.el.BeanELResolver.getValue(BeanELResolver.java:97)
		at com.sun.faces.el.DemuxCompositeELResolver._getValue(DemuxCompositeELResolver.java:139)
		at com.sun.faces.el.DemuxCompositeELResolver.getValue(DemuxCompositeELResolver.java:164)
		at org.apache.el.parser.AstValue.getValue(AstValue.java:168)
		at org.apache.el.ValueExpressionImpl.getValue(ValueExpressionImpl.java:189)
		at org.jboss.weld.module.web.el.WeldValueExpression.getValue(WeldValueExpression.java:50)
		at com.sun.faces.facelets.el.TagValueExpression.getValue(TagValueExpression.java:73)
		at jakarta.faces.component.ComponentStateHelper.eval(ComponentStateHelper.java:207)
		at jakarta.faces.component.ComponentStateHelper.eval(ComponentStateHelper.java:176)
		at jakarta.faces.component.UISelectItems.getValue(UISelectItems.java:120)
		at org.primefaces.renderkit.SelectRenderer.getSelectItems(SelectRenderer.java:91)
		at org.primefaces.component.selectonemenu.SelectOneMenuRenderer.encodeMarkup(SelectOneMenuRenderer.java:113)
		at org.primefaces.component.selectonemenu.SelectOneMenuRenderer.encodeEnd(SelectOneMenuRenderer.java:106)
		at jakarta.faces.component.UIComponentBase.encodeEnd(UIComponentBase.java:586)
		at com.sun.faces.renderkit.html_basic.HtmlBasicRenderer.encodeRecursive(HtmlBasicRenderer.java:265)
		at com.sun.faces.renderkit.html_basic.GridRenderer.renderRow(GridRenderer.java:143)
		at com.sun.faces.renderkit.html_basic.GridRenderer.encodeChildren(GridRenderer.java:97)
		at jakarta.faces.component.UIComponentBase.encodeChildren(UIComponentBase.java:557)
		at jakarta.faces.component.UIComponent.encodeAll(UIComponent.java:1435)
		at jakarta.faces.render.Renderer.encodeChildren(Renderer.java:146)
		at jakarta.faces.component.UIComponentBase.encodeChildren(UIComponentBase.java:557)
		at jakarta.faces.component.UIComponent.encodeAll(UIComponent.java:1435)
		at jakarta.faces.component.UIComponent.encodeAll(UIComponent.java:1438)
		at jakarta.faces.component.UIComponent.encodeAll(UIComponent.java:1438)
		at com.sun.faces.application.view.FaceletViewHandlingStrategy.renderView(FaceletViewHandlingStrategy.java:442)
		at com.sun.faces.application.view.MultiViewHandler.renderView(MultiViewHandler.java:162)
		at jakarta.faces.application.ViewHandlerWrapper.renderView(ViewHandlerWrapper.java:125)
		at com.sun.faces.lifecycle.RenderResponsePhase.execute(RenderResponsePhase.java:93)
		at com.sun.faces.lifecycle.Phase.doPhase(Phase.java:72)
		at com.sun.faces.lifecycle.LifecycleImpl.render(LifecycleImpl.java:178)
		at jakarta.faces.webapp.FacesServlet.executeLifecyle(FacesServlet.java:692)
		at jakarta.faces.webapp.FacesServlet.service(FacesServlet.java:449)
		at org.apache.catalina.core.ApplicationFilterChain.internalDoFilter(ApplicationFilterChain.java:223)
		at org.apache.catalina.core.ApplicationFilterChain.doFilter(ApplicationFilterChain.java:158)
		at org.apache.tomcat.websocket.server.WsFilter.doFilter(WsFilter.java:53)
		at org.apache.catalina.core.ApplicationFilterChain.internalDoFilter(ApplicationFilterChain.java:185)
		at org.apache.catalina.core.ApplicationFilterChain.doFilter(ApplicationFilterChain.java:158)
		at org.apache.catalina.core.StandardWrapperValve.invoke(StandardWrapperValve.java:197)
		at org.apache.catalina.core.StandardContextValve.invoke(StandardContextValve.java:97)
		at org.apache.catalina.authenticator.AuthenticatorBase.invoke(AuthenticatorBase.java:542)
		at org.apache.catalina.core.StandardHostValve.invoke(StandardHostValve.java:119)
		at org.apache.catalina.valves.ErrorReportValve.invoke(ErrorReportValve.java:92)
		at org.apache.catalina.valves.AbstractAccessLogValve.invoke(AbstractAccessLogValve.java:690)
		at org.apache.catalina.core.StandardEngineValve.invoke(StandardEngineValve.java:78)
		at org.apache.catalina.connector.CoyoteAdapter.service(CoyoteAdapter.java:356)
		at org.apache.coyote.http11.Http11Processor.service(Http11Processor.java:399)
		at org.apache.coyote.AbstractProcessorLight.process(AbstractProcessorLight.java:65)
		at org.apache.coyote.AbstractProtocol$ConnectionHandler.process(AbstractProtocol.java:870)
		at org.apache.tomcat.util.net.NioEndpoint$SocketProcessor.doRun(NioEndpoint.java:1762)
		at org.apache.tomcat.util.net.SocketProcessorBase.run(SocketProcessorBase.java:49)
		at org.apache.tomcat.util.threads.ThreadPoolExecutor.runWorker(ThreadPoolExecutor.java:1191)
		at org.apache.tomcat.util.threads.ThreadPoolExecutor$Worker.run(ThreadPoolExecutor.java:659)
		at org.apache.tomcat.util.threads.TaskThread$WrappingRunnable.run(TaskThread.java:61)
		at java.base/java.lang.Thread.run(Thread.java:1570)
22-Jan-2025 19:46:27.045 SCHWERWIEGEND [http-nio-8080-exec-24] org.apache.catalina.core.StandardWrapperValve.invoke Servlet.service() for servlet [FacesServlet] in context with path [/GhostNetFishing] threw exception [/uebersicht.xhtml @18,62 listener="" Not a valid method expression []] with root cause
	jakarta.el.ELException: Not a valid method expression []
		at org.apache.el.lang.ExpressionBuilder.createMethodExpression(ExpressionBuilder.java:258)
		at org.apache.el.ExpressionFactoryImpl.createMethodExpression(ExpressionFactoryImpl.java:54)
		at org.jboss.weld.module.web.util.el.ForwardingExpressionFactory.createMethodExpression(ForwardingExpressionFactory.java:43)
		at org.jboss.weld.module.web.el.WeldExpressionFactory.createMethodExpression(WeldExpressionFactory.java:53)
		at com.sun.faces.facelets.tag.TagAttributeImpl.getMethodExpression(TagAttributeImpl.java:183)
		at org.primefaces.behavior.ajax.AjaxBehaviorHandler.init(AjaxBehaviorHandler.java:72)
		at org.primefaces.behavior.ajax.AjaxBehaviorHandler.init(AjaxBehaviorHandler.java:37)
		at org.primefaces.behavior.base.AbstractBehaviorHandler.applyAttachedObject(AbstractBehaviorHandler.java:203)
		at org.primefaces.behavior.base.AbstractBehaviorHandler.apply(AbstractBehaviorHandler.java:133)
		at jakarta.faces.view.facelets.DelegatingMetaTagHandler.applyNextHandler(DelegatingMetaTagHandler.java:163)
		at com.sun.faces.facelets.tag.faces.ComponentTagHandlerDelegateImpl.apply(ComponentTagHandlerDelegateImpl.java:177)
		at jakarta.faces.view.facelets.DelegatingMetaTagHandler.apply(DelegatingMetaTagHandler.java:139)
		at jakarta.faces.view.facelets.CompositeFaceletHandler.apply(CompositeFaceletHandler.java:57)
		at jakarta.faces.view.facelets.DelegatingMetaTagHandler.applyNextHandler(DelegatingMetaTagHandler.java:163)
		at com.sun.faces.facelets.tag.faces.ComponentTagHandlerDelegateImpl.apply(ComponentTagHandlerDelegateImpl.java:177)
		at jakarta.faces.view.facelets.DelegatingMetaTagHandler.apply(DelegatingMetaTagHandler.java:139)
		at jakarta.faces.view.facelets.CompositeFaceletHandler.apply(CompositeFaceletHandler.java:57)
		at jakarta.faces.view.facelets.DelegatingMetaTagHandler.applyNextHandler(DelegatingMetaTagHandler.java:163)
		at com.sun.faces.facelets.tag.faces.ComponentTagHandlerDelegateImpl.apply(ComponentTagHandlerDelegateImpl.java:177)
		at jakarta.faces.view.facelets.DelegatingMetaTagHandler.apply(DelegatingMetaTagHandler.java:139)
		at jakarta.faces.view.facelets.CompositeFaceletHandler.apply(CompositeFaceletHandler.java:57)
		at com.sun.faces.facelets.compiler.NamespaceHandler.apply(NamespaceHandler.java:52)
		at com.sun.faces.facelets.compiler.EncodingHandler.apply(EncodingHandler.java:46)
		at com.sun.faces.facelets.impl.DefaultFacelet.apply(DefaultFacelet.java:131)
		at com.sun.faces.application.view.FaceletViewHandlingStrategy.buildView(FaceletViewHandlingStrategy.java:330)
		at com.sun.faces.lifecycle.RenderResponsePhase.execute(RenderResponsePhase.java:70)
		at com.sun.faces.lifecycle.Phase.doPhase(Phase.java:72)
		at com.sun.faces.lifecycle.LifecycleImpl.render(LifecycleImpl.java:178)
		at jakarta.faces.webapp.FacesServlet.executeLifecyle(FacesServlet.java:692)
		at jakarta.faces.webapp.FacesServlet.service(FacesServlet.java:449)
		at org.apache.catalina.core.ApplicationFilterChain.internalDoFilter(ApplicationFilterChain.java:223)
		at org.apache.catalina.core.ApplicationFilterChain.doFilter(ApplicationFilterChain.java:158)
		at org.apache.tomcat.websocket.server.WsFilter.doFilter(WsFilter.java:53)
		at org.apache.catalina.core.ApplicationFilterChain.internalDoFilter(ApplicationFilterChain.java:185)
		at org.apache.catalina.core.ApplicationFilterChain.doFilter(ApplicationFilterChain.java:158)
		at org.apache.catalina.core.StandardWrapperValve.invoke(StandardWrapperValve.java:197)
		at org.apache.catalina.core.StandardContextValve.invoke(StandardContextValve.java:97)
		at org.apache.catalina.authenticator.AuthenticatorBase.invoke(AuthenticatorBase.java:542)
		at org.apache.catalina.core.StandardHostValve.invoke(StandardHostValve.java:119)
		at org.apache.catalina.valves.ErrorReportValve.invoke(ErrorReportValve.java:92)
		at org.apache.catalina.valves.AbstractAccessLogValve.invoke(AbstractAccessLogValve.java:690)
		at org.apache.catalina.core.StandardEngineValve.invoke(StandardEngineValve.java:78)
		at org.apache.catalina.connector.CoyoteAdapter.service(CoyoteAdapter.java:356)
		at org.apache.coyote.http11.Http11Processor.service(Http11Processor.java:399)
		at org.apache.coyote.AbstractProcessorLight.process(AbstractProcessorLight.java:65)
		at org.apache.coyote.AbstractProtocol$ConnectionHandler.process(AbstractProtocol.java:870)
		at org.apache.tomcat.util.net.NioEndpoint$SocketProcessor.doRun(NioEndpoint.java:1762)
		at org.apache.tomcat.util.net.SocketProcessorBase.run(SocketProcessorBase.java:49)
		at org.apache.tomcat.util.threads.ThreadPoolExecutor.runWorker(ThreadPoolExecutor.java:1191)
		at org.apache.tomcat.util.threads.ThreadPoolExecutor$Worker.run(ThreadPoolExecutor.java:659)
		at org.apache.tomcat.util.threads.TaskThread$WrappingRunnable.run(TaskThread.java:61)
		at java.base/java.lang.Thread.run(Thread.java:1570)
22-Jan-2025 20:21:36.402 SCHWERWIEGEND [http-nio-8080-exec-100] org.apache.catalina.core.StandardWrapperValve.invoke Servlet.service() for servlet [FacesServlet] in context with path [/GhostNetFishing] threw exception [/uebersicht.xhtml @15,93 <p:ajax> Event attribute could not be determined: null] with root cause
	jakarta.faces.view.facelets.TagException: /uebersicht.xhtml @15,93 <p:ajax> Event attribute could not be determined: null
		at org.primefaces.behavior.base.AbstractBehaviorHandler.applyAttachedObject(AbstractBehaviorHandler.java:191)
		at org.primefaces.behavior.base.AbstractBehaviorHandler.apply(AbstractBehaviorHandler.java:133)
		at jakarta.faces.view.facelets.DelegatingMetaTagHandler.applyNextHandler(DelegatingMetaTagHandler.java:163)
		at com.sun.faces.facelets.tag.faces.ComponentTagHandlerDelegateImpl.apply(ComponentTagHandlerDelegateImpl.java:177)
		at jakarta.faces.view.facelets.DelegatingMetaTagHandler.apply(DelegatingMetaTagHandler.java:139)
		at jakarta.faces.view.facelets.CompositeFaceletHandler.apply(CompositeFaceletHandler.java:57)
		at jakarta.faces.view.facelets.DelegatingMetaTagHandler.applyNextHandler(DelegatingMetaTagHandler.java:163)
		at com.sun.faces.facelets.tag.faces.ComponentTagHandlerDelegateImpl.apply(ComponentTagHandlerDelegateImpl.java:177)
		at jakarta.faces.view.facelets.DelegatingMetaTagHandler.apply(DelegatingMetaTagHandler.java:139)
		at jakarta.faces.view.facelets.CompositeFaceletHandler.apply(CompositeFaceletHandler.java:57)
		at jakarta.faces.view.facelets.DelegatingMetaTagHandler.applyNextHandler(DelegatingMetaTagHandler.java:163)
		at com.sun.faces.facelets.tag.faces.ComponentTagHandlerDelegateImpl.apply(ComponentTagHandlerDelegateImpl.java:177)
		at jakarta.faces.view.facelets.DelegatingMetaTagHandler.apply(DelegatingMetaTagHandler.java:139)
		at jakarta.faces.view.facelets.CompositeFaceletHandler.apply(CompositeFaceletHandler.java:57)
		at com.sun.faces.facelets.compiler.NamespaceHandler.apply(NamespaceHandler.java:52)
		at com.sun.faces.facelets.compiler.EncodingHandler.apply(EncodingHandler.java:46)
		at com.sun.faces.facelets.impl.DefaultFacelet.apply(DefaultFacelet.java:131)
		at com.sun.faces.application.view.FaceletViewHandlingStrategy.buildView(FaceletViewHandlingStrategy.java:330)
		at com.sun.faces.lifecycle.RenderResponsePhase.execute(RenderResponsePhase.java:70)
		at com.sun.faces.lifecycle.Phase.doPhase(Phase.java:72)
		at com.sun.faces.lifecycle.LifecycleImpl.render(LifecycleImpl.java:178)
		at jakarta.faces.webapp.FacesServlet.executeLifecyle(FacesServlet.java:692)
		at jakarta.faces.webapp.FacesServlet.service(FacesServlet.java:449)
		at org.apache.catalina.core.ApplicationFilterChain.internalDoFilter(ApplicationFilterChain.java:223)
		at org.apache.catalina.core.ApplicationFilterChain.doFilter(ApplicationFilterChain.java:158)
		at org.apache.tomcat.websocket.server.WsFilter.doFilter(WsFilter.java:53)
		at org.apache.catalina.core.ApplicationFilterChain.internalDoFilter(ApplicationFilterChain.java:185)
		at org.apache.catalina.core.ApplicationFilterChain.doFilter(ApplicationFilterChain.java:158)
		at org.apache.catalina.core.StandardWrapperValve.invoke(StandardWrapperValve.java:197)
		at org.apache.catalina.core.StandardContextValve.invoke(StandardContextValve.java:97)
		at org.apache.catalina.authenticator.AuthenticatorBase.invoke(AuthenticatorBase.java:542)
		at org.apache.catalina.core.StandardHostValve.invoke(StandardHostValve.java:119)
		at org.apache.catalina.valves.ErrorReportValve.invoke(ErrorReportValve.java:92)
		at org.apache.catalina.valves.AbstractAccessLogValve.invoke(AbstractAccessLogValve.java:690)
		at org.apache.catalina.core.StandardEngineValve.invoke(StandardEngineValve.java:78)
		at org.apache.catalina.connector.CoyoteAdapter.service(CoyoteAdapter.java:356)
		at org.apache.coyote.http11.Http11Processor.service(Http11Processor.java:399)
		at org.apache.coyote.AbstractProcessorLight.process(AbstractProcessorLight.java:65)
		at org.apache.coyote.AbstractProtocol$ConnectionHandler.process(AbstractProtocol.java:870)
		at org.apache.tomcat.util.net.NioEndpoint$SocketProcessor.doRun(NioEndpoint.java:1762)
		at org.apache.tomcat.util.net.SocketProcessorBase.run(SocketProcessorBase.java:49)
		at org.apache.tomcat.util.threads.ThreadPoolExecutor.runWorker(ThreadPoolExecutor.java:1191)
		at org.apache.tomcat.util.threads.ThreadPoolExecutor$Worker.run(ThreadPoolExecutor.java:659)
		at org.apache.tomcat.util.threads.TaskThread$WrappingRunnable.run(TaskThread.java:61)
		at java.base/java.lang.Thread.run(Thread.java:1570)
22-Jan-2025 20:25:02.287 INFORMATION [main] org.apache.catalina.core.ApplicationContext.log SessionListener: contextDestroyed()
22-Jan-2025 20:25:02.287 INFORMATION [main] org.apache.catalina.core.ApplicationContext.log ContextListener: contextDestroyed()
