15-Jan-2025 18:38:58.740 INFORMATION [main] org.apache.catalina.core.ApplicationContext.log ContextListener: contextInitialized()
15-Jan-2025 18:38:58.740 INFORMATION [main] org.apache.catalina.core.ApplicationContext.log SessionListener: contextInitialized()
15-Jan-2025 18:38:58.741 INFORMATION [main] org.apache.catalina.core.ApplicationContext.log ContextListener: attributeAdded('StockTicker', 'async.Stockticker@758ebec4')
15-Jan-2025 18:45:23.407 INFORMATION [main] org.apache.catalina.core.ApplicationContext.log SessionListener: contextDestroyed()
15-Jan-2025 18:45:23.407 INFORMATION [main] org.apache.catalina.core.ApplicationContext.log ContextListener: contextDestroyed()
15-Jan-2025 18:45:40.707 INFORMATION [main] org.apache.catalina.core.ApplicationContext.log ContextListener: contextInitialized()
15-Jan-2025 18:45:40.707 INFORMATION [main] org.apache.catalina.core.ApplicationContext.log SessionListener: contextInitialized()
15-Jan-2025 18:45:40.708 INFORMATION [main] org.apache.catalina.core.ApplicationContext.log ContextListener: attributeAdded('StockTicker', 'async.Stockticker@77e5c765')
15-Jan-2025 18:58:19.330 INFORMATION [main] org.apache.catalina.core.ApplicationContext.log SessionListener: contextDestroyed()
15-Jan-2025 18:58:19.330 INFORMATION [main] org.apache.catalina.core.ApplicationContext.log ContextListener: contextDestroyed()
15-Jan-2025 18:58:28.522 INFORMATION [main] org.apache.catalina.core.ApplicationContext.log ContextListener: contextInitialized()
15-Jan-2025 18:58:28.522 INFORMATION [main] org.apache.catalina.core.ApplicationContext.log SessionListener: contextInitialized()
15-Jan-2025 18:58:28.523 INFORMATION [main] org.apache.catalina.core.ApplicationContext.log ContextListener: attributeAdded('StockTicker', 'async.Stockticker@64829470')
15-Jan-2025 19:29:59.253 INFORMATION [main] org.apache.catalina.core.ApplicationContext.log SessionListener: contextDestroyed()
15-Jan-2025 19:29:59.253 INFORMATION [main] org.apache.catalina.core.ApplicationContext.log ContextListener: contextDestroyed()
15-Jan-2025 19:31:11.950 INFORMATION [main] org.apache.catalina.core.ApplicationContext.log ContextListener: contextInitialized()
15-Jan-2025 19:31:11.950 INFORMATION [main] org.apache.catalina.core.ApplicationContext.log SessionListener: contextInitialized()
15-Jan-2025 19:31:11.951 INFORMATION [main] org.apache.catalina.core.ApplicationContext.log ContextListener: attributeAdded('StockTicker', 'async.Stockticker@66d6e50b')
15-Jan-2025 19:34:26.966 INFORMATION [main] org.apache.catalina.core.ApplicationContext.log SessionListener: contextDestroyed()
15-Jan-2025 19:34:26.966 INFORMATION [main] org.apache.catalina.core.ApplicationContext.log ContextListener: contextDestroyed()
15-Jan-2025 19:38:49.863 INFORMATION [main] org.apache.catalina.core.ApplicationContext.log ContextListener: contextInitialized()
15-Jan-2025 19:38:49.863 INFORMATION [main] org.apache.catalina.core.ApplicationContext.log SessionListener: contextInitialized()
15-Jan-2025 19:38:49.864 INFORMATION [main] org.apache.catalina.core.ApplicationContext.log ContextListener: attributeAdded('StockTicker', 'async.Stockticker@518a7b8a')
15-Jan-2025 19:58:32.584 INFORMATION [main] org.apache.catalina.core.ApplicationContext.log SessionListener: contextDestroyed()
15-Jan-2025 19:58:32.584 INFORMATION [main] org.apache.catalina.core.ApplicationContext.log ContextListener: contextDestroyed()
