16-Jan-2025 18:34:08.578 INFORMATION [main] org.apache.catalina.core.ApplicationContext.log ContextListener: contextInitialized()
16-Jan-2025 18:34:08.578 INFORMATION [main] org.apache.catalina.core.ApplicationContext.log SessionListener: contextInitialized()
16-Jan-2025 18:34:08.579 INFORMATION [main] org.apache.catalina.core.ApplicationContext.log ContextListener: attributeAdded('StockTicker', 'async.Stockticker@2dcbf825')
16-Jan-2025 18:38:09.129 INFORMATION [main] org.apache.catalina.core.ApplicationContext.log SessionListener: contextDestroyed()
16-Jan-2025 18:38:09.129 INFORMATION [main] org.apache.catalina.core.ApplicationContext.log ContextListener: contextDestroyed()
16-Jan-2025 18:38:19.589 INFORMATION [main] org.apache.catalina.core.ApplicationContext.log ContextListener: contextInitialized()
16-Jan-2025 18:38:19.590 INFORMATION [main] org.apache.catalina.core.ApplicationContext.log SessionListener: contextInitialized()
16-Jan-2025 18:38:19.591 INFORMATION [main] org.apache.catalina.core.ApplicationContext.log ContextListener: attributeAdded('StockTicker', 'async.Stockticker@59c00010')
16-Jan-2025 18:39:25.034 INFORMATION [main] org.apache.catalina.core.ApplicationContext.log SessionListener: contextDestroyed()
16-Jan-2025 18:39:25.034 INFORMATION [main] org.apache.catalina.core.ApplicationContext.log ContextListener: contextDestroyed()
16-Jan-2025 18:39:35.903 INFORMATION [main] org.apache.catalina.core.ApplicationContext.log ContextListener: contextInitialized()
16-Jan-2025 18:39:35.903 INFORMATION [main] org.apache.catalina.core.ApplicationContext.log SessionListener: contextInitialized()
16-Jan-2025 18:39:35.904 INFORMATION [main] org.apache.catalina.core.ApplicationContext.log ContextListener: attributeAdded('StockTicker', 'async.Stockticker@198c0f1c')
16-Jan-2025 18:41:09.457 INFORMATION [main] org.apache.catalina.core.ApplicationContext.log SessionListener: contextDestroyed()
16-Jan-2025 18:41:09.457 INFORMATION [main] org.apache.catalina.core.ApplicationContext.log ContextListener: contextDestroyed()
16-Jan-2025 18:41:20.005 INFORMATION [main] org.apache.catalina.core.ApplicationContext.log ContextListener: contextInitialized()
16-Jan-2025 18:41:20.005 INFORMATION [main] org.apache.catalina.core.ApplicationContext.log SessionListener: contextInitialized()
16-Jan-2025 18:41:20.006 INFORMATION [main] org.apache.catalina.core.ApplicationContext.log ContextListener: attributeAdded('StockTicker', 'async.Stockticker@7253c53')
16-Jan-2025 18:43:32.128 INFORMATION [main] org.apache.catalina.core.ApplicationContext.log SessionListener: contextDestroyed()
16-Jan-2025 18:43:32.128 INFORMATION [main] org.apache.catalina.core.ApplicationContext.log ContextListener: contextDestroyed()
16-Jan-2025 18:43:40.718 INFORMATION [main] org.apache.catalina.core.ApplicationContext.log ContextListener: contextInitialized()
16-Jan-2025 18:43:40.718 INFORMATION [main] org.apache.catalina.core.ApplicationContext.log SessionListener: contextInitialized()
16-Jan-2025 18:43:40.719 INFORMATION [main] org.apache.catalina.core.ApplicationContext.log ContextListener: attributeAdded('StockTicker', 'async.Stockticker@7253c53')
16-Jan-2025 18:44:45.116 INFORMATION [main] org.apache.catalina.core.ApplicationContext.log SessionListener: contextDestroyed()
16-Jan-2025 18:44:45.116 INFORMATION [main] org.apache.catalina.core.ApplicationContext.log ContextListener: contextDestroyed()
16-Jan-2025 18:44:54.414 INFORMATION [main] org.apache.catalina.core.ApplicationContext.log ContextListener: contextInitialized()
16-Jan-2025 18:44:54.414 INFORMATION [main] org.apache.catalina.core.ApplicationContext.log SessionListener: contextInitialized()
16-Jan-2025 18:44:54.415 INFORMATION [main] org.apache.catalina.core.ApplicationContext.log ContextListener: attributeAdded('StockTicker', 'async.Stockticker@7253c53')
16-Jan-2025 18:45:06.082 INFORMATION [main] org.apache.catalina.core.ApplicationContext.log SessionListener: contextDestroyed()
16-Jan-2025 18:45:06.082 INFORMATION [main] org.apache.catalina.core.ApplicationContext.log ContextListener: contextDestroyed()
16-Jan-2025 18:46:18.562 INFORMATION [main] org.apache.catalina.core.ApplicationContext.log ContextListener: contextInitialized()
16-Jan-2025 18:46:18.562 INFORMATION [main] org.apache.catalina.core.ApplicationContext.log SessionListener: contextInitialized()
16-Jan-2025 18:46:18.563 INFORMATION [main] org.apache.catalina.core.ApplicationContext.log ContextListener: attributeAdded('StockTicker', 'async.Stockticker@8ce4320')
16-Jan-2025 18:46:29.465 INFORMATION [main] org.apache.catalina.core.ApplicationContext.log SessionListener: contextDestroyed()
16-Jan-2025 18:46:29.465 INFORMATION [main] org.apache.catalina.core.ApplicationContext.log ContextListener: contextDestroyed()
16-Jan-2025 18:47:36.383 INFORMATION [main] org.apache.catalina.core.ApplicationContext.log ContextListener: contextInitialized()
16-Jan-2025 18:47:36.383 INFORMATION [main] org.apache.catalina.core.ApplicationContext.log SessionListener: contextInitialized()
16-Jan-2025 18:47:36.384 INFORMATION [main] org.apache.catalina.core.ApplicationContext.log ContextListener: attributeAdded('StockTicker', 'async.Stockticker@77e5c765')
16-Jan-2025 18:47:49.779 INFORMATION [main] org.apache.catalina.core.ApplicationContext.log SessionListener: contextDestroyed()
16-Jan-2025 18:47:49.779 INFORMATION [main] org.apache.catalina.core.ApplicationContext.log ContextListener: contextDestroyed()
16-Jan-2025 18:49:07.509 INFORMATION [main] org.apache.catalina.core.ApplicationContext.log ContextListener: contextInitialized()
16-Jan-2025 18:49:07.509 INFORMATION [main] org.apache.catalina.core.ApplicationContext.log SessionListener: contextInitialized()
16-Jan-2025 18:49:07.510 INFORMATION [main] org.apache.catalina.core.ApplicationContext.log ContextListener: attributeAdded('StockTicker', 'async.Stockticker@4407fea2')
16-Jan-2025 18:49:25.533 INFORMATION [main] org.apache.catalina.core.ApplicationContext.log SessionListener: contextDestroyed()
16-Jan-2025 18:49:25.533 INFORMATION [main] org.apache.catalina.core.ApplicationContext.log ContextListener: contextDestroyed()
16-Jan-2025 18:52:51.706 INFORMATION [main] org.apache.catalina.core.ApplicationContext.log ContextListener: contextInitialized()
16-Jan-2025 18:52:51.706 INFORMATION [main] org.apache.catalina.core.ApplicationContext.log SessionListener: contextInitialized()
16-Jan-2025 18:52:51.713 INFORMATION [main] org.apache.catalina.core.ApplicationContext.log ContextListener: attributeAdded('StockTicker', 'async.Stockticker@2e09e367')
16-Jan-2025 18:57:56.046 INFORMATION [main] org.apache.catalina.core.ApplicationContext.log SessionListener: contextDestroyed()
16-Jan-2025 18:57:56.046 INFORMATION [main] org.apache.catalina.core.ApplicationContext.log ContextListener: contextDestroyed()
16-Jan-2025 18:58:05.606 INFORMATION [main] org.apache.catalina.core.ApplicationContext.log ContextListener: contextInitialized()
16-Jan-2025 18:58:05.606 INFORMATION [main] org.apache.catalina.core.ApplicationContext.log SessionListener: contextInitialized()
16-Jan-2025 18:58:05.607 INFORMATION [main] org.apache.catalina.core.ApplicationContext.log ContextListener: attributeAdded('StockTicker', 'async.Stockticker@5a24390b')
16-Jan-2025 19:00:11.459 INFORMATION [main] org.apache.catalina.core.ApplicationContext.log SessionListener: contextDestroyed()
16-Jan-2025 19:00:11.459 INFORMATION [main] org.apache.catalina.core.ApplicationContext.log ContextListener: contextDestroyed()
16-Jan-2025 19:00:20.533 INFORMATION [main] org.apache.catalina.core.ApplicationContext.log ContextListener: contextInitialized()
16-Jan-2025 19:00:20.534 INFORMATION [main] org.apache.catalina.core.ApplicationContext.log SessionListener: contextInitialized()
16-Jan-2025 19:00:20.534 INFORMATION [main] org.apache.catalina.core.ApplicationContext.log ContextListener: attributeAdded('StockTicker', 'async.Stockticker@1f95158a')
16-Jan-2025 19:02:37.473 INFORMATION [main] org.apache.catalina.core.ApplicationContext.log SessionListener: contextDestroyed()
16-Jan-2025 19:02:37.473 INFORMATION [main] org.apache.catalina.core.ApplicationContext.log ContextListener: contextDestroyed()
16-Jan-2025 19:02:50.484 INFORMATION [main] org.apache.catalina.core.ApplicationContext.log ContextListener: contextInitialized()
16-Jan-2025 19:02:50.484 INFORMATION [main] org.apache.catalina.core.ApplicationContext.log SessionListener: contextInitialized()
16-Jan-2025 19:02:50.484 INFORMATION [main] org.apache.catalina.core.ApplicationContext.log ContextListener: attributeAdded('StockTicker', 'async.Stockticker@28ceb25e')
16-Jan-2025 19:04:31.697 INFORMATION [main] org.apache.catalina.core.ApplicationContext.log SessionListener: contextDestroyed()
16-Jan-2025 19:04:31.697 INFORMATION [main] org.apache.catalina.core.ApplicationContext.log ContextListener: contextDestroyed()
16-Jan-2025 19:04:40.818 INFORMATION [main] org.apache.catalina.core.ApplicationContext.log ContextListener: contextInitialized()
16-Jan-2025 19:04:40.818 INFORMATION [main] org.apache.catalina.core.ApplicationContext.log SessionListener: contextInitialized()
16-Jan-2025 19:04:40.819 INFORMATION [main] org.apache.catalina.core.ApplicationContext.log ContextListener: attributeAdded('StockTicker', 'async.Stockticker@66d6e50b')
16-Jan-2025 19:05:23.326 INFORMATION [main] org.apache.catalina.core.ApplicationContext.log SessionListener: contextDestroyed()
16-Jan-2025 19:05:23.326 INFORMATION [main] org.apache.catalina.core.ApplicationContext.log ContextListener: contextDestroyed()
16-Jan-2025 19:05:31.860 INFORMATION [main] org.apache.catalina.core.ApplicationContext.log ContextListener: contextInitialized()
16-Jan-2025 19:05:31.860 INFORMATION [main] org.apache.catalina.core.ApplicationContext.log SessionListener: contextInitialized()
16-Jan-2025 19:05:31.861 INFORMATION [main] org.apache.catalina.core.ApplicationContext.log ContextListener: attributeAdded('StockTicker', 'async.Stockticker@64829470')
16-Jan-2025 19:09:15.077 INFORMATION [main] org.apache.catalina.core.ApplicationContext.log SessionListener: contextDestroyed()
16-Jan-2025 19:09:15.077 INFORMATION [main] org.apache.catalina.core.ApplicationContext.log ContextListener: contextDestroyed()
16-Jan-2025 19:09:31.487 INFORMATION [main] org.apache.catalina.core.ApplicationContext.log ContextListener: contextInitialized()
16-Jan-2025 19:09:31.487 INFORMATION [main] org.apache.catalina.core.ApplicationContext.log SessionListener: contextInitialized()
16-Jan-2025 19:09:31.488 INFORMATION [main] org.apache.catalina.core.ApplicationContext.log ContextListener: attributeAdded('StockTicker', 'async.Stockticker@1f95158a')
16-Jan-2025 19:20:29.798 INFORMATION [main] org.apache.catalina.core.ApplicationContext.log SessionListener: contextDestroyed()
16-Jan-2025 19:20:29.798 INFORMATION [main] org.apache.catalina.core.ApplicationContext.log ContextListener: contextDestroyed()
16-Jan-2025 19:20:45.310 INFORMATION [main] org.apache.catalina.core.ApplicationContext.log ContextListener: contextInitialized()
16-Jan-2025 19:20:45.310 INFORMATION [main] org.apache.catalina.core.ApplicationContext.log SessionListener: contextInitialized()
16-Jan-2025 19:20:45.311 INFORMATION [main] org.apache.catalina.core.ApplicationContext.log ContextListener: attributeAdded('StockTicker', 'async.Stockticker@39296cef')
16-Jan-2025 19:24:35.987 INFORMATION [main] org.apache.catalina.core.ApplicationContext.log SessionListener: contextDestroyed()
16-Jan-2025 19:24:35.987 INFORMATION [main] org.apache.catalina.core.ApplicationContext.log ContextListener: contextDestroyed()
16-Jan-2025 19:24:47.518 INFORMATION [main] org.apache.catalina.core.ApplicationContext.log ContextListener: contextInitialized()
16-Jan-2025 19:24:47.519 INFORMATION [main] org.apache.catalina.core.ApplicationContext.log SessionListener: contextInitialized()
16-Jan-2025 19:24:47.519 INFORMATION [main] org.apache.catalina.core.ApplicationContext.log ContextListener: attributeAdded('StockTicker', 'async.Stockticker@24a7725d')
16-Jan-2025 19:28:12.454 INFORMATION [main] org.apache.catalina.core.ApplicationContext.log SessionListener: contextDestroyed()
16-Jan-2025 19:28:12.454 INFORMATION [main] org.apache.catalina.core.ApplicationContext.log ContextListener: contextDestroyed()
16-Jan-2025 19:28:22.540 INFORMATION [main] org.apache.catalina.core.ApplicationContext.log ContextListener: contextInitialized()
16-Jan-2025 19:28:22.540 INFORMATION [main] org.apache.catalina.core.ApplicationContext.log SessionListener: contextInitialized()
16-Jan-2025 19:28:22.540 INFORMATION [main] org.apache.catalina.core.ApplicationContext.log ContextListener: attributeAdded('StockTicker', 'async.Stockticker@2e09e367')
16-Jan-2025 19:31:06.408 INFORMATION [main] org.apache.catalina.core.ApplicationContext.log SessionListener: contextDestroyed()
16-Jan-2025 19:31:06.408 INFORMATION [main] org.apache.catalina.core.ApplicationContext.log ContextListener: contextDestroyed()
16-Jan-2025 19:31:15.041 INFORMATION [main] org.apache.catalina.core.ApplicationContext.log ContextListener: contextInitialized()
16-Jan-2025 19:31:15.041 INFORMATION [main] org.apache.catalina.core.ApplicationContext.log SessionListener: contextInitialized()
16-Jan-2025 19:31:15.042 INFORMATION [main] org.apache.catalina.core.ApplicationContext.log ContextListener: attributeAdded('StockTicker', 'async.Stockticker@5020b59f')
16-Jan-2025 19:34:37.777 INFORMATION [main] org.apache.catalina.core.ApplicationContext.log SessionListener: contextDestroyed()
16-Jan-2025 19:34:37.777 INFORMATION [main] org.apache.catalina.core.ApplicationContext.log ContextListener: contextDestroyed()
16-Jan-2025 19:34:45.692 INFORMATION [main] org.apache.catalina.core.ApplicationContext.log ContextListener: contextInitialized()
16-Jan-2025 19:34:45.692 INFORMATION [main] org.apache.catalina.core.ApplicationContext.log SessionListener: contextInitialized()
16-Jan-2025 19:34:45.692 INFORMATION [main] org.apache.catalina.core.ApplicationContext.log ContextListener: attributeAdded('StockTicker', 'async.Stockticker@46d18a33')
16-Jan-2025 19:34:57.756 INFORMATION [main] org.apache.catalina.core.ApplicationContext.log SessionListener: contextDestroyed()
16-Jan-2025 19:34:57.756 INFORMATION [main] org.apache.catalina.core.ApplicationContext.log ContextListener: contextDestroyed()
16-Jan-2025 19:35:08.957 INFORMATION [main] org.apache.catalina.core.ApplicationContext.log ContextListener: contextInitialized()
16-Jan-2025 19:35:08.957 INFORMATION [main] org.apache.catalina.core.ApplicationContext.log SessionListener: contextInitialized()
16-Jan-2025 19:35:08.958 INFORMATION [main] org.apache.catalina.core.ApplicationContext.log ContextListener: attributeAdded('StockTicker', 'async.Stockticker@24a7725d')
16-Jan-2025 19:40:26.644 INFORMATION [main] org.apache.catalina.core.ApplicationContext.log SessionListener: contextDestroyed()
16-Jan-2025 19:40:26.644 INFORMATION [main] org.apache.catalina.core.ApplicationContext.log ContextListener: contextDestroyed()
16-Jan-2025 19:40:37.916 INFORMATION [main] org.apache.catalina.core.ApplicationContext.log ContextListener: contextInitialized()
16-Jan-2025 19:40:37.916 INFORMATION [main] org.apache.catalina.core.ApplicationContext.log SessionListener: contextInitialized()
16-Jan-2025 19:40:37.917 INFORMATION [main] org.apache.catalina.core.ApplicationContext.log ContextListener: attributeAdded('StockTicker', 'async.Stockticker@24a7725d')
16-Jan-2025 19:42:00.208 INFORMATION [main] org.apache.catalina.core.ApplicationContext.log SessionListener: contextDestroyed()
16-Jan-2025 19:42:00.208 INFORMATION [main] org.apache.catalina.core.ApplicationContext.log ContextListener: contextDestroyed()
