14-Jan-2025 18:16:23.437 INFORMATION [main] org.apache.catalina.core.ApplicationContext.log ContextListener: contextInitialized()
14-Jan-2025 18:16:23.438 INFORMATION [main] org.apache.catalina.core.ApplicationContext.log SessionListener: contextInitialized()
14-Jan-2025 18:16:23.439 INFORMATION [main] org.apache.catalina.core.ApplicationContext.log ContextListener: attributeAdded('StockTicker', 'async.Stockticker@6885f3f7')
14-Jan-2025 18:18:25.200 INFORMATION [main] org.apache.catalina.core.ApplicationContext.log SessionListener: contextDestroyed()
14-Jan-2025 18:18:25.200 INFORMATION [main] org.apache.catalina.core.ApplicationContext.log ContextListener: contextDestroyed()
14-Jan-2025 18:18:37.471 INFORMATION [main] org.apache.catalina.core.ApplicationContext.log ContextListener: contextInitialized()
14-Jan-2025 18:18:37.471 INFORMATION [main] org.apache.catalina.core.ApplicationContext.log SessionListener: contextInitialized()
14-Jan-2025 18:18:37.471 INFORMATION [main] org.apache.catalina.core.ApplicationContext.log ContextListener: attributeAdded('StockTicker', 'async.Stockticker@619854a3')
14-Jan-2025 19:15:13.980 INFORMATION [main] org.apache.catalina.core.ApplicationContext.log SessionListener: contextDestroyed()
14-Jan-2025 19:15:13.980 INFORMATION [main] org.apache.catalina.core.ApplicationContext.log ContextListener: contextDestroyed()
14-Jan-2025 19:15:30.550 INFORMATION [main] org.apache.catalina.core.ApplicationContext.log ContextListener: contextInitialized()
14-Jan-2025 19:15:30.550 INFORMATION [main] org.apache.catalina.core.ApplicationContext.log SessionListener: contextInitialized()
14-Jan-2025 19:15:30.551 INFORMATION [main] org.apache.catalina.core.ApplicationContext.log ContextListener: attributeAdded('StockTicker', 'async.Stockticker@472dbaf5')
14-Jan-2025 19:16:26.267 INFORMATION [main] org.apache.catalina.core.ApplicationContext.log SessionListener: contextDestroyed()
14-Jan-2025 19:16:26.267 INFORMATION [main] org.apache.catalina.core.ApplicationContext.log ContextListener: contextDestroyed()
14-Jan-2025 19:24:01.049 INFORMATION [main] org.apache.catalina.core.ApplicationContext.log ContextListener: contextInitialized()
14-Jan-2025 19:24:01.050 INFORMATION [main] org.apache.catalina.core.ApplicationContext.log SessionListener: contextInitialized()
14-Jan-2025 19:24:01.050 INFORMATION [main] org.apache.catalina.core.ApplicationContext.log ContextListener: attributeAdded('StockTicker', 'async.Stockticker@4860627a')
14-Jan-2025 19:25:24.032 INFORMATION [main] org.apache.catalina.core.ApplicationContext.log SessionListener: contextDestroyed()
14-Jan-2025 19:25:24.032 INFORMATION [main] org.apache.catalina.core.ApplicationContext.log ContextListener: contextDestroyed()
14-Jan-2025 19:26:16.072 INFORMATION [main] org.apache.catalina.core.ApplicationContext.log ContextListener: contextInitialized()
14-Jan-2025 19:26:16.072 INFORMATION [main] org.apache.catalina.core.ApplicationContext.log SessionListener: contextInitialized()
14-Jan-2025 19:26:16.073 INFORMATION [main] org.apache.catalina.core.ApplicationContext.log ContextListener: attributeAdded('StockTicker', 'async.Stockticker@46ff1aad')
14-Jan-2025 19:48:11.989 INFORMATION [main] org.apache.catalina.core.ApplicationContext.log SessionListener: contextDestroyed()
14-Jan-2025 19:48:11.989 INFORMATION [main] org.apache.catalina.core.ApplicationContext.log ContextListener: contextDestroyed()
14-Jan-2025 19:48:21.526 INFORMATION [main] org.apache.catalina.core.ApplicationContext.log ContextListener: contextInitialized()
14-Jan-2025 19:48:21.526 INFORMATION [main] org.apache.catalina.core.ApplicationContext.log SessionListener: contextInitialized()
14-Jan-2025 19:48:21.527 INFORMATION [main] org.apache.catalina.core.ApplicationContext.log ContextListener: attributeAdded('StockTicker', 'async.Stockticker@c49e434')
14-Jan-2025 19:51:07.842 INFORMATION [main] org.apache.catalina.core.ApplicationContext.log SessionListener: contextDestroyed()
14-Jan-2025 19:51:07.842 INFORMATION [main] org.apache.catalina.core.ApplicationContext.log ContextListener: contextDestroyed()
14-Jan-2025 19:51:19.470 INFORMATION [main] org.apache.catalina.core.ApplicationContext.log ContextListener: contextInitialized()
14-Jan-2025 19:51:19.470 INFORMATION [main] org.apache.catalina.core.ApplicationContext.log SessionListener: contextInitialized()
14-Jan-2025 19:51:19.471 INFORMATION [main] org.apache.catalina.core.ApplicationContext.log ContextListener: attributeAdded('StockTicker', 'async.Stockticker@726a5e6a')
14-Jan-2025 19:55:35.481 INFORMATION [main] org.apache.catalina.core.ApplicationContext.log SessionListener: contextDestroyed()
14-Jan-2025 19:55:35.481 INFORMATION [main] org.apache.catalina.core.ApplicationContext.log ContextListener: contextDestroyed()
14-Jan-2025 19:56:13.350 INFORMATION [main] org.apache.catalina.core.ApplicationContext.log ContextListener: contextInitialized()
14-Jan-2025 19:56:13.350 INFORMATION [main] org.apache.catalina.core.ApplicationContext.log SessionListener: contextInitialized()
14-Jan-2025 19:56:13.350 INFORMATION [main] org.apache.catalina.core.ApplicationContext.log ContextListener: attributeAdded('StockTicker', 'async.Stockticker@e88e14')
14-Jan-2025 19:57:28.497 INFORMATION [main] org.apache.catalina.core.ApplicationContext.log SessionListener: contextDestroyed()
14-Jan-2025 19:57:28.497 INFORMATION [main] org.apache.catalina.core.ApplicationContext.log ContextListener: contextDestroyed()
14-Jan-2025 19:57:39.202 INFORMATION [main] org.apache.catalina.core.ApplicationContext.log ContextListener: contextInitialized()
14-Jan-2025 19:57:39.202 INFORMATION [main] org.apache.catalina.core.ApplicationContext.log SessionListener: contextInitialized()
14-Jan-2025 19:57:39.203 INFORMATION [main] org.apache.catalina.core.ApplicationContext.log ContextListener: attributeAdded('StockTicker', 'async.Stockticker@726a5e6a')
14-Jan-2025 19:58:12.587 INFORMATION [main] org.apache.catalina.core.ApplicationContext.log SessionListener: contextDestroyed()
14-Jan-2025 19:58:12.587 INFORMATION [main] org.apache.catalina.core.ApplicationContext.log ContextListener: contextDestroyed()
