20-Jan-2025 18:39:27.940 INFORMATION [main] org.apache.catalina.core.ApplicationContext.log ContextListener: contextInitialized()
20-Jan-2025 18:39:27.941 INFORMATION [main] org.apache.catalina.core.ApplicationContext.log SessionListener: contextInitialized()
20-Jan-2025 18:39:27.941 INFORMATION [main] org.apache.catalina.core.ApplicationContext.log ContextListener: attributeAdded('StockTicker', 'async.Stockticker@5fffbcd2')
20-Jan-2025 18:53:47.026 INFORMATION [main] org.apache.catalina.core.ApplicationContext.log SessionListener: contextDestroyed()
20-Jan-2025 18:53:47.027 INFORMATION [main] org.apache.catalina.core.ApplicationContext.log ContextListener: contextDestroyed()
20-Jan-2025 18:54:00.697 INFORMATION [main] org.apache.catalina.core.ApplicationContext.log ContextListener: contextInitialized()
20-Jan-2025 18:54:00.697 INFORMATION [main] org.apache.catalina.core.ApplicationContext.log SessionListener: contextInitialized()
20-Jan-2025 18:54:00.698 INFORMATION [main] org.apache.catalina.core.ApplicationContext.log ContextListener: attributeAdded('StockTicker', 'async.Stockticker@619b2232')
20-Jan-2025 18:56:08.051 INFORMATION [main] org.apache.catalina.core.ApplicationContext.log SessionListener: contextDestroyed()
20-Jan-2025 18:56:08.051 INFORMATION [main] org.apache.catalina.core.ApplicationContext.log ContextListener: contextDestroyed()
20-Jan-2025 18:57:05.462 INFORMATION [main] org.apache.catalina.core.ApplicationContext.log ContextListener: contextInitialized()
20-Jan-2025 18:57:05.462 INFORMATION [main] org.apache.catalina.core.ApplicationContext.log SessionListener: contextInitialized()
20-Jan-2025 18:57:05.463 INFORMATION [main] org.apache.catalina.core.ApplicationContext.log ContextListener: attributeAdded('StockTicker', 'async.Stockticker@5fffbcd2')
20-Jan-2025 18:59:32.261 INFORMATION [main] org.apache.catalina.core.ApplicationContext.log SessionListener: contextDestroyed()
20-Jan-2025 18:59:32.261 INFORMATION [main] org.apache.catalina.core.ApplicationContext.log ContextListener: contextDestroyed()
20-Jan-2025 18:59:42.920 INFORMATION [main] org.apache.catalina.core.ApplicationContext.log ContextListener: contextInitialized()
20-Jan-2025 18:59:42.920 INFORMATION [main] org.apache.catalina.core.ApplicationContext.log SessionListener: contextInitialized()
20-Jan-2025 18:59:42.921 INFORMATION [main] org.apache.catalina.core.ApplicationContext.log ContextListener: attributeAdded('StockTicker', 'async.Stockticker@1694aadb')
20-Jan-2025 19:00:32.682 INFORMATION [main] org.apache.catalina.core.ApplicationContext.log SessionListener: contextDestroyed()
20-Jan-2025 19:00:32.682 INFORMATION [main] org.apache.catalina.core.ApplicationContext.log ContextListener: contextDestroyed()
20-Jan-2025 19:04:06.107 INFORMATION [main] org.apache.catalina.core.ApplicationContext.log ContextListener: contextInitialized()
20-Jan-2025 19:04:06.107 INFORMATION [main] org.apache.catalina.core.ApplicationContext.log SessionListener: contextInitialized()
20-Jan-2025 19:04:06.107 INFORMATION [main] org.apache.catalina.core.ApplicationContext.log ContextListener: attributeAdded('StockTicker', 'async.Stockticker@4d548ae7')
20-Jan-2025 19:04:50.599 INFORMATION [main] org.apache.catalina.core.ApplicationContext.log SessionListener: contextDestroyed()
20-Jan-2025 19:04:50.600 INFORMATION [main] org.apache.catalina.core.ApplicationContext.log ContextListener: contextDestroyed()
20-Jan-2025 19:07:42.258 INFORMATION [main] org.apache.catalina.core.ApplicationContext.log ContextListener: contextInitialized()
20-Jan-2025 19:07:42.258 INFORMATION [main] org.apache.catalina.core.ApplicationContext.log SessionListener: contextInitialized()
20-Jan-2025 19:07:42.259 INFORMATION [main] org.apache.catalina.core.ApplicationContext.log ContextListener: attributeAdded('StockTicker', 'async.Stockticker@7b80cc47')
20-Jan-2025 19:08:18.666 INFORMATION [main] org.apache.catalina.core.ApplicationContext.log SessionListener: contextDestroyed()
20-Jan-2025 19:08:18.667 INFORMATION [main] org.apache.catalina.core.ApplicationContext.log ContextListener: contextDestroyed()
20-Jan-2025 19:14:18.114 INFORMATION [main] org.apache.catalina.core.ApplicationContext.log ContextListener: contextInitialized()
20-Jan-2025 19:14:18.114 INFORMATION [main] org.apache.catalina.core.ApplicationContext.log SessionListener: contextInitialized()
20-Jan-2025 19:14:18.115 INFORMATION [main] org.apache.catalina.core.ApplicationContext.log ContextListener: attributeAdded('StockTicker', 'async.Stockticker@290ee844')
20-Jan-2025 19:15:47.735 INFORMATION [main] org.apache.catalina.core.ApplicationContext.log SessionListener: contextDestroyed()
20-Jan-2025 19:15:47.735 INFORMATION [main] org.apache.catalina.core.ApplicationContext.log ContextListener: contextDestroyed()
20-Jan-2025 19:19:28.870 INFORMATION [main] org.apache.catalina.core.ApplicationContext.log ContextListener: contextInitialized()
20-Jan-2025 19:19:28.870 INFORMATION [main] org.apache.catalina.core.ApplicationContext.log SessionListener: contextInitialized()
20-Jan-2025 19:19:28.871 INFORMATION [main] org.apache.catalina.core.ApplicationContext.log ContextListener: attributeAdded('StockTicker', 'async.Stockticker@63e21ccb')
20-Jan-2025 19:19:39.942 SCHWERWIEGEND [http-nio-8080-exec-4] org.apache.catalina.core.StandardWrapperValve.invoke Servlet.service() for servlet [FacesServlet] in context with path [/GhostNetFishing] threw exception [j_idt7:opId: Umwandlung von 'Geisternetz@43d81917' in eine Zeichenkette nicht möglich.] with root cause
	java.lang.ClassCastException: class Geisternetz cannot be cast to class java.lang.Number (Geisternetz is in unnamed module of loader org.apache.catalina.loader.ParallelWebappClassLoader @7a5431a4; java.lang.Number is in module java.base of loader 'bootstrap')
		at jakarta.faces.convert.IntegerConverter.getAsString(IntegerConverter.java:120)
		at org.primefaces.renderkit.SelectRenderer.getOptionAsString(SelectRenderer.java:203)
		at org.primefaces.component.selectonemenu.SelectOneMenuRenderer.encodeOption(SelectOneMenuRenderer.java:561)
		at org.primefaces.component.selectonemenu.SelectOneMenuRenderer.encodeSelectItems(SelectOneMenuRenderer.java:524)
		at org.primefaces.component.selectonemenu.SelectOneMenuRenderer.encodeHiddenSelect(SelectOneMenuRenderer.java:211)
		at org.primefaces.component.selectonemenu.SelectOneMenuRenderer.encodeInput(SelectOneMenuRenderer.java:177)
		at org.primefaces.component.selectonemenu.SelectOneMenuRenderer.encodeMarkup(SelectOneMenuRenderer.java:140)
		at org.primefaces.component.selectonemenu.SelectOneMenuRenderer.encodeEnd(SelectOneMenuRenderer.java:106)
		at jakarta.faces.component.UIComponentBase.encodeEnd(UIComponentBase.java:586)
		at com.sun.faces.renderkit.html_basic.HtmlBasicRenderer.encodeRecursive(HtmlBasicRenderer.java:265)
		at com.sun.faces.renderkit.html_basic.GridRenderer.renderRow(GridRenderer.java:143)
		at com.sun.faces.renderkit.html_basic.GridRenderer.encodeChildren(GridRenderer.java:97)
		at jakarta.faces.component.UIComponentBase.encodeChildren(UIComponentBase.java:557)
		at jakarta.faces.component.UIComponent.encodeAll(UIComponent.java:1435)
		at jakarta.faces.render.Renderer.encodeChildren(Renderer.java:146)
		at jakarta.faces.component.UIComponentBase.encodeChildren(UIComponentBase.java:557)
		at jakarta.faces.component.UIComponent.encodeAll(UIComponent.java:1435)
		at jakarta.faces.component.UIComponent.encodeAll(UIComponent.java:1438)
		at jakarta.faces.component.UIComponent.encodeAll(UIComponent.java:1438)
		at com.sun.faces.application.view.FaceletViewHandlingStrategy.renderView(FaceletViewHandlingStrategy.java:442)
		at com.sun.faces.application.view.MultiViewHandler.renderView(MultiViewHandler.java:162)
		at jakarta.faces.application.ViewHandlerWrapper.renderView(ViewHandlerWrapper.java:125)
		at com.sun.faces.lifecycle.RenderResponsePhase.execute(RenderResponsePhase.java:93)
		at com.sun.faces.lifecycle.Phase.doPhase(Phase.java:72)
		at com.sun.faces.lifecycle.LifecycleImpl.render(LifecycleImpl.java:178)
		at jakarta.faces.webapp.FacesServlet.executeLifecyle(FacesServlet.java:692)
		at jakarta.faces.webapp.FacesServlet.service(FacesServlet.java:449)
		at org.apache.catalina.core.ApplicationFilterChain.internalDoFilter(ApplicationFilterChain.java:223)
		at org.apache.catalina.core.ApplicationFilterChain.doFilter(ApplicationFilterChain.java:158)
		at org.apache.tomcat.websocket.server.WsFilter.doFilter(WsFilter.java:53)
		at org.apache.catalina.core.ApplicationFilterChain.internalDoFilter(ApplicationFilterChain.java:185)
		at org.apache.catalina.core.ApplicationFilterChain.doFilter(ApplicationFilterChain.java:158)
		at org.apache.catalina.core.StandardWrapperValve.invoke(StandardWrapperValve.java:197)
		at org.apache.catalina.core.StandardContextValve.invoke(StandardContextValve.java:97)
		at org.apache.catalina.authenticator.AuthenticatorBase.invoke(AuthenticatorBase.java:542)
		at org.apache.catalina.core.StandardHostValve.invoke(StandardHostValve.java:119)
		at org.apache.catalina.valves.ErrorReportValve.invoke(ErrorReportValve.java:92)
		at org.apache.catalina.valves.AbstractAccessLogValve.invoke(AbstractAccessLogValve.java:690)
		at org.apache.catalina.core.StandardEngineValve.invoke(StandardEngineValve.java:78)
		at org.apache.catalina.connector.CoyoteAdapter.service(CoyoteAdapter.java:356)
		at org.apache.coyote.http11.Http11Processor.service(Http11Processor.java:399)
		at org.apache.coyote.AbstractProcessorLight.process(AbstractProcessorLight.java:65)
		at org.apache.coyote.AbstractProtocol$ConnectionHandler.process(AbstractProtocol.java:870)
		at org.apache.tomcat.util.net.NioEndpoint$SocketProcessor.doRun(NioEndpoint.java:1762)
		at org.apache.tomcat.util.net.SocketProcessorBase.run(SocketProcessorBase.java:49)
		at org.apache.tomcat.util.threads.ThreadPoolExecutor.runWorker(ThreadPoolExecutor.java:1191)
		at org.apache.tomcat.util.threads.ThreadPoolExecutor$Worker.run(ThreadPoolExecutor.java:659)
		at org.apache.tomcat.util.threads.TaskThread$WrappingRunnable.run(TaskThread.java:61)
		at java.base/java.lang.Thread.run(Thread.java:1570)
20-Jan-2025 19:37:24.997 SCHWERWIEGEND [http-nio-8080-exec-49] org.apache.catalina.core.StandardWrapperValve.invoke Servlet.service() for servlet [FacesServlet] in context with path [/GhostNetFishing] threw exception [Attempting to execute an operation on a closed EntityManagerFactory.] with root cause
	java.lang.IllegalStateException: Attempting to execute an operation on a closed EntityManagerFactory.
		at org.eclipse.persistence.internal.jpa.EntityManagerFactoryDelegate.verifyOpen(EntityManagerFactoryDelegate.java:365)
		at org.eclipse.persistence.internal.jpa.EntityManagerFactoryDelegate.createEntityManagerImpl(EntityManagerFactoryDelegate.java:329)
		at org.eclipse.persistence.internal.jpa.EntityManagerFactoryImpl.createEntityManagerImpl(EntityManagerFactoryImpl.java:350)
		at org.eclipse.persistence.internal.jpa.EntityManagerFactoryImpl.createEntityManager(EntityManagerFactoryImpl.java:313)
		at Daten.getNetzeOhnePerson(Daten.java:74)
		at DatenController.getNetzeOhnePersonListe(DatenController.java:19)
		at java.base/jdk.internal.reflect.DirectMethodHandleAccessor.invoke(DirectMethodHandleAccessor.java:103)
		at java.base/java.lang.reflect.Method.invoke(Method.java:580)
		at jakarta.el.BeanELResolver.getValue(BeanELResolver.java:97)
		at com.sun.faces.el.DemuxCompositeELResolver._getValue(DemuxCompositeELResolver.java:139)
		at com.sun.faces.el.DemuxCompositeELResolver.getValue(DemuxCompositeELResolver.java:164)
		at org.apache.el.parser.AstValue.getValue(AstValue.java:168)
		at org.apache.el.ValueExpressionImpl.getValue(ValueExpressionImpl.java:189)
		at org.jboss.weld.module.web.el.WeldValueExpression.getValue(WeldValueExpression.java:50)
		at com.sun.faces.facelets.el.TagValueExpression.getValue(TagValueExpression.java:73)
		at jakarta.faces.component.ComponentStateHelper.eval(ComponentStateHelper.java:207)
		at jakarta.faces.component.ComponentStateHelper.eval(ComponentStateHelper.java:176)
		at jakarta.faces.component.UISelectItems.getValue(UISelectItems.java:120)
		at org.primefaces.renderkit.SelectRenderer.getSelectItems(SelectRenderer.java:91)
		at org.primefaces.component.selectonemenu.SelectOneMenuRenderer.encodeMarkup(SelectOneMenuRenderer.java:113)
		at org.primefaces.component.selectonemenu.SelectOneMenuRenderer.encodeEnd(SelectOneMenuRenderer.java:106)
		at jakarta.faces.component.UIComponentBase.encodeEnd(UIComponentBase.java:586)
		at com.sun.faces.renderkit.html_basic.HtmlBasicRenderer.encodeRecursive(HtmlBasicRenderer.java:265)
		at com.sun.faces.renderkit.html_basic.GridRenderer.renderRow(GridRenderer.java:143)
		at com.sun.faces.renderkit.html_basic.GridRenderer.encodeChildren(GridRenderer.java:97)
		at jakarta.faces.component.UIComponentBase.encodeChildren(UIComponentBase.java:557)
		at jakarta.faces.component.UIComponent.encodeAll(UIComponent.java:1435)
		at jakarta.faces.render.Renderer.encodeChildren(Renderer.java:146)
		at jakarta.faces.component.UIComponentBase.encodeChildren(UIComponentBase.java:557)
		at jakarta.faces.component.UIComponent.encodeAll(UIComponent.java:1435)
		at jakarta.faces.component.UIComponent.encodeAll(UIComponent.java:1438)
		at jakarta.faces.component.UIComponent.encodeAll(UIComponent.java:1438)
		at com.sun.faces.application.view.FaceletViewHandlingStrategy.renderView(FaceletViewHandlingStrategy.java:442)
		at com.sun.faces.application.view.MultiViewHandler.renderView(MultiViewHandler.java:162)
		at jakarta.faces.application.ViewHandlerWrapper.renderView(ViewHandlerWrapper.java:125)
		at com.sun.faces.lifecycle.RenderResponsePhase.execute(RenderResponsePhase.java:93)
		at com.sun.faces.lifecycle.Phase.doPhase(Phase.java:72)
		at com.sun.faces.lifecycle.LifecycleImpl.render(LifecycleImpl.java:178)
		at jakarta.faces.webapp.FacesServlet.executeLifecyle(FacesServlet.java:692)
		at jakarta.faces.webapp.FacesServlet.service(FacesServlet.java:449)
		at org.apache.catalina.core.ApplicationFilterChain.internalDoFilter(ApplicationFilterChain.java:223)
		at org.apache.catalina.core.ApplicationFilterChain.doFilter(ApplicationFilterChain.java:158)
		at org.apache.tomcat.websocket.server.WsFilter.doFilter(WsFilter.java:53)
		at org.apache.catalina.core.ApplicationFilterChain.internalDoFilter(ApplicationFilterChain.java:185)
		at org.apache.catalina.core.ApplicationFilterChain.doFilter(ApplicationFilterChain.java:158)
		at org.apache.catalina.core.StandardWrapperValve.invoke(StandardWrapperValve.java:197)
		at org.apache.catalina.core.StandardContextValve.invoke(StandardContextValve.java:97)
		at org.apache.catalina.authenticator.AuthenticatorBase.invoke(AuthenticatorBase.java:542)
		at org.apache.catalina.core.StandardHostValve.invoke(StandardHostValve.java:119)
		at org.apache.catalina.valves.ErrorReportValve.invoke(ErrorReportValve.java:92)
		at org.apache.catalina.valves.AbstractAccessLogValve.invoke(AbstractAccessLogValve.java:690)
		at org.apache.catalina.core.StandardEngineValve.invoke(StandardEngineValve.java:78)
		at org.apache.catalina.connector.CoyoteAdapter.service(CoyoteAdapter.java:356)
		at org.apache.coyote.http11.Http11Processor.service(Http11Processor.java:399)
		at org.apache.coyote.AbstractProcessorLight.process(AbstractProcessorLight.java:65)
		at org.apache.coyote.AbstractProtocol$ConnectionHandler.process(AbstractProtocol.java:870)
		at org.apache.tomcat.util.net.NioEndpoint$SocketProcessor.doRun(NioEndpoint.java:1762)
		at org.apache.tomcat.util.net.SocketProcessorBase.run(SocketProcessorBase.java:49)
		at org.apache.tomcat.util.threads.ThreadPoolExecutor.runWorker(ThreadPoolExecutor.java:1191)
		at org.apache.tomcat.util.threads.ThreadPoolExecutor$Worker.run(ThreadPoolExecutor.java:659)
		at org.apache.tomcat.util.threads.TaskThread$WrappingRunnable.run(TaskThread.java:61)
		at java.base/java.lang.Thread.run(Thread.java:1570)
20-Jan-2025 19:59:07.175 INFORMATION [main] org.apache.catalina.core.ApplicationContext.log SessionListener: contextDestroyed()
20-Jan-2025 19:59:07.176 INFORMATION [main] org.apache.catalina.core.ApplicationContext.log ContextListener: contextDestroyed()
