03-Jan-2025 13:51:41.645 INFORMATION [main] org.apache.catalina.core.ApplicationContext.log ContextListener: contextInitialized()
03-Jan-2025 13:51:41.645 INFORMATION [main] org.apache.catalina.core.ApplicationContext.log SessionListener: contextInitialized()
03-Jan-2025 13:51:41.647 INFORMATION [main] org.apache.catalina.core.ApplicationContext.log ContextListener: attributeAdded('StockTicker', 'async.Stockticker@76c7beb3')
03-Jan-2025 14:00:06.484 INFORMATION [main] org.apache.catalina.core.ApplicationContext.log SessionListener: contextDestroyed()
03-Jan-2025 14:00:06.484 INFORMATION [main] org.apache.catalina.core.ApplicationContext.log ContextListener: contextDestroyed()
03-Jan-2025 14:00:10.253 INFORMATION [main] org.apache.catalina.core.ApplicationContext.log ContextListener: contextInitialized()
03-Jan-2025 14:00:10.253 INFORMATION [main] org.apache.catalina.core.ApplicationContext.log SessionListener: contextInitialized()
03-Jan-2025 14:00:10.254 INFORMATION [main] org.apache.catalina.core.ApplicationContext.log ContextListener: attributeAdded('StockTicker', 'async.Stockticker@4215838f')
03-Jan-2025 14:02:12.669 INFORMATION [main] org.apache.catalina.core.ApplicationContext.log SessionListener: contextDestroyed()
03-Jan-2025 14:02:12.670 INFORMATION [main] org.apache.catalina.core.ApplicationContext.log ContextListener: contextDestroyed()
03-Jan-2025 14:02:21.650 INFORMATION [main] org.apache.catalina.core.ApplicationContext.log ContextListener: contextInitialized()
03-Jan-2025 14:02:21.650 INFORMATION [main] org.apache.catalina.core.ApplicationContext.log SessionListener: contextInitialized()
03-Jan-2025 14:02:21.651 INFORMATION [main] org.apache.catalina.core.ApplicationContext.log ContextListener: attributeAdded('StockTicker', 'async.Stockticker@2289aca5')
03-Jan-2025 14:02:53.291 INFORMATION [main] org.apache.catalina.core.ApplicationContext.log SessionListener: contextDestroyed()
03-Jan-2025 14:02:53.291 INFORMATION [main] org.apache.catalina.core.ApplicationContext.log ContextListener: contextDestroyed()
03-Jan-2025 14:04:04.160 INFORMATION [main] org.apache.catalina.core.ApplicationContext.log ContextListener: contextInitialized()
03-Jan-2025 14:04:04.160 INFORMATION [main] org.apache.catalina.core.ApplicationContext.log SessionListener: contextInitialized()
03-Jan-2025 14:04:04.161 INFORMATION [main] org.apache.catalina.core.ApplicationContext.log ContextListener: attributeAdded('StockTicker', 'async.Stockticker@4215838f')
03-Jan-2025 14:15:01.477 INFORMATION [main] org.apache.catalina.core.ApplicationContext.log SessionListener: contextDestroyed()
03-Jan-2025 14:15:01.477 INFORMATION [main] org.apache.catalina.core.ApplicationContext.log ContextListener: contextDestroyed()
03-Jan-2025 14:15:05.226 INFORMATION [main] org.apache.catalina.core.ApplicationContext.log ContextListener: contextInitialized()
03-Jan-2025 14:15:05.226 INFORMATION [main] org.apache.catalina.core.ApplicationContext.log SessionListener: contextInitialized()
03-Jan-2025 14:15:05.227 INFORMATION [main] org.apache.catalina.core.ApplicationContext.log ContextListener: attributeAdded('StockTicker', 'async.Stockticker@4215838f')
03-Jan-2025 14:25:07.297 INFORMATION [main] org.apache.catalina.core.ApplicationContext.log SessionListener: contextDestroyed()
03-Jan-2025 14:25:07.297 INFORMATION [main] org.apache.catalina.core.ApplicationContext.log ContextListener: contextDestroyed()
03-Jan-2025 14:25:11.072 INFORMATION [main] org.apache.catalina.core.ApplicationContext.log ContextListener: contextInitialized()
03-Jan-2025 14:25:11.072 INFORMATION [main] org.apache.catalina.core.ApplicationContext.log SessionListener: contextInitialized()
03-Jan-2025 14:25:11.073 INFORMATION [main] org.apache.catalina.core.ApplicationContext.log ContextListener: attributeAdded('StockTicker', 'async.Stockticker@6d1d4d7')
03-Jan-2025 14:30:26.046 INFORMATION [main] org.apache.catalina.core.ApplicationContext.log SessionListener: contextDestroyed()
03-Jan-2025 14:30:26.046 INFORMATION [main] org.apache.catalina.core.ApplicationContext.log ContextListener: contextDestroyed()
03-Jan-2025 14:35:03.133 INFORMATION [main] org.apache.catalina.core.ApplicationContext.log ContextListener: contextInitialized()
03-Jan-2025 14:35:03.133 INFORMATION [main] org.apache.catalina.core.ApplicationContext.log SessionListener: contextInitialized()
03-Jan-2025 14:35:03.134 INFORMATION [main] org.apache.catalina.core.ApplicationContext.log ContextListener: attributeAdded('StockTicker', 'async.Stockticker@2289aca5')
03-Jan-2025 14:39:50.731 INFORMATION [main] org.apache.catalina.core.ApplicationContext.log SessionListener: contextDestroyed()
03-Jan-2025 14:39:50.731 INFORMATION [main] org.apache.catalina.core.ApplicationContext.log ContextListener: contextDestroyed()
03-Jan-2025 14:39:54.480 INFORMATION [main] org.apache.catalina.core.ApplicationContext.log ContextListener: contextInitialized()
03-Jan-2025 14:39:54.480 INFORMATION [main] org.apache.catalina.core.ApplicationContext.log SessionListener: contextInitialized()
03-Jan-2025 14:39:54.481 INFORMATION [main] org.apache.catalina.core.ApplicationContext.log ContextListener: attributeAdded('StockTicker', 'async.Stockticker@2a65bb85')
03-Jan-2025 14:43:00.357 INFORMATION [main] org.apache.catalina.core.ApplicationContext.log SessionListener: contextDestroyed()
03-Jan-2025 14:43:00.357 INFORMATION [main] org.apache.catalina.core.ApplicationContext.log ContextListener: contextDestroyed()
03-Jan-2025 14:43:04.111 INFORMATION [main] org.apache.catalina.core.ApplicationContext.log ContextListener: contextInitialized()
03-Jan-2025 14:43:04.111 INFORMATION [main] org.apache.catalina.core.ApplicationContext.log SessionListener: contextInitialized()
03-Jan-2025 14:43:04.112 INFORMATION [main] org.apache.catalina.core.ApplicationContext.log ContextListener: attributeAdded('StockTicker', 'async.Stockticker@4f936da8')
03-Jan-2025 14:44:33.041 INFORMATION [main] org.apache.catalina.core.ApplicationContext.log SessionListener: contextDestroyed()
03-Jan-2025 14:44:33.041 INFORMATION [main] org.apache.catalina.core.ApplicationContext.log ContextListener: contextDestroyed()
03-Jan-2025 14:44:36.778 INFORMATION [main] org.apache.catalina.core.ApplicationContext.log ContextListener: contextInitialized()
03-Jan-2025 14:44:36.779 INFORMATION [main] org.apache.catalina.core.ApplicationContext.log SessionListener: contextInitialized()
03-Jan-2025 14:44:36.779 INFORMATION [main] org.apache.catalina.core.ApplicationContext.log ContextListener: attributeAdded('StockTicker', 'async.Stockticker@4f936da8')
03-Jan-2025 14:52:34.904 INFORMATION [main] org.apache.catalina.core.ApplicationContext.log SessionListener: contextDestroyed()
03-Jan-2025 14:52:34.904 INFORMATION [main] org.apache.catalina.core.ApplicationContext.log ContextListener: contextDestroyed()
03-Jan-2025 14:52:38.747 INFORMATION [main] org.apache.catalina.core.ApplicationContext.log ContextListener: contextInitialized()
03-Jan-2025 14:52:38.747 INFORMATION [main] org.apache.catalina.core.ApplicationContext.log SessionListener: contextInitialized()
03-Jan-2025 14:52:38.748 INFORMATION [main] org.apache.catalina.core.ApplicationContext.log ContextListener: attributeAdded('StockTicker', 'async.Stockticker@5f4d427e')
03-Jan-2025 15:07:50.148 INFORMATION [main] org.apache.catalina.core.ApplicationContext.log SessionListener: contextDestroyed()
03-Jan-2025 15:07:50.148 INFORMATION [main] org.apache.catalina.core.ApplicationContext.log ContextListener: contextDestroyed()
03-Jan-2025 15:12:15.102 INFORMATION [main] org.apache.catalina.core.ApplicationContext.log ContextListener: contextInitialized()
03-Jan-2025 15:12:15.102 INFORMATION [main] org.apache.catalina.core.ApplicationContext.log SessionListener: contextInitialized()
03-Jan-2025 15:12:15.103 INFORMATION [main] org.apache.catalina.core.ApplicationContext.log ContextListener: attributeAdded('StockTicker', 'async.Stockticker@5f4d427e')
03-Jan-2025 15:13:03.113 INFORMATION [main] org.apache.catalina.core.ApplicationContext.log SessionListener: contextDestroyed()
03-Jan-2025 15:13:03.113 INFORMATION [main] org.apache.catalina.core.ApplicationContext.log ContextListener: contextDestroyed()
03-Jan-2025 18:22:26.112 SCHWERWIEGEND [main] org.apache.catalina.core.StandardContext.listenerStart Fehler beim Senden der 'Context Initialized' Benachrichtigung an den Listener aus der Klasse [com.sun.faces.config.ConfigureListener]
	java.lang.RuntimeException: java.lang.IllegalStateException: CDI is not available
		at com.sun.faces.config.ConfigureListener.contextInitialized(ConfigureListener.java:247)
		at org.apache.catalina.core.StandardContext.listenerStart(StandardContext.java:4716)
		at org.apache.catalina.core.StandardContext.startInternal(StandardContext.java:5180)
		at org.apache.catalina.util.LifecycleBase.start(LifecycleBase.java:183)
		at org.apache.catalina.core.ContainerBase.addChildInternal(ContainerBase.java:726)
		at org.apache.catalina.core.ContainerBase.addChild(ContainerBase.java:698)
		at org.apache.catalina.core.StandardHost.addChild(StandardHost.java:747)
		at org.apache.catalina.startup.HostConfig.deployDescriptor(HostConfig.java:693)
		at org.apache.catalina.startup.HostConfig$DeployDescriptor.run(HostConfig.java:1979)
		at java.base/java.util.concurrent.Executors$RunnableAdapter.call(Executors.java:572)
		at java.base/java.util.concurrent.FutureTask.run(FutureTask.java:317)
		at org.apache.tomcat.util.threads.InlineExecutorService.execute(InlineExecutorService.java:75)
		at java.base/java.util.concurrent.AbstractExecutorService.submit(AbstractExecutorService.java:123)
		at org.apache.catalina.startup.HostConfig.deployDescriptors(HostConfig.java:586)
		at org.apache.catalina.startup.HostConfig.deployApps(HostConfig.java:476)
		at org.apache.catalina.startup.HostConfig.start(HostConfig.java:1708)
		at org.apache.catalina.startup.HostConfig.lifecycleEvent(HostConfig.java:320)
		at org.apache.catalina.util.LifecycleBase.fireLifecycleEvent(LifecycleBase.java:123)
		at org.apache.catalina.util.LifecycleBase.setStateInternal(LifecycleBase.java:423)
		at org.apache.catalina.util.LifecycleBase.setState(LifecycleBase.java:366)
		at org.apache.catalina.core.ContainerBase.startInternal(ContainerBase.java:946)
		at org.apache.catalina.core.StandardHost.startInternal(StandardHost.java:886)
		at org.apache.catalina.util.LifecycleBase.start(LifecycleBase.java:183)
		at org.apache.catalina.core.ContainerBase$StartChild.call(ContainerBase.java:1396)
		at org.apache.catalina.core.ContainerBase$StartChild.call(ContainerBase.java:1386)
		at java.base/java.util.concurrent.FutureTask.run(FutureTask.java:317)
		at org.apache.tomcat.util.threads.InlineExecutorService.execute(InlineExecutorService.java:75)
		at java.base/java.util.concurrent.AbstractExecutorService.submit(AbstractExecutorService.java:145)
		at org.apache.catalina.core.ContainerBase.startInternal(ContainerBase.java:919)
		at org.apache.catalina.core.StandardEngine.startInternal(StandardEngine.java:265)
		at org.apache.catalina.util.LifecycleBase.start(LifecycleBase.java:183)
		at org.apache.catalina.core.StandardService.startInternal(StandardService.java:432)
		at org.apache.catalina.util.LifecycleBase.start(LifecycleBase.java:183)
		at org.apache.catalina.core.StandardServer.startInternal(StandardServer.java:930)
		at org.apache.catalina.util.LifecycleBase.start(LifecycleBase.java:183)
		at org.apache.catalina.startup.Catalina.start(Catalina.java:795)
		at java.base/jdk.internal.reflect.DirectMethodHandleAccessor.invoke(DirectMethodHandleAccessor.java:103)
		at java.base/java.lang.reflect.Method.invoke(Method.java:580)
		at org.apache.catalina.startup.Bootstrap.start(Bootstrap.java:345)
		at org.apache.catalina.startup.Bootstrap.main(Bootstrap.java:476)
	Caused by: java.lang.IllegalStateException: CDI is not available
		at com.sun.faces.util.Util.getCdiBeanManager(Util.java:1493)
		at com.sun.faces.el.ELUtils.addCDIELResolver(ELUtils.java:192)
		at com.sun.faces.el.ELUtils.buildFacesResolver(ELUtils.java:164)
		at com.sun.faces.application.ApplicationAssociate.initializeELResolverChains(ApplicationAssociate.java:416)
		at com.sun.faces.application.applicationimpl.ExpressionLanguage.performOneTimeELInitialization(ExpressionLanguage.java:144)
		at com.sun.faces.application.applicationimpl.ExpressionLanguage.getELResolver(ExpressionLanguage.java:89)
		at com.sun.faces.application.ApplicationImpl.getELResolver(ApplicationImpl.java:200)
		at com.sun.faces.el.ELContextImpl.<init>(ELContextImpl.java:60)
		at com.sun.faces.config.ConfigureListener.contextInitialized(ConfigureListener.java:202)
		... 39 more
03-Jan-2025 18:22:26.731 INFORMATION [main] org.apache.catalina.core.ApplicationContext.log ContextListener: contextInitialized()
03-Jan-2025 18:22:26.731 INFORMATION [main] org.apache.catalina.core.ApplicationContext.log SessionListener: contextInitialized()
03-Jan-2025 18:22:26.732 INFORMATION [main] org.apache.catalina.core.ApplicationContext.log ContextListener: attributeAdded('StockTicker', 'async.Stockticker@710ae6a7')
03-Jan-2025 18:22:54.418 SCHWERWIEGEND [http-nio-8080-exec-9] org.apache.catalina.core.StandardContext.listenerStart Fehler beim Senden der 'Context Initialized' Benachrichtigung an den Listener aus der Klasse [com.sun.faces.config.ConfigureListener]
	java.lang.RuntimeException: java.lang.IllegalStateException: CDI is not available
		at com.sun.faces.config.ConfigureListener.contextInitialized(ConfigureListener.java:247)
		at org.apache.catalina.core.StandardContext.listenerStart(StandardContext.java:4716)
		at org.apache.catalina.core.StandardContext.startInternal(StandardContext.java:5180)
		at org.apache.catalina.util.LifecycleBase.start(LifecycleBase.java:183)
		at org.apache.catalina.core.ContainerBase.addChildInternal(ContainerBase.java:726)
		at org.apache.catalina.core.ContainerBase.addChild(ContainerBase.java:698)
		at org.apache.catalina.core.StandardHost.addChild(StandardHost.java:747)
		at org.apache.catalina.startup.HostConfig.deployDescriptor(HostConfig.java:693)
		at org.apache.catalina.startup.HostConfig.deployApps(HostConfig.java:541)
		at org.apache.catalina.startup.HostConfig.check(HostConfig.java:1780)
		at java.base/jdk.internal.reflect.DirectMethodHandleAccessor.invoke(DirectMethodHandleAccessor.java:103)
		at java.base/java.lang.reflect.Method.invoke(Method.java:580)
		at org.apache.tomcat.util.modeler.BaseModelMBean.invoke(BaseModelMBean.java:293)
		at java.management/com.sun.jmx.interceptor.DefaultMBeanServerInterceptor.invoke(DefaultMBeanServerInterceptor.java:803)
		at java.management/com.sun.jmx.mbeanserver.JmxMBeanServer.invoke(JmxMBeanServer.java:802)
		at org.apache.catalina.manager.ManagerServlet.check(ManagerServlet.java:1592)
		at org.apache.catalina.manager.ManagerServlet.deploy(ManagerServlet.java:1027)
		at org.apache.catalina.manager.ManagerServlet.doGet(ManagerServlet.java:358)
		at jakarta.servlet.http.HttpServlet.service(HttpServlet.java:683)
		at jakarta.servlet.http.HttpServlet.service(HttpServlet.java:792)
		at org.apache.catalina.core.ApplicationFilterChain.internalDoFilter(ApplicationFilterChain.java:223)
		at org.apache.catalina.core.ApplicationFilterChain.doFilter(ApplicationFilterChain.java:158)
		at org.apache.tomcat.websocket.server.WsFilter.doFilter(WsFilter.java:53)
		at org.apache.catalina.core.ApplicationFilterChain.internalDoFilter(ApplicationFilterChain.java:185)
		at org.apache.catalina.core.ApplicationFilterChain.doFilter(ApplicationFilterChain.java:158)
		at org.apache.catalina.filters.HttpHeaderSecurityFilter.doFilter(HttpHeaderSecurityFilter.java:126)
		at org.apache.catalina.core.ApplicationFilterChain.internalDoFilter(ApplicationFilterChain.java:185)
		at org.apache.catalina.core.ApplicationFilterChain.doFilter(ApplicationFilterChain.java:158)
		at org.apache.catalina.core.StandardWrapperValve.invoke(StandardWrapperValve.java:197)
		at org.apache.catalina.core.StandardContextValve.invoke(StandardContextValve.java:97)
		at org.apache.catalina.authenticator.AuthenticatorBase.invoke(AuthenticatorBase.java:661)
		at org.apache.catalina.valves.RequestFilterValve.process(RequestFilterValve.java:378)
		at org.apache.catalina.valves.RemoteAddrValve.invoke(RemoteAddrValve.java:56)
		at org.apache.catalina.core.StandardHostValve.invoke(StandardHostValve.java:119)
		at org.apache.catalina.valves.ErrorReportValve.invoke(ErrorReportValve.java:92)
		at org.apache.catalina.valves.AbstractAccessLogValve.invoke(AbstractAccessLogValve.java:690)
		at org.apache.catalina.core.StandardEngineValve.invoke(StandardEngineValve.java:78)
		at org.apache.catalina.connector.CoyoteAdapter.service(CoyoteAdapter.java:356)
		at org.apache.coyote.http11.Http11Processor.service(Http11Processor.java:399)
		at org.apache.coyote.AbstractProcessorLight.process(AbstractProcessorLight.java:65)
		at org.apache.coyote.AbstractProtocol$ConnectionHandler.process(AbstractProtocol.java:870)
		at org.apache.tomcat.util.net.NioEndpoint$SocketProcessor.doRun(NioEndpoint.java:1762)
		at org.apache.tomcat.util.net.SocketProcessorBase.run(SocketProcessorBase.java:49)
		at org.apache.tomcat.util.threads.ThreadPoolExecutor.runWorker(ThreadPoolExecutor.java:1191)
		at org.apache.tomcat.util.threads.ThreadPoolExecutor$Worker.run(ThreadPoolExecutor.java:659)
		at org.apache.tomcat.util.threads.TaskThread$WrappingRunnable.run(TaskThread.java:61)
		at java.base/java.lang.Thread.run(Thread.java:1570)
	Caused by: java.lang.IllegalStateException: CDI is not available
		at com.sun.faces.util.Util.getCdiBeanManager(Util.java:1493)
		at com.sun.faces.el.ELUtils.addCDIELResolver(ELUtils.java:192)
		at com.sun.faces.el.ELUtils.buildFacesResolver(ELUtils.java:164)
		at com.sun.faces.application.ApplicationAssociate.initializeELResolverChains(ApplicationAssociate.java:416)
		at com.sun.faces.application.applicationimpl.ExpressionLanguage.performOneTimeELInitialization(ExpressionLanguage.java:144)
		at com.sun.faces.application.applicationimpl.ExpressionLanguage.getELResolver(ExpressionLanguage.java:89)
		at com.sun.faces.application.ApplicationImpl.getELResolver(ApplicationImpl.java:200)
		at com.sun.faces.el.ELContextImpl.<init>(ELContextImpl.java:60)
		at com.sun.faces.config.ConfigureListener.contextInitialized(ConfigureListener.java:202)
		... 46 more
03-Jan-2025 18:32:48.912 INFORMATION [main] org.apache.catalina.core.ApplicationContext.log SessionListener: contextDestroyed()
03-Jan-2025 18:32:48.912 INFORMATION [main] org.apache.catalina.core.ApplicationContext.log ContextListener: contextDestroyed()
