18-Jan-2025 12:11:20.032 INFORMATION [main] org.apache.catalina.core.ApplicationContext.log ContextListener: contextInitialized()
18-Jan-2025 12:11:20.032 INFORMATION [main] org.apache.catalina.core.ApplicationContext.log SessionListener: contextInitialized()
18-Jan-2025 12:11:20.033 INFORMATION [main] org.apache.catalina.core.ApplicationContext.log ContextListener: attributeAdded('StockTicker', 'async.Stockticker@6fb219dd')
18-Jan-2025 12:11:37.188 INFORMATION [main] org.apache.catalina.core.ApplicationContext.log SessionListener: contextDestroyed()
18-Jan-2025 12:11:37.188 INFORMATION [main] org.apache.catalina.core.ApplicationContext.log ContextListener: contextDestroyed()
18-Jan-2025 12:11:45.588 INFORMATION [main] org.apache.catalina.core.ApplicationContext.log ContextListener: contextInitialized()
18-Jan-2025 12:11:45.588 INFORMATION [main] org.apache.catalina.core.ApplicationContext.log SessionListener: contextInitialized()
18-Jan-2025 12:11:45.589 INFORMATION [main] org.apache.catalina.core.ApplicationContext.log ContextListener: attributeAdded('StockTicker', 'async.Stockticker@584fb03d')
18-Jan-2025 12:27:58.022 INFORMATION [main] org.apache.catalina.core.ApplicationContext.log SessionListener: contextDestroyed()
18-Jan-2025 12:27:58.022 INFORMATION [main] org.apache.catalina.core.ApplicationContext.log ContextListener: contextDestroyed()
18-Jan-2025 12:28:08.957 INFORMATION [main] org.apache.catalina.core.ApplicationContext.log ContextListener: contextInitialized()
18-Jan-2025 12:28:08.957 INFORMATION [main] org.apache.catalina.core.ApplicationContext.log SessionListener: contextInitialized()
18-Jan-2025 12:28:08.959 INFORMATION [main] org.apache.catalina.core.ApplicationContext.log ContextListener: attributeAdded('StockTicker', 'async.Stockticker@43a8bd35')
18-Jan-2025 12:29:23.462 INFORMATION [main] org.apache.catalina.core.ApplicationContext.log SessionListener: contextDestroyed()
18-Jan-2025 12:29:23.462 INFORMATION [main] org.apache.catalina.core.ApplicationContext.log ContextListener: contextDestroyed()
18-Jan-2025 12:35:37.930 INFORMATION [main] org.apache.catalina.core.ApplicationContext.log ContextListener: contextInitialized()
18-Jan-2025 12:35:37.930 INFORMATION [main] org.apache.catalina.core.ApplicationContext.log SessionListener: contextInitialized()
18-Jan-2025 12:35:37.932 INFORMATION [main] org.apache.catalina.core.ApplicationContext.log ContextListener: attributeAdded('StockTicker', 'async.Stockticker@51c4992e')
18-Jan-2025 12:36:32.013 INFORMATION [main] org.apache.catalina.core.ApplicationContext.log SessionListener: contextDestroyed()
18-Jan-2025 12:36:32.013 INFORMATION [main] org.apache.catalina.core.ApplicationContext.log ContextListener: contextDestroyed()
18-Jan-2025 12:39:50.802 INFORMATION [main] org.apache.catalina.core.ApplicationContext.log ContextListener: contextInitialized()
18-Jan-2025 12:39:50.803 INFORMATION [main] org.apache.catalina.core.ApplicationContext.log SessionListener: contextInitialized()
18-Jan-2025 12:39:50.809 INFORMATION [main] org.apache.catalina.core.ApplicationContext.log ContextListener: attributeAdded('StockTicker', 'async.Stockticker@72c1bf75')
18-Jan-2025 12:41:04.613 INFORMATION [main] org.apache.catalina.core.ApplicationContext.log SessionListener: contextDestroyed()
18-Jan-2025 12:41:04.614 INFORMATION [main] org.apache.catalina.core.ApplicationContext.log ContextListener: contextDestroyed()
18-Jan-2025 12:41:15.808 INFORMATION [main] org.apache.catalina.core.ApplicationContext.log ContextListener: contextInitialized()
18-Jan-2025 12:41:15.808 INFORMATION [main] org.apache.catalina.core.ApplicationContext.log SessionListener: contextInitialized()
18-Jan-2025 12:41:15.809 INFORMATION [main] org.apache.catalina.core.ApplicationContext.log ContextListener: attributeAdded('StockTicker', 'async.Stockticker@b04a6a4')
18-Jan-2025 12:45:22.488 INFORMATION [main] org.apache.catalina.core.ApplicationContext.log SessionListener: contextDestroyed()
18-Jan-2025 12:45:22.488 INFORMATION [main] org.apache.catalina.core.ApplicationContext.log ContextListener: contextDestroyed()
18-Jan-2025 12:45:32.148 INFORMATION [main] org.apache.catalina.core.ApplicationContext.log ContextListener: contextInitialized()
18-Jan-2025 12:45:32.148 INFORMATION [main] org.apache.catalina.core.ApplicationContext.log SessionListener: contextInitialized()
18-Jan-2025 12:45:32.149 INFORMATION [main] org.apache.catalina.core.ApplicationContext.log ContextListener: attributeAdded('StockTicker', 'async.Stockticker@b04a6a4')
18-Jan-2025 12:58:34.238 INFORMATION [main] org.apache.catalina.core.ApplicationContext.log SessionListener: contextDestroyed()
18-Jan-2025 12:58:34.238 INFORMATION [main] org.apache.catalina.core.ApplicationContext.log ContextListener: contextDestroyed()
18-Jan-2025 12:58:45.959 INFORMATION [main] org.apache.catalina.core.ApplicationContext.log ContextListener: contextInitialized()
18-Jan-2025 12:58:45.959 INFORMATION [main] org.apache.catalina.core.ApplicationContext.log SessionListener: contextInitialized()
18-Jan-2025 12:58:45.960 INFORMATION [main] org.apache.catalina.core.ApplicationContext.log ContextListener: attributeAdded('StockTicker', 'async.Stockticker@570b85dd')
18-Jan-2025 13:06:17.096 INFORMATION [main] org.apache.catalina.core.ApplicationContext.log SessionListener: contextDestroyed()
18-Jan-2025 13:06:17.096 INFORMATION [main] org.apache.catalina.core.ApplicationContext.log ContextListener: contextDestroyed()
18-Jan-2025 13:06:27.830 INFORMATION [main] org.apache.catalina.core.ApplicationContext.log ContextListener: contextInitialized()
18-Jan-2025 13:06:27.830 INFORMATION [main] org.apache.catalina.core.ApplicationContext.log SessionListener: contextInitialized()
18-Jan-2025 13:06:27.831 INFORMATION [main] org.apache.catalina.core.ApplicationContext.log ContextListener: attributeAdded('StockTicker', 'async.Stockticker@15a2fddd')
18-Jan-2025 13:11:26.004 INFORMATION [main] org.apache.catalina.core.ApplicationContext.log SessionListener: contextDestroyed()
18-Jan-2025 13:11:26.004 INFORMATION [main] org.apache.catalina.core.ApplicationContext.log ContextListener: contextDestroyed()
18-Jan-2025 13:11:34.636 INFORMATION [main] org.apache.catalina.core.ApplicationContext.log ContextListener: contextInitialized()
18-Jan-2025 13:11:34.636 INFORMATION [main] org.apache.catalina.core.ApplicationContext.log SessionListener: contextInitialized()
18-Jan-2025 13:11:34.637 INFORMATION [main] org.apache.catalina.core.ApplicationContext.log ContextListener: attributeAdded('StockTicker', 'async.Stockticker@518a7b8a')
18-Jan-2025 13:14:05.089 INFORMATION [main] org.apache.catalina.core.ApplicationContext.log SessionListener: contextDestroyed()
18-Jan-2025 13:14:05.089 INFORMATION [main] org.apache.catalina.core.ApplicationContext.log ContextListener: contextDestroyed()
18-Jan-2025 13:14:14.614 INFORMATION [main] org.apache.catalina.core.ApplicationContext.log ContextListener: contextInitialized()
18-Jan-2025 13:14:14.614 INFORMATION [main] org.apache.catalina.core.ApplicationContext.log SessionListener: contextInitialized()
18-Jan-2025 13:14:14.615 INFORMATION [main] org.apache.catalina.core.ApplicationContext.log ContextListener: attributeAdded('StockTicker', 'async.Stockticker@570b85dd')
18-Jan-2025 13:14:19.303 SCHWERWIEGEND [http-nio-8080-exec-4] org.apache.catalina.core.StandardWrapperValve.invoke Servlet.service() for servlet [FacesServlet] in context with path [] threw exception [Komponenten-ID j_idt6:messageTelnr wurde bereits in der Ansicht gefunden.] with root cause
	java.lang.IllegalStateException: Komponenten-ID j_idt6:messageTelnr wurde bereits in der Ansicht gefunden.
		at com.sun.faces.util.Util.checkIdUniqueness(Util.java:1226)
		at com.sun.faces.util.Util.checkIdUniqueness(Util.java:1215)
		at com.sun.faces.util.Util.checkIdUniqueness(Util.java:1215)
		at com.sun.faces.util.Util.checkIdUniqueness(Util.java:1215)
		at com.sun.faces.application.view.FaceletPartialStateManagementStrategy.saveView(FaceletPartialStateManagementStrategy.java:434)
		at com.sun.faces.application.StateManagerImpl.saveView(StateManagerImpl.java:59)
		at com.sun.faces.application.view.WriteBehindStateWriter.getState(WriteBehindStateWriter.java:277)
		at com.sun.faces.application.view.WriteBehindStateWriter.flushToWriter(WriteBehindStateWriter.java:184)
		at com.sun.faces.application.view.FaceletViewHandlingStrategy.renderView(FaceletViewHandlingStrategy.java:464)
		at com.sun.faces.application.view.MultiViewHandler.renderView(MultiViewHandler.java:161)
		at jakarta.faces.application.ViewHandlerWrapper.renderView(ViewHandlerWrapper.java:125)
		at com.sun.faces.lifecycle.RenderResponsePhase.execute(RenderResponsePhase.java:93)
		at com.sun.faces.lifecycle.Phase.doPhase(Phase.java:72)
		at com.sun.faces.lifecycle.LifecycleImpl.render(LifecycleImpl.java:178)
		at jakarta.faces.webapp.FacesServlet.executeLifecyle(FacesServlet.java:678)
		at jakarta.faces.webapp.FacesServlet.service(FacesServlet.java:435)
		at org.apache.catalina.core.ApplicationFilterChain.internalDoFilter(ApplicationFilterChain.java:223)
		at org.apache.catalina.core.ApplicationFilterChain.doFilter(ApplicationFilterChain.java:158)
		at org.apache.tomcat.websocket.server.WsFilter.doFilter(WsFilter.java:53)
		at org.apache.catalina.core.ApplicationFilterChain.internalDoFilter(ApplicationFilterChain.java:185)
		at org.apache.catalina.core.ApplicationFilterChain.doFilter(ApplicationFilterChain.java:158)
		at org.apache.catalina.core.StandardWrapperValve.invoke(StandardWrapperValve.java:197)
		at org.apache.catalina.core.StandardContextValve.invoke(StandardContextValve.java:97)
		at org.apache.catalina.authenticator.AuthenticatorBase.invoke(AuthenticatorBase.java:542)
		at org.apache.catalina.core.StandardHostValve.invoke(StandardHostValve.java:119)
		at org.apache.catalina.valves.ErrorReportValve.invoke(ErrorReportValve.java:92)
		at org.apache.catalina.valves.AbstractAccessLogValve.invoke(AbstractAccessLogValve.java:690)
		at org.apache.catalina.core.StandardEngineValve.invoke(StandardEngineValve.java:78)
		at org.apache.catalina.connector.CoyoteAdapter.service(CoyoteAdapter.java:356)
		at org.apache.coyote.http11.Http11Processor.service(Http11Processor.java:399)
		at org.apache.coyote.AbstractProcessorLight.process(AbstractProcessorLight.java:65)
		at org.apache.coyote.AbstractProtocol$ConnectionHandler.process(AbstractProtocol.java:870)
		at org.apache.tomcat.util.net.NioEndpoint$SocketProcessor.doRun(NioEndpoint.java:1762)
		at org.apache.tomcat.util.net.SocketProcessorBase.run(SocketProcessorBase.java:49)
		at org.apache.tomcat.util.threads.ThreadPoolExecutor.runWorker(ThreadPoolExecutor.java:1191)
		at org.apache.tomcat.util.threads.ThreadPoolExecutor$Worker.run(ThreadPoolExecutor.java:659)
		at org.apache.tomcat.util.threads.TaskThread$WrappingRunnable.run(TaskThread.java:61)
		at java.base/java.lang.Thread.run(Thread.java:1570)
18-Jan-2025 13:15:37.325 INFORMATION [main] org.apache.catalina.core.ApplicationContext.log SessionListener: contextDestroyed()
18-Jan-2025 13:15:37.325 INFORMATION [main] org.apache.catalina.core.ApplicationContext.log ContextListener: contextDestroyed()
18-Jan-2025 13:15:45.664 INFORMATION [main] org.apache.catalina.core.ApplicationContext.log ContextListener: contextInitialized()
18-Jan-2025 13:15:45.664 INFORMATION [main] org.apache.catalina.core.ApplicationContext.log SessionListener: contextInitialized()
18-Jan-2025 13:15:45.665 INFORMATION [main] org.apache.catalina.core.ApplicationContext.log ContextListener: attributeAdded('StockTicker', 'async.Stockticker@6fb219dd')
18-Jan-2025 17:57:17.425 INFORMATION [main] org.apache.catalina.core.ApplicationContext.log SessionListener: contextDestroyed()
18-Jan-2025 17:57:17.426 INFORMATION [main] org.apache.catalina.core.ApplicationContext.log ContextListener: contextDestroyed()
18-Jan-2025 19:19:53.543 INFORMATION [main] org.apache.catalina.core.ApplicationContext.log ContextListener: contextInitialized()
18-Jan-2025 19:19:53.543 INFORMATION [main] org.apache.catalina.core.ApplicationContext.log SessionListener: contextInitialized()
18-Jan-2025 19:19:53.545 INFORMATION [main] org.apache.catalina.core.ApplicationContext.log ContextListener: attributeAdded('StockTicker', 'async.Stockticker@5f4d427e')
18-Jan-2025 19:20:14.927 INFORMATION [main] org.apache.catalina.core.ApplicationContext.log SessionListener: contextDestroyed()
18-Jan-2025 19:20:14.927 INFORMATION [main] org.apache.catalina.core.ApplicationContext.log ContextListener: contextDestroyed()
18-Jan-2025 19:22:43.685 INFORMATION [main] org.apache.catalina.core.ApplicationContext.log ContextListener: contextInitialized()
18-Jan-2025 19:22:43.685 INFORMATION [main] org.apache.catalina.core.ApplicationContext.log SessionListener: contextInitialized()
18-Jan-2025 19:22:43.686 INFORMATION [main] org.apache.catalina.core.ApplicationContext.log ContextListener: attributeAdded('StockTicker', 'async.Stockticker@17287458')
18-Jan-2025 19:24:25.554 SCHWERWIEGEND [http-nio-8080-exec-17] org.apache.catalina.core.StandardWrapperValve.invoke Servlet.service() for servlet [FacesServlet] in context with path [] threw exception [jakarta/persistence/Persistence] with root cause
	java.lang.ClassNotFoundException: jakarta.persistence.Persistence
		at org.apache.catalina.loader.WebappClassLoaderBase.loadClass(WebappClassLoaderBase.java:1449)
		at org.apache.catalina.loader.WebappClassLoaderBase.loadClass(WebappClassLoaderBase.java:1257)
		at Daten.<clinit>(Daten.java:14)
		at RegistryController.validateLogin(RegistryController.java:45)
		at java.base/jdk.internal.reflect.DirectMethodHandleAccessor.invoke(DirectMethodHandleAccessor.java:103)
		at java.base/java.lang.reflect.Method.invoke(Method.java:580)
		at org.apache.el.parser.AstValue.invoke(AstValue.java:252)
		at org.apache.el.MethodExpressionImpl.invoke(MethodExpressionImpl.java:266)
		at org.jboss.weld.module.web.util.el.ForwardingMethodExpression.invoke(ForwardingMethodExpression.java:40)
		at org.jboss.weld.module.web.el.WeldMethodExpression.invoke(WeldMethodExpression.java:50)
		at com.sun.faces.facelets.el.TagMethodExpression.invoke(TagMethodExpression.java:70)
		at jakarta.faces.validator.MethodExpressionValidator.validate(MethodExpressionValidator.java:84)
		at jakarta.faces.component.UIInput.validateValue(UIInput.java:1019)
		at jakarta.faces.component.UIInput.validate(UIInput.java:825)
		at jakarta.faces.component.UIInput.executeValidate(UIInput.java:1093)
		at jakarta.faces.component.UIInput.processValidators(UIInput.java:586)
		at jakarta.faces.component.UIComponentBase.processValidators(UIComponentBase.java:904)
		at jakarta.faces.component.UIForm.processValidators(UIForm.java:221)
		at jakarta.faces.component.UIComponentBase.processValidators(UIComponentBase.java:904)
		at jakarta.faces.component.UIComponentBase.processValidators(UIComponentBase.java:904)
		at jakarta.faces.component.UIViewRoot.processValidators(UIViewRoot.java:1292)
		at com.sun.faces.lifecycle.ProcessValidationsPhase.execute(ProcessValidationsPhase.java:49)
		at com.sun.faces.lifecycle.Phase.doPhase(Phase.java:72)
		at com.sun.faces.lifecycle.LifecycleImpl.execute(LifecycleImpl.java:159)
		at jakarta.faces.webapp.FacesServlet.executeLifecyle(FacesServlet.java:677)
		at jakarta.faces.webapp.FacesServlet.service(FacesServlet.java:435)
		at org.apache.catalina.core.ApplicationFilterChain.internalDoFilter(ApplicationFilterChain.java:223)
		at org.apache.catalina.core.ApplicationFilterChain.doFilter(ApplicationFilterChain.java:158)
		at org.apache.tomcat.websocket.server.WsFilter.doFilter(WsFilter.java:53)
		at org.apache.catalina.core.ApplicationFilterChain.internalDoFilter(ApplicationFilterChain.java:185)
		at org.apache.catalina.core.ApplicationFilterChain.doFilter(ApplicationFilterChain.java:158)
		at org.apache.catalina.core.StandardWrapperValve.invoke(StandardWrapperValve.java:197)
		at org.apache.catalina.core.StandardContextValve.invoke(StandardContextValve.java:97)
		at org.apache.catalina.authenticator.AuthenticatorBase.invoke(AuthenticatorBase.java:542)
		at org.apache.catalina.core.StandardHostValve.invoke(StandardHostValve.java:119)
		at org.apache.catalina.valves.ErrorReportValve.invoke(ErrorReportValve.java:92)
		at org.apache.catalina.valves.AbstractAccessLogValve.invoke(AbstractAccessLogValve.java:690)
		at org.apache.catalina.core.StandardEngineValve.invoke(StandardEngineValve.java:78)
		at org.apache.catalina.connector.CoyoteAdapter.service(CoyoteAdapter.java:356)
		at org.apache.coyote.http11.Http11Processor.service(Http11Processor.java:399)
		at org.apache.coyote.AbstractProcessorLight.process(AbstractProcessorLight.java:65)
		at org.apache.coyote.AbstractProtocol$ConnectionHandler.process(AbstractProtocol.java:870)
		at org.apache.tomcat.util.net.NioEndpoint$SocketProcessor.doRun(NioEndpoint.java:1762)
		at org.apache.tomcat.util.net.SocketProcessorBase.run(SocketProcessorBase.java:49)
		at org.apache.tomcat.util.threads.ThreadPoolExecutor.runWorker(ThreadPoolExecutor.java:1191)
		at org.apache.tomcat.util.threads.ThreadPoolExecutor$Worker.run(ThreadPoolExecutor.java:659)
		at org.apache.tomcat.util.threads.TaskThread$WrappingRunnable.run(TaskThread.java:61)
		at java.base/java.lang.Thread.run(Thread.java:1570)
18-Jan-2025 19:29:44.230 INFORMATION [main] org.apache.catalina.core.ApplicationContext.log SessionListener: contextDestroyed()
18-Jan-2025 19:29:44.230 INFORMATION [main] org.apache.catalina.core.ApplicationContext.log ContextListener: contextDestroyed()
18-Jan-2025 19:29:54.266 INFORMATION [main] org.apache.catalina.core.ApplicationContext.log ContextListener: contextInitialized()
18-Jan-2025 19:29:54.266 INFORMATION [main] org.apache.catalina.core.ApplicationContext.log SessionListener: contextInitialized()
18-Jan-2025 19:29:54.267 INFORMATION [main] org.apache.catalina.core.ApplicationContext.log ContextListener: attributeAdded('StockTicker', 'async.Stockticker@36d8ddc5')
18-Jan-2025 19:30:11.307 SCHWERWIEGEND [http-nio-8080-exec-6] org.apache.catalina.core.StandardWrapperValve.invoke Servlet.service() for servlet [FacesServlet] in context with path [] threw exception [null] with root cause
	javax.persistence.PersistenceException: No Persistence provider for EntityManager named ghostNetFishing
		at javax.persistence.Persistence.createEntityManagerFactory(Persistence.java:86)
		at javax.persistence.Persistence.createEntityManagerFactory(Persistence.java:55)
		at Daten.<clinit>(Daten.java:16)
		at RegistryController.validateLogin(RegistryController.java:45)
		at java.base/jdk.internal.reflect.DirectMethodHandleAccessor.invoke(DirectMethodHandleAccessor.java:103)
		at java.base/java.lang.reflect.Method.invoke(Method.java:580)
		at org.apache.el.parser.AstValue.invoke(AstValue.java:252)
		at org.apache.el.MethodExpressionImpl.invoke(MethodExpressionImpl.java:266)
		at org.jboss.weld.module.web.util.el.ForwardingMethodExpression.invoke(ForwardingMethodExpression.java:40)
		at org.jboss.weld.module.web.el.WeldMethodExpression.invoke(WeldMethodExpression.java:50)
		at com.sun.faces.facelets.el.TagMethodExpression.invoke(TagMethodExpression.java:70)
		at jakarta.faces.validator.MethodExpressionValidator.validate(MethodExpressionValidator.java:84)
		at jakarta.faces.component.UIInput.validateValue(UIInput.java:1019)
		at jakarta.faces.component.UIInput.validate(UIInput.java:825)
		at jakarta.faces.component.UIInput.executeValidate(UIInput.java:1093)
		at jakarta.faces.component.UIInput.processValidators(UIInput.java:586)
		at jakarta.faces.component.UIComponentBase.processValidators(UIComponentBase.java:904)
		at jakarta.faces.component.UIForm.processValidators(UIForm.java:221)
		at jakarta.faces.component.UIComponentBase.processValidators(UIComponentBase.java:904)
		at jakarta.faces.component.UIComponentBase.processValidators(UIComponentBase.java:904)
		at jakarta.faces.component.UIViewRoot.processValidators(UIViewRoot.java:1292)
		at com.sun.faces.lifecycle.ProcessValidationsPhase.execute(ProcessValidationsPhase.java:49)
		at com.sun.faces.lifecycle.Phase.doPhase(Phase.java:72)
		at com.sun.faces.lifecycle.LifecycleImpl.execute(LifecycleImpl.java:159)
		at jakarta.faces.webapp.FacesServlet.executeLifecyle(FacesServlet.java:677)
		at jakarta.faces.webapp.FacesServlet.service(FacesServlet.java:435)
		at org.apache.catalina.core.ApplicationFilterChain.internalDoFilter(ApplicationFilterChain.java:223)
		at org.apache.catalina.core.ApplicationFilterChain.doFilter(ApplicationFilterChain.java:158)
		at org.apache.tomcat.websocket.server.WsFilter.doFilter(WsFilter.java:53)
		at org.apache.catalina.core.ApplicationFilterChain.internalDoFilter(ApplicationFilterChain.java:185)
		at org.apache.catalina.core.ApplicationFilterChain.doFilter(ApplicationFilterChain.java:158)
		at org.apache.catalina.core.StandardWrapperValve.invoke(StandardWrapperValve.java:197)
		at org.apache.catalina.core.StandardContextValve.invoke(StandardContextValve.java:97)
		at org.apache.catalina.authenticator.AuthenticatorBase.invoke(AuthenticatorBase.java:542)
		at org.apache.catalina.core.StandardHostValve.invoke(StandardHostValve.java:119)
		at org.apache.catalina.valves.ErrorReportValve.invoke(ErrorReportValve.java:92)
		at org.apache.catalina.valves.AbstractAccessLogValve.invoke(AbstractAccessLogValve.java:690)
		at org.apache.catalina.core.StandardEngineValve.invoke(StandardEngineValve.java:78)
		at org.apache.catalina.connector.CoyoteAdapter.service(CoyoteAdapter.java:356)
		at org.apache.coyote.http11.Http11Processor.service(Http11Processor.java:399)
		at org.apache.coyote.AbstractProcessorLight.process(AbstractProcessorLight.java:65)
		at org.apache.coyote.AbstractProtocol$ConnectionHandler.process(AbstractProtocol.java:870)
		at org.apache.tomcat.util.net.NioEndpoint$SocketProcessor.doRun(NioEndpoint.java:1762)
		at org.apache.tomcat.util.net.SocketProcessorBase.run(SocketProcessorBase.java:49)
		at org.apache.tomcat.util.threads.ThreadPoolExecutor.runWorker(ThreadPoolExecutor.java:1191)
		at org.apache.tomcat.util.threads.ThreadPoolExecutor$Worker.run(ThreadPoolExecutor.java:659)
		at org.apache.tomcat.util.threads.TaskThread$WrappingRunnable.run(TaskThread.java:61)
		at java.base/java.lang.Thread.run(Thread.java:1570)
18-Jan-2025 19:33:08.150 INFORMATION [main] org.apache.catalina.core.ApplicationContext.log SessionListener: contextDestroyed()
18-Jan-2025 19:33:08.150 INFORMATION [main] org.apache.catalina.core.ApplicationContext.log ContextListener: contextDestroyed()
18-Jan-2025 19:33:19.009 INFORMATION [main] org.apache.catalina.core.ApplicationContext.log ContextListener: contextInitialized()
18-Jan-2025 19:33:19.009 INFORMATION [main] org.apache.catalina.core.ApplicationContext.log SessionListener: contextInitialized()
18-Jan-2025 19:33:19.009 INFORMATION [main] org.apache.catalina.core.ApplicationContext.log ContextListener: attributeAdded('StockTicker', 'async.Stockticker@61ee9672')
18-Jan-2025 19:33:54.019 INFORMATION [main] org.apache.catalina.core.ApplicationContext.log SessionListener: contextDestroyed()
18-Jan-2025 19:33:54.019 INFORMATION [main] org.apache.catalina.core.ApplicationContext.log ContextListener: contextDestroyed()
18-Jan-2025 19:53:12.014 INFORMATION [main] org.apache.catalina.core.ApplicationContext.log ContextListener: contextInitialized()
18-Jan-2025 19:53:12.014 INFORMATION [main] org.apache.catalina.core.ApplicationContext.log SessionListener: contextInitialized()
18-Jan-2025 19:53:12.015 INFORMATION [main] org.apache.catalina.core.ApplicationContext.log ContextListener: attributeAdded('StockTicker', 'async.Stockticker@21132086')
18-Jan-2025 19:54:30.136 INFORMATION [main] org.apache.catalina.core.ApplicationContext.log SessionListener: contextDestroyed()
18-Jan-2025 19:54:30.136 INFORMATION [main] org.apache.catalina.core.ApplicationContext.log ContextListener: contextDestroyed()
18-Jan-2025 19:54:40.239 INFORMATION [main] org.apache.catalina.core.ApplicationContext.log ContextListener: contextInitialized()
18-Jan-2025 19:54:40.239 INFORMATION [main] org.apache.catalina.core.ApplicationContext.log SessionListener: contextInitialized()
18-Jan-2025 19:54:40.240 INFORMATION [main] org.apache.catalina.core.ApplicationContext.log ContextListener: attributeAdded('StockTicker', 'async.Stockticker@2cc3b0a7')
18-Jan-2025 20:01:17.029 INFORMATION [main] org.apache.catalina.core.ApplicationContext.log SessionListener: contextDestroyed()
18-Jan-2025 20:01:17.029 INFORMATION [main] org.apache.catalina.core.ApplicationContext.log ContextListener: contextDestroyed()
18-Jan-2025 20:01:26.776 INFORMATION [main] org.apache.catalina.core.ApplicationContext.log ContextListener: contextInitialized()
18-Jan-2025 20:01:26.776 INFORMATION [main] org.apache.catalina.core.ApplicationContext.log SessionListener: contextInitialized()
18-Jan-2025 20:01:26.777 INFORMATION [main] org.apache.catalina.core.ApplicationContext.log ContextListener: attributeAdded('StockTicker', 'async.Stockticker@97e9568')
18-Jan-2025 20:01:40.431 SCHWERWIEGEND [http-nio-8080-exec-2] org.apache.catalina.core.StandardWrapperValve.invoke Servlet.service() for servlet [FacesServlet] in context with path [] threw exception [Exception [EclipseLink-4003] (Eclipse Persistence Services - 2.7.12.v20230209-e5c4074ef3): org.eclipse.persistence.exceptions.DatabaseException
Exception Description: Configuration error.  Class [org.apache.derby.client.ClientAutoloadedDriver] not found.] with root cause
Local Exception Stack: 
	Exception [EclipseLink-4003] (Eclipse Persistence Services - 2.7.12.v20230209-e5c4074ef3): org.eclipse.persistence.exceptions.DatabaseException
Exception Description: Configuration error.  Class [org.apache.derby.client.ClientAutoloadedDriver] not found.
		at org.eclipse.persistence.exceptions.DatabaseException.configurationErrorClassNotFound(DatabaseException.java:91)
		at org.eclipse.persistence.sessions.DefaultConnector.loadDriverClass(DefaultConnector.java:269)
		at org.eclipse.persistence.sessions.DefaultConnector.connect(DefaultConnector.java:87)
		at org.eclipse.persistence.sessions.DatasourceLogin.connectToDatasource(DatasourceLogin.java:172)
		at org.eclipse.persistence.internal.sessions.DatabaseSessionImpl.setOrDetectDatasource(DatabaseSessionImpl.java:226)
		at org.eclipse.persistence.internal.sessions.DatabaseSessionImpl.loginAndDetectDatasource(DatabaseSessionImpl.java:810)
		at org.eclipse.persistence.internal.jpa.EntityManagerFactoryProvider.login(EntityManagerFactoryProvider.java:261)
		at org.eclipse.persistence.internal.jpa.EntityManagerSetupImpl.deploy(EntityManagerSetupImpl.java:771)
		at org.eclipse.persistence.internal.jpa.EntityManagerFactoryDelegate.getAbstractSession(EntityManagerFactoryDelegate.java:222)
		at org.eclipse.persistence.internal.jpa.EntityManagerFactoryDelegate.createEntityManagerImpl(EntityManagerFactoryDelegate.java:330)
		at org.eclipse.persistence.internal.jpa.EntityManagerFactoryImpl.createEntityManagerImpl(EntityManagerFactoryImpl.java:350)
		at org.eclipse.persistence.internal.jpa.EntityManagerFactoryImpl.createEntityManager(EntityManagerFactoryImpl.java:313)
		at Daten.getNetzeOhnePerson(Daten.java:72)
		at DatenController.getNetzeOhnePersonListe(DatenController.java:17)
		at java.base/jdk.internal.reflect.DirectMethodHandleAccessor.invoke(DirectMethodHandleAccessor.java:103)
		at java.base/java.lang.reflect.Method.invoke(Method.java:580)
		at jakarta.el.BeanELResolver.getValue(BeanELResolver.java:97)
		at com.sun.faces.el.DemuxCompositeELResolver._getValue(DemuxCompositeELResolver.java:139)
		at com.sun.faces.el.DemuxCompositeELResolver.getValue(DemuxCompositeELResolver.java:164)
		at org.apache.el.parser.AstValue.getValue(AstValue.java:168)
		at org.apache.el.ValueExpressionImpl.getValue(ValueExpressionImpl.java:189)
		at org.jboss.weld.module.web.el.WeldValueExpression.getValue(WeldValueExpression.java:50)
		at com.sun.faces.facelets.el.TagValueExpression.getValue(TagValueExpression.java:73)
		at jakarta.faces.component.ComponentStateHelper.eval(ComponentStateHelper.java:206)
		at jakarta.faces.component.ComponentStateHelper.eval(ComponentStateHelper.java:175)
		at jakarta.faces.component.UISelectItems.getValue(UISelectItems.java:120)
		at org.primefaces.renderkit.SelectRenderer.getSelectItems(SelectRenderer.java:91)
		at org.primefaces.component.selectonemenu.SelectOneMenuRenderer.encodeMarkup(SelectOneMenuRenderer.java:113)
		at org.primefaces.component.selectonemenu.SelectOneMenuRenderer.encodeEnd(SelectOneMenuRenderer.java:106)
		at jakarta.faces.component.UIComponentBase.encodeEnd(UIComponentBase.java:583)
		at com.sun.faces.renderkit.html_basic.HtmlBasicRenderer.encodeRecursive(HtmlBasicRenderer.java:275)
		at com.sun.faces.renderkit.html_basic.GridRenderer.renderRow(GridRenderer.java:143)
		at com.sun.faces.renderkit.html_basic.GridRenderer.encodeChildren(GridRenderer.java:97)
		at jakarta.faces.component.UIComponentBase.encodeChildren(UIComponentBase.java:554)
		at jakarta.faces.component.UIComponent.encodeAll(UIComponent.java:1545)
		at jakarta.faces.render.Renderer.encodeChildren(Renderer.java:145)
		at jakarta.faces.component.UIComponentBase.encodeChildren(UIComponentBase.java:554)
		at jakarta.faces.component.UIComponent.encodeAll(UIComponent.java:1545)
		at jakarta.faces.component.UIComponent.encodeAll(UIComponent.java:1548)
		at jakarta.faces.component.UIComponent.encodeAll(UIComponent.java:1548)
		at com.sun.faces.application.view.FaceletViewHandlingStrategy.renderView(FaceletViewHandlingStrategy.java:448)
		at com.sun.faces.application.view.MultiViewHandler.renderView(MultiViewHandler.java:161)
		at jakarta.faces.application.ViewHandlerWrapper.renderView(ViewHandlerWrapper.java:125)
		at com.sun.faces.lifecycle.RenderResponsePhase.execute(RenderResponsePhase.java:93)
		at com.sun.faces.lifecycle.Phase.doPhase(Phase.java:72)
		at com.sun.faces.lifecycle.LifecycleImpl.render(LifecycleImpl.java:178)
		at jakarta.faces.webapp.FacesServlet.executeLifecyle(FacesServlet.java:678)
		at jakarta.faces.webapp.FacesServlet.service(FacesServlet.java:435)
		at org.apache.catalina.core.ApplicationFilterChain.internalDoFilter(ApplicationFilterChain.java:223)
		at org.apache.catalina.core.ApplicationFilterChain.doFilter(ApplicationFilterChain.java:158)
		at org.apache.tomcat.websocket.server.WsFilter.doFilter(WsFilter.java:53)
		at org.apache.catalina.core.ApplicationFilterChain.internalDoFilter(ApplicationFilterChain.java:185)
		at org.apache.catalina.core.ApplicationFilterChain.doFilter(ApplicationFilterChain.java:158)
		at org.apache.catalina.core.StandardWrapperValve.invoke(StandardWrapperValve.java:197)
		at org.apache.catalina.core.StandardContextValve.invoke(StandardContextValve.java:97)
		at org.apache.catalina.authenticator.AuthenticatorBase.invoke(AuthenticatorBase.java:542)
		at org.apache.catalina.core.StandardHostValve.invoke(StandardHostValve.java:119)
		at org.apache.catalina.valves.ErrorReportValve.invoke(ErrorReportValve.java:92)
		at org.apache.catalina.valves.AbstractAccessLogValve.invoke(AbstractAccessLogValve.java:690)
		at org.apache.catalina.core.StandardEngineValve.invoke(StandardEngineValve.java:78)
		at org.apache.catalina.connector.CoyoteAdapter.service(CoyoteAdapter.java:356)
		at org.apache.coyote.http11.Http11Processor.service(Http11Processor.java:399)
		at org.apache.coyote.AbstractProcessorLight.process(AbstractProcessorLight.java:65)
		at org.apache.coyote.AbstractProtocol$ConnectionHandler.process(AbstractProtocol.java:870)
		at org.apache.tomcat.util.net.NioEndpoint$SocketProcessor.doRun(NioEndpoint.java:1762)
		at org.apache.tomcat.util.net.SocketProcessorBase.run(SocketProcessorBase.java:49)
		at org.apache.tomcat.util.threads.ThreadPoolExecutor.runWorker(ThreadPoolExecutor.java:1191)
		at org.apache.tomcat.util.threads.ThreadPoolExecutor$Worker.run(ThreadPoolExecutor.java:659)
		at org.apache.tomcat.util.threads.TaskThread$WrappingRunnable.run(TaskThread.java:61)
		at java.base/java.lang.Thread.run(Thread.java:1570)
18-Jan-2025 20:07:19.088 INFORMATION [main] org.apache.catalina.core.ApplicationContext.log SessionListener: contextDestroyed()
18-Jan-2025 20:07:19.088 INFORMATION [main] org.apache.catalina.core.ApplicationContext.log ContextListener: contextDestroyed()
