12-Jan-2025 11:31:15.829 INFORMATION [main] org.apache.catalina.core.ApplicationContext.log ContextListener: contextInitialized()
12-Jan-2025 11:31:15.829 INFORMATION [main] org.apache.catalina.core.ApplicationContext.log SessionListener: contextInitialized()
12-Jan-2025 11:31:15.830 INFORMATION [main] org.apache.catalina.core.ApplicationContext.log ContextListener: attributeAdded('StockTicker', 'async.Stockticker@67f0bf7e')
12-Jan-2025 12:49:15.975 SCHWERWIEGEND [http-nio-8080-exec-13] org.apache.catalina.core.StandardWrapperValve.invoke Servlet.service() for servlet [FacesServlet] in context with path [] threw exception [/index.xhtml @19,133 rendered="#{datenController.berIndex > 0}": Die Eigenschaft [berIndex] wurde für den Typ [DatenController] nicht gefunden] with root cause
	jakarta.el.PropertyNotFoundException: Die Eigenschaft [berIndex] wurde für den Typ [DatenController] nicht gefunden
		at jakarta.el.BeanELResolver$BeanProperties.get(BeanELResolver.java:261)
		at jakarta.el.BeanELResolver$BeanProperties.access$300(BeanELResolver.java:213)
		at jakarta.el.BeanELResolver.property(BeanELResolver.java:334)
		at jakarta.el.BeanELResolver.getValue(BeanELResolver.java:95)
		at com.sun.faces.el.DemuxCompositeELResolver._getValue(DemuxCompositeELResolver.java:139)
		at com.sun.faces.el.DemuxCompositeELResolver.getValue(DemuxCompositeELResolver.java:164)
		at org.apache.el.parser.AstValue.getValue(AstValue.java:168)
		at org.apache.el.parser.AstGreaterThan.getValue(AstGreaterThan.java:36)
		at org.apache.el.ValueExpressionImpl.getValue(ValueExpressionImpl.java:189)
		at org.jboss.weld.module.web.el.WeldValueExpression.getValue(WeldValueExpression.java:50)
		at com.sun.faces.facelets.el.TagValueExpression.getValue(TagValueExpression.java:73)
		at jakarta.faces.component.ComponentStateHelper.eval(ComponentStateHelper.java:188)
		at jakarta.faces.component.UIComponentBase.isRendered(UIComponentBase.java:306)
		at com.sun.faces.renderkit.html_basic.GridRenderer.encodeChildren(GridRenderer.java:85)
		at jakarta.faces.component.UIComponentBase.encodeChildren(UIComponentBase.java:554)
		at jakarta.faces.component.UIComponent.encodeAll(UIComponent.java:1545)
		at jakarta.faces.render.Renderer.encodeChildren(Renderer.java:145)
		at jakarta.faces.component.UIComponentBase.encodeChildren(UIComponentBase.java:554)
		at jakarta.faces.component.UIComponent.encodeAll(UIComponent.java:1545)
		at jakarta.faces.component.UIComponent.encodeAll(UIComponent.java:1548)
		at jakarta.faces.component.UIComponent.encodeAll(UIComponent.java:1548)
		at com.sun.faces.application.view.FaceletViewHandlingStrategy.renderView(FaceletViewHandlingStrategy.java:448)
		at com.sun.faces.application.view.MultiViewHandler.renderView(MultiViewHandler.java:161)
		at jakarta.faces.application.ViewHandlerWrapper.renderView(ViewHandlerWrapper.java:125)
		at com.sun.faces.lifecycle.RenderResponsePhase.execute(RenderResponsePhase.java:93)
		at com.sun.faces.lifecycle.Phase.doPhase(Phase.java:72)
		at com.sun.faces.lifecycle.LifecycleImpl.render(LifecycleImpl.java:178)
		at jakarta.faces.webapp.FacesServlet.executeLifecyle(FacesServlet.java:678)
		at jakarta.faces.webapp.FacesServlet.service(FacesServlet.java:435)
		at org.apache.catalina.core.ApplicationFilterChain.internalDoFilter(ApplicationFilterChain.java:223)
		at org.apache.catalina.core.ApplicationFilterChain.doFilter(ApplicationFilterChain.java:158)
		at org.apache.tomcat.websocket.server.WsFilter.doFilter(WsFilter.java:53)
		at org.apache.catalina.core.ApplicationFilterChain.internalDoFilter(ApplicationFilterChain.java:185)
		at org.apache.catalina.core.ApplicationFilterChain.doFilter(ApplicationFilterChain.java:158)
		at org.apache.catalina.core.StandardWrapperValve.invoke(StandardWrapperValve.java:197)
		at org.apache.catalina.core.StandardContextValve.invoke(StandardContextValve.java:97)
		at org.apache.catalina.authenticator.AuthenticatorBase.invoke(AuthenticatorBase.java:542)
		at org.apache.catalina.core.StandardHostValve.invoke(StandardHostValve.java:119)
		at org.apache.catalina.valves.ErrorReportValve.invoke(ErrorReportValve.java:92)
		at org.apache.catalina.valves.AbstractAccessLogValve.invoke(AbstractAccessLogValve.java:690)
		at org.apache.catalina.core.StandardEngineValve.invoke(StandardEngineValve.java:78)
		at org.apache.catalina.connector.CoyoteAdapter.service(CoyoteAdapter.java:356)
		at org.apache.coyote.http11.Http11Processor.service(Http11Processor.java:399)
		at org.apache.coyote.AbstractProcessorLight.process(AbstractProcessorLight.java:65)
		at org.apache.coyote.AbstractProtocol$ConnectionHandler.process(AbstractProtocol.java:870)
		at org.apache.tomcat.util.net.NioEndpoint$SocketProcessor.doRun(NioEndpoint.java:1762)
		at org.apache.tomcat.util.net.SocketProcessorBase.run(SocketProcessorBase.java:49)
		at org.apache.tomcat.util.threads.ThreadPoolExecutor.runWorker(ThreadPoolExecutor.java:1191)
		at org.apache.tomcat.util.threads.ThreadPoolExecutor$Worker.run(ThreadPoolExecutor.java:659)
		at org.apache.tomcat.util.threads.TaskThread$WrappingRunnable.run(TaskThread.java:61)
		at java.base/java.lang.Thread.run(Thread.java:1570)
12-Jan-2025 12:49:57.497 INFORMATION [main] org.apache.catalina.core.ApplicationContext.log SessionListener: contextDestroyed()
12-Jan-2025 12:49:57.497 INFORMATION [main] org.apache.catalina.core.ApplicationContext.log ContextListener: contextDestroyed()
12-Jan-2025 12:50:11.360 INFORMATION [main] org.apache.catalina.core.ApplicationContext.log ContextListener: contextInitialized()
12-Jan-2025 12:50:11.360 INFORMATION [main] org.apache.catalina.core.ApplicationContext.log SessionListener: contextInitialized()
12-Jan-2025 12:50:11.361 INFORMATION [main] org.apache.catalina.core.ApplicationContext.log ContextListener: attributeAdded('StockTicker', 'async.Stockticker@46ff1aad')
12-Jan-2025 13:06:52.347 INFORMATION [main] org.apache.catalina.core.ApplicationContext.log SessionListener: contextDestroyed()
12-Jan-2025 13:06:52.347 INFORMATION [main] org.apache.catalina.core.ApplicationContext.log ContextListener: contextDestroyed()
12-Jan-2025 13:07:03.446 INFORMATION [main] org.apache.catalina.core.ApplicationContext.log ContextListener: contextInitialized()
12-Jan-2025 13:07:03.446 INFORMATION [main] org.apache.catalina.core.ApplicationContext.log SessionListener: contextInitialized()
12-Jan-2025 13:07:03.446 INFORMATION [main] org.apache.catalina.core.ApplicationContext.log ContextListener: attributeAdded('StockTicker', 'async.Stockticker@2c06e145')
12-Jan-2025 13:07:05.981 SCHWERWIEGEND [http-nio-8080-exec-9] org.apache.catalina.core.StandardWrapperValve.invoke Servlet.service() for servlet [FacesServlet] in context with path [] threw exception [Error Parsing /index.xhtml: Error Traced[line: 40] Element oder Attribut "h:0utputLabel" stimmt nicht mit QName-Produktion überein: QName::=(NCName':')?NCName.] with root cause
	jakarta.faces.view.facelets.FaceletException: Error Parsing /index.xhtml: Error Traced[line: 40] Element oder Attribut "h:0utputLabel" stimmt nicht mit QName-Produktion überein: QName::=(NCName':')?NCName.
		at com.sun.faces.facelets.compiler.SAXCompiler.doCompile(SAXCompiler.java:403)
		at com.sun.faces.facelets.compiler.SAXCompiler.doMetadataCompile(SAXCompiler.java:391)
		at com.sun.faces.facelets.compiler.Compiler.metadataCompile(Compiler.java:84)
		at com.sun.faces.facelets.impl.DefaultFaceletFactory.createMetadataFacelet(DefaultFaceletFactory.java:422)
		at com.sun.faces.facelets.impl.DefaultFaceletFactory.lambda$initCache$1(DefaultFaceletFactory.java:153)
		at com.sun.faces.facelets.impl.DefaultFaceletCache.lambda$new$1(DefaultFaceletCache.java:65)
		at com.sun.faces.util.ExpiringConcurrentCache.lambda$get$0(ExpiringConcurrentCache.java:75)
		at java.base/java.util.concurrent.FutureTask.run(FutureTask.java:317)
		at com.sun.faces.util.ExpiringConcurrentCache.get(ExpiringConcurrentCache.java:88)
		at com.sun.faces.facelets.impl.DefaultFaceletCache.getViewMetadataFacelet(DefaultFaceletCache.java:106)
		at com.sun.faces.facelets.impl.DefaultFaceletCache.getViewMetadataFacelet(DefaultFaceletCache.java:36)
		at com.sun.faces.facelets.impl.DefaultFaceletFactory.getMetadataFacelet(DefaultFaceletFactory.java:247)
		at com.sun.faces.facelets.impl.DefaultFaceletFactory.getMetadataFacelet(DefaultFaceletFactory.java:181)
		at com.sun.faces.application.view.ViewMetadataImpl.createMetadataView(ViewMetadataImpl.java:116)
		at com.sun.faces.lifecycle.RestoreViewPhase.execute(RestoreViewPhase.java:188)
		at com.sun.faces.lifecycle.Phase.doPhase(Phase.java:72)
		at com.sun.faces.lifecycle.RestoreViewPhase.doPhase(RestoreViewPhase.java:92)
		at com.sun.faces.lifecycle.LifecycleImpl.execute(LifecycleImpl.java:159)
		at jakarta.faces.webapp.FacesServlet.executeLifecyle(FacesServlet.java:677)
		at jakarta.faces.webapp.FacesServlet.service(FacesServlet.java:435)
		at org.apache.catalina.core.ApplicationFilterChain.internalDoFilter(ApplicationFilterChain.java:223)
		at org.apache.catalina.core.ApplicationFilterChain.doFilter(ApplicationFilterChain.java:158)
		at org.apache.tomcat.websocket.server.WsFilter.doFilter(WsFilter.java:53)
		at org.apache.catalina.core.ApplicationFilterChain.internalDoFilter(ApplicationFilterChain.java:185)
		at org.apache.catalina.core.ApplicationFilterChain.doFilter(ApplicationFilterChain.java:158)
		at org.apache.catalina.core.StandardWrapperValve.invoke(StandardWrapperValve.java:197)
		at org.apache.catalina.core.StandardContextValve.invoke(StandardContextValve.java:97)
		at org.apache.catalina.authenticator.AuthenticatorBase.invoke(AuthenticatorBase.java:542)
		at org.apache.catalina.core.StandardHostValve.invoke(StandardHostValve.java:119)
		at org.apache.catalina.valves.ErrorReportValve.invoke(ErrorReportValve.java:92)
		at org.apache.catalina.valves.AbstractAccessLogValve.invoke(AbstractAccessLogValve.java:690)
		at org.apache.catalina.core.StandardEngineValve.invoke(StandardEngineValve.java:78)
		at org.apache.catalina.connector.CoyoteAdapter.service(CoyoteAdapter.java:356)
		at org.apache.coyote.http11.Http11Processor.service(Http11Processor.java:399)
		at org.apache.coyote.AbstractProcessorLight.process(AbstractProcessorLight.java:65)
		at org.apache.coyote.AbstractProtocol$ConnectionHandler.process(AbstractProtocol.java:870)
		at org.apache.tomcat.util.net.NioEndpoint$SocketProcessor.doRun(NioEndpoint.java:1762)
		at org.apache.tomcat.util.net.SocketProcessorBase.run(SocketProcessorBase.java:49)
		at org.apache.tomcat.util.threads.ThreadPoolExecutor.runWorker(ThreadPoolExecutor.java:1191)
		at org.apache.tomcat.util.threads.ThreadPoolExecutor$Worker.run(ThreadPoolExecutor.java:659)
		at org.apache.tomcat.util.threads.TaskThread$WrappingRunnable.run(TaskThread.java:61)
		at java.base/java.lang.Thread.run(Thread.java:1570)
12-Jan-2025 13:07:42.824 INFORMATION [main] org.apache.catalina.core.ApplicationContext.log SessionListener: contextDestroyed()
12-Jan-2025 13:07:42.824 INFORMATION [main] org.apache.catalina.core.ApplicationContext.log ContextListener: contextDestroyed()
12-Jan-2025 13:07:51.982 INFORMATION [main] org.apache.catalina.core.ApplicationContext.log ContextListener: contextInitialized()
12-Jan-2025 13:07:51.982 INFORMATION [main] org.apache.catalina.core.ApplicationContext.log SessionListener: contextInitialized()
12-Jan-2025 13:07:51.983 INFORMATION [main] org.apache.catalina.core.ApplicationContext.log ContextListener: attributeAdded('StockTicker', 'async.Stockticker@10728fe8')
12-Jan-2025 13:07:54.522 SCHWERWIEGEND [http-nio-8080-exec-1] org.apache.catalina.core.StandardWrapperValve.invoke Servlet.service() for servlet [FacesServlet] in context with path [] threw exception [Error Parsing /index.xhtml: Error Traced[line: 68] Element oder Attribut "h:0utputLabel" stimmt nicht mit QName-Produktion überein: QName::=(NCName':')?NCName.] with root cause
	jakarta.faces.view.facelets.FaceletException: Error Parsing /index.xhtml: Error Traced[line: 68] Element oder Attribut "h:0utputLabel" stimmt nicht mit QName-Produktion überein: QName::=(NCName':')?NCName.
		at com.sun.faces.facelets.compiler.SAXCompiler.doCompile(SAXCompiler.java:403)
		at com.sun.faces.facelets.compiler.SAXCompiler.doMetadataCompile(SAXCompiler.java:391)
		at com.sun.faces.facelets.compiler.Compiler.metadataCompile(Compiler.java:84)
		at com.sun.faces.facelets.impl.DefaultFaceletFactory.createMetadataFacelet(DefaultFaceletFactory.java:422)
		at com.sun.faces.facelets.impl.DefaultFaceletFactory.lambda$initCache$1(DefaultFaceletFactory.java:153)
		at com.sun.faces.facelets.impl.DefaultFaceletCache.lambda$new$1(DefaultFaceletCache.java:65)
		at com.sun.faces.util.ExpiringConcurrentCache.lambda$get$0(ExpiringConcurrentCache.java:75)
		at java.base/java.util.concurrent.FutureTask.run(FutureTask.java:317)
		at com.sun.faces.util.ExpiringConcurrentCache.get(ExpiringConcurrentCache.java:88)
		at com.sun.faces.facelets.impl.DefaultFaceletCache.getViewMetadataFacelet(DefaultFaceletCache.java:106)
		at com.sun.faces.facelets.impl.DefaultFaceletCache.getViewMetadataFacelet(DefaultFaceletCache.java:36)
		at com.sun.faces.facelets.impl.DefaultFaceletFactory.getMetadataFacelet(DefaultFaceletFactory.java:247)
		at com.sun.faces.facelets.impl.DefaultFaceletFactory.getMetadataFacelet(DefaultFaceletFactory.java:181)
		at com.sun.faces.application.view.ViewMetadataImpl.createMetadataView(ViewMetadataImpl.java:116)
		at com.sun.faces.lifecycle.RestoreViewPhase.execute(RestoreViewPhase.java:188)
		at com.sun.faces.lifecycle.Phase.doPhase(Phase.java:72)
		at com.sun.faces.lifecycle.RestoreViewPhase.doPhase(RestoreViewPhase.java:92)
		at com.sun.faces.lifecycle.LifecycleImpl.execute(LifecycleImpl.java:159)
		at jakarta.faces.webapp.FacesServlet.executeLifecyle(FacesServlet.java:677)
		at jakarta.faces.webapp.FacesServlet.service(FacesServlet.java:435)
		at org.apache.catalina.core.ApplicationFilterChain.internalDoFilter(ApplicationFilterChain.java:223)
		at org.apache.catalina.core.ApplicationFilterChain.doFilter(ApplicationFilterChain.java:158)
		at org.apache.tomcat.websocket.server.WsFilter.doFilter(WsFilter.java:53)
		at org.apache.catalina.core.ApplicationFilterChain.internalDoFilter(ApplicationFilterChain.java:185)
		at org.apache.catalina.core.ApplicationFilterChain.doFilter(ApplicationFilterChain.java:158)
		at org.apache.catalina.core.StandardWrapperValve.invoke(StandardWrapperValve.java:197)
		at org.apache.catalina.core.StandardContextValve.invoke(StandardContextValve.java:97)
		at org.apache.catalina.authenticator.AuthenticatorBase.invoke(AuthenticatorBase.java:542)
		at org.apache.catalina.core.StandardHostValve.invoke(StandardHostValve.java:119)
		at org.apache.catalina.valves.ErrorReportValve.invoke(ErrorReportValve.java:92)
		at org.apache.catalina.valves.AbstractAccessLogValve.invoke(AbstractAccessLogValve.java:690)
		at org.apache.catalina.core.StandardEngineValve.invoke(StandardEngineValve.java:78)
		at org.apache.catalina.connector.CoyoteAdapter.service(CoyoteAdapter.java:356)
		at org.apache.coyote.http11.Http11Processor.service(Http11Processor.java:399)
		at org.apache.coyote.AbstractProcessorLight.process(AbstractProcessorLight.java:65)
		at org.apache.coyote.AbstractProtocol$ConnectionHandler.process(AbstractProtocol.java:870)
		at org.apache.tomcat.util.net.NioEndpoint$SocketProcessor.doRun(NioEndpoint.java:1762)
		at org.apache.tomcat.util.net.SocketProcessorBase.run(SocketProcessorBase.java:49)
		at org.apache.tomcat.util.threads.ThreadPoolExecutor.runWorker(ThreadPoolExecutor.java:1191)
		at org.apache.tomcat.util.threads.ThreadPoolExecutor$Worker.run(ThreadPoolExecutor.java:659)
		at org.apache.tomcat.util.threads.TaskThread$WrappingRunnable.run(TaskThread.java:61)
		at java.base/java.lang.Thread.run(Thread.java:1570)
12-Jan-2025 13:08:13.638 INFORMATION [main] org.apache.catalina.core.ApplicationContext.log SessionListener: contextDestroyed()
12-Jan-2025 13:08:13.638 INFORMATION [main] org.apache.catalina.core.ApplicationContext.log ContextListener: contextDestroyed()
12-Jan-2025 13:08:21.909 INFORMATION [main] org.apache.catalina.core.ApplicationContext.log ContextListener: contextInitialized()
12-Jan-2025 13:08:21.909 INFORMATION [main] org.apache.catalina.core.ApplicationContext.log SessionListener: contextInitialized()
12-Jan-2025 13:08:21.910 INFORMATION [main] org.apache.catalina.core.ApplicationContext.log ContextListener: attributeAdded('StockTicker', 'async.Stockticker@6c2fea95')
12-Jan-2025 13:20:33.467 INFORMATION [main] org.apache.catalina.core.ApplicationContext.log SessionListener: contextDestroyed()
12-Jan-2025 13:20:33.467 INFORMATION [main] org.apache.catalina.core.ApplicationContext.log ContextListener: contextDestroyed()
12-Jan-2025 13:20:42.498 INFORMATION [main] org.apache.catalina.core.ApplicationContext.log ContextListener: contextInitialized()
12-Jan-2025 13:20:42.498 INFORMATION [main] org.apache.catalina.core.ApplicationContext.log SessionListener: contextInitialized()
12-Jan-2025 13:20:42.499 INFORMATION [main] org.apache.catalina.core.ApplicationContext.log ContextListener: attributeAdded('StockTicker', 'async.Stockticker@4e3a6c83')
12-Jan-2025 13:34:39.030 INFORMATION [main] org.apache.catalina.core.ApplicationContext.log SessionListener: contextDestroyed()
12-Jan-2025 13:34:39.030 INFORMATION [main] org.apache.catalina.core.ApplicationContext.log ContextListener: contextDestroyed()
12-Jan-2025 13:46:53.539 INFORMATION [main] org.apache.catalina.core.ApplicationContext.log ContextListener: contextInitialized()
12-Jan-2025 13:46:53.539 INFORMATION [main] org.apache.catalina.core.ApplicationContext.log SessionListener: contextInitialized()
12-Jan-2025 13:46:53.539 INFORMATION [main] org.apache.catalina.core.ApplicationContext.log ContextListener: attributeAdded('StockTicker', 'async.Stockticker@472dbaf5')
12-Jan-2025 13:47:10.406 INFORMATION [main] org.apache.catalina.core.ApplicationContext.log SessionListener: contextDestroyed()
12-Jan-2025 13:47:10.406 INFORMATION [main] org.apache.catalina.core.ApplicationContext.log ContextListener: contextDestroyed()
12-Jan-2025 13:51:05.994 INFORMATION [main] org.apache.catalina.core.ApplicationContext.log ContextListener: contextInitialized()
12-Jan-2025 13:51:05.994 INFORMATION [main] org.apache.catalina.core.ApplicationContext.log SessionListener: contextInitialized()
12-Jan-2025 13:51:05.995 INFORMATION [main] org.apache.catalina.core.ApplicationContext.log ContextListener: attributeAdded('StockTicker', 'async.Stockticker@46ff1aad')
12-Jan-2025 13:55:03.715 INFORMATION [main] org.apache.catalina.core.ApplicationContext.log SessionListener: contextDestroyed()
12-Jan-2025 13:55:03.715 INFORMATION [main] org.apache.catalina.core.ApplicationContext.log ContextListener: contextDestroyed()
12-Jan-2025 13:55:15.443 INFORMATION [main] org.apache.catalina.core.ApplicationContext.log ContextListener: contextInitialized()
12-Jan-2025 13:55:15.443 INFORMATION [main] org.apache.catalina.core.ApplicationContext.log SessionListener: contextInitialized()
12-Jan-2025 13:55:15.444 INFORMATION [main] org.apache.catalina.core.ApplicationContext.log ContextListener: attributeAdded('StockTicker', 'async.Stockticker@4860627a')
12-Jan-2025 14:03:50.594 INFORMATION [main] org.apache.catalina.core.ApplicationContext.log SessionListener: contextDestroyed()
12-Jan-2025 14:03:50.594 INFORMATION [main] org.apache.catalina.core.ApplicationContext.log ContextListener: contextDestroyed()
12-Jan-2025 14:04:01.661 INFORMATION [main] org.apache.catalina.core.ApplicationContext.log ContextListener: contextInitialized()
12-Jan-2025 14:04:01.662 INFORMATION [main] org.apache.catalina.core.ApplicationContext.log SessionListener: contextInitialized()
12-Jan-2025 14:04:01.662 INFORMATION [main] org.apache.catalina.core.ApplicationContext.log ContextListener: attributeAdded('StockTicker', 'async.Stockticker@33e6bd36')
12-Jan-2025 14:08:12.093 INFORMATION [main] org.apache.catalina.core.ApplicationContext.log SessionListener: contextDestroyed()
12-Jan-2025 14:08:12.093 INFORMATION [main] org.apache.catalina.core.ApplicationContext.log ContextListener: contextDestroyed()
12-Jan-2025 14:14:43.976 INFORMATION [main] org.apache.catalina.core.ApplicationContext.log ContextListener: contextInitialized()
12-Jan-2025 14:14:43.976 INFORMATION [main] org.apache.catalina.core.ApplicationContext.log SessionListener: contextInitialized()
12-Jan-2025 14:14:43.977 INFORMATION [main] org.apache.catalina.core.ApplicationContext.log ContextListener: attributeAdded('StockTicker', 'async.Stockticker@726a5e6a')
12-Jan-2025 14:15:33.151 INFORMATION [main] org.apache.catalina.core.ApplicationContext.log SessionListener: contextDestroyed()
12-Jan-2025 14:15:33.151 INFORMATION [main] org.apache.catalina.core.ApplicationContext.log ContextListener: contextDestroyed()
12-Jan-2025 14:24:48.083 INFORMATION [main] org.apache.catalina.core.ApplicationContext.log ContextListener: contextInitialized()
12-Jan-2025 14:24:48.083 INFORMATION [main] org.apache.catalina.core.ApplicationContext.log SessionListener: contextInitialized()
12-Jan-2025 14:24:48.083 INFORMATION [main] org.apache.catalina.core.ApplicationContext.log ContextListener: attributeAdded('StockTicker', 'async.Stockticker@4e3a6c83')
12-Jan-2025 14:25:16.455 INFORMATION [main] org.apache.catalina.core.ApplicationContext.log SessionListener: contextDestroyed()
12-Jan-2025 14:25:16.455 INFORMATION [main] org.apache.catalina.core.ApplicationContext.log ContextListener: contextDestroyed()
12-Jan-2025 14:27:21.682 INFORMATION [main] org.apache.catalina.core.ApplicationContext.log ContextListener: contextInitialized()
12-Jan-2025 14:27:21.682 INFORMATION [main] org.apache.catalina.core.ApplicationContext.log SessionListener: contextInitialized()
12-Jan-2025 14:27:21.683 INFORMATION [main] org.apache.catalina.core.ApplicationContext.log ContextListener: attributeAdded('StockTicker', 'async.Stockticker@46ff1aad')
12-Jan-2025 14:34:10.015 INFORMATION [main] org.apache.catalina.core.ApplicationContext.log SessionListener: contextDestroyed()
12-Jan-2025 14:34:10.015 INFORMATION [main] org.apache.catalina.core.ApplicationContext.log ContextListener: contextDestroyed()
12-Jan-2025 14:34:19.242 INFORMATION [main] org.apache.catalina.core.ApplicationContext.log ContextListener: contextInitialized()
12-Jan-2025 14:34:19.243 INFORMATION [main] org.apache.catalina.core.ApplicationContext.log SessionListener: contextInitialized()
12-Jan-2025 14:34:19.244 INFORMATION [main] org.apache.catalina.core.ApplicationContext.log ContextListener: attributeAdded('StockTicker', 'async.Stockticker@c157abf')
12-Jan-2025 16:39:06.554 INFORMATION [main] org.apache.catalina.core.ApplicationContext.log SessionListener: contextDestroyed()
12-Jan-2025 16:39:06.554 INFORMATION [main] org.apache.catalina.core.ApplicationContext.log ContextListener: contextDestroyed()
12-Jan-2025 16:39:16.613 INFORMATION [main] org.apache.catalina.core.ApplicationContext.log ContextListener: contextInitialized()
12-Jan-2025 16:39:16.613 INFORMATION [main] org.apache.catalina.core.ApplicationContext.log SessionListener: contextInitialized()
12-Jan-2025 16:39:16.614 INFORMATION [main] org.apache.catalina.core.ApplicationContext.log ContextListener: attributeAdded('StockTicker', 'async.Stockticker@6219006a')
12-Jan-2025 16:42:43.215 INFORMATION [main] org.apache.catalina.core.ApplicationContext.log SessionListener: contextDestroyed()
12-Jan-2025 16:42:43.215 INFORMATION [main] org.apache.catalina.core.ApplicationContext.log ContextListener: contextDestroyed()
12-Jan-2025 16:43:20.869 INFORMATION [main] org.apache.catalina.core.ApplicationContext.log ContextListener: contextInitialized()
12-Jan-2025 16:43:20.869 INFORMATION [main] org.apache.catalina.core.ApplicationContext.log SessionListener: contextInitialized()
12-Jan-2025 16:43:20.870 INFORMATION [main] org.apache.catalina.core.ApplicationContext.log ContextListener: attributeAdded('StockTicker', 'async.Stockticker@27bf574b')
12-Jan-2025 16:53:10.320 INFORMATION [main] org.apache.catalina.core.ApplicationContext.log SessionListener: contextDestroyed()
12-Jan-2025 16:53:10.320 INFORMATION [main] org.apache.catalina.core.ApplicationContext.log ContextListener: contextDestroyed()
12-Jan-2025 17:13:27.931 INFORMATION [main] org.apache.catalina.core.ApplicationContext.log ContextListener: contextInitialized()
12-Jan-2025 17:13:27.931 INFORMATION [main] org.apache.catalina.core.ApplicationContext.log SessionListener: contextInitialized()
12-Jan-2025 17:13:27.932 INFORMATION [main] org.apache.catalina.core.ApplicationContext.log ContextListener: attributeAdded('StockTicker', 'async.Stockticker@619854a3')
12-Jan-2025 17:35:56.570 SCHWERWIEGEND [http-nio-8080-exec-18] org.apache.catalina.core.StandardWrapperValve.invoke Servlet.service() for servlet [FacesServlet] in context with path [] threw exception [/registrierung.xhtml @21,103 <h:input> Tag Library supports namespace: http://xmlns.jcp.org/jsf/html, but no tag was defined for name: input] with root cause
	jakarta.faces.view.facelets.TagException: /registrierung.xhtml @21,103 <h:input> Tag Library supports namespace: http://xmlns.jcp.org/jsf/html, but no tag was defined for name: input
		at com.sun.faces.facelets.compiler.CompilationManager.pushTag(CompilationManager.java:273)
		at com.sun.faces.facelets.compiler.SAXCompiler$CompilationHandler.startElement(SAXCompiler.java:232)
		at java.xml/com.sun.org.apache.xerces.internal.parsers.AbstractSAXParser.startElement(AbstractSAXParser.java:519)
		at java.xml/com.sun.org.apache.xerces.internal.parsers.AbstractXMLDocumentParser.emptyElement(AbstractXMLDocumentParser.java:183)
		at java.xml/com.sun.org.apache.xerces.internal.impl.XMLNSDocumentScannerImpl.scanStartElement(XMLNSDocumentScannerImpl.java:352)
		at java.xml/com.sun.org.apache.xerces.internal.impl.XMLDocumentFragmentScannerImpl$FragmentContentDriver.next(XMLDocumentFragmentScannerImpl.java:2735)
		at java.xml/com.sun.org.apache.xerces.internal.impl.XMLDocumentScannerImpl.next(XMLDocumentScannerImpl.java:635)
		at java.xml/com.sun.org.apache.xerces.internal.impl.XMLNSDocumentScannerImpl.next(XMLNSDocumentScannerImpl.java:113)
		at java.xml/com.sun.org.apache.xerces.internal.impl.XMLDocumentFragmentScannerImpl.scanDocument(XMLDocumentFragmentScannerImpl.java:551)
		at java.xml/com.sun.org.apache.xerces.internal.parsers.XML11Configuration.parse(XML11Configuration.java:890)
		at java.xml/com.sun.org.apache.xerces.internal.parsers.XML11Configuration.parse(XML11Configuration.java:826)
		at java.xml/com.sun.org.apache.xerces.internal.parsers.XMLParser.parse(XMLParser.java:134)
		at java.xml/com.sun.org.apache.xerces.internal.parsers.AbstractSAXParser.parse(AbstractSAXParser.java:1225)
		at java.xml/com.sun.org.apache.xerces.internal.jaxp.SAXParserImpl$JAXPSAXParser.parse(SAXParserImpl.java:643)
		at java.xml/com.sun.org.apache.xerces.internal.jaxp.SAXParserImpl.parse(SAXParserImpl.java:326)
		at java.xml/javax.xml.parsers.SAXParser.parse(SAXParser.java:197)
		at com.sun.faces.facelets.compiler.SAXCompiler.doCompile(SAXCompiler.java:401)
		at com.sun.faces.facelets.compiler.SAXCompiler.doCompile(SAXCompiler.java:382)
		at com.sun.faces.facelets.compiler.Compiler.compile(Compiler.java:79)
		at com.sun.faces.facelets.impl.DefaultFaceletFactory.createFacelet(DefaultFaceletFactory.java:407)
		at com.sun.faces.facelets.impl.DefaultFaceletFactory.lambda$initCache$0(DefaultFaceletFactory.java:152)
		at com.sun.faces.facelets.impl.DefaultFaceletCache.lambda$new$0(DefaultFaceletCache.java:58)
		at com.sun.faces.util.ExpiringConcurrentCache.lambda$get$0(ExpiringConcurrentCache.java:75)
		at java.base/java.util.concurrent.FutureTask.run(FutureTask.java:317)
		at com.sun.faces.util.ExpiringConcurrentCache.get(ExpiringConcurrentCache.java:88)
		at com.sun.faces.facelets.impl.DefaultFaceletCache.getFacelet(DefaultFaceletCache.java:85)
		at com.sun.faces.facelets.impl.DefaultFaceletCache.getFacelet(DefaultFaceletCache.java:36)
		at com.sun.faces.facelets.impl.DefaultFaceletFactory.getFacelet(DefaultFaceletFactory.java:226)
		at com.sun.faces.facelets.impl.DefaultFaceletFactory.getFacelet(DefaultFaceletFactory.java:175)
		at com.sun.faces.application.view.FaceletViewHandlingStrategy.buildView(FaceletViewHandlingStrategy.java:322)
		at com.sun.faces.lifecycle.RenderResponsePhase.execute(RenderResponsePhase.java:70)
		at com.sun.faces.lifecycle.Phase.doPhase(Phase.java:72)
		at com.sun.faces.lifecycle.LifecycleImpl.render(LifecycleImpl.java:178)
		at jakarta.faces.webapp.FacesServlet.executeLifecyle(FacesServlet.java:678)
		at jakarta.faces.webapp.FacesServlet.service(FacesServlet.java:435)
		at org.apache.catalina.core.ApplicationFilterChain.internalDoFilter(ApplicationFilterChain.java:223)
		at org.apache.catalina.core.ApplicationFilterChain.doFilter(ApplicationFilterChain.java:158)
		at org.apache.tomcat.websocket.server.WsFilter.doFilter(WsFilter.java:53)
		at org.apache.catalina.core.ApplicationFilterChain.internalDoFilter(ApplicationFilterChain.java:185)
		at org.apache.catalina.core.ApplicationFilterChain.doFilter(ApplicationFilterChain.java:158)
		at org.apache.catalina.core.StandardWrapperValve.invoke(StandardWrapperValve.java:197)
		at org.apache.catalina.core.StandardContextValve.invoke(StandardContextValve.java:97)
		at org.apache.catalina.authenticator.AuthenticatorBase.invoke(AuthenticatorBase.java:542)
		at org.apache.catalina.core.StandardHostValve.invoke(StandardHostValve.java:119)
		at org.apache.catalina.valves.ErrorReportValve.invoke(ErrorReportValve.java:92)
		at org.apache.catalina.valves.AbstractAccessLogValve.invoke(AbstractAccessLogValve.java:690)
		at org.apache.catalina.core.StandardEngineValve.invoke(StandardEngineValve.java:78)
		at org.apache.catalina.connector.CoyoteAdapter.service(CoyoteAdapter.java:356)
		at org.apache.coyote.http11.Http11Processor.service(Http11Processor.java:399)
		at org.apache.coyote.AbstractProcessorLight.process(AbstractProcessorLight.java:65)
		at org.apache.coyote.AbstractProtocol$ConnectionHandler.process(AbstractProtocol.java:870)
		at org.apache.tomcat.util.net.NioEndpoint$SocketProcessor.doRun(NioEndpoint.java:1762)
		at org.apache.tomcat.util.net.SocketProcessorBase.run(SocketProcessorBase.java:49)
		at org.apache.tomcat.util.threads.ThreadPoolExecutor.runWorker(ThreadPoolExecutor.java:1191)
		at org.apache.tomcat.util.threads.ThreadPoolExecutor$Worker.run(ThreadPoolExecutor.java:659)
		at org.apache.tomcat.util.threads.TaskThread$WrappingRunnable.run(TaskThread.java:61)
		at java.base/java.lang.Thread.run(Thread.java:1570)
12-Jan-2025 17:39:08.120 INFORMATION [main] org.apache.catalina.core.ApplicationContext.log SessionListener: contextDestroyed()
12-Jan-2025 17:39:08.120 INFORMATION [main] org.apache.catalina.core.ApplicationContext.log ContextListener: contextDestroyed()
12-Jan-2025 17:39:17.113 INFORMATION [main] org.apache.catalina.core.ApplicationContext.log ContextListener: contextInitialized()
12-Jan-2025 17:39:17.113 INFORMATION [main] org.apache.catalina.core.ApplicationContext.log SessionListener: contextInitialized()
12-Jan-2025 17:39:17.114 INFORMATION [main] org.apache.catalina.core.ApplicationContext.log ContextListener: attributeAdded('StockTicker', 'async.Stockticker@1e836aed')
12-Jan-2025 17:43:09.826 INFORMATION [main] org.apache.catalina.core.ApplicationContext.log SessionListener: contextDestroyed()
12-Jan-2025 17:43:09.826 INFORMATION [main] org.apache.catalina.core.ApplicationContext.log ContextListener: contextDestroyed()
12-Jan-2025 17:43:19.066 INFORMATION [main] org.apache.catalina.core.ApplicationContext.log ContextListener: contextInitialized()
12-Jan-2025 17:43:19.066 INFORMATION [main] org.apache.catalina.core.ApplicationContext.log SessionListener: contextInitialized()
12-Jan-2025 17:43:19.067 INFORMATION [main] org.apache.catalina.core.ApplicationContext.log ContextListener: attributeAdded('StockTicker', 'async.Stockticker@726a5e6a')
12-Jan-2025 17:50:45.007 INFORMATION [main] org.apache.catalina.core.ApplicationContext.log SessionListener: contextDestroyed()
12-Jan-2025 17:50:45.007 INFORMATION [main] org.apache.catalina.core.ApplicationContext.log ContextListener: contextDestroyed()
12-Jan-2025 17:50:56.621 INFORMATION [main] org.apache.catalina.core.ApplicationContext.log ContextListener: contextInitialized()
12-Jan-2025 17:50:56.621 INFORMATION [main] org.apache.catalina.core.ApplicationContext.log SessionListener: contextInitialized()
12-Jan-2025 17:50:56.622 INFORMATION [main] org.apache.catalina.core.ApplicationContext.log ContextListener: attributeAdded('StockTicker', 'async.Stockticker@4cbb11e4')
12-Jan-2025 19:26:30.571 INFORMATION [main] org.apache.catalina.core.ApplicationContext.log SessionListener: contextDestroyed()
12-Jan-2025 19:26:30.571 INFORMATION [main] org.apache.catalina.core.ApplicationContext.log ContextListener: contextDestroyed()
