11-Jan-2025 15:00:27.832 INFORMATION [http-nio-8080-exec-5] org.apache.catalina.core.ApplicationContext.log Manager: init: Associated with Deployer 'Catalina:type=Deployer,host=localhost'
11-Jan-2025 15:00:27.832 INFORMATION [http-nio-8080-exec-5] org.apache.catalina.core.ApplicationContext.log Manager: init: Global resources are available
11-Jan-2025 15:00:27.864 INFORMATION [http-nio-8080-exec-9] org.apache.catalina.core.ApplicationContext.log Manager: list: Listing contexts for virtual host 'localhost'
11-Jan-2025 15:00:27.866 INFORMATION [http-nio-8080-exec-1] org.apache.catalina.core.ApplicationContext.log Manager: list: Listing contexts for virtual host 'localhost'
11-Jan-2025 15:00:27.871 INFORMATION [http-nio-8080-exec-10] org.apache.catalina.core.ApplicationContext.log Manager: undeploy: Undeploying web application at '/'
11-Jan-2025 15:00:28.406 INFORMATION [http-nio-8080-exec-9] org.apache.catalina.core.ApplicationContext.log Manager: install: Installing context configuration at 'file:/C:/Users/EDUARD~1/AppData/Local/Temp/context6694263943678955373.xml'
11-Jan-2025 15:00:30.077 INFORMATION [http-nio-8080-exec-3] org.apache.catalina.core.ApplicationContext.log Manager: start: Starting web application '/'
11-Jan-2025 15:01:37.542 INFORMATION [http-nio-8080-exec-2] org.apache.catalina.core.ApplicationContext.log Manager: init: Associated with Deployer 'Catalina:type=Deployer,host=localhost'
11-Jan-2025 15:01:37.542 INFORMATION [http-nio-8080-exec-2] org.apache.catalina.core.ApplicationContext.log Manager: init: Global resources are available
11-Jan-2025 15:01:37.550 INFORMATION [http-nio-8080-exec-2] org.apache.catalina.core.ApplicationContext.log Manager: list: Listing contexts for virtual host 'localhost'
11-Jan-2025 15:01:37.553 INFORMATION [http-nio-8080-exec-5] org.apache.catalina.core.ApplicationContext.log Manager: list: Listing contexts for virtual host 'localhost'
11-Jan-2025 15:01:37.556 INFORMATION [http-nio-8080-exec-6] org.apache.catalina.core.ApplicationContext.log Manager: undeploy: Undeploying web application at '/'
11-Jan-2025 15:01:38.078 INFORMATION [http-nio-8080-exec-4] org.apache.catalina.core.ApplicationContext.log Manager: install: Installing context configuration at 'file:/C:/Users/EDUARD~1/AppData/Local/Temp/context17234363155869432127.xml'
11-Jan-2025 15:01:39.516 INFORMATION [http-nio-8080-exec-7] org.apache.catalina.core.ApplicationContext.log Manager: start: Starting web application '/'
11-Jan-2025 15:06:07.671 INFORMATION [http-nio-8080-exec-2] org.apache.catalina.core.ApplicationContext.log Manager: init: Associated with Deployer 'Catalina:type=Deployer,host=localhost'
11-Jan-2025 15:06:07.671 INFORMATION [http-nio-8080-exec-2] org.apache.catalina.core.ApplicationContext.log Manager: init: Global resources are available
11-Jan-2025 15:06:07.680 INFORMATION [http-nio-8080-exec-3] org.apache.catalina.core.ApplicationContext.log Manager: list: Listing contexts for virtual host 'localhost'
11-Jan-2025 15:06:07.682 INFORMATION [http-nio-8080-exec-5] org.apache.catalina.core.ApplicationContext.log Manager: list: Listing contexts for virtual host 'localhost'
11-Jan-2025 15:06:07.686 INFORMATION [http-nio-8080-exec-7] org.apache.catalina.core.ApplicationContext.log Manager: undeploy: Undeploying web application at '/'
11-Jan-2025 15:06:08.211 INFORMATION [http-nio-8080-exec-4] org.apache.catalina.core.ApplicationContext.log Manager: install: Installing context configuration at 'file:/C:/Users/EDUARD~1/AppData/Local/Temp/context353111707864969493.xml'
11-Jan-2025 15:06:09.687 INFORMATION [http-nio-8080-exec-3] org.apache.catalina.core.ApplicationContext.log Manager: start: Starting web application '/'
11-Jan-2025 15:08:53.139 INFORMATION [http-nio-8080-exec-2] org.apache.catalina.core.ApplicationContext.log Manager: init: Associated with Deployer 'Catalina:type=Deployer,host=localhost'
11-Jan-2025 15:08:53.139 INFORMATION [http-nio-8080-exec-2] org.apache.catalina.core.ApplicationContext.log Manager: init: Global resources are available
11-Jan-2025 15:08:53.147 INFORMATION [http-nio-8080-exec-2] org.apache.catalina.core.ApplicationContext.log Manager: list: Listing contexts for virtual host 'localhost'
11-Jan-2025 15:08:53.149 INFORMATION [http-nio-8080-exec-6] org.apache.catalina.core.ApplicationContext.log Manager: list: Listing contexts for virtual host 'localhost'
11-Jan-2025 15:08:53.152 INFORMATION [http-nio-8080-exec-5] org.apache.catalina.core.ApplicationContext.log Manager: undeploy: Undeploying web application at '/'
11-Jan-2025 15:08:53.671 INFORMATION [http-nio-8080-exec-6] org.apache.catalina.core.ApplicationContext.log Manager: install: Installing context configuration at 'file:/C:/Users/EDUARD~1/AppData/Local/Temp/context373915956879927256.xml'
11-Jan-2025 15:08:55.121 INFORMATION [http-nio-8080-exec-3] org.apache.catalina.core.ApplicationContext.log Manager: start: Starting web application '/'
11-Jan-2025 15:12:01.177 INFORMATION [http-nio-8080-exec-2] org.apache.catalina.core.ApplicationContext.log Manager: init: Associated with Deployer 'Catalina:type=Deployer,host=localhost'
11-Jan-2025 15:12:01.177 INFORMATION [http-nio-8080-exec-2] org.apache.catalina.core.ApplicationContext.log Manager: init: Global resources are available
11-Jan-2025 15:12:01.184 INFORMATION [http-nio-8080-exec-1] org.apache.catalina.core.ApplicationContext.log Manager: list: Listing contexts for virtual host 'localhost'
11-Jan-2025 15:12:01.187 INFORMATION [http-nio-8080-exec-5] org.apache.catalina.core.ApplicationContext.log Manager: list: Listing contexts for virtual host 'localhost'
11-Jan-2025 15:12:01.190 INFORMATION [http-nio-8080-exec-6] org.apache.catalina.core.ApplicationContext.log Manager: undeploy: Undeploying web application at '/'
11-Jan-2025 15:12:01.721 INFORMATION [http-nio-8080-exec-2] org.apache.catalina.core.ApplicationContext.log Manager: install: Installing context configuration at 'file:/C:/Users/EDUARD~1/AppData/Local/Temp/context16830884415974768133.xml'
11-Jan-2025 15:12:03.175 INFORMATION [http-nio-8080-exec-1] org.apache.catalina.core.ApplicationContext.log Manager: start: Starting web application '/'
11-Jan-2025 15:25:46.408 INFORMATION [http-nio-8080-exec-2] org.apache.catalina.core.ApplicationContext.log Manager: init: Associated with Deployer 'Catalina:type=Deployer,host=localhost'
11-Jan-2025 15:25:46.408 INFORMATION [http-nio-8080-exec-2] org.apache.catalina.core.ApplicationContext.log Manager: init: Global resources are available
11-Jan-2025 15:25:46.415 INFORMATION [http-nio-8080-exec-2] org.apache.catalina.core.ApplicationContext.log Manager: list: Listing contexts for virtual host 'localhost'
11-Jan-2025 15:25:46.417 INFORMATION [http-nio-8080-exec-5] org.apache.catalina.core.ApplicationContext.log Manager: list: Listing contexts for virtual host 'localhost'
11-Jan-2025 15:25:46.420 INFORMATION [http-nio-8080-exec-6] org.apache.catalina.core.ApplicationContext.log Manager: undeploy: Undeploying web application at '/'
11-Jan-2025 15:25:46.945 INFORMATION [http-nio-8080-exec-7] org.apache.catalina.core.ApplicationContext.log Manager: install: Installing context configuration at 'file:/C:/Users/EDUARD~1/AppData/Local/Temp/context13061863046017287993.xml'
11-Jan-2025 15:25:48.381 INFORMATION [http-nio-8080-exec-3] org.apache.catalina.core.ApplicationContext.log Manager: start: Starting web application '/'
11-Jan-2025 15:54:18.214 INFORMATION [http-nio-8080-exec-2] org.apache.catalina.core.ApplicationContext.log Manager: init: Associated with Deployer 'Catalina:type=Deployer,host=localhost'
11-Jan-2025 15:54:18.214 INFORMATION [http-nio-8080-exec-2] org.apache.catalina.core.ApplicationContext.log Manager: init: Global resources are available
11-Jan-2025 15:54:18.223 INFORMATION [http-nio-8080-exec-2] org.apache.catalina.core.ApplicationContext.log Manager: list: Listing contexts for virtual host 'localhost'
11-Jan-2025 15:54:18.225 INFORMATION [http-nio-8080-exec-5] org.apache.catalina.core.ApplicationContext.log Manager: list: Listing contexts for virtual host 'localhost'
11-Jan-2025 15:54:18.227 INFORMATION [http-nio-8080-exec-6] org.apache.catalina.core.ApplicationContext.log Manager: undeploy: Undeploying web application at '/'
11-Jan-2025 15:54:18.752 INFORMATION [http-nio-8080-exec-8] org.apache.catalina.core.ApplicationContext.log Manager: install: Installing context configuration at 'file:/C:/Users/EDUARD~1/AppData/Local/Temp/context5764399166281818283.xml'
11-Jan-2025 15:54:20.230 INFORMATION [http-nio-8080-exec-10] org.apache.catalina.core.ApplicationContext.log Manager: start: Starting web application '/'
11-Jan-2025 15:56:31.138 INFORMATION [http-nio-8080-exec-2] org.apache.catalina.core.ApplicationContext.log Manager: init: Associated with Deployer 'Catalina:type=Deployer,host=localhost'
11-Jan-2025 15:56:31.138 INFORMATION [http-nio-8080-exec-2] org.apache.catalina.core.ApplicationContext.log Manager: init: Global resources are available
11-Jan-2025 15:56:31.146 INFORMATION [http-nio-8080-exec-2] org.apache.catalina.core.ApplicationContext.log Manager: list: Listing contexts for virtual host 'localhost'
11-Jan-2025 15:56:31.148 INFORMATION [http-nio-8080-exec-5] org.apache.catalina.core.ApplicationContext.log Manager: list: Listing contexts for virtual host 'localhost'
11-Jan-2025 15:56:31.151 INFORMATION [http-nio-8080-exec-9] org.apache.catalina.core.ApplicationContext.log Manager: undeploy: Undeploying web application at '/'
11-Jan-2025 15:56:31.684 INFORMATION [http-nio-8080-exec-2] org.apache.catalina.core.ApplicationContext.log Manager: install: Installing context configuration at 'file:/C:/Users/EDUARD~1/AppData/Local/Temp/context1372176289500477752.xml'
11-Jan-2025 15:56:33.117 INFORMATION [http-nio-8080-exec-5] org.apache.catalina.core.ApplicationContext.log Manager: start: Starting web application '/'
11-Jan-2025 16:01:15.038 INFORMATION [http-nio-8080-exec-2] org.apache.catalina.core.ApplicationContext.log Manager: init: Associated with Deployer 'Catalina:type=Deployer,host=localhost'
11-Jan-2025 16:01:15.038 INFORMATION [http-nio-8080-exec-2] org.apache.catalina.core.ApplicationContext.log Manager: init: Global resources are available
11-Jan-2025 16:01:15.045 INFORMATION [http-nio-8080-exec-3] org.apache.catalina.core.ApplicationContext.log Manager: list: Listing contexts for virtual host 'localhost'
11-Jan-2025 16:01:15.047 INFORMATION [http-nio-8080-exec-6] org.apache.catalina.core.ApplicationContext.log Manager: list: Listing contexts for virtual host 'localhost'
11-Jan-2025 16:01:15.050 INFORMATION [http-nio-8080-exec-7] org.apache.catalina.core.ApplicationContext.log Manager: undeploy: Undeploying web application at '/'
11-Jan-2025 16:01:15.575 INFORMATION [http-nio-8080-exec-10] org.apache.catalina.core.ApplicationContext.log Manager: install: Installing context configuration at 'file:/C:/Users/EDUARD~1/AppData/Local/Temp/context15979949617985601616.xml'
11-Jan-2025 16:01:17.061 INFORMATION [http-nio-8080-exec-1] org.apache.catalina.core.ApplicationContext.log Manager: start: Starting web application '/'
11-Jan-2025 16:08:48.055 INFORMATION [http-nio-8080-exec-2] org.apache.catalina.core.ApplicationContext.log Manager: init: Associated with Deployer 'Catalina:type=Deployer,host=localhost'
11-Jan-2025 16:08:48.055 INFORMATION [http-nio-8080-exec-2] org.apache.catalina.core.ApplicationContext.log Manager: init: Global resources are available
11-Jan-2025 16:08:48.062 INFORMATION [http-nio-8080-exec-2] org.apache.catalina.core.ApplicationContext.log Manager: list: Listing contexts for virtual host 'localhost'
11-Jan-2025 16:08:48.064 INFORMATION [http-nio-8080-exec-5] org.apache.catalina.core.ApplicationContext.log Manager: list: Listing contexts for virtual host 'localhost'
11-Jan-2025 16:08:48.067 INFORMATION [http-nio-8080-exec-6] org.apache.catalina.core.ApplicationContext.log Manager: undeploy: Undeploying web application at '/'
11-Jan-2025 16:08:48.589 INFORMATION [http-nio-8080-exec-10] org.apache.catalina.core.ApplicationContext.log Manager: install: Installing context configuration at 'file:/C:/Users/EDUARD~1/AppData/Local/Temp/context16699799010230110471.xml'
11-Jan-2025 16:08:50.057 INFORMATION [http-nio-8080-exec-9] org.apache.catalina.core.ApplicationContext.log Manager: start: Starting web application '/'
11-Jan-2025 16:15:29.894 INFORMATION [http-nio-8080-exec-2] org.apache.catalina.core.ApplicationContext.log Manager: init: Associated with Deployer 'Catalina:type=Deployer,host=localhost'
11-Jan-2025 16:15:29.895 INFORMATION [http-nio-8080-exec-2] org.apache.catalina.core.ApplicationContext.log Manager: init: Global resources are available
11-Jan-2025 16:15:29.902 INFORMATION [http-nio-8080-exec-2] org.apache.catalina.core.ApplicationContext.log Manager: list: Listing contexts for virtual host 'localhost'
11-Jan-2025 16:15:29.904 INFORMATION [http-nio-8080-exec-6] org.apache.catalina.core.ApplicationContext.log Manager: list: Listing contexts for virtual host 'localhost'
11-Jan-2025 16:15:29.907 INFORMATION [http-nio-8080-exec-5] org.apache.catalina.core.ApplicationContext.log Manager: undeploy: Undeploying web application at '/'
11-Jan-2025 16:15:30.427 INFORMATION [http-nio-8080-exec-4] org.apache.catalina.core.ApplicationContext.log Manager: install: Installing context configuration at 'file:/C:/Users/EDUARD~1/AppData/Local/Temp/context14346083991308786733.xml'
11-Jan-2025 16:15:31.843 INFORMATION [http-nio-8080-exec-8] org.apache.catalina.core.ApplicationContext.log Manager: start: Starting web application '/'
11-Jan-2025 17:16:21.688 INFORMATION [http-nio-8080-exec-1] org.apache.catalina.core.ApplicationContext.log Manager: init: Associated with Deployer 'Catalina:type=Deployer,host=localhost'
11-Jan-2025 17:16:21.688 INFORMATION [http-nio-8080-exec-1] org.apache.catalina.core.ApplicationContext.log Manager: init: Global resources are available
11-Jan-2025 17:16:21.696 INFORMATION [http-nio-8080-exec-1] org.apache.catalina.core.ApplicationContext.log Manager: list: Listing contexts for virtual host 'localhost'
11-Jan-2025 17:16:21.698 INFORMATION [http-nio-8080-exec-5] org.apache.catalina.core.ApplicationContext.log Manager: list: Listing contexts for virtual host 'localhost'
11-Jan-2025 17:16:21.701 INFORMATION [http-nio-8080-exec-6] org.apache.catalina.core.ApplicationContext.log Manager: undeploy: Undeploying web application at '/'
11-Jan-2025 17:16:22.229 INFORMATION [http-nio-8080-exec-5] org.apache.catalina.core.ApplicationContext.log Manager: install: Installing context configuration at 'file:/C:/Users/EDUARD~1/AppData/Local/Temp/context17730217033175375717.xml'
11-Jan-2025 17:16:23.704 INFORMATION [http-nio-8080-exec-8] org.apache.catalina.core.ApplicationContext.log Manager: start: Starting web application '/'
11-Jan-2025 17:18:00.132 INFORMATION [http-nio-8080-exec-2] org.apache.catalina.core.ApplicationContext.log Manager: init: Associated with Deployer 'Catalina:type=Deployer,host=localhost'
11-Jan-2025 17:18:00.132 INFORMATION [http-nio-8080-exec-2] org.apache.catalina.core.ApplicationContext.log Manager: init: Global resources are available
11-Jan-2025 17:18:00.140 INFORMATION [http-nio-8080-exec-2] org.apache.catalina.core.ApplicationContext.log Manager: list: Listing contexts for virtual host 'localhost'
11-Jan-2025 17:18:00.141 INFORMATION [http-nio-8080-exec-5] org.apache.catalina.core.ApplicationContext.log Manager: list: Listing contexts for virtual host 'localhost'
11-Jan-2025 17:18:00.144 INFORMATION [http-nio-8080-exec-6] org.apache.catalina.core.ApplicationContext.log Manager: undeploy: Undeploying web application at '/'
11-Jan-2025 17:18:00.671 INFORMATION [http-nio-8080-exec-9] org.apache.catalina.core.ApplicationContext.log Manager: install: Installing context configuration at 'file:/C:/Users/EDUARD~1/AppData/Local/Temp/context15908107079240071846.xml'
11-Jan-2025 17:18:02.102 INFORMATION [http-nio-8080-exec-4] org.apache.catalina.core.ApplicationContext.log Manager: start: Starting web application '/'
11-Jan-2025 17:20:03.884 INFORMATION [http-nio-8080-exec-2] org.apache.catalina.core.ApplicationContext.log Manager: init: Associated with Deployer 'Catalina:type=Deployer,host=localhost'
11-Jan-2025 17:20:03.884 INFORMATION [http-nio-8080-exec-2] org.apache.catalina.core.ApplicationContext.log Manager: init: Global resources are available
11-Jan-2025 17:20:03.891 INFORMATION [http-nio-8080-exec-1] org.apache.catalina.core.ApplicationContext.log Manager: list: Listing contexts for virtual host 'localhost'
11-Jan-2025 17:20:03.893 INFORMATION [http-nio-8080-exec-4] org.apache.catalina.core.ApplicationContext.log Manager: list: Listing contexts for virtual host 'localhost'
11-Jan-2025 17:20:03.896 INFORMATION [http-nio-8080-exec-5] org.apache.catalina.core.ApplicationContext.log Manager: undeploy: Undeploying web application at '/'
11-Jan-2025 17:20:04.422 INFORMATION [http-nio-8080-exec-6] org.apache.catalina.core.ApplicationContext.log Manager: install: Installing context configuration at 'file:/C:/Users/EDUARD~1/AppData/Local/Temp/context7147828863686556730.xml'
11-Jan-2025 17:20:05.839 INFORMATION [http-nio-8080-exec-9] org.apache.catalina.core.ApplicationContext.log Manager: start: Starting web application '/'
11-Jan-2025 17:27:54.216 INFORMATION [http-nio-8080-exec-2] org.apache.catalina.core.ApplicationContext.log Manager: init: Associated with Deployer 'Catalina:type=Deployer,host=localhost'
11-Jan-2025 17:27:54.216 INFORMATION [http-nio-8080-exec-2] org.apache.catalina.core.ApplicationContext.log Manager: init: Global resources are available
11-Jan-2025 17:27:54.224 INFORMATION [http-nio-8080-exec-2] org.apache.catalina.core.ApplicationContext.log Manager: list: Listing contexts for virtual host 'localhost'
11-Jan-2025 17:27:54.226 INFORMATION [http-nio-8080-exec-4] org.apache.catalina.core.ApplicationContext.log Manager: list: Listing contexts for virtual host 'localhost'
11-Jan-2025 17:27:54.229 INFORMATION [http-nio-8080-exec-5] org.apache.catalina.core.ApplicationContext.log Manager: undeploy: Undeploying web application at '/'
11-Jan-2025 17:27:54.759 INFORMATION [http-nio-8080-exec-7] org.apache.catalina.core.ApplicationContext.log Manager: install: Installing context configuration at 'file:/C:/Users/EDUARD~1/AppData/Local/Temp/context4432960662879840794.xml'
11-Jan-2025 17:27:56.207 INFORMATION [http-nio-8080-exec-10] org.apache.catalina.core.ApplicationContext.log Manager: start: Starting web application '/'
11-Jan-2025 18:37:13.768 INFORMATION [http-nio-8080-exec-3] org.apache.catalina.core.ApplicationContext.log Manager: init: Associated with Deployer 'Catalina:type=Deployer,host=localhost'
11-Jan-2025 18:37:13.768 INFORMATION [http-nio-8080-exec-3] org.apache.catalina.core.ApplicationContext.log Manager: init: Global resources are available
11-Jan-2025 18:37:13.780 INFORMATION [http-nio-8080-exec-5] org.apache.catalina.core.ApplicationContext.log Manager: list: Listing contexts for virtual host 'localhost'
11-Jan-2025 18:37:13.781 INFORMATION [http-nio-8080-exec-6] org.apache.catalina.core.ApplicationContext.log Manager: list: Listing contexts for virtual host 'localhost'
11-Jan-2025 18:37:13.784 INFORMATION [http-nio-8080-exec-7] org.apache.catalina.core.ApplicationContext.log Manager: undeploy: Undeploying web application at '/'
11-Jan-2025 18:37:14.309 INFORMATION [http-nio-8080-exec-10] org.apache.catalina.core.ApplicationContext.log Manager: install: Installing context configuration at 'file:/C:/Users/EDUARD~1/AppData/Local/Temp/context17388372361303534454.xml'
11-Jan-2025 18:37:15.762 INFORMATION [http-nio-8080-exec-8] org.apache.catalina.core.ApplicationContext.log Manager: start: Starting web application '/'
11-Jan-2025 18:43:16.718 INFORMATION [http-nio-8080-exec-2] org.apache.catalina.core.ApplicationContext.log Manager: init: Associated with Deployer 'Catalina:type=Deployer,host=localhost'
11-Jan-2025 18:43:16.718 INFORMATION [http-nio-8080-exec-2] org.apache.catalina.core.ApplicationContext.log Manager: init: Global resources are available
11-Jan-2025 18:43:16.725 INFORMATION [http-nio-8080-exec-2] org.apache.catalina.core.ApplicationContext.log Manager: list: Listing contexts for virtual host 'localhost'
11-Jan-2025 18:43:16.727 INFORMATION [http-nio-8080-exec-5] org.apache.catalina.core.ApplicationContext.log Manager: list: Listing contexts for virtual host 'localhost'
11-Jan-2025 18:43:16.729 INFORMATION [http-nio-8080-exec-6] org.apache.catalina.core.ApplicationContext.log Manager: undeploy: Undeploying web application at '/'
11-Jan-2025 18:43:17.247 INFORMATION [http-nio-8080-exec-8] org.apache.catalina.core.ApplicationContext.log Manager: install: Installing context configuration at 'file:/C:/Users/EDUARD~1/AppData/Local/Temp/context92107586511175783.xml'
11-Jan-2025 18:43:18.707 INFORMATION [http-nio-8080-exec-5] org.apache.catalina.core.ApplicationContext.log Manager: start: Starting web application '/'
11-Jan-2025 19:25:15.189 INFORMATION [http-nio-8080-exec-2] org.apache.catalina.core.ApplicationContext.log Manager: init: Associated with Deployer 'Catalina:type=Deployer,host=localhost'
11-Jan-2025 19:25:15.189 INFORMATION [http-nio-8080-exec-2] org.apache.catalina.core.ApplicationContext.log Manager: init: Global resources are available
11-Jan-2025 19:25:15.196 INFORMATION [http-nio-8080-exec-2] org.apache.catalina.core.ApplicationContext.log Manager: list: Listing contexts for virtual host 'localhost'
11-Jan-2025 19:25:15.198 INFORMATION [http-nio-8080-exec-5] org.apache.catalina.core.ApplicationContext.log Manager: list: Listing contexts for virtual host 'localhost'
11-Jan-2025 19:25:15.200 INFORMATION [http-nio-8080-exec-6] org.apache.catalina.core.ApplicationContext.log Manager: undeploy: Undeploying web application at '/'
11-Jan-2025 19:25:15.720 INFORMATION [http-nio-8080-exec-3] org.apache.catalina.core.ApplicationContext.log Manager: install: Installing context configuration at 'file:/C:/Users/EDUARD~1/AppData/Local/Temp/context17075765481176611069.xml'
11-Jan-2025 19:25:17.184 INFORMATION [http-nio-8080-exec-8] org.apache.catalina.core.ApplicationContext.log Manager: start: Starting web application '/'
11-Jan-2025 19:35:41.484 INFORMATION [http-nio-8080-exec-2] org.apache.catalina.core.ApplicationContext.log Manager: init: Associated with Deployer 'Catalina:type=Deployer,host=localhost'
11-Jan-2025 19:35:41.484 INFORMATION [http-nio-8080-exec-2] org.apache.catalina.core.ApplicationContext.log Manager: init: Global resources are available
11-Jan-2025 19:35:41.491 INFORMATION [http-nio-8080-exec-2] org.apache.catalina.core.ApplicationContext.log Manager: list: Listing contexts for virtual host 'localhost'
11-Jan-2025 19:35:41.492 INFORMATION [http-nio-8080-exec-5] org.apache.catalina.core.ApplicationContext.log Manager: list: Listing contexts for virtual host 'localhost'
11-Jan-2025 19:35:41.495 INFORMATION [http-nio-8080-exec-6] org.apache.catalina.core.ApplicationContext.log Manager: undeploy: Undeploying web application at '/'
11-Jan-2025 19:35:42.012 INFORMATION [http-nio-8080-exec-8] org.apache.catalina.core.ApplicationContext.log Manager: install: Installing context configuration at 'file:/C:/Users/EDUARD~1/AppData/Local/Temp/context12115979444440322271.xml'
11-Jan-2025 19:35:43.485 INFORMATION [http-nio-8080-exec-1] org.apache.catalina.core.ApplicationContext.log Manager: start: Starting web application '/'
11-Jan-2025 19:46:34.081 INFORMATION [http-nio-8080-exec-2] org.apache.catalina.core.ApplicationContext.log Manager: init: Associated with Deployer 'Catalina:type=Deployer,host=localhost'
11-Jan-2025 19:46:34.081 INFORMATION [http-nio-8080-exec-2] org.apache.catalina.core.ApplicationContext.log Manager: init: Global resources are available
11-Jan-2025 19:46:34.089 INFORMATION [http-nio-8080-exec-3] org.apache.catalina.core.ApplicationContext.log Manager: list: Listing contexts for virtual host 'localhost'
11-Jan-2025 19:46:34.090 INFORMATION [http-nio-8080-exec-6] org.apache.catalina.core.ApplicationContext.log Manager: list: Listing contexts for virtual host 'localhost'
11-Jan-2025 19:46:34.093 INFORMATION [http-nio-8080-exec-7] org.apache.catalina.core.ApplicationContext.log Manager: undeploy: Undeploying web application at '/'
11-Jan-2025 19:46:34.623 INFORMATION [http-nio-8080-exec-10] org.apache.catalina.core.ApplicationContext.log Manager: install: Installing context configuration at 'file:/C:/Users/EDUARD~1/AppData/Local/Temp/context6153452422857688207.xml'
11-Jan-2025 19:46:36.073 INFORMATION [http-nio-8080-exec-8] org.apache.catalina.core.ApplicationContext.log Manager: start: Starting web application '/'
11-Jan-2025 20:02:11.160 INFORMATION [http-nio-8080-exec-2] org.apache.catalina.core.ApplicationContext.log Manager: init: Associated with Deployer 'Catalina:type=Deployer,host=localhost'
11-Jan-2025 20:02:11.161 INFORMATION [http-nio-8080-exec-2] org.apache.catalina.core.ApplicationContext.log Manager: init: Global resources are available
11-Jan-2025 20:02:11.174 INFORMATION [http-nio-8080-exec-1] org.apache.catalina.core.ApplicationContext.log Manager: list: Listing contexts for virtual host 'localhost'
11-Jan-2025 20:02:11.175 INFORMATION [http-nio-8080-exec-5] org.apache.catalina.core.ApplicationContext.log Manager: list: Listing contexts for virtual host 'localhost'
11-Jan-2025 20:02:11.178 INFORMATION [http-nio-8080-exec-6] org.apache.catalina.core.ApplicationContext.log Manager: undeploy: Undeploying web application at '/'
11-Jan-2025 20:02:11.700 INFORMATION [http-nio-8080-exec-9] org.apache.catalina.core.ApplicationContext.log Manager: install: Installing context configuration at 'file:/C:/Users/EDUARD~1/AppData/Local/Temp/context4251892650189924116.xml'
11-Jan-2025 20:02:13.142 INFORMATION [http-nio-8080-exec-7] org.apache.catalina.core.ApplicationContext.log Manager: start: Starting web application '/'
11-Jan-2025 20:09:06.431 INFORMATION [http-nio-8080-exec-2] org.apache.catalina.core.ApplicationContext.log Manager: init: Associated with Deployer 'Catalina:type=Deployer,host=localhost'
11-Jan-2025 20:09:06.431 INFORMATION [http-nio-8080-exec-2] org.apache.catalina.core.ApplicationContext.log Manager: init: Global resources are available
11-Jan-2025 20:09:06.439 INFORMATION [http-nio-8080-exec-1] org.apache.catalina.core.ApplicationContext.log Manager: list: Listing contexts for virtual host 'localhost'
11-Jan-2025 20:09:06.441 INFORMATION [http-nio-8080-exec-3] org.apache.catalina.core.ApplicationContext.log Manager: list: Listing contexts for virtual host 'localhost'
11-Jan-2025 20:09:06.443 INFORMATION [http-nio-8080-exec-5] org.apache.catalina.core.ApplicationContext.log Manager: undeploy: Undeploying web application at '/'
11-Jan-2025 20:09:06.974 INFORMATION [http-nio-8080-exec-3] org.apache.catalina.core.ApplicationContext.log Manager: install: Installing context configuration at 'file:/C:/Users/EDUARD~1/AppData/Local/Temp/context8191004006488653691.xml'
11-Jan-2025 20:09:08.468 INFORMATION [http-nio-8080-exec-8] org.apache.catalina.core.ApplicationContext.log Manager: start: Starting web application '/'
11-Jan-2025 20:15:47.491 INFORMATION [http-nio-8080-exec-2] org.apache.catalina.core.ApplicationContext.log Manager: init: Associated with Deployer 'Catalina:type=Deployer,host=localhost'
11-Jan-2025 20:15:47.491 INFORMATION [http-nio-8080-exec-2] org.apache.catalina.core.ApplicationContext.log Manager: init: Global resources are available
11-Jan-2025 20:15:47.498 INFORMATION [http-nio-8080-exec-1] org.apache.catalina.core.ApplicationContext.log Manager: list: Listing contexts for virtual host 'localhost'
11-Jan-2025 20:15:47.500 INFORMATION [http-nio-8080-exec-5] org.apache.catalina.core.ApplicationContext.log Manager: list: Listing contexts for virtual host 'localhost'
11-Jan-2025 20:15:47.503 INFORMATION [http-nio-8080-exec-6] org.apache.catalina.core.ApplicationContext.log Manager: undeploy: Undeploying web application at '/'
11-Jan-2025 20:15:48.034 INFORMATION [http-nio-8080-exec-9] org.apache.catalina.core.ApplicationContext.log Manager: install: Installing context configuration at 'file:/C:/Users/EDUARD~1/AppData/Local/Temp/context12466344080119783939.xml'
11-Jan-2025 20:15:49.472 INFORMATION [http-nio-8080-exec-2] org.apache.catalina.core.ApplicationContext.log Manager: start: Starting web application '/'
