21-Jan-2025 18:38:25.354 INFORMATION [http-nio-8080-exec-5] org.apache.catalina.core.ApplicationContext.log Manager: init: Associated with Deployer 'Catalina:type=Deployer,host=localhost'
21-Jan-2025 18:38:25.354 INFORMATION [http-nio-8080-exec-5] org.apache.catalina.core.ApplicationContext.log Manager: init: Global resources are available
21-Jan-2025 18:38:25.386 INFORMATION [http-nio-8080-exec-10] org.apache.catalina.core.ApplicationContext.log Manager: list: Listing contexts for virtual host 'localhost'
21-Jan-2025 18:38:25.389 INFORMATION [http-nio-8080-exec-2] org.apache.catalina.core.ApplicationContext.log Manager: list: Listing contexts for virtual host 'localhost'
21-Jan-2025 18:38:25.400 INFORMATION [http-nio-8080-exec-1] org.apache.catalina.core.ApplicationContext.log Manager: undeploy: Undeploying web application at '/GhostNetFishing'
21-Jan-2025 18:38:25.939 INFORMATION [http-nio-8080-exec-10] org.apache.catalina.core.ApplicationContext.log Manager: install: Installing context configuration at 'file:/C:/Users/EDUARD~1/AppData/Local/Temp/context2078993979990745780.xml'
21-Jan-2025 18:38:27.810 INFORMATION [http-nio-8080-exec-8] org.apache.catalina.core.ApplicationContext.log Manager: start: Starting web application '/GhostNetFishing'
21-Jan-2025 18:42:25.919 INFORMATION [http-nio-8080-exec-15] org.apache.catalina.core.ApplicationContext.log Manager: list: Listing contexts for virtual host 'localhost'
21-Jan-2025 18:42:25.920 INFORMATION [http-nio-8080-exec-16] org.apache.catalina.core.ApplicationContext.log Manager: list: Listing contexts for virtual host 'localhost'
21-Jan-2025 18:42:25.923 INFORMATION [http-nio-8080-exec-17] org.apache.catalina.core.ApplicationContext.log Manager: undeploy: Undeploying web application at '/GhostNetFishing'
21-Jan-2025 18:42:26.447 INFORMATION [http-nio-8080-exec-12] org.apache.catalina.core.ApplicationContext.log Manager: install: Installing context configuration at 'file:/C:/Users/EDUARD~1/AppData/Local/Temp/context12878616222363782924.xml'
21-Jan-2025 18:42:28.210 INFORMATION [http-nio-8080-exec-14] org.apache.catalina.core.ApplicationContext.log Manager: start: Starting web application '/GhostNetFishing'
21-Jan-2025 18:43:58.078 INFORMATION [http-nio-8080-exec-25] org.apache.catalina.core.ApplicationContext.log Manager: list: Listing contexts for virtual host 'localhost'
21-Jan-2025 18:43:58.079 INFORMATION [http-nio-8080-exec-11] org.apache.catalina.core.ApplicationContext.log Manager: list: Listing contexts for virtual host 'localhost'
21-Jan-2025 18:43:58.082 INFORMATION [http-nio-8080-exec-26] org.apache.catalina.core.ApplicationContext.log Manager: undeploy: Undeploying web application at '/GhostNetFishing'
21-Jan-2025 18:43:58.605 INFORMATION [http-nio-8080-exec-21] org.apache.catalina.core.ApplicationContext.log Manager: install: Installing context configuration at 'file:/C:/Users/EDUARD~1/AppData/Local/Temp/context8022092279408956101.xml'
21-Jan-2025 18:44:00.342 INFORMATION [http-nio-8080-exec-27] org.apache.catalina.core.ApplicationContext.log Manager: start: Starting web application '/GhostNetFishing'
21-Jan-2025 18:46:40.389 INFORMATION [http-nio-8080-exec-33] org.apache.catalina.core.ApplicationContext.log Manager: list: Listing contexts for virtual host 'localhost'
21-Jan-2025 18:46:40.390 INFORMATION [http-nio-8080-exec-34] org.apache.catalina.core.ApplicationContext.log Manager: list: Listing contexts for virtual host 'localhost'
21-Jan-2025 18:46:40.393 INFORMATION [http-nio-8080-exec-35] org.apache.catalina.core.ApplicationContext.log Manager: undeploy: Undeploying web application at '/GhostNetFishing'
21-Jan-2025 18:46:40.913 INFORMATION [http-nio-8080-exec-30] org.apache.catalina.core.ApplicationContext.log Manager: install: Installing context configuration at 'file:/C:/Users/EDUARD~1/AppData/Local/Temp/context4809367160130123623.xml'
21-Jan-2025 18:46:42.612 INFORMATION [http-nio-8080-exec-28] org.apache.catalina.core.ApplicationContext.log Manager: start: Starting web application '/GhostNetFishing'
21-Jan-2025 18:47:28.846 INFORMATION [http-nio-8080-exec-37] org.apache.catalina.core.ApplicationContext.log Manager: list: Listing contexts for virtual host 'localhost'
21-Jan-2025 18:47:28.847 INFORMATION [http-nio-8080-exec-38] org.apache.catalina.core.ApplicationContext.log Manager: list: Listing contexts for virtual host 'localhost'
21-Jan-2025 18:47:28.850 INFORMATION [http-nio-8080-exec-39] org.apache.catalina.core.ApplicationContext.log Manager: undeploy: Undeploying web application at '/GhostNetFishing'
21-Jan-2025 18:47:29.379 INFORMATION [http-nio-8080-exec-29] org.apache.catalina.core.ApplicationContext.log Manager: install: Installing context configuration at 'file:/C:/Users/EDUARD~1/AppData/Local/Temp/context7526721409878080879.xml'
21-Jan-2025 18:47:31.152 INFORMATION [http-nio-8080-exec-38] org.apache.catalina.core.ApplicationContext.log Manager: start: Starting web application '/GhostNetFishing'
21-Jan-2025 18:52:21.886 INFORMATION [http-nio-8080-exec-46] org.apache.catalina.core.ApplicationContext.log Manager: list: Listing contexts for virtual host 'localhost'
21-Jan-2025 18:52:21.887 INFORMATION [http-nio-8080-exec-47] org.apache.catalina.core.ApplicationContext.log Manager: list: Listing contexts for virtual host 'localhost'
21-Jan-2025 18:52:21.890 INFORMATION [http-nio-8080-exec-48] org.apache.catalina.core.ApplicationContext.log Manager: undeploy: Undeploying web application at '/GhostNetFishing'
21-Jan-2025 18:52:22.407 INFORMATION [http-nio-8080-exec-44] org.apache.catalina.core.ApplicationContext.log Manager: install: Installing context configuration at 'file:/C:/Users/EDUARD~1/AppData/Local/Temp/context9036324779520276021.xml'
21-Jan-2025 18:52:24.154 INFORMATION [http-nio-8080-exec-41] org.apache.catalina.core.ApplicationContext.log Manager: start: Starting web application '/GhostNetFishing'
21-Jan-2025 18:53:02.313 INFORMATION [http-nio-8080-exec-52] org.apache.catalina.core.ApplicationContext.log Manager: list: Listing contexts for virtual host 'localhost'
21-Jan-2025 18:53:02.314 INFORMATION [http-nio-8080-exec-53] org.apache.catalina.core.ApplicationContext.log Manager: list: Listing contexts for virtual host 'localhost'
21-Jan-2025 18:53:02.317 INFORMATION [http-nio-8080-exec-51] org.apache.catalina.core.ApplicationContext.log Manager: undeploy: Undeploying web application at '/GhostNetFishing'
21-Jan-2025 18:53:02.843 INFORMATION [http-nio-8080-exec-56] org.apache.catalina.core.ApplicationContext.log Manager: install: Installing context configuration at 'file:/C:/Users/EDUARD~1/AppData/Local/Temp/context13972122584182363814.xml'
21-Jan-2025 18:53:04.571 INFORMATION [http-nio-8080-exec-49] org.apache.catalina.core.ApplicationContext.log Manager: start: Starting web application '/GhostNetFishing'
21-Jan-2025 18:53:45.646 INFORMATION [http-nio-8080-exec-58] org.apache.catalina.core.ApplicationContext.log Manager: list: Listing contexts for virtual host 'localhost'
21-Jan-2025 18:53:45.647 INFORMATION [http-nio-8080-exec-59] org.apache.catalina.core.ApplicationContext.log Manager: list: Listing contexts for virtual host 'localhost'
21-Jan-2025 18:53:45.650 INFORMATION [http-nio-8080-exec-57] org.apache.catalina.core.ApplicationContext.log Manager: undeploy: Undeploying web application at '/GhostNetFishing'
21-Jan-2025 18:53:46.178 INFORMATION [http-nio-8080-exec-58] org.apache.catalina.core.ApplicationContext.log Manager: install: Installing context configuration at 'file:/C:/Users/EDUARD~1/AppData/Local/Temp/context7893645798391379903.xml'
21-Jan-2025 18:53:47.857 INFORMATION [http-nio-8080-exec-60] org.apache.catalina.core.ApplicationContext.log Manager: start: Starting web application '/GhostNetFishing'
21-Jan-2025 18:54:55.206 INFORMATION [http-nio-8080-exec-67] org.apache.catalina.core.ApplicationContext.log Manager: list: Listing contexts for virtual host 'localhost'
21-Jan-2025 18:54:55.207 INFORMATION [http-nio-8080-exec-69] org.apache.catalina.core.ApplicationContext.log Manager: list: Listing contexts for virtual host 'localhost'
21-Jan-2025 18:54:55.210 INFORMATION [http-nio-8080-exec-62] org.apache.catalina.core.ApplicationContext.log Manager: undeploy: Undeploying web application at '/GhostNetFishing'
21-Jan-2025 18:54:55.723 INFORMATION [http-nio-8080-exec-55] org.apache.catalina.core.ApplicationContext.log Manager: install: Installing context configuration at 'file:/C:/Users/EDUARD~1/AppData/Local/Temp/context10350397370809334036.xml'
21-Jan-2025 18:54:57.436 INFORMATION [http-nio-8080-exec-67] org.apache.catalina.core.ApplicationContext.log Manager: start: Starting web application '/GhostNetFishing'
21-Jan-2025 19:00:28.890 INFORMATION [http-nio-8080-exec-76] org.apache.catalina.core.ApplicationContext.log Manager: list: Listing contexts for virtual host 'localhost'
21-Jan-2025 19:00:28.890 INFORMATION [http-nio-8080-exec-77] org.apache.catalina.core.ApplicationContext.log Manager: list: Listing contexts for virtual host 'localhost'
21-Jan-2025 19:00:28.893 INFORMATION [http-nio-8080-exec-78] org.apache.catalina.core.ApplicationContext.log Manager: undeploy: Undeploying web application at '/GhostNetFishing'
21-Jan-2025 19:00:29.418 INFORMATION [http-nio-8080-exec-79] org.apache.catalina.core.ApplicationContext.log Manager: install: Installing context configuration at 'file:/C:/Users/EDUARD~1/AppData/Local/Temp/context15649640168024766781.xml'
21-Jan-2025 19:00:31.114 INFORMATION [http-nio-8080-exec-77] org.apache.catalina.core.ApplicationContext.log Manager: start: Starting web application '/GhostNetFishing'
21-Jan-2025 19:01:04.931 INFORMATION [http-nio-8080-exec-72] org.apache.catalina.core.ApplicationContext.log Manager: list: Listing contexts for virtual host 'localhost'
21-Jan-2025 19:01:04.932 INFORMATION [http-nio-8080-exec-83] org.apache.catalina.core.ApplicationContext.log Manager: list: Listing contexts for virtual host 'localhost'
21-Jan-2025 19:01:04.935 INFORMATION [http-nio-8080-exec-82] org.apache.catalina.core.ApplicationContext.log Manager: undeploy: Undeploying web application at '/GhostNetFishing'
21-Jan-2025 19:01:05.465 INFORMATION [http-nio-8080-exec-76] org.apache.catalina.core.ApplicationContext.log Manager: install: Installing context configuration at 'file:/C:/Users/EDUARD~1/AppData/Local/Temp/context7538949270874013920.xml'
21-Jan-2025 19:01:07.134 INFORMATION [http-nio-8080-exec-84] org.apache.catalina.core.ApplicationContext.log Manager: start: Starting web application '/GhostNetFishing'
21-Jan-2025 19:03:36.684 INFORMATION [http-nio-8080-exec-92] org.apache.catalina.core.ApplicationContext.log Manager: list: Listing contexts for virtual host 'localhost'
21-Jan-2025 19:03:36.685 INFORMATION [http-nio-8080-exec-93] org.apache.catalina.core.ApplicationContext.log Manager: list: Listing contexts for virtual host 'localhost'
21-Jan-2025 19:03:36.688 INFORMATION [http-nio-8080-exec-94] org.apache.catalina.core.ApplicationContext.log Manager: undeploy: Undeploying web application at '/GhostNetFishing'
21-Jan-2025 19:03:37.216 INFORMATION [http-nio-8080-exec-95] org.apache.catalina.core.ApplicationContext.log Manager: install: Installing context configuration at 'file:/C:/Users/EDUARD~1/AppData/Local/Temp/context4388260856276152626.xml'
21-Jan-2025 19:03:38.888 INFORMATION [http-nio-8080-exec-93] org.apache.catalina.core.ApplicationContext.log Manager: start: Starting web application '/GhostNetFishing'
21-Jan-2025 19:06:06.146 INFORMATION [http-nio-8080-exec-102] org.apache.catalina.core.ApplicationContext.log Manager: list: Listing contexts for virtual host 'localhost'
21-Jan-2025 19:06:06.147 INFORMATION [http-nio-8080-exec-103] org.apache.catalina.core.ApplicationContext.log Manager: list: Listing contexts for virtual host 'localhost'
21-Jan-2025 19:06:06.150 INFORMATION [http-nio-8080-exec-104] org.apache.catalina.core.ApplicationContext.log Manager: undeploy: Undeploying web application at '/GhostNetFishing'
21-Jan-2025 19:06:06.677 INFORMATION [http-nio-8080-exec-103] org.apache.catalina.core.ApplicationContext.log Manager: install: Installing context configuration at 'file:/C:/Users/EDUARD~1/AppData/Local/Temp/context11586776070444542645.xml'
21-Jan-2025 19:06:08.382 INFORMATION [http-nio-8080-exec-102] org.apache.catalina.core.ApplicationContext.log Manager: start: Starting web application '/GhostNetFishing'
21-Jan-2025 19:09:13.315 INFORMATION [http-nio-8080-exec-112] org.apache.catalina.core.ApplicationContext.log Manager: list: Listing contexts for virtual host 'localhost'
21-Jan-2025 19:09:13.316 INFORMATION [http-nio-8080-exec-113] org.apache.catalina.core.ApplicationContext.log Manager: list: Listing contexts for virtual host 'localhost'
21-Jan-2025 19:09:13.319 INFORMATION [http-nio-8080-exec-114] org.apache.catalina.core.ApplicationContext.log Manager: undeploy: Undeploying web application at '/GhostNetFishing'
21-Jan-2025 19:09:13.846 INFORMATION [http-nio-8080-exec-110] org.apache.catalina.core.ApplicationContext.log Manager: install: Installing context configuration at 'file:/C:/Users/EDUARD~1/AppData/Local/Temp/context4342781222424707197.xml'
21-Jan-2025 19:09:15.549 INFORMATION [http-nio-8080-exec-109] org.apache.catalina.core.ApplicationContext.log Manager: start: Starting web application '/GhostNetFishing'
21-Jan-2025 19:50:53.016 INFORMATION [http-nio-8080-exec-116] org.apache.catalina.core.ApplicationContext.log Manager: list: Listing contexts for virtual host 'localhost'
21-Jan-2025 19:50:53.017 INFORMATION [http-nio-8080-exec-124] org.apache.catalina.core.ApplicationContext.log Manager: list: Listing contexts for virtual host 'localhost'
21-Jan-2025 19:50:53.020 INFORMATION [http-nio-8080-exec-117] org.apache.catalina.core.ApplicationContext.log Manager: undeploy: Undeploying web application at '/GhostNetFishing'
21-Jan-2025 19:50:53.535 INFORMATION [http-nio-8080-exec-122] org.apache.catalina.core.ApplicationContext.log Manager: install: Installing context configuration at 'file:/C:/Users/EDUARD~1/AppData/Local/Temp/context17206679786224798301.xml'
21-Jan-2025 19:50:55.218 INFORMATION [http-nio-8080-exec-125] org.apache.catalina.core.ApplicationContext.log Manager: start: Starting web application '/GhostNetFishing'
21-Jan-2025 19:53:32.975 INFORMATION [http-nio-8080-exec-132] org.apache.catalina.core.ApplicationContext.log Manager: list: Listing contexts for virtual host 'localhost'
21-Jan-2025 19:53:32.976 INFORMATION [http-nio-8080-exec-133] org.apache.catalina.core.ApplicationContext.log Manager: list: Listing contexts for virtual host 'localhost'
21-Jan-2025 19:53:32.978 INFORMATION [http-nio-8080-exec-120] org.apache.catalina.core.ApplicationContext.log Manager: undeploy: Undeploying web application at '/GhostNetFishing'
21-Jan-2025 19:53:33.495 INFORMATION [http-nio-8080-exec-131] org.apache.catalina.core.ApplicationContext.log Manager: install: Installing context configuration at 'file:/C:/Users/EDUARD~1/AppData/Local/Temp/context10985763223064344794.xml'
21-Jan-2025 19:53:35.223 INFORMATION [http-nio-8080-exec-128] org.apache.catalina.core.ApplicationContext.log Manager: start: Starting web application '/GhostNetFishing'
21-Jan-2025 19:54:35.965 INFORMATION [http-nio-8080-exec-127] org.apache.catalina.core.ApplicationContext.log Manager: list: Listing contexts for virtual host 'localhost'
21-Jan-2025 19:54:35.966 INFORMATION [http-nio-8080-exec-126] org.apache.catalina.core.ApplicationContext.log Manager: list: Listing contexts for virtual host 'localhost'
21-Jan-2025 19:54:35.969 INFORMATION [http-nio-8080-exec-129] org.apache.catalina.core.ApplicationContext.log Manager: undeploy: Undeploying web application at '/GhostNetFishing'
21-Jan-2025 19:54:36.498 INFORMATION [http-nio-8080-exec-126] org.apache.catalina.core.ApplicationContext.log Manager: install: Installing context configuration at 'file:/C:/Users/EDUARD~1/AppData/Local/Temp/context14692826270482197053.xml'
21-Jan-2025 19:54:38.172 INFORMATION [http-nio-8080-exec-134] org.apache.catalina.core.ApplicationContext.log Manager: start: Starting web application '/GhostNetFishing'
21-Jan-2025 20:02:35.061 INFORMATION [http-nio-8080-exec-145] org.apache.catalina.core.ApplicationContext.log Manager: list: Listing contexts for virtual host 'localhost'
21-Jan-2025 20:02:35.062 INFORMATION [http-nio-8080-exec-146] org.apache.catalina.core.ApplicationContext.log Manager: list: Listing contexts for virtual host 'localhost'
21-Jan-2025 20:02:35.065 INFORMATION [http-nio-8080-exec-147] org.apache.catalina.core.ApplicationContext.log Manager: undeploy: Undeploying web application at '/GhostNetFishing'
21-Jan-2025 20:02:35.582 INFORMATION [http-nio-8080-exec-144] org.apache.catalina.core.ApplicationContext.log Manager: install: Installing context configuration at 'file:/C:/Users/EDUARD~1/AppData/Local/Temp/context5499041609721809454.xml'
21-Jan-2025 20:02:37.292 INFORMATION [http-nio-8080-exec-148] org.apache.catalina.core.ApplicationContext.log Manager: start: Starting web application '/GhostNetFishing'
21-Jan-2025 20:05:43.817 INFORMATION [http-nio-8080-exec-155] org.apache.catalina.core.ApplicationContext.log Manager: list: Listing contexts for virtual host 'localhost'
21-Jan-2025 20:05:43.818 INFORMATION [http-nio-8080-exec-156] org.apache.catalina.core.ApplicationContext.log Manager: list: Listing contexts for virtual host 'localhost'
21-Jan-2025 20:05:43.820 INFORMATION [http-nio-8080-exec-158] org.apache.catalina.core.ApplicationContext.log Manager: undeploy: Undeploying web application at '/GhostNetFishing'
21-Jan-2025 20:05:44.350 INFORMATION [http-nio-8080-exec-157] org.apache.catalina.core.ApplicationContext.log Manager: install: Installing context configuration at 'file:/C:/Users/EDUARD~1/AppData/Local/Temp/context5286300352341521884.xml'
21-Jan-2025 20:05:46.067 INFORMATION [http-nio-8080-exec-154] org.apache.catalina.core.ApplicationContext.log Manager: start: Starting web application '/GhostNetFishing'
21-Jan-2025 20:07:39.972 INFORMATION [http-nio-8080-exec-164] org.apache.catalina.core.ApplicationContext.log Manager: list: Listing contexts for virtual host 'localhost'
21-Jan-2025 20:07:39.973 INFORMATION [http-nio-8080-exec-152] org.apache.catalina.core.ApplicationContext.log Manager: list: Listing contexts for virtual host 'localhost'
21-Jan-2025 20:07:39.976 INFORMATION [http-nio-8080-exec-165] org.apache.catalina.core.ApplicationContext.log Manager: undeploy: Undeploying web application at '/GhostNetFishing'
21-Jan-2025 20:07:40.505 INFORMATION [http-nio-8080-exec-163] org.apache.catalina.core.ApplicationContext.log Manager: install: Installing context configuration at 'file:/C:/Users/EDUARD~1/AppData/Local/Temp/context16237715585605787352.xml'
21-Jan-2025 20:07:42.193 INFORMATION [http-nio-8080-exec-159] org.apache.catalina.core.ApplicationContext.log Manager: start: Starting web application '/GhostNetFishing'
21-Jan-2025 20:08:19.239 INFORMATION [http-nio-8080-exec-168] org.apache.catalina.core.ApplicationContext.log Manager: list: Listing contexts for virtual host 'localhost'
21-Jan-2025 20:08:19.240 INFORMATION [http-nio-8080-exec-169] org.apache.catalina.core.ApplicationContext.log Manager: list: Listing contexts for virtual host 'localhost'
21-Jan-2025 20:08:19.242 INFORMATION [http-nio-8080-exec-167] org.apache.catalina.core.ApplicationContext.log Manager: undeploy: Undeploying web application at '/GhostNetFishing'
21-Jan-2025 20:08:19.763 INFORMATION [http-nio-8080-exec-160] org.apache.catalina.core.ApplicationContext.log Manager: install: Installing context configuration at 'file:/C:/Users/EDUARD~1/AppData/Local/Temp/context3733378238180337733.xml'
21-Jan-2025 20:08:21.588 INFORMATION [http-nio-8080-exec-161] org.apache.catalina.core.ApplicationContext.log Manager: start: Starting web application '/GhostNetFishing'
