13-Jan-2025 19:41:53.474 INFORMATION [http-nio-8080-exec-5] org.apache.catalina.core.ApplicationContext.log Manager: init: Associated with Deployer 'Catalina:type=Deployer,host=localhost'
13-Jan-2025 19:41:53.474 INFORMATION [http-nio-8080-exec-5] org.apache.catalina.core.ApplicationContext.log Manager: init: Global resources are available
13-Jan-2025 19:41:53.507 INFORMATION [http-nio-8080-exec-1] org.apache.catalina.core.ApplicationContext.log Manager: list: Listing contexts for virtual host 'localhost'
13-Jan-2025 19:41:53.510 INFORMATION [http-nio-8080-exec-10] org.apache.catalina.core.ApplicationContext.log Manager: list: Listing contexts for virtual host 'localhost'
13-Jan-2025 19:41:53.514 INFORMATION [http-nio-8080-exec-2] org.apache.catalina.core.ApplicationContext.log Manager: undeploy: Undeploying web application at '/'
13-Jan-2025 19:41:54.058 INFORMATION [http-nio-8080-exec-3] org.apache.catalina.core.ApplicationContext.log Manager: install: Installing context configuration at 'file:/C:/Users/EDUARD~1/AppData/Local/Temp/context7160704432398057743.xml'
13-Jan-2025 19:41:55.807 INFORMATION [http-nio-8080-exec-7] org.apache.catalina.core.ApplicationContext.log Manager: start: Starting web application '/'
13-Jan-2025 19:44:35.456 INFORMATION [http-nio-8080-exec-2] org.apache.catalina.core.ApplicationContext.log Manager: init: Associated with Deployer 'Catalina:type=Deployer,host=localhost'
13-Jan-2025 19:44:35.456 INFORMATION [http-nio-8080-exec-2] org.apache.catalina.core.ApplicationContext.log Manager: init: Global resources are available
13-Jan-2025 19:44:35.464 INFORMATION [http-nio-8080-exec-2] org.apache.catalina.core.ApplicationContext.log Manager: list: Listing contexts for virtual host 'localhost'
13-Jan-2025 19:44:35.467 INFORMATION [http-nio-8080-exec-5] org.apache.catalina.core.ApplicationContext.log Manager: list: Listing contexts for virtual host 'localhost'
13-Jan-2025 19:44:35.470 INFORMATION [http-nio-8080-exec-6] org.apache.catalina.core.ApplicationContext.log Manager: undeploy: Undeploying web application at '/'
13-Jan-2025 19:44:36.002 INFORMATION [http-nio-8080-exec-5] org.apache.catalina.core.ApplicationContext.log Manager: install: Installing context configuration at 'file:/C:/Users/EDUARD~1/AppData/Local/Temp/context13431503327962209589.xml'
13-Jan-2025 19:44:37.564 INFORMATION [http-nio-8080-exec-4] org.apache.catalina.core.ApplicationContext.log Manager: start: Starting web application '/'
13-Jan-2025 19:48:21.239 INFORMATION [http-nio-8080-exec-1] org.apache.catalina.core.ApplicationContext.log Manager: init: Associated with Deployer 'Catalina:type=Deployer,host=localhost'
13-Jan-2025 19:48:21.239 INFORMATION [http-nio-8080-exec-1] org.apache.catalina.core.ApplicationContext.log Manager: init: Global resources are available
13-Jan-2025 19:48:21.247 INFORMATION [http-nio-8080-exec-1] org.apache.catalina.core.ApplicationContext.log Manager: list: Listing contexts for virtual host 'localhost'
13-Jan-2025 19:48:21.249 INFORMATION [http-nio-8080-exec-5] org.apache.catalina.core.ApplicationContext.log Manager: list: Listing contexts for virtual host 'localhost'
13-Jan-2025 19:48:21.252 INFORMATION [http-nio-8080-exec-6] org.apache.catalina.core.ApplicationContext.log Manager: undeploy: Undeploying web application at '/'
13-Jan-2025 19:48:21.779 INFORMATION [http-nio-8080-exec-5] org.apache.catalina.core.ApplicationContext.log Manager: install: Installing context configuration at 'file:/C:/Users/EDUARD~1/AppData/Local/Temp/context17249415720160228498.xml'
13-Jan-2025 19:48:23.213 INFORMATION [http-nio-8080-exec-7] org.apache.catalina.core.ApplicationContext.log Manager: start: Starting web application '/'
13-Jan-2025 19:54:25.381 INFORMATION [http-nio-8080-exec-2] org.apache.catalina.core.ApplicationContext.log Manager: init: Associated with Deployer 'Catalina:type=Deployer,host=localhost'
13-Jan-2025 19:54:25.381 INFORMATION [http-nio-8080-exec-2] org.apache.catalina.core.ApplicationContext.log Manager: init: Global resources are available
13-Jan-2025 19:54:25.389 INFORMATION [http-nio-8080-exec-1] org.apache.catalina.core.ApplicationContext.log Manager: list: Listing contexts for virtual host 'localhost'
13-Jan-2025 19:54:25.391 INFORMATION [http-nio-8080-exec-4] org.apache.catalina.core.ApplicationContext.log Manager: list: Listing contexts for virtual host 'localhost'
13-Jan-2025 19:54:25.394 INFORMATION [http-nio-8080-exec-5] org.apache.catalina.core.ApplicationContext.log Manager: undeploy: Undeploying web application at '/'
13-Jan-2025 19:54:25.926 INFORMATION [http-nio-8080-exec-6] org.apache.catalina.core.ApplicationContext.log Manager: install: Installing context configuration at 'file:/C:/Users/EDUARD~1/AppData/Local/Temp/context8803421377449889814.xml'
13-Jan-2025 19:54:27.408 INFORMATION [http-nio-8080-exec-2] org.apache.catalina.core.ApplicationContext.log Manager: start: Starting web application '/'
13-Jan-2025 19:55:41.210 INFORMATION [http-nio-8080-exec-2] org.apache.catalina.core.ApplicationContext.log Manager: init: Associated with Deployer 'Catalina:type=Deployer,host=localhost'
13-Jan-2025 19:55:41.210 INFORMATION [http-nio-8080-exec-2] org.apache.catalina.core.ApplicationContext.log Manager: init: Global resources are available
13-Jan-2025 19:55:41.217 INFORMATION [http-nio-8080-exec-5] org.apache.catalina.core.ApplicationContext.log Manager: list: Listing contexts for virtual host 'localhost'
13-Jan-2025 19:55:41.219 INFORMATION [http-nio-8080-exec-6] org.apache.catalina.core.ApplicationContext.log Manager: list: Listing contexts for virtual host 'localhost'
13-Jan-2025 19:55:41.222 INFORMATION [http-nio-8080-exec-7] org.apache.catalina.core.ApplicationContext.log Manager: undeploy: Undeploying web application at '/'
13-Jan-2025 19:55:41.742 INFORMATION [http-nio-8080-exec-10] org.apache.catalina.core.ApplicationContext.log Manager: install: Installing context configuration at 'file:/C:/Users/EDUARD~1/AppData/Local/Temp/context5288013467579932201.xml'
13-Jan-2025 19:55:43.204 INFORMATION [http-nio-8080-exec-3] org.apache.catalina.core.ApplicationContext.log Manager: start: Starting web application '/'
13-Jan-2025 19:58:44.610 INFORMATION [http-nio-8080-exec-2] org.apache.catalina.core.ApplicationContext.log Manager: init: Associated with Deployer 'Catalina:type=Deployer,host=localhost'
13-Jan-2025 19:58:44.610 INFORMATION [http-nio-8080-exec-2] org.apache.catalina.core.ApplicationContext.log Manager: init: Global resources are available
13-Jan-2025 19:58:44.620 INFORMATION [http-nio-8080-exec-4] org.apache.catalina.core.ApplicationContext.log Manager: list: Listing contexts for virtual host 'localhost'
13-Jan-2025 19:58:44.623 INFORMATION [http-nio-8080-exec-7] org.apache.catalina.core.ApplicationContext.log Manager: list: Listing contexts for virtual host 'localhost'
13-Jan-2025 19:58:44.626 INFORMATION [http-nio-8080-exec-8] org.apache.catalina.core.ApplicationContext.log Manager: undeploy: Undeploying web application at '/'
13-Jan-2025 19:58:45.159 INFORMATION [http-nio-8080-exec-6] org.apache.catalina.core.ApplicationContext.log Manager: install: Installing context configuration at 'file:/C:/Users/EDUARD~1/AppData/Local/Temp/context3969815418656767387.xml'
13-Jan-2025 19:58:46.635 INFORMATION [http-nio-8080-exec-7] org.apache.catalina.core.ApplicationContext.log Manager: start: Starting web application '/'
13-Jan-2025 21:23:07.066 INFORMATION [http-nio-8080-exec-5] org.apache.catalina.core.ApplicationContext.log Manager: init: Associated with Deployer 'Catalina:type=Deployer,host=localhost'
13-Jan-2025 21:23:07.066 INFORMATION [http-nio-8080-exec-5] org.apache.catalina.core.ApplicationContext.log Manager: init: Global resources are available
13-Jan-2025 21:23:07.099 INFORMATION [http-nio-8080-exec-8] org.apache.catalina.core.ApplicationContext.log Manager: list: Listing contexts for virtual host 'localhost'
13-Jan-2025 21:23:07.101 INFORMATION [http-nio-8080-exec-9] org.apache.catalina.core.ApplicationContext.log Manager: list: Listing contexts for virtual host 'localhost'
13-Jan-2025 21:23:07.106 INFORMATION [http-nio-8080-exec-10] org.apache.catalina.core.ApplicationContext.log Manager: undeploy: Undeploying web application at '/'
13-Jan-2025 21:23:07.647 INFORMATION [http-nio-8080-exec-4] org.apache.catalina.core.ApplicationContext.log Manager: install: Installing context configuration at 'file:/C:/Users/EDUARD~1/AppData/Local/Temp/context188011673979955023.xml'
13-Jan-2025 21:23:09.145 INFORMATION [http-nio-8080-exec-8] org.apache.catalina.core.ApplicationContext.log Manager: start: Starting web application '/'
13-Jan-2025 21:23:30.389 INFORMATION [http-nio-8080-exec-3] org.apache.catalina.core.ApplicationContext.log Manager: init: Associated with Deployer 'Catalina:type=Deployer,host=localhost'
13-Jan-2025 21:23:30.389 INFORMATION [http-nio-8080-exec-3] org.apache.catalina.core.ApplicationContext.log Manager: init: Global resources are available
13-Jan-2025 21:23:30.395 INFORMATION [http-nio-8080-exec-3] org.apache.catalina.core.ApplicationContext.log Manager: list: Listing contexts for virtual host 'localhost'
13-Jan-2025 21:23:30.397 INFORMATION [http-nio-8080-exec-7] org.apache.catalina.core.ApplicationContext.log Manager: list: Listing contexts for virtual host 'localhost'
13-Jan-2025 21:23:30.400 INFORMATION [http-nio-8080-exec-8] org.apache.catalina.core.ApplicationContext.log Manager: undeploy: Undeploying web application at '/'
13-Jan-2025 21:23:30.925 INFORMATION [http-nio-8080-exec-2] org.apache.catalina.core.ApplicationContext.log Manager: install: Installing context configuration at 'file:/C:/Users/EDUARD~1/AppData/Local/Temp/context7533793213168360448.xml'
13-Jan-2025 21:23:32.388 INFORMATION [http-nio-8080-exec-5] org.apache.catalina.core.ApplicationContext.log Manager: start: Starting web application '/'
13-Jan-2025 21:31:45.499 INFORMATION [http-nio-8080-exec-3] org.apache.catalina.core.ApplicationContext.log Manager: init: Associated with Deployer 'Catalina:type=Deployer,host=localhost'
13-Jan-2025 21:31:45.499 INFORMATION [http-nio-8080-exec-3] org.apache.catalina.core.ApplicationContext.log Manager: init: Global resources are available
13-Jan-2025 21:31:45.512 INFORMATION [http-nio-8080-exec-7] org.apache.catalina.core.ApplicationContext.log Manager: list: Listing contexts for virtual host 'localhost'
13-Jan-2025 21:31:45.514 INFORMATION [http-nio-8080-exec-8] org.apache.catalina.core.ApplicationContext.log Manager: list: Listing contexts for virtual host 'localhost'
13-Jan-2025 21:31:45.517 INFORMATION [http-nio-8080-exec-9] org.apache.catalina.core.ApplicationContext.log Manager: undeploy: Undeploying web application at '/'
13-Jan-2025 21:31:46.047 INFORMATION [http-nio-8080-exec-2] org.apache.catalina.core.ApplicationContext.log Manager: install: Installing context configuration at 'file:/C:/Users/EDUARD~1/AppData/Local/Temp/context11475391923595941923.xml'
13-Jan-2025 21:31:47.526 INFORMATION [http-nio-8080-exec-6] org.apache.catalina.core.ApplicationContext.log Manager: start: Starting web application '/'
13-Jan-2025 21:33:59.723 INFORMATION [http-nio-8080-exec-2] org.apache.catalina.core.ApplicationContext.log Manager: init: Associated with Deployer 'Catalina:type=Deployer,host=localhost'
13-Jan-2025 21:33:59.724 INFORMATION [http-nio-8080-exec-2] org.apache.catalina.core.ApplicationContext.log Manager: init: Global resources are available
13-Jan-2025 21:33:59.731 INFORMATION [http-nio-8080-exec-4] org.apache.catalina.core.ApplicationContext.log Manager: list: Listing contexts for virtual host 'localhost'
13-Jan-2025 21:33:59.733 INFORMATION [http-nio-8080-exec-8] org.apache.catalina.core.ApplicationContext.log Manager: list: Listing contexts for virtual host 'localhost'
13-Jan-2025 21:33:59.737 INFORMATION [http-nio-8080-exec-9] org.apache.catalina.core.ApplicationContext.log Manager: undeploy: Undeploying web application at '/'
13-Jan-2025 21:34:00.263 INFORMATION [http-nio-8080-exec-5] org.apache.catalina.core.ApplicationContext.log Manager: install: Installing context configuration at 'file:/C:/Users/EDUARD~1/AppData/Local/Temp/context7158584026975646108.xml'
13-Jan-2025 21:34:01.709 INFORMATION [http-nio-8080-exec-4] org.apache.catalina.core.ApplicationContext.log Manager: start: Starting web application '/'
13-Jan-2025 21:34:54.629 INFORMATION [http-nio-8080-exec-3] org.apache.catalina.core.ApplicationContext.log Manager: init: Associated with Deployer 'Catalina:type=Deployer,host=localhost'
13-Jan-2025 21:34:54.629 INFORMATION [http-nio-8080-exec-3] org.apache.catalina.core.ApplicationContext.log Manager: init: Global resources are available
13-Jan-2025 21:34:54.635 INFORMATION [http-nio-8080-exec-2] org.apache.catalina.core.ApplicationContext.log Manager: list: Listing contexts for virtual host 'localhost'
13-Jan-2025 21:34:54.637 INFORMATION [http-nio-8080-exec-6] org.apache.catalina.core.ApplicationContext.log Manager: list: Listing contexts for virtual host 'localhost'
13-Jan-2025 21:34:54.640 INFORMATION [http-nio-8080-exec-7] org.apache.catalina.core.ApplicationContext.log Manager: undeploy: Undeploying web application at '/'
13-Jan-2025 21:34:55.167 INFORMATION [http-nio-8080-exec-3] org.apache.catalina.core.ApplicationContext.log Manager: install: Installing context configuration at 'file:/C:/Users/EDUARD~1/AppData/Local/Temp/context3592567018667776469.xml'
13-Jan-2025 21:34:56.640 INFORMATION [http-nio-8080-exec-10] org.apache.catalina.core.ApplicationContext.log Manager: start: Starting web application '/'
13-Jan-2025 21:39:07.033 INFORMATION [http-nio-8080-exec-3] org.apache.catalina.core.ApplicationContext.log Manager: init: Associated with Deployer 'Catalina:type=Deployer,host=localhost'
13-Jan-2025 21:39:07.033 INFORMATION [http-nio-8080-exec-3] org.apache.catalina.core.ApplicationContext.log Manager: init: Global resources are available
13-Jan-2025 21:39:07.039 INFORMATION [http-nio-8080-exec-3] org.apache.catalina.core.ApplicationContext.log Manager: list: Listing contexts for virtual host 'localhost'
13-Jan-2025 21:39:07.041 INFORMATION [http-nio-8080-exec-6] org.apache.catalina.core.ApplicationContext.log Manager: list: Listing contexts for virtual host 'localhost'
13-Jan-2025 21:39:07.044 INFORMATION [http-nio-8080-exec-7] org.apache.catalina.core.ApplicationContext.log Manager: undeploy: Undeploying web application at '/'
13-Jan-2025 21:39:07.567 INFORMATION [http-nio-8080-exec-9] org.apache.catalina.core.ApplicationContext.log Manager: install: Installing context configuration at 'file:/C:/Users/EDUARD~1/AppData/Local/Temp/context12484973876019587344.xml'
13-Jan-2025 21:39:09.052 INFORMATION [http-nio-8080-exec-4] org.apache.catalina.core.ApplicationContext.log Manager: start: Starting web application '/'
13-Jan-2025 21:40:44.296 INFORMATION [http-nio-8080-exec-2] org.apache.catalina.core.ApplicationContext.log Manager: init: Associated with Deployer 'Catalina:type=Deployer,host=localhost'
13-Jan-2025 21:40:44.296 INFORMATION [http-nio-8080-exec-2] org.apache.catalina.core.ApplicationContext.log Manager: init: Global resources are available
13-Jan-2025 21:40:44.303 INFORMATION [http-nio-8080-exec-1] org.apache.catalina.core.ApplicationContext.log Manager: list: Listing contexts for virtual host 'localhost'
13-Jan-2025 21:40:44.305 INFORMATION [http-nio-8080-exec-5] org.apache.catalina.core.ApplicationContext.log Manager: list: Listing contexts for virtual host 'localhost'
13-Jan-2025 21:40:44.308 INFORMATION [http-nio-8080-exec-6] org.apache.catalina.core.ApplicationContext.log Manager: undeploy: Undeploying web application at '/'
13-Jan-2025 21:40:44.826 INFORMATION [http-nio-8080-exec-3] org.apache.catalina.core.ApplicationContext.log Manager: install: Installing context configuration at 'file:/C:/Users/EDUARD~1/AppData/Local/Temp/context13279741590079106511.xml'
13-Jan-2025 21:40:46.274 INFORMATION [http-nio-8080-exec-10] org.apache.catalina.core.ApplicationContext.log Manager: start: Starting web application '/'
