15-Jan-2025 18:39:01.201 INFORMATION [http-nio-8080-exec-5] org.apache.catalina.core.ApplicationContext.log Manager: init: Associated with Deployer 'Catalina:type=Deployer,host=localhost'
15-Jan-2025 18:39:01.201 INFORMATION [http-nio-8080-exec-5] org.apache.catalina.core.ApplicationContext.log Manager: init: Global resources are available
15-Jan-2025 18:39:01.234 INFORMATION [http-nio-8080-exec-8] org.apache.catalina.core.ApplicationContext.log Manager: list: Listing contexts for virtual host 'localhost'
15-Jan-2025 18:39:01.237 INFORMATION [http-nio-8080-exec-9] org.apache.catalina.core.ApplicationContext.log Manager: list: Listing contexts for virtual host 'localhost'
15-Jan-2025 18:39:01.241 INFORMATION [http-nio-8080-exec-10] org.apache.catalina.core.ApplicationContext.log Manager: undeploy: Undeploying web application at '/'
15-Jan-2025 18:39:01.780 INFORMATION [http-nio-8080-exec-2] org.apache.catalina.core.ApplicationContext.log Manager: install: Installing context configuration at 'file:/C:/Users/EDUARD~1/AppData/Local/Temp/context4121589207987316728.xml'
15-Jan-2025 18:39:03.302 INFORMATION [http-nio-8080-exec-1] org.apache.catalina.core.ApplicationContext.log Manager: start: Starting web application '/'
15-Jan-2025 18:45:40.830 INFORMATION [http-nio-8080-exec-2] org.apache.catalina.core.ApplicationContext.log Manager: init: Associated with Deployer 'Catalina:type=Deployer,host=localhost'
15-Jan-2025 18:45:40.830 INFORMATION [http-nio-8080-exec-2] org.apache.catalina.core.ApplicationContext.log Manager: init: Global resources are available
15-Jan-2025 18:45:40.838 INFORMATION [http-nio-8080-exec-2] org.apache.catalina.core.ApplicationContext.log Manager: list: Listing contexts for virtual host 'localhost'
15-Jan-2025 18:45:40.840 INFORMATION [http-nio-8080-exec-5] org.apache.catalina.core.ApplicationContext.log Manager: list: Listing contexts for virtual host 'localhost'
15-Jan-2025 18:45:40.843 INFORMATION [http-nio-8080-exec-6] org.apache.catalina.core.ApplicationContext.log Manager: undeploy: Undeploying web application at '/'
15-Jan-2025 18:45:41.372 INFORMATION [http-nio-8080-exec-7] org.apache.catalina.core.ApplicationContext.log Manager: install: Installing context configuration at 'file:/C:/Users/EDUARD~1/AppData/Local/Temp/context8018018809936123021.xml'
15-Jan-2025 18:45:42.905 INFORMATION [http-nio-8080-exec-9] org.apache.catalina.core.ApplicationContext.log Manager: start: Starting web application '/'
15-Jan-2025 18:58:28.651 INFORMATION [http-nio-8080-exec-2] org.apache.catalina.core.ApplicationContext.log Manager: init: Associated with Deployer 'Catalina:type=Deployer,host=localhost'
15-Jan-2025 18:58:28.651 INFORMATION [http-nio-8080-exec-2] org.apache.catalina.core.ApplicationContext.log Manager: init: Global resources are available
15-Jan-2025 18:58:28.660 INFORMATION [http-nio-8080-exec-3] org.apache.catalina.core.ApplicationContext.log Manager: list: Listing contexts for virtual host 'localhost'
15-Jan-2025 18:58:28.662 INFORMATION [http-nio-8080-exec-6] org.apache.catalina.core.ApplicationContext.log Manager: list: Listing contexts for virtual host 'localhost'
15-Jan-2025 18:58:28.666 INFORMATION [http-nio-8080-exec-7] org.apache.catalina.core.ApplicationContext.log Manager: undeploy: Undeploying web application at '/'
15-Jan-2025 18:58:29.190 INFORMATION [http-nio-8080-exec-6] org.apache.catalina.core.ApplicationContext.log Manager: install: Installing context configuration at 'file:/C:/Users/EDUARD~1/AppData/Local/Temp/context16975947991836337215.xml'
15-Jan-2025 18:58:30.658 INFORMATION [http-nio-8080-exec-4] org.apache.catalina.core.ApplicationContext.log Manager: start: Starting web application '/'
15-Jan-2025 19:31:12.082 INFORMATION [http-nio-8080-exec-2] org.apache.catalina.core.ApplicationContext.log Manager: init: Associated with Deployer 'Catalina:type=Deployer,host=localhost'
15-Jan-2025 19:31:12.082 INFORMATION [http-nio-8080-exec-2] org.apache.catalina.core.ApplicationContext.log Manager: init: Global resources are available
15-Jan-2025 19:31:12.093 INFORMATION [http-nio-8080-exec-5] org.apache.catalina.core.ApplicationContext.log Manager: list: Listing contexts for virtual host 'localhost'
15-Jan-2025 19:31:12.095 INFORMATION [http-nio-8080-exec-7] org.apache.catalina.core.ApplicationContext.log Manager: list: Listing contexts for virtual host 'localhost'
15-Jan-2025 19:31:12.101 INFORMATION [http-nio-8080-exec-6] org.apache.catalina.core.ApplicationContext.log Manager: undeploy: Undeploying web application at '/'
15-Jan-2025 19:31:12.624 INFORMATION [http-nio-8080-exec-2] org.apache.catalina.core.ApplicationContext.log Manager: install: Installing context configuration at 'file:/C:/Users/EDUARD~1/AppData/Local/Temp/context3877846896606303205.xml'
15-Jan-2025 19:31:14.091 INFORMATION [http-nio-8080-exec-8] org.apache.catalina.core.ApplicationContext.log Manager: start: Starting web application '/'
15-Jan-2025 19:38:49.996 INFORMATION [http-nio-8080-exec-2] org.apache.catalina.core.ApplicationContext.log Manager: init: Associated with Deployer 'Catalina:type=Deployer,host=localhost'
15-Jan-2025 19:38:49.996 INFORMATION [http-nio-8080-exec-2] org.apache.catalina.core.ApplicationContext.log Manager: init: Global resources are available
15-Jan-2025 19:38:50.005 INFORMATION [http-nio-8080-exec-4] org.apache.catalina.core.ApplicationContext.log Manager: list: Listing contexts for virtual host 'localhost'
15-Jan-2025 19:38:50.007 INFORMATION [http-nio-8080-exec-7] org.apache.catalina.core.ApplicationContext.log Manager: list: Listing contexts for virtual host 'localhost'
15-Jan-2025 19:38:50.010 INFORMATION [http-nio-8080-exec-6] org.apache.catalina.core.ApplicationContext.log Manager: undeploy: Undeploying web application at '/'
15-Jan-2025 19:38:50.543 INFORMATION [http-nio-8080-exec-3] org.apache.catalina.core.ApplicationContext.log Manager: install: Installing context configuration at 'file:/C:/Users/EDUARD~1/AppData/Local/Temp/context12829221253762487106.xml'
15-Jan-2025 19:38:51.979 INFORMATION [http-nio-8080-exec-10] org.apache.catalina.core.ApplicationContext.log Manager: start: Starting web application '/'
