26-Jan-2025 13:59:48.156 INFORMATION [http-nio-8080-exec-5] org.apache.catalina.core.ApplicationContext.log Manager: init: Associated with Deployer 'Catalina:type=Deployer,host=localhost'
26-Jan-2025 13:59:48.156 INFORMATION [http-nio-8080-exec-5] org.apache.catalina.core.ApplicationContext.log Manager: init: Global resources are available
26-Jan-2025 13:59:48.190 INFORMATION [http-nio-8080-exec-8] org.apache.catalina.core.ApplicationContext.log Manager: list: Listing contexts for virtual host 'localhost'
26-Jan-2025 13:59:48.193 INFORMATION [http-nio-8080-exec-9] org.apache.catalina.core.ApplicationContext.log Manager: list: Listing contexts for virtual host 'localhost'
26-Jan-2025 13:59:48.207 INFORMATION [http-nio-8080-exec-10] org.apache.catalina.core.ApplicationContext.log Manager: undeploy: Undeploying web application at '/GhostNetFishing'
26-Jan-2025 13:59:48.756 INFORMATION [http-nio-8080-exec-2] org.apache.catalina.core.ApplicationContext.log Manager: install: Installing context configuration at 'file:/C:/Users/EDUARD~1/AppData/Local/Temp/context10138448739512792785.xml'
26-Jan-2025 13:59:50.700 INFORMATION [http-nio-8080-exec-5] org.apache.catalina.core.ApplicationContext.log Manager: start: Starting web application '/GhostNetFishing'
26-Jan-2025 14:06:32.467 INFORMATION [http-nio-8080-exec-13] org.apache.catalina.core.ApplicationContext.log Manager: list: Listing contexts for virtual host 'localhost'
26-Jan-2025 14:06:32.468 INFORMATION [http-nio-8080-exec-14] org.apache.catalina.core.ApplicationContext.log Manager: list: Listing contexts for virtual host 'localhost'
26-Jan-2025 14:06:32.471 INFORMATION [http-nio-8080-exec-18] org.apache.catalina.core.ApplicationContext.log Manager: undeploy: Undeploying web application at '/GhostNetFishing'
26-Jan-2025 14:06:32.999 INFORMATION [http-nio-8080-exec-19] org.apache.catalina.core.ApplicationContext.log Manager: install: Installing context configuration at 'file:/C:/Users/EDUARD~1/AppData/Local/Temp/context16857451511527997469.xml'
26-Jan-2025 14:06:34.859 INFORMATION [http-nio-8080-exec-15] org.apache.catalina.core.ApplicationContext.log Manager: start: Starting web application '/GhostNetFishing'
26-Jan-2025 14:11:57.214 INFORMATION [http-nio-8080-exec-28] org.apache.catalina.core.ApplicationContext.log Manager: list: Listing contexts for virtual host 'localhost'
26-Jan-2025 14:11:57.215 INFORMATION [http-nio-8080-exec-29] org.apache.catalina.core.ApplicationContext.log Manager: list: Listing contexts for virtual host 'localhost'
26-Jan-2025 14:11:57.219 INFORMATION [http-nio-8080-exec-30] org.apache.catalina.core.ApplicationContext.log Manager: undeploy: Undeploying web application at '/GhostNetFishing'
26-Jan-2025 14:11:57.750 INFORMATION [http-nio-8080-exec-28] org.apache.catalina.core.ApplicationContext.log Manager: install: Installing context configuration at 'file:/C:/Users/EDUARD~1/AppData/Local/Temp/context17646946859084853671.xml'
26-Jan-2025 14:11:59.547 INFORMATION [http-nio-8080-exec-24] org.apache.catalina.core.ApplicationContext.log Manager: start: Starting web application '/GhostNetFishing'
26-Jan-2025 14:16:22.099 INFORMATION [http-nio-8080-exec-38] org.apache.catalina.core.ApplicationContext.log Manager: list: Listing contexts for virtual host 'localhost'
26-Jan-2025 14:16:22.100 INFORMATION [http-nio-8080-exec-39] org.apache.catalina.core.ApplicationContext.log Manager: list: Listing contexts for virtual host 'localhost'
26-Jan-2025 14:16:22.104 INFORMATION [http-nio-8080-exec-31] org.apache.catalina.core.ApplicationContext.log Manager: undeploy: Undeploying web application at '/GhostNetFishing'
26-Jan-2025 14:16:22.631 INFORMATION [http-nio-8080-exec-33] org.apache.catalina.core.ApplicationContext.log Manager: install: Installing context configuration at 'file:/C:/Users/EDUARD~1/AppData/Local/Temp/context6436590211680987534.xml'
26-Jan-2025 14:16:24.397 INFORMATION [http-nio-8080-exec-32] org.apache.catalina.core.ApplicationContext.log Manager: start: Starting web application '/GhostNetFishing'
26-Jan-2025 14:27:57.742 INFORMATION [http-nio-8080-exec-49] org.apache.catalina.core.ApplicationContext.log Manager: list: Listing contexts for virtual host 'localhost'
26-Jan-2025 14:27:57.744 INFORMATION [http-nio-8080-exec-43] org.apache.catalina.core.ApplicationContext.log Manager: list: Listing contexts for virtual host 'localhost'
26-Jan-2025 14:27:57.748 INFORMATION [http-nio-8080-exec-42] org.apache.catalina.core.ApplicationContext.log Manager: undeploy: Undeploying web application at '/GhostNetFishing'
26-Jan-2025 14:27:58.277 INFORMATION [http-nio-8080-exec-48] org.apache.catalina.core.ApplicationContext.log Manager: install: Installing context configuration at 'file:/C:/Users/EDUARD~1/AppData/Local/Temp/context14616950041026899732.xml'
26-Jan-2025 14:28:00.016 INFORMATION [http-nio-8080-exec-49] org.apache.catalina.core.ApplicationContext.log Manager: start: Starting web application '/GhostNetFishing'
26-Jan-2025 14:38:16.043 INFORMATION [http-nio-8080-exec-52] org.apache.catalina.core.ApplicationContext.log Manager: list: Listing contexts for virtual host 'localhost'
26-Jan-2025 14:38:16.044 INFORMATION [http-nio-8080-exec-54] org.apache.catalina.core.ApplicationContext.log Manager: list: Listing contexts for virtual host 'localhost'
26-Jan-2025 14:38:16.046 INFORMATION [http-nio-8080-exec-55] org.apache.catalina.core.ApplicationContext.log Manager: undeploy: Undeploying web application at '/GhostNetFishing'
26-Jan-2025 14:38:16.574 INFORMATION [http-nio-8080-exec-57] org.apache.catalina.core.ApplicationContext.log Manager: install: Installing context configuration at 'file:/C:/Users/EDUARD~1/AppData/Local/Temp/context4538471974429572368.xml'
26-Jan-2025 14:38:18.323 INFORMATION [http-nio-8080-exec-58] org.apache.catalina.core.ApplicationContext.log Manager: start: Starting web application '/GhostNetFishing'
26-Jan-2025 14:56:25.918 INFORMATION [http-nio-8080-exec-61] org.apache.catalina.core.ApplicationContext.log Manager: list: Listing contexts for virtual host 'localhost'
26-Jan-2025 14:56:25.919 INFORMATION [http-nio-8080-exec-69] org.apache.catalina.core.ApplicationContext.log Manager: list: Listing contexts for virtual host 'localhost'
26-Jan-2025 14:56:25.922 INFORMATION [http-nio-8080-exec-63] org.apache.catalina.core.ApplicationContext.log Manager: undeploy: Undeploying web application at '/GhostNetFishing'
26-Jan-2025 14:56:26.447 INFORMATION [http-nio-8080-exec-68] org.apache.catalina.core.ApplicationContext.log Manager: install: Installing context configuration at 'file:/C:/Users/EDUARD~1/AppData/Local/Temp/context12441101298758516311.xml'
26-Jan-2025 14:56:28.249 INFORMATION [http-nio-8080-exec-69] org.apache.catalina.core.ApplicationContext.log Manager: start: Starting web application '/GhostNetFishing'
26-Jan-2025 15:03:01.831 INFORMATION [http-nio-8080-exec-72] org.apache.catalina.core.ApplicationContext.log Manager: list: Listing contexts for virtual host 'localhost'
26-Jan-2025 15:03:01.832 INFORMATION [http-nio-8080-exec-74] org.apache.catalina.core.ApplicationContext.log Manager: list: Listing contexts for virtual host 'localhost'
26-Jan-2025 15:03:01.835 INFORMATION [http-nio-8080-exec-76] org.apache.catalina.core.ApplicationContext.log Manager: undeploy: Undeploying web application at '/GhostNetFishing'
26-Jan-2025 15:03:02.367 INFORMATION [http-nio-8080-exec-73] org.apache.catalina.core.ApplicationContext.log Manager: install: Installing context configuration at 'file:/C:/Users/EDUARD~1/AppData/Local/Temp/context11615445508363972.xml'
26-Jan-2025 15:03:04.137 INFORMATION [http-nio-8080-exec-80] org.apache.catalina.core.ApplicationContext.log Manager: start: Starting web application '/GhostNetFishing'
26-Jan-2025 15:36:02.433 INFORMATION [http-nio-8080-exec-86] org.apache.catalina.core.ApplicationContext.log Manager: list: Listing contexts for virtual host 'localhost'
26-Jan-2025 15:36:02.435 INFORMATION [http-nio-8080-exec-87] org.apache.catalina.core.ApplicationContext.log Manager: list: Listing contexts for virtual host 'localhost'
26-Jan-2025 15:36:02.440 INFORMATION [http-nio-8080-exec-88] org.apache.catalina.core.ApplicationContext.log Manager: undeploy: Undeploying web application at '/GhostNetFishing'
26-Jan-2025 15:36:02.972 INFORMATION [http-nio-8080-exec-84] org.apache.catalina.core.ApplicationContext.log Manager: install: Installing context configuration at 'file:/C:/Users/EDUARD~1/AppData/Local/Temp/context11682203716526449585.xml'
26-Jan-2025 15:36:04.703 INFORMATION [http-nio-8080-exec-87] org.apache.catalina.core.ApplicationContext.log Manager: start: Starting web application '/GhostNetFishing'
26-Jan-2025 15:38:07.901 INFORMATION [http-nio-8080-exec-91] org.apache.catalina.core.ApplicationContext.log Manager: list: Listing contexts for virtual host 'localhost'
26-Jan-2025 15:38:07.902 INFORMATION [http-nio-8080-exec-99] org.apache.catalina.core.ApplicationContext.log Manager: list: Listing contexts for virtual host 'localhost'
26-Jan-2025 15:38:07.905 INFORMATION [http-nio-8080-exec-93] org.apache.catalina.core.ApplicationContext.log Manager: undeploy: Undeploying web application at '/GhostNetFishing'
26-Jan-2025 15:38:08.428 INFORMATION [http-nio-8080-exec-97] org.apache.catalina.core.ApplicationContext.log Manager: install: Installing context configuration at 'file:/C:/Users/EDUARD~1/AppData/Local/Temp/context1097176999803228122.xml'
26-Jan-2025 15:38:10.126 INFORMATION [http-nio-8080-exec-91] org.apache.catalina.core.ApplicationContext.log Manager: start: Starting web application '/GhostNetFishing'
26-Jan-2025 15:43:34.020 INFORMATION [http-nio-8080-exec-107] org.apache.catalina.core.ApplicationContext.log Manager: list: Listing contexts for virtual host 'localhost'
26-Jan-2025 15:43:34.021 INFORMATION [http-nio-8080-exec-108] org.apache.catalina.core.ApplicationContext.log Manager: list: Listing contexts for virtual host 'localhost'
26-Jan-2025 15:43:34.024 INFORMATION [http-nio-8080-exec-109] org.apache.catalina.core.ApplicationContext.log Manager: undeploy: Undeploying web application at '/GhostNetFishing'
26-Jan-2025 15:43:34.544 INFORMATION [http-nio-8080-exec-104] org.apache.catalina.core.ApplicationContext.log Manager: install: Installing context configuration at 'file:/C:/Users/EDUARD~1/AppData/Local/Temp/context10928694013481740566.xml'
26-Jan-2025 15:43:36.295 INFORMATION [http-nio-8080-exec-105] org.apache.catalina.core.ApplicationContext.log Manager: start: Starting web application '/GhostNetFishing'
26-Jan-2025 15:46:24.655 INFORMATION [http-nio-8080-exec-114] org.apache.catalina.core.ApplicationContext.log Manager: list: Listing contexts for virtual host 'localhost'
26-Jan-2025 15:46:24.656 INFORMATION [http-nio-8080-exec-117] org.apache.catalina.core.ApplicationContext.log Manager: list: Listing contexts for virtual host 'localhost'
26-Jan-2025 15:46:24.659 INFORMATION [http-nio-8080-exec-119] org.apache.catalina.core.ApplicationContext.log Manager: undeploy: Undeploying web application at '/GhostNetFishing'
26-Jan-2025 15:46:25.177 INFORMATION [http-nio-8080-exec-120] org.apache.catalina.core.ApplicationContext.log Manager: install: Installing context configuration at 'file:/C:/Users/EDUARD~1/AppData/Local/Temp/context5925880794376382020.xml'
26-Jan-2025 15:46:26.916 INFORMATION [http-nio-8080-exec-116] org.apache.catalina.core.ApplicationContext.log Manager: start: Starting web application '/GhostNetFishing'
26-Jan-2025 15:53:27.992 INFORMATION [http-nio-8080-exec-123] org.apache.catalina.core.ApplicationContext.log Manager: list: Listing contexts for virtual host 'localhost'
26-Jan-2025 15:53:27.993 INFORMATION [http-nio-8080-exec-124] org.apache.catalina.core.ApplicationContext.log Manager: list: Listing contexts for virtual host 'localhost'
26-Jan-2025 15:53:27.997 INFORMATION [http-nio-8080-exec-121] org.apache.catalina.core.ApplicationContext.log Manager: undeploy: Undeploying web application at '/GhostNetFishing'
26-Jan-2025 15:53:28.517 INFORMATION [http-nio-8080-exec-128] org.apache.catalina.core.ApplicationContext.log Manager: install: Installing context configuration at 'file:/C:/Users/EDUARD~1/AppData/Local/Temp/context15857514936381563769.xml'
26-Jan-2025 15:53:30.241 INFORMATION [http-nio-8080-exec-126] org.apache.catalina.core.ApplicationContext.log Manager: start: Starting web application '/GhostNetFishing'
26-Jan-2025 15:59:33.498 INFORMATION [http-nio-8080-exec-136] org.apache.catalina.core.ApplicationContext.log Manager: list: Listing contexts for virtual host 'localhost'
26-Jan-2025 15:59:33.499 INFORMATION [http-nio-8080-exec-137] org.apache.catalina.core.ApplicationContext.log Manager: list: Listing contexts for virtual host 'localhost'
26-Jan-2025 15:59:33.502 INFORMATION [http-nio-8080-exec-138] org.apache.catalina.core.ApplicationContext.log Manager: undeploy: Undeploying web application at '/GhostNetFishing'
26-Jan-2025 15:59:34.027 INFORMATION [http-nio-8080-exec-132] org.apache.catalina.core.ApplicationContext.log Manager: install: Installing context configuration at 'file:/C:/Users/EDUARD~1/AppData/Local/Temp/context232922897428584160.xml'
26-Jan-2025 15:59:35.796 INFORMATION [http-nio-8080-exec-135] org.apache.catalina.core.ApplicationContext.log Manager: start: Starting web application '/GhostNetFishing'
26-Jan-2025 16:01:50.435 INFORMATION [http-nio-8080-exec-147] org.apache.catalina.core.ApplicationContext.log Manager: list: Listing contexts for virtual host 'localhost'
26-Jan-2025 16:01:50.436 INFORMATION [http-nio-8080-exec-148] org.apache.catalina.core.ApplicationContext.log Manager: list: Listing contexts for virtual host 'localhost'
26-Jan-2025 16:01:50.439 INFORMATION [http-nio-8080-exec-150] org.apache.catalina.core.ApplicationContext.log Manager: undeploy: Undeploying web application at '/GhostNetFishing'
26-Jan-2025 16:01:50.956 INFORMATION [http-nio-8080-exec-141] org.apache.catalina.core.ApplicationContext.log Manager: install: Installing context configuration at 'file:/C:/Users/EDUARD~1/AppData/Local/Temp/context264286747702640990.xml'
26-Jan-2025 16:01:52.698 INFORMATION [http-nio-8080-exec-146] org.apache.catalina.core.ApplicationContext.log Manager: start: Starting web application '/GhostNetFishing'
26-Jan-2025 16:03:15.879 INFORMATION [http-nio-8080-exec-157] org.apache.catalina.core.ApplicationContext.log Manager: list: Listing contexts for virtual host 'localhost'
26-Jan-2025 16:03:15.880 INFORMATION [http-nio-8080-exec-158] org.apache.catalina.core.ApplicationContext.log Manager: list: Listing contexts for virtual host 'localhost'
26-Jan-2025 16:03:15.883 INFORMATION [http-nio-8080-exec-159] org.apache.catalina.core.ApplicationContext.log Manager: undeploy: Undeploying web application at '/GhostNetFishing'
26-Jan-2025 16:03:16.404 INFORMATION [http-nio-8080-exec-154] org.apache.catalina.core.ApplicationContext.log Manager: install: Installing context configuration at 'file:/C:/Users/EDUARD~1/AppData/Local/Temp/context7448009159892487979.xml'
26-Jan-2025 16:03:18.182 INFORMATION [http-nio-8080-exec-151] org.apache.catalina.core.ApplicationContext.log Manager: start: Starting web application '/GhostNetFishing'
26-Jan-2025 16:12:50.485 INFORMATION [http-nio-8080-exec-161] org.apache.catalina.core.ApplicationContext.log Manager: list: Listing contexts for virtual host 'localhost'
26-Jan-2025 16:12:50.486 INFORMATION [http-nio-8080-exec-162] org.apache.catalina.core.ApplicationContext.log Manager: list: Listing contexts for virtual host 'localhost'
26-Jan-2025 16:12:50.489 INFORMATION [http-nio-8080-exec-165] org.apache.catalina.core.ApplicationContext.log Manager: undeploy: Undeploying web application at '/GhostNetFishing'
26-Jan-2025 16:12:51.017 INFORMATION [http-nio-8080-exec-166] org.apache.catalina.core.ApplicationContext.log Manager: install: Installing context configuration at 'file:/C:/Users/EDUARD~1/AppData/Local/Temp/context8728687954187150725.xml'
26-Jan-2025 16:12:52.759 INFORMATION [http-nio-8080-exec-161] org.apache.catalina.core.ApplicationContext.log Manager: start: Starting web application '/GhostNetFishing'
26-Jan-2025 16:34:37.343 INFORMATION [http-nio-8080-exec-173] org.apache.catalina.core.ApplicationContext.log Manager: list: Listing contexts for virtual host 'localhost'
26-Jan-2025 16:34:37.344 INFORMATION [http-nio-8080-exec-174] org.apache.catalina.core.ApplicationContext.log Manager: list: Listing contexts for virtual host 'localhost'
26-Jan-2025 16:34:37.346 INFORMATION [http-nio-8080-exec-171] org.apache.catalina.core.ApplicationContext.log Manager: undeploy: Undeploying web application at '/GhostNetFishing'
26-Jan-2025 16:34:37.867 INFORMATION [http-nio-8080-exec-179] org.apache.catalina.core.ApplicationContext.log Manager: install: Installing context configuration at 'file:/C:/Users/EDUARD~1/AppData/Local/Temp/context4644430221265951257.xml'
26-Jan-2025 16:34:39.652 INFORMATION [http-nio-8080-exec-178] org.apache.catalina.core.ApplicationContext.log Manager: start: Starting web application '/GhostNetFishing'
26-Jan-2025 16:41:23.109 INFORMATION [http-nio-8080-exec-185] org.apache.catalina.core.ApplicationContext.log Manager: list: Listing contexts for virtual host 'localhost'
26-Jan-2025 16:41:23.110 INFORMATION [http-nio-8080-exec-186] org.apache.catalina.core.ApplicationContext.log Manager: list: Listing contexts for virtual host 'localhost'
26-Jan-2025 16:41:23.112 INFORMATION [http-nio-8080-exec-187] org.apache.catalina.core.ApplicationContext.log Manager: undeploy: Undeploying web application at '/GhostNetFishing'
26-Jan-2025 16:41:23.642 INFORMATION [http-nio-8080-exec-185] org.apache.catalina.core.ApplicationContext.log Manager: install: Installing context configuration at 'file:/C:/Users/EDUARD~1/AppData/Local/Temp/context1140741614966390651.xml'
26-Jan-2025 16:41:25.405 INFORMATION [http-nio-8080-exec-184] org.apache.catalina.core.ApplicationContext.log Manager: start: Starting web application '/GhostNetFishing'
26-Jan-2025 16:47:29.995 INFORMATION [http-nio-8080-exec-200] org.apache.catalina.core.ApplicationContext.log Manager: list: Listing contexts for virtual host 'localhost'
26-Jan-2025 16:47:29.995 INFORMATION [http-nio-8080-exec-193] org.apache.catalina.core.ApplicationContext.log Manager: list: Listing contexts for virtual host 'localhost'
26-Jan-2025 16:47:29.998 INFORMATION [http-nio-8080-exec-194] org.apache.catalina.core.ApplicationContext.log Manager: undeploy: Undeploying web application at '/GhostNetFishing'
26-Jan-2025 16:47:30.519 INFORMATION [http-nio-8080-exec-192] org.apache.catalina.core.ApplicationContext.log Manager: install: Installing context configuration at 'file:/C:/Users/EDUARD~1/AppData/Local/Temp/context1698975460112095946.xml'
26-Jan-2025 16:47:32.232 INFORMATION [http-nio-8080-exec-200] org.apache.catalina.core.ApplicationContext.log Manager: start: Starting web application '/GhostNetFishing'
26-Jan-2025 16:59:25.055 INFORMATION [http-nio-8080-exec-202] org.apache.catalina.core.ApplicationContext.log Manager: list: Listing contexts for virtual host 'localhost'
26-Jan-2025 16:59:25.056 INFORMATION [http-nio-8080-exec-205] org.apache.catalina.core.ApplicationContext.log Manager: list: Listing contexts for virtual host 'localhost'
26-Jan-2025 16:59:25.058 INFORMATION [http-nio-8080-exec-206] org.apache.catalina.core.ApplicationContext.log Manager: undeploy: Undeploying web application at '/GhostNetFishing'
26-Jan-2025 16:59:25.576 INFORMATION [http-nio-8080-exec-205] org.apache.catalina.core.ApplicationContext.log Manager: install: Installing context configuration at 'file:/C:/Users/EDUARD~1/AppData/Local/Temp/context18010305686160068222.xml'
26-Jan-2025 16:59:27.334 INFORMATION [http-nio-8080-exec-204] org.apache.catalina.core.ApplicationContext.log Manager: start: Starting web application '/GhostNetFishing'
26-Jan-2025 17:04:09.144 INFORMATION [http-nio-8080-exec-212] org.apache.catalina.core.ApplicationContext.log Manager: list: Listing contexts for virtual host 'localhost'
26-Jan-2025 17:04:09.145 INFORMATION [http-nio-8080-exec-215] org.apache.catalina.core.ApplicationContext.log Manager: list: Listing contexts for virtual host 'localhost'
26-Jan-2025 17:04:09.147 INFORMATION [http-nio-8080-exec-217] org.apache.catalina.core.ApplicationContext.log Manager: undeploy: Undeploying web application at '/GhostNetFishing'
26-Jan-2025 17:04:09.673 INFORMATION [http-nio-8080-exec-211] org.apache.catalina.core.ApplicationContext.log Manager: install: Installing context configuration at 'file:/C:/Users/EDUARD~1/AppData/Local/Temp/context14929801291088168378.xml'
26-Jan-2025 17:04:11.384 INFORMATION [http-nio-8080-exec-220] org.apache.catalina.core.ApplicationContext.log Manager: start: Starting web application '/GhostNetFishing'
26-Jan-2025 17:12:04.617 INFORMATION [http-nio-8080-exec-228] org.apache.catalina.core.ApplicationContext.log Manager: list: Listing contexts for virtual host 'localhost'
26-Jan-2025 17:12:04.618 INFORMATION [http-nio-8080-exec-223] org.apache.catalina.core.ApplicationContext.log Manager: list: Listing contexts for virtual host 'localhost'
26-Jan-2025 17:12:04.621 INFORMATION [http-nio-8080-exec-224] org.apache.catalina.core.ApplicationContext.log Manager: undeploy: Undeploying web application at '/GhostNetFishing'
26-Jan-2025 17:12:05.146 INFORMATION [http-nio-8080-exec-223] org.apache.catalina.core.ApplicationContext.log Manager: install: Installing context configuration at 'file:/C:/Users/EDUARD~1/AppData/Local/Temp/context14680513984638572004.xml'
26-Jan-2025 17:12:06.865 INFORMATION [http-nio-8080-exec-221] org.apache.catalina.core.ApplicationContext.log Manager: start: Starting web application '/GhostNetFishing'
26-Jan-2025 17:22:46.084 INFORMATION [http-nio-8080-exec-236] org.apache.catalina.core.ApplicationContext.log Manager: list: Listing contexts for virtual host 'localhost'
26-Jan-2025 17:22:46.085 INFORMATION [http-nio-8080-exec-238] org.apache.catalina.core.ApplicationContext.log Manager: list: Listing contexts for virtual host 'localhost'
26-Jan-2025 17:22:46.088 INFORMATION [http-nio-8080-exec-232] org.apache.catalina.core.ApplicationContext.log Manager: undeploy: Undeploying web application at '/GhostNetFishing'
26-Jan-2025 17:22:46.613 INFORMATION [http-nio-8080-exec-234] org.apache.catalina.core.ApplicationContext.log Manager: install: Installing context configuration at 'file:/C:/Users/EDUARD~1/AppData/Local/Temp/context13658537401870418833.xml'
26-Jan-2025 17:22:48.468 INFORMATION [http-nio-8080-exec-235] org.apache.catalina.core.ApplicationContext.log Manager: start: Starting web application '/GhostNetFishing'
26-Jan-2025 17:32:04.260 INFORMATION [http-nio-8080-exec-242] org.apache.catalina.core.ApplicationContext.log Manager: list: Listing contexts for virtual host 'localhost'
26-Jan-2025 17:32:04.261 INFORMATION [http-nio-8080-exec-250] org.apache.catalina.core.ApplicationContext.log Manager: list: Listing contexts for virtual host 'localhost'
26-Jan-2025 17:32:04.264 INFORMATION [http-nio-8080-exec-244] org.apache.catalina.core.ApplicationContext.log Manager: undeploy: Undeploying web application at '/GhostNetFishing'
26-Jan-2025 17:32:04.789 INFORMATION [http-nio-8080-exec-243] org.apache.catalina.core.ApplicationContext.log Manager: install: Installing context configuration at 'file:/C:/Users/EDUARD~1/AppData/Local/Temp/context15348886000659679691.xml'
26-Jan-2025 17:32:06.581 INFORMATION [http-nio-8080-exec-250] org.apache.catalina.core.ApplicationContext.log Manager: start: Starting web application '/GhostNetFishing'
26-Jan-2025 17:37:26.122 INFORMATION [http-nio-8080-exec-252] org.apache.catalina.core.ApplicationContext.log Manager: list: Listing contexts for virtual host 'localhost'
26-Jan-2025 17:37:26.122 INFORMATION [http-nio-8080-exec-260] org.apache.catalina.core.ApplicationContext.log Manager: list: Listing contexts for virtual host 'localhost'
26-Jan-2025 17:37:26.125 INFORMATION [http-nio-8080-exec-256] org.apache.catalina.core.ApplicationContext.log Manager: undeploy: Undeploying web application at '/GhostNetFishing'
26-Jan-2025 17:37:26.654 INFORMATION [http-nio-8080-exec-253] org.apache.catalina.core.ApplicationContext.log Manager: install: Installing context configuration at 'file:/C:/Users/EDUARD~1/AppData/Local/Temp/context14584033078725065264.xml'
26-Jan-2025 17:37:28.382 INFORMATION [http-nio-8080-exec-257] org.apache.catalina.core.ApplicationContext.log Manager: start: Starting web application '/GhostNetFishing'
26-Jan-2025 17:41:44.359 INFORMATION [http-nio-8080-exec-261] org.apache.catalina.core.ApplicationContext.log Manager: list: Listing contexts for virtual host 'localhost'
26-Jan-2025 17:41:44.360 INFORMATION [http-nio-8080-exec-266] org.apache.catalina.core.ApplicationContext.log Manager: list: Listing contexts for virtual host 'localhost'
26-Jan-2025 17:41:44.363 INFORMATION [http-nio-8080-exec-270] org.apache.catalina.core.ApplicationContext.log Manager: undeploy: Undeploying web application at '/GhostNetFishing'
26-Jan-2025 17:41:44.887 INFORMATION [http-nio-8080-exec-265] org.apache.catalina.core.ApplicationContext.log Manager: install: Installing context configuration at 'file:/C:/Users/EDUARD~1/AppData/Local/Temp/context6710344300300294084.xml'
26-Jan-2025 17:41:46.597 INFORMATION [http-nio-8080-exec-269] org.apache.catalina.core.ApplicationContext.log Manager: start: Starting web application '/GhostNetFishing'
26-Jan-2025 17:45:20.169 INFORMATION [http-nio-8080-exec-280] org.apache.catalina.core.ApplicationContext.log Manager: list: Listing contexts for virtual host 'localhost'
26-Jan-2025 17:45:20.170 INFORMATION [http-nio-8080-exec-274] org.apache.catalina.core.ApplicationContext.log Manager: list: Listing contexts for virtual host 'localhost'
26-Jan-2025 17:45:20.172 INFORMATION [http-nio-8080-exec-278] org.apache.catalina.core.ApplicationContext.log Manager: undeploy: Undeploying web application at '/GhostNetFishing'
26-Jan-2025 17:45:20.697 INFORMATION [http-nio-8080-exec-277] org.apache.catalina.core.ApplicationContext.log Manager: install: Installing context configuration at 'file:/C:/Users/EDUARD~1/AppData/Local/Temp/context4716640098221703232.xml'
26-Jan-2025 17:45:22.407 INFORMATION [http-nio-8080-exec-271] org.apache.catalina.core.ApplicationContext.log Manager: start: Starting web application '/GhostNetFishing'
26-Jan-2025 17:46:07.252 INFORMATION [http-nio-8080-exec-276] org.apache.catalina.core.ApplicationContext.log Manager: list: Listing contexts for virtual host 'localhost'
26-Jan-2025 17:46:07.253 INFORMATION [http-nio-8080-exec-279] org.apache.catalina.core.ApplicationContext.log Manager: list: Listing contexts for virtual host 'localhost'
26-Jan-2025 17:46:07.255 INFORMATION [http-nio-8080-exec-283] org.apache.catalina.core.ApplicationContext.log Manager: undeploy: Undeploying web application at '/GhostNetFishing'
26-Jan-2025 17:46:07.778 INFORMATION [http-nio-8080-exec-281] org.apache.catalina.core.ApplicationContext.log Manager: install: Installing context configuration at 'file:/C:/Users/EDUARD~1/AppData/Local/Temp/context557529099717225727.xml'
26-Jan-2025 17:46:09.545 INFORMATION [http-nio-8080-exec-282] org.apache.catalina.core.ApplicationContext.log Manager: start: Starting web application '/GhostNetFishing'
26-Jan-2025 17:47:39.531 INFORMATION [http-nio-8080-exec-274] org.apache.catalina.core.ApplicationContext.log Manager: list: Listing contexts for virtual host 'localhost'
26-Jan-2025 17:47:39.531 INFORMATION [http-nio-8080-exec-272] org.apache.catalina.core.ApplicationContext.log Manager: list: Listing contexts for virtual host 'localhost'
26-Jan-2025 17:47:39.534 INFORMATION [http-nio-8080-exec-275] org.apache.catalina.core.ApplicationContext.log Manager: undeploy: Undeploying web application at '/GhostNetFishing'
26-Jan-2025 17:47:40.056 INFORMATION [http-nio-8080-exec-272] org.apache.catalina.core.ApplicationContext.log Manager: install: Installing context configuration at 'file:/C:/Users/EDUARD~1/AppData/Local/Temp/context10156820994453312442.xml'
26-Jan-2025 17:47:41.782 INFORMATION [http-nio-8080-exec-289] org.apache.catalina.core.ApplicationContext.log Manager: start: Starting web application '/GhostNetFishing'
26-Jan-2025 17:49:26.652 INFORMATION [http-nio-8080-exec-276] org.apache.catalina.core.ApplicationContext.log Manager: list: Listing contexts for virtual host 'localhost'
26-Jan-2025 17:49:26.653 INFORMATION [http-nio-8080-exec-274] org.apache.catalina.core.ApplicationContext.log Manager: list: Listing contexts for virtual host 'localhost'
26-Jan-2025 17:49:26.656 INFORMATION [http-nio-8080-exec-286] org.apache.catalina.core.ApplicationContext.log Manager: undeploy: Undeploying web application at '/GhostNetFishing'
26-Jan-2025 17:49:27.181 INFORMATION [http-nio-8080-exec-274] org.apache.catalina.core.ApplicationContext.log Manager: install: Installing context configuration at 'file:/C:/Users/EDUARD~1/AppData/Local/Temp/context9319837263072648073.xml'
26-Jan-2025 17:49:28.894 INFORMATION [http-nio-8080-exec-294] org.apache.catalina.core.ApplicationContext.log Manager: start: Starting web application '/GhostNetFishing'
26-Jan-2025 17:51:25.130 INFORMATION [http-nio-8080-exec-288] org.apache.catalina.core.ApplicationContext.log Manager: list: Listing contexts for virtual host 'localhost'
26-Jan-2025 17:51:25.130 INFORMATION [http-nio-8080-exec-299] org.apache.catalina.core.ApplicationContext.log Manager: list: Listing contexts for virtual host 'localhost'
26-Jan-2025 17:51:25.133 INFORMATION [http-nio-8080-exec-276] org.apache.catalina.core.ApplicationContext.log Manager: undeploy: Undeploying web application at '/GhostNetFishing'
26-Jan-2025 17:51:25.648 INFORMATION [http-nio-8080-exec-299] org.apache.catalina.core.ApplicationContext.log Manager: install: Installing context configuration at 'file:/C:/Users/EDUARD~1/AppData/Local/Temp/context4451487523563184037.xml'
26-Jan-2025 17:51:27.418 INFORMATION [http-nio-8080-exec-301] org.apache.catalina.core.ApplicationContext.log Manager: start: Starting web application '/GhostNetFishing'
26-Jan-2025 17:51:55.542 INFORMATION [http-nio-8080-exec-302] org.apache.catalina.core.ApplicationContext.log Manager: list: Listing contexts for virtual host 'localhost'
26-Jan-2025 17:51:55.543 INFORMATION [http-nio-8080-exec-276] org.apache.catalina.core.ApplicationContext.log Manager: list: Listing contexts for virtual host 'localhost'
26-Jan-2025 17:51:55.545 INFORMATION [http-nio-8080-exec-303] org.apache.catalina.core.ApplicationContext.log Manager: undeploy: Undeploying web application at '/GhostNetFishing'
26-Jan-2025 17:51:56.061 INFORMATION [http-nio-8080-exec-305] org.apache.catalina.core.ApplicationContext.log Manager: install: Installing context configuration at 'file:/C:/Users/EDUARD~1/AppData/Local/Temp/context13476523161692736722.xml'
26-Jan-2025 17:51:57.808 INFORMATION [http-nio-8080-exec-304] org.apache.catalina.core.ApplicationContext.log Manager: start: Starting web application '/GhostNetFishing'
26-Jan-2025 17:53:58.710 INFORMATION [http-nio-8080-exec-276] org.apache.catalina.core.ApplicationContext.log Manager: list: Listing contexts for virtual host 'localhost'
26-Jan-2025 17:53:58.711 INFORMATION [http-nio-8080-exec-287] org.apache.catalina.core.ApplicationContext.log Manager: list: Listing contexts for virtual host 'localhost'
26-Jan-2025 17:53:58.713 INFORMATION [http-nio-8080-exec-288] org.apache.catalina.core.ApplicationContext.log Manager: undeploy: Undeploying web application at '/GhostNetFishing'
26-Jan-2025 17:53:59.238 INFORMATION [http-nio-8080-exec-287] org.apache.catalina.core.ApplicationContext.log Manager: install: Installing context configuration at 'file:/C:/Users/EDUARD~1/AppData/Local/Temp/context4137741485478170260.xml'
26-Jan-2025 17:54:00.984 INFORMATION [http-nio-8080-exec-308] org.apache.catalina.core.ApplicationContext.log Manager: start: Starting web application '/GhostNetFishing'
26-Jan-2025 17:57:31.850 INFORMATION [http-nio-8080-exec-315] org.apache.catalina.core.ApplicationContext.log Manager: list: Listing contexts for virtual host 'localhost'
26-Jan-2025 17:57:31.851 INFORMATION [http-nio-8080-exec-318] org.apache.catalina.core.ApplicationContext.log Manager: list: Listing contexts for virtual host 'localhost'
26-Jan-2025 17:57:31.854 INFORMATION [http-nio-8080-exec-319] org.apache.catalina.core.ApplicationContext.log Manager: undeploy: Undeploying web application at '/GhostNetFishing'
26-Jan-2025 17:57:32.397 INFORMATION [http-nio-8080-exec-311] org.apache.catalina.core.ApplicationContext.log Manager: install: Installing context configuration at 'file:/C:/Users/EDUARD~1/AppData/Local/Temp/context5828651389265850560.xml'
26-Jan-2025 17:57:34.295 INFORMATION [http-nio-8080-exec-317] org.apache.catalina.core.ApplicationContext.log Manager: start: Starting web application '/GhostNetFishing'
26-Jan-2025 18:00:26.761 INFORMATION [http-nio-8080-exec-329] org.apache.catalina.core.ApplicationContext.log Manager: list: Listing contexts for virtual host 'localhost'
26-Jan-2025 18:00:26.762 INFORMATION [http-nio-8080-exec-323] org.apache.catalina.core.ApplicationContext.log Manager: list: Listing contexts for virtual host 'localhost'
26-Jan-2025 18:00:26.764 INFORMATION [http-nio-8080-exec-322] org.apache.catalina.core.ApplicationContext.log Manager: undeploy: Undeploying web application at '/GhostNetFishing'
26-Jan-2025 18:00:27.293 INFORMATION [http-nio-8080-exec-330] org.apache.catalina.core.ApplicationContext.log Manager: install: Installing context configuration at 'file:/C:/Users/EDUARD~1/AppData/Local/Temp/context721734826933854836.xml'
26-Jan-2025 18:00:29.174 INFORMATION [http-nio-8080-exec-324] org.apache.catalina.core.ApplicationContext.log Manager: start: Starting web application '/GhostNetFishing'
26-Jan-2025 19:17:24.424 INFORMATION [http-nio-8080-exec-5] org.apache.catalina.core.ApplicationContext.log Manager: init: Associated with Deployer 'Catalina:type=Deployer,host=localhost'
26-Jan-2025 19:17:24.424 INFORMATION [http-nio-8080-exec-5] org.apache.catalina.core.ApplicationContext.log Manager: init: Global resources are available
26-Jan-2025 19:17:24.446 INFORMATION [http-nio-8080-exec-8] org.apache.catalina.core.ApplicationContext.log Manager: list: Listing contexts for virtual host 'localhost'
26-Jan-2025 19:17:24.447 INFORMATION [http-nio-8080-exec-9] org.apache.catalina.core.ApplicationContext.log Manager: list: Listing contexts for virtual host 'localhost'
26-Jan-2025 19:17:24.454 INFORMATION [http-nio-8080-exec-10] org.apache.catalina.core.ApplicationContext.log Manager: undeploy: Undeploying web application at '/GhostNetFishing'
26-Jan-2025 19:17:24.992 INFORMATION [http-nio-8080-exec-4] org.apache.catalina.core.ApplicationContext.log Manager: install: Installing context configuration at 'file:/C:/Users/EDUARD~1/AppData/Local/Temp/context6241330717527818662.xml'
26-Jan-2025 19:17:26.925 INFORMATION [http-nio-8080-exec-5] org.apache.catalina.core.ApplicationContext.log Manager: start: Starting web application '/GhostNetFishing'
