14-Jan-2025 18:16:26.098 INFORMATION [http-nio-8080-exec-5] org.apache.catalina.core.ApplicationContext.log Manager: init: Associated with Deployer 'Catalina:type=Deployer,host=localhost'
14-Jan-2025 18:16:26.098 INFORMATION [http-nio-8080-exec-5] org.apache.catalina.core.ApplicationContext.log Manager: init: Global resources are available
14-Jan-2025 18:16:26.133 INFORMATION [http-nio-8080-exec-9] org.apache.catalina.core.ApplicationContext.log Manager: list: Listing contexts for virtual host 'localhost'
14-Jan-2025 18:16:26.136 INFORMATION [http-nio-8080-exec-10] org.apache.catalina.core.ApplicationContext.log Manager: list: Listing contexts for virtual host 'localhost'
14-Jan-2025 18:16:26.141 INFORMATION [http-nio-8080-exec-1] org.apache.catalina.core.ApplicationContext.log Manager: undeploy: Undeploying web application at '/'
14-Jan-2025 18:16:26.679 INFORMATION [http-nio-8080-exec-8] org.apache.catalina.core.ApplicationContext.log Manager: install: Installing context configuration at 'file:/C:/Users/EDUARD~1/AppData/Local/Temp/context2361973672237641184.xml'
14-Jan-2025 18:16:28.225 INFORMATION [http-nio-8080-exec-5] org.apache.catalina.core.ApplicationContext.log Manager: start: Starting web application '/'
14-Jan-2025 18:18:38.473 INFORMATION [http-nio-8080-exec-3] org.apache.catalina.core.ApplicationContext.log Manager: init: Associated with Deployer 'Catalina:type=Deployer,host=localhost'
14-Jan-2025 18:18:38.473 INFORMATION [http-nio-8080-exec-3] org.apache.catalina.core.ApplicationContext.log Manager: init: Global resources are available
14-Jan-2025 18:18:38.486 INFORMATION [http-nio-8080-exec-6] org.apache.catalina.core.ApplicationContext.log Manager: list: Listing contexts for virtual host 'localhost'
14-Jan-2025 18:18:38.488 INFORMATION [http-nio-8080-exec-7] org.apache.catalina.core.ApplicationContext.log Manager: list: Listing contexts for virtual host 'localhost'
14-Jan-2025 18:18:38.491 INFORMATION [http-nio-8080-exec-8] org.apache.catalina.core.ApplicationContext.log Manager: undeploy: Undeploying web application at '/'
14-Jan-2025 18:18:39.019 INFORMATION [http-nio-8080-exec-5] org.apache.catalina.core.ApplicationContext.log Manager: install: Installing context configuration at 'file:/C:/Users/EDUARD~1/AppData/Local/Temp/context245599989323639874.xml'
14-Jan-2025 18:18:40.487 INFORMATION [http-nio-8080-exec-6] org.apache.catalina.core.ApplicationContext.log Manager: start: Starting web application '/'
14-Jan-2025 18:21:19.051 INFORMATION [http-nio-8080-exec-15] org.apache.catalina.core.ApplicationContext.log Manager: list: Listing contexts for virtual host 'localhost'
14-Jan-2025 18:21:19.053 INFORMATION [http-nio-8080-exec-16] org.apache.catalina.core.ApplicationContext.log Manager: list: Listing contexts for virtual host 'localhost'
14-Jan-2025 18:21:19.055 INFORMATION [http-nio-8080-exec-17] org.apache.catalina.core.ApplicationContext.log Manager: undeploy: Undeploying web application at '/'
14-Jan-2025 18:21:19.585 INFORMATION [http-nio-8080-exec-14] org.apache.catalina.core.ApplicationContext.log Manager: install: Installing context configuration at 'file:/C:/Users/EDUARD~1/AppData/Local/Temp/context8177487464522173342.xml'
14-Jan-2025 18:21:20.990 INFORMATION [http-nio-8080-exec-18] org.apache.catalina.core.ApplicationContext.log Manager: start: Starting web application '/'
14-Jan-2025 18:22:35.746 INFORMATION [http-nio-8080-exec-22] org.apache.catalina.core.ApplicationContext.log Manager: list: Listing contexts for virtual host 'localhost'
14-Jan-2025 18:22:35.747 INFORMATION [http-nio-8080-exec-17] org.apache.catalina.core.ApplicationContext.log Manager: list: Listing contexts for virtual host 'localhost'
14-Jan-2025 18:22:35.750 INFORMATION [http-nio-8080-exec-24] org.apache.catalina.core.ApplicationContext.log Manager: undeploy: Undeploying web application at '/'
14-Jan-2025 18:22:36.269 INFORMATION [http-nio-8080-exec-19] org.apache.catalina.core.ApplicationContext.log Manager: install: Installing context configuration at 'file:/C:/Users/EDUARD~1/AppData/Local/Temp/context1921683808208169861.xml'
14-Jan-2025 18:22:37.573 INFORMATION [http-nio-8080-exec-15] org.apache.catalina.core.ApplicationContext.log Manager: start: Starting web application '/'
14-Jan-2025 19:15:30.676 INFORMATION [http-nio-8080-exec-2] org.apache.catalina.core.ApplicationContext.log Manager: init: Associated with Deployer 'Catalina:type=Deployer,host=localhost'
14-Jan-2025 19:15:30.676 INFORMATION [http-nio-8080-exec-2] org.apache.catalina.core.ApplicationContext.log Manager: init: Global resources are available
14-Jan-2025 19:15:30.685 INFORMATION [http-nio-8080-exec-4] org.apache.catalina.core.ApplicationContext.log Manager: list: Listing contexts for virtual host 'localhost'
14-Jan-2025 19:15:30.687 INFORMATION [http-nio-8080-exec-7] org.apache.catalina.core.ApplicationContext.log Manager: list: Listing contexts for virtual host 'localhost'
14-Jan-2025 19:15:30.691 INFORMATION [http-nio-8080-exec-6] org.apache.catalina.core.ApplicationContext.log Manager: undeploy: Undeploying web application at '/'
14-Jan-2025 19:15:31.217 INFORMATION [http-nio-8080-exec-9] org.apache.catalina.core.ApplicationContext.log Manager: install: Installing context configuration at 'file:/C:/Users/EDUARD~1/AppData/Local/Temp/context12846605477023863444.xml'
14-Jan-2025 19:15:32.650 INFORMATION [http-nio-8080-exec-7] org.apache.catalina.core.ApplicationContext.log Manager: start: Starting web application '/'
14-Jan-2025 19:24:02.170 INFORMATION [http-nio-8080-exec-3] org.apache.catalina.core.ApplicationContext.log Manager: init: Associated with Deployer 'Catalina:type=Deployer,host=localhost'
14-Jan-2025 19:24:02.170 INFORMATION [http-nio-8080-exec-3] org.apache.catalina.core.ApplicationContext.log Manager: init: Global resources are available
14-Jan-2025 19:24:02.179 INFORMATION [http-nio-8080-exec-4] org.apache.catalina.core.ApplicationContext.log Manager: list: Listing contexts for virtual host 'localhost'
14-Jan-2025 19:24:02.180 INFORMATION [http-nio-8080-exec-7] org.apache.catalina.core.ApplicationContext.log Manager: list: Listing contexts for virtual host 'localhost'
14-Jan-2025 19:24:02.184 INFORMATION [http-nio-8080-exec-8] org.apache.catalina.core.ApplicationContext.log Manager: undeploy: Undeploying web application at '/'
14-Jan-2025 19:24:02.713 INFORMATION [http-nio-8080-exec-7] org.apache.catalina.core.ApplicationContext.log Manager: install: Installing context configuration at 'file:/C:/Users/EDUARD~1/AppData/Local/Temp/context6524283874529413018.xml'
14-Jan-2025 19:24:04.193 INFORMATION [http-nio-8080-exec-5] org.apache.catalina.core.ApplicationContext.log Manager: start: Starting web application '/'
14-Jan-2025 19:26:16.203 INFORMATION [http-nio-8080-exec-2] org.apache.catalina.core.ApplicationContext.log Manager: init: Associated with Deployer 'Catalina:type=Deployer,host=localhost'
14-Jan-2025 19:26:16.203 INFORMATION [http-nio-8080-exec-2] org.apache.catalina.core.ApplicationContext.log Manager: init: Global resources are available
14-Jan-2025 19:26:16.210 INFORMATION [http-nio-8080-exec-1] org.apache.catalina.core.ApplicationContext.log Manager: list: Listing contexts for virtual host 'localhost'
14-Jan-2025 19:26:16.212 INFORMATION [http-nio-8080-exec-5] org.apache.catalina.core.ApplicationContext.log Manager: list: Listing contexts for virtual host 'localhost'
14-Jan-2025 19:26:16.216 INFORMATION [http-nio-8080-exec-6] org.apache.catalina.core.ApplicationContext.log Manager: undeploy: Undeploying web application at '/'
14-Jan-2025 19:26:16.739 INFORMATION [http-nio-8080-exec-1] org.apache.catalina.core.ApplicationContext.log Manager: install: Installing context configuration at 'file:/C:/Users/EDUARD~1/AppData/Local/Temp/context1034998127772786539.xml'
14-Jan-2025 19:26:18.219 INFORMATION [http-nio-8080-exec-2] org.apache.catalina.core.ApplicationContext.log Manager: start: Starting web application '/'
14-Jan-2025 19:48:21.656 INFORMATION [http-nio-8080-exec-2] org.apache.catalina.core.ApplicationContext.log Manager: init: Associated with Deployer 'Catalina:type=Deployer,host=localhost'
14-Jan-2025 19:48:21.656 INFORMATION [http-nio-8080-exec-2] org.apache.catalina.core.ApplicationContext.log Manager: init: Global resources are available
14-Jan-2025 19:48:21.663 INFORMATION [http-nio-8080-exec-3] org.apache.catalina.core.ApplicationContext.log Manager: list: Listing contexts for virtual host 'localhost'
14-Jan-2025 19:48:21.665 INFORMATION [http-nio-8080-exec-6] org.apache.catalina.core.ApplicationContext.log Manager: list: Listing contexts for virtual host 'localhost'
14-Jan-2025 19:48:21.669 INFORMATION [http-nio-8080-exec-7] org.apache.catalina.core.ApplicationContext.log Manager: undeploy: Undeploying web application at '/'
14-Jan-2025 19:48:22.200 INFORMATION [http-nio-8080-exec-4] org.apache.catalina.core.ApplicationContext.log Manager: install: Installing context configuration at 'file:/C:/Users/EDUARD~1/AppData/Local/Temp/context9541408552172377070.xml'
14-Jan-2025 19:48:23.655 INFORMATION [http-nio-8080-exec-1] org.apache.catalina.core.ApplicationContext.log Manager: start: Starting web application '/'
14-Jan-2025 19:51:19.596 INFORMATION [http-nio-8080-exec-1] org.apache.catalina.core.ApplicationContext.log Manager: init: Associated with Deployer 'Catalina:type=Deployer,host=localhost'
14-Jan-2025 19:51:19.596 INFORMATION [http-nio-8080-exec-1] org.apache.catalina.core.ApplicationContext.log Manager: init: Global resources are available
14-Jan-2025 19:51:19.604 INFORMATION [http-nio-8080-exec-1] org.apache.catalina.core.ApplicationContext.log Manager: list: Listing contexts for virtual host 'localhost'
14-Jan-2025 19:51:19.606 INFORMATION [http-nio-8080-exec-5] org.apache.catalina.core.ApplicationContext.log Manager: list: Listing contexts for virtual host 'localhost'
14-Jan-2025 19:51:19.609 INFORMATION [http-nio-8080-exec-7] org.apache.catalina.core.ApplicationContext.log Manager: undeploy: Undeploying web application at '/'
14-Jan-2025 19:51:20.135 INFORMATION [http-nio-8080-exec-1] org.apache.catalina.core.ApplicationContext.log Manager: install: Installing context configuration at 'file:/C:/Users/EDUARD~1/AppData/Local/Temp/context8522045174780325622.xml'
14-Jan-2025 19:51:21.599 INFORMATION [http-nio-8080-exec-6] org.apache.catalina.core.ApplicationContext.log Manager: start: Starting web application '/'
14-Jan-2025 19:56:15.520 INFORMATION [http-nio-8080-exec-4] org.apache.catalina.core.ApplicationContext.log Manager: init: Associated with Deployer 'Catalina:type=Deployer,host=localhost'
14-Jan-2025 19:56:15.520 INFORMATION [http-nio-8080-exec-4] org.apache.catalina.core.ApplicationContext.log Manager: init: Global resources are available
14-Jan-2025 19:56:15.538 INFORMATION [http-nio-8080-exec-10] org.apache.catalina.core.ApplicationContext.log Manager: list: Listing contexts for virtual host 'localhost'
14-Jan-2025 19:56:15.541 INFORMATION [http-nio-8080-exec-9] org.apache.catalina.core.ApplicationContext.log Manager: list: Listing contexts for virtual host 'localhost'
14-Jan-2025 19:56:15.549 INFORMATION [http-nio-8080-exec-8] org.apache.catalina.core.ApplicationContext.log Manager: undeploy: Undeploying web application at '/'
14-Jan-2025 19:56:16.082 INFORMATION [http-nio-8080-exec-6] org.apache.catalina.core.ApplicationContext.log Manager: install: Installing context configuration at 'file:/C:/Users/EDUARD~1/AppData/Local/Temp/context5571458249210848678.xml'
14-Jan-2025 19:56:17.597 INFORMATION [http-nio-8080-exec-7] org.apache.catalina.core.ApplicationContext.log Manager: start: Starting web application '/'
14-Jan-2025 19:57:40.318 INFORMATION [http-nio-8080-exec-3] org.apache.catalina.core.ApplicationContext.log Manager: init: Associated with Deployer 'Catalina:type=Deployer,host=localhost'
14-Jan-2025 19:57:40.318 INFORMATION [http-nio-8080-exec-3] org.apache.catalina.core.ApplicationContext.log Manager: init: Global resources are available
14-Jan-2025 19:57:40.327 INFORMATION [http-nio-8080-exec-6] org.apache.catalina.core.ApplicationContext.log Manager: list: Listing contexts for virtual host 'localhost'
14-Jan-2025 19:57:40.329 INFORMATION [http-nio-8080-exec-8] org.apache.catalina.core.ApplicationContext.log Manager: list: Listing contexts for virtual host 'localhost'
14-Jan-2025 19:57:40.333 INFORMATION [http-nio-8080-exec-7] org.apache.catalina.core.ApplicationContext.log Manager: undeploy: Undeploying web application at '/'
14-Jan-2025 19:57:40.853 INFORMATION [http-nio-8080-exec-1] org.apache.catalina.core.ApplicationContext.log Manager: install: Installing context configuration at 'file:/C:/Users/EDUARD~1/AppData/Local/Temp/context7868911537488136709.xml'
14-Jan-2025 19:57:42.373 INFORMATION [http-nio-8080-exec-6] org.apache.catalina.core.ApplicationContext.log Manager: start: Starting web application '/'
