25-Jan-2025 13:16:06.270 INFORMATION [http-nio-8080-exec-5] org.apache.catalina.core.ApplicationContext.log Manager: init: Associated with Deployer 'Catalina:type=Deployer,host=localhost'
25-Jan-2025 13:16:06.270 INFORMATION [http-nio-8080-exec-5] org.apache.catalina.core.ApplicationContext.log Manager: init: Global resources are available
25-Jan-2025 13:16:06.308 INFORMATION [http-nio-8080-exec-8] org.apache.catalina.core.ApplicationContext.log Manager: list: Listing contexts for virtual host 'localhost'
25-Jan-2025 13:16:06.310 INFORMATION [http-nio-8080-exec-9] org.apache.catalina.core.ApplicationContext.log Manager: list: Listing contexts for virtual host 'localhost'
25-Jan-2025 13:16:06.322 INFORMATION [http-nio-8080-exec-10] org.apache.catalina.core.ApplicationContext.log Manager: undeploy: Undeploying web application at '/GhostNetFishing'
25-Jan-2025 13:16:06.884 INFORMATION [http-nio-8080-exec-9] org.apache.catalina.core.ApplicationContext.log Manager: install: Installing context configuration at 'file:/C:/Users/EDUARD~1/AppData/Local/Temp/context1017828198856471669.xml'
25-Jan-2025 13:16:08.830 INFORMATION [http-nio-8080-exec-3] org.apache.catalina.core.ApplicationContext.log Manager: start: Starting web application '/GhostNetFishing'
25-Jan-2025 13:18:59.260 INFORMATION [http-nio-8080-exec-15] org.apache.catalina.core.ApplicationContext.log Manager: list: Listing contexts for virtual host 'localhost'
25-Jan-2025 13:18:59.261 INFORMATION [http-nio-8080-exec-16] org.apache.catalina.core.ApplicationContext.log Manager: list: Listing contexts for virtual host 'localhost'
25-Jan-2025 13:18:59.264 INFORMATION [http-nio-8080-exec-17] org.apache.catalina.core.ApplicationContext.log Manager: undeploy: Undeploying web application at '/GhostNetFishing'
25-Jan-2025 13:18:59.801 INFORMATION [http-nio-8080-exec-11] org.apache.catalina.core.ApplicationContext.log Manager: install: Installing context configuration at 'file:/C:/Users/EDUARD~1/AppData/Local/Temp/context4691584970763770897.xml'
25-Jan-2025 13:19:01.635 INFORMATION [http-nio-8080-exec-20] org.apache.catalina.core.ApplicationContext.log Manager: start: Starting web application '/GhostNetFishing'
25-Jan-2025 13:20:13.629 INFORMATION [http-nio-8080-exec-21] org.apache.catalina.core.ApplicationContext.log Manager: list: Listing contexts for virtual host 'localhost'
25-Jan-2025 13:20:13.630 INFORMATION [http-nio-8080-exec-24] org.apache.catalina.core.ApplicationContext.log Manager: list: Listing contexts for virtual host 'localhost'
25-Jan-2025 13:20:13.634 INFORMATION [http-nio-8080-exec-13] org.apache.catalina.core.ApplicationContext.log Manager: undeploy: Undeploying web application at '/GhostNetFishing'
25-Jan-2025 13:20:14.164 INFORMATION [http-nio-8080-exec-22] org.apache.catalina.core.ApplicationContext.log Manager: install: Installing context configuration at 'file:/C:/Users/EDUARD~1/AppData/Local/Temp/context12077740867837276304.xml'
25-Jan-2025 13:20:15.996 INFORMATION [http-nio-8080-exec-28] org.apache.catalina.core.ApplicationContext.log Manager: start: Starting web application '/GhostNetFishing'
25-Jan-2025 13:22:00.133 INFORMATION [http-nio-8080-exec-35] org.apache.catalina.core.ApplicationContext.log Manager: list: Listing contexts for virtual host 'localhost'
25-Jan-2025 13:22:00.134 INFORMATION [http-nio-8080-exec-36] org.apache.catalina.core.ApplicationContext.log Manager: list: Listing contexts for virtual host 'localhost'
25-Jan-2025 13:22:00.137 INFORMATION [http-nio-8080-exec-38] org.apache.catalina.core.ApplicationContext.log Manager: undeploy: Undeploying web application at '/GhostNetFishing'
25-Jan-2025 13:22:00.661 INFORMATION [http-nio-8080-exec-34] org.apache.catalina.core.ApplicationContext.log Manager: install: Installing context configuration at 'file:/C:/Users/EDUARD~1/AppData/Local/Temp/context4949070091786372302.xml'
25-Jan-2025 13:22:02.454 INFORMATION [http-nio-8080-exec-32] org.apache.catalina.core.ApplicationContext.log Manager: start: Starting web application '/GhostNetFishing'
25-Jan-2025 13:25:03.539 INFORMATION [http-nio-8080-exec-44] org.apache.catalina.core.ApplicationContext.log Manager: list: Listing contexts for virtual host 'localhost'
25-Jan-2025 13:25:03.540 INFORMATION [http-nio-8080-exec-45] org.apache.catalina.core.ApplicationContext.log Manager: list: Listing contexts for virtual host 'localhost'
25-Jan-2025 13:25:03.543 INFORMATION [http-nio-8080-exec-46] org.apache.catalina.core.ApplicationContext.log Manager: undeploy: Undeploying web application at '/GhostNetFishing'
25-Jan-2025 13:25:04.063 INFORMATION [http-nio-8080-exec-43] org.apache.catalina.core.ApplicationContext.log Manager: install: Installing context configuration at 'file:/C:/Users/EDUARD~1/AppData/Local/Temp/context12826985116686293659.xml'
25-Jan-2025 13:25:05.940 INFORMATION [http-nio-8080-exec-47] org.apache.catalina.core.ApplicationContext.log Manager: start: Starting web application '/GhostNetFishing'
25-Jan-2025 13:26:40.050 INFORMATION [http-nio-8080-exec-56] org.apache.catalina.core.ApplicationContext.log Manager: list: Listing contexts for virtual host 'localhost'
25-Jan-2025 13:26:40.051 INFORMATION [http-nio-8080-exec-55] org.apache.catalina.core.ApplicationContext.log Manager: list: Listing contexts for virtual host 'localhost'
25-Jan-2025 13:26:40.054 INFORMATION [http-nio-8080-exec-57] org.apache.catalina.core.ApplicationContext.log Manager: undeploy: Undeploying web application at '/GhostNetFishing'
25-Jan-2025 13:26:40.575 INFORMATION [http-nio-8080-exec-50] org.apache.catalina.core.ApplicationContext.log Manager: install: Installing context configuration at 'file:/C:/Users/EDUARD~1/AppData/Local/Temp/context13000202352090380556.xml'
25-Jan-2025 13:26:42.374 INFORMATION [http-nio-8080-exec-53] org.apache.catalina.core.ApplicationContext.log Manager: start: Starting web application '/GhostNetFishing'
25-Jan-2025 13:31:22.219 INFORMATION [http-nio-8080-exec-59] org.apache.catalina.core.ApplicationContext.log Manager: list: Listing contexts for virtual host 'localhost'
25-Jan-2025 13:31:22.220 INFORMATION [http-nio-8080-exec-60] org.apache.catalina.core.ApplicationContext.log Manager: list: Listing contexts for virtual host 'localhost'
25-Jan-2025 13:31:22.223 INFORMATION [http-nio-8080-exec-66] org.apache.catalina.core.ApplicationContext.log Manager: undeploy: Undeploying web application at '/GhostNetFishing'
25-Jan-2025 13:31:22.743 INFORMATION [http-nio-8080-exec-58] org.apache.catalina.core.ApplicationContext.log Manager: install: Installing context configuration at 'file:/C:/Users/EDUARD~1/AppData/Local/Temp/context17012336913888961711.xml'
25-Jan-2025 13:31:24.515 INFORMATION [http-nio-8080-exec-62] org.apache.catalina.core.ApplicationContext.log Manager: start: Starting web application '/GhostNetFishing'
25-Jan-2025 13:33:11.899 INFORMATION [http-nio-8080-exec-74] org.apache.catalina.core.ApplicationContext.log Manager: list: Listing contexts for virtual host 'localhost'
25-Jan-2025 13:33:11.900 INFORMATION [http-nio-8080-exec-76] org.apache.catalina.core.ApplicationContext.log Manager: list: Listing contexts for virtual host 'localhost'
25-Jan-2025 13:33:11.903 INFORMATION [http-nio-8080-exec-61] org.apache.catalina.core.ApplicationContext.log Manager: undeploy: Undeploying web application at '/GhostNetFishing'
25-Jan-2025 13:33:12.429 INFORMATION [http-nio-8080-exec-73] org.apache.catalina.core.ApplicationContext.log Manager: install: Installing context configuration at 'file:/C:/Users/EDUARD~1/AppData/Local/Temp/context2898749150072940771.xml'
25-Jan-2025 13:33:14.210 INFORMATION [http-nio-8080-exec-70] org.apache.catalina.core.ApplicationContext.log Manager: start: Starting web application '/GhostNetFishing'
25-Jan-2025 13:39:07.818 INFORMATION [http-nio-8080-exec-83] org.apache.catalina.core.ApplicationContext.log Manager: list: Listing contexts for virtual host 'localhost'
25-Jan-2025 13:39:07.819 INFORMATION [http-nio-8080-exec-84] org.apache.catalina.core.ApplicationContext.log Manager: list: Listing contexts for virtual host 'localhost'
25-Jan-2025 13:39:07.823 INFORMATION [http-nio-8080-exec-85] org.apache.catalina.core.ApplicationContext.log Manager: undeploy: Undeploying web application at '/GhostNetFishing'
25-Jan-2025 13:39:08.350 INFORMATION [http-nio-8080-exec-83] org.apache.catalina.core.ApplicationContext.log Manager: install: Installing context configuration at 'file:/C:/Users/EDUARD~1/AppData/Local/Temp/context1555553102552722201.xml'
25-Jan-2025 13:39:10.211 INFORMATION [http-nio-8080-exec-78] org.apache.catalina.core.ApplicationContext.log Manager: start: Starting web application '/GhostNetFishing'
25-Jan-2025 13:41:14.900 INFORMATION [http-nio-8080-exec-93] org.apache.catalina.core.ApplicationContext.log Manager: list: Listing contexts for virtual host 'localhost'
25-Jan-2025 13:41:14.901 INFORMATION [http-nio-8080-exec-94] org.apache.catalina.core.ApplicationContext.log Manager: list: Listing contexts for virtual host 'localhost'
25-Jan-2025 13:41:14.905 INFORMATION [http-nio-8080-exec-96] org.apache.catalina.core.ApplicationContext.log Manager: undeploy: Undeploying web application at '/GhostNetFishing'
25-Jan-2025 13:41:15.422 INFORMATION [http-nio-8080-exec-95] org.apache.catalina.core.ApplicationContext.log Manager: install: Installing context configuration at 'file:/C:/Users/EDUARD~1/AppData/Local/Temp/context6767629861880223209.xml'
25-Jan-2025 13:41:17.175 INFORMATION [http-nio-8080-exec-93] org.apache.catalina.core.ApplicationContext.log Manager: start: Starting web application '/GhostNetFishing'
25-Jan-2025 15:57:52.515 INFORMATION [http-nio-8080-exec-103] org.apache.catalina.core.ApplicationContext.log Manager: list: Listing contexts for virtual host 'localhost'
25-Jan-2025 15:57:52.516 INFORMATION [http-nio-8080-exec-104] org.apache.catalina.core.ApplicationContext.log Manager: list: Listing contexts for virtual host 'localhost'
25-Jan-2025 15:57:52.520 INFORMATION [http-nio-8080-exec-105] org.apache.catalina.core.ApplicationContext.log Manager: undeploy: Undeploying web application at '/GhostNetFishing'
25-Jan-2025 15:57:53.041 INFORMATION [http-nio-8080-exec-97] org.apache.catalina.core.ApplicationContext.log Manager: install: Installing context configuration at 'file:/C:/Users/EDUARD~1/AppData/Local/Temp/context13907310223349479835.xml'
25-Jan-2025 15:57:54.903 INFORMATION [http-nio-8080-exec-104] org.apache.catalina.core.ApplicationContext.log Manager: start: Starting web application '/GhostNetFishing'
25-Jan-2025 16:02:02.652 INFORMATION [http-nio-8080-exec-113] org.apache.catalina.core.ApplicationContext.log Manager: list: Listing contexts for virtual host 'localhost'
25-Jan-2025 16:02:02.653 INFORMATION [http-nio-8080-exec-114] org.apache.catalina.core.ApplicationContext.log Manager: list: Listing contexts for virtual host 'localhost'
25-Jan-2025 16:02:02.656 INFORMATION [http-nio-8080-exec-115] org.apache.catalina.core.ApplicationContext.log Manager: undeploy: Undeploying web application at '/GhostNetFishing'
25-Jan-2025 16:02:03.180 INFORMATION [http-nio-8080-exec-107] org.apache.catalina.core.ApplicationContext.log Manager: install: Installing context configuration at 'file:/C:/Users/EDUARD~1/AppData/Local/Temp/context6062375400766293005.xml'
25-Jan-2025 16:02:04.920 INFORMATION [http-nio-8080-exec-112] org.apache.catalina.core.ApplicationContext.log Manager: start: Starting web application '/GhostNetFishing'
25-Jan-2025 16:21:57.643 INFORMATION [http-nio-8080-exec-123] org.apache.catalina.core.ApplicationContext.log Manager: list: Listing contexts for virtual host 'localhost'
25-Jan-2025 16:21:57.644 INFORMATION [http-nio-8080-exec-124] org.apache.catalina.core.ApplicationContext.log Manager: list: Listing contexts for virtual host 'localhost'
25-Jan-2025 16:21:57.650 INFORMATION [http-nio-8080-exec-125] org.apache.catalina.core.ApplicationContext.log Manager: undeploy: Undeploying web application at '/GhostNetFishing'
25-Jan-2025 16:21:58.173 INFORMATION [http-nio-8080-exec-118] org.apache.catalina.core.ApplicationContext.log Manager: install: Installing context configuration at 'file:/C:/Users/EDUARD~1/AppData/Local/Temp/context12057985904182007819.xml'
25-Jan-2025 16:21:59.920 INFORMATION [http-nio-8080-exec-122] org.apache.catalina.core.ApplicationContext.log Manager: start: Starting web application '/GhostNetFishing'
25-Jan-2025 16:24:38.444 INFORMATION [http-nio-8080-exec-133] org.apache.catalina.core.ApplicationContext.log Manager: list: Listing contexts for virtual host 'localhost'
25-Jan-2025 16:24:38.445 INFORMATION [http-nio-8080-exec-134] org.apache.catalina.core.ApplicationContext.log Manager: list: Listing contexts for virtual host 'localhost'
25-Jan-2025 16:24:38.448 INFORMATION [http-nio-8080-exec-135] org.apache.catalina.core.ApplicationContext.log Manager: undeploy: Undeploying web application at '/GhostNetFishing'
25-Jan-2025 16:24:38.965 INFORMATION [http-nio-8080-exec-127] org.apache.catalina.core.ApplicationContext.log Manager: install: Installing context configuration at 'file:/C:/Users/EDUARD~1/AppData/Local/Temp/context16380327518420683709.xml'
25-Jan-2025 16:24:40.667 INFORMATION [http-nio-8080-exec-134] org.apache.catalina.core.ApplicationContext.log Manager: start: Starting web application '/GhostNetFishing'
25-Jan-2025 16:26:59.375 INFORMATION [http-nio-8080-exec-143] org.apache.catalina.core.ApplicationContext.log Manager: list: Listing contexts for virtual host 'localhost'
25-Jan-2025 16:26:59.376 INFORMATION [http-nio-8080-exec-145] org.apache.catalina.core.ApplicationContext.log Manager: list: Listing contexts for virtual host 'localhost'
25-Jan-2025 16:26:59.379 INFORMATION [http-nio-8080-exec-128] org.apache.catalina.core.ApplicationContext.log Manager: undeploy: Undeploying web application at '/GhostNetFishing'
25-Jan-2025 16:26:59.894 INFORMATION [http-nio-8080-exec-140] org.apache.catalina.core.ApplicationContext.log Manager: install: Installing context configuration at 'file:/C:/Users/EDUARD~1/AppData/Local/Temp/context9399998599630420560.xml'
25-Jan-2025 16:27:01.584 INFORMATION [http-nio-8080-exec-138] org.apache.catalina.core.ApplicationContext.log Manager: start: Starting web application '/GhostNetFishing'
25-Jan-2025 16:34:19.719 INFORMATION [http-nio-8080-exec-152] org.apache.catalina.core.ApplicationContext.log Manager: list: Listing contexts for virtual host 'localhost'
25-Jan-2025 16:34:19.720 INFORMATION [http-nio-8080-exec-153] org.apache.catalina.core.ApplicationContext.log Manager: list: Listing contexts for virtual host 'localhost'
25-Jan-2025 16:34:19.724 INFORMATION [http-nio-8080-exec-154] org.apache.catalina.core.ApplicationContext.log Manager: undeploy: Undeploying web application at '/GhostNetFishing'
25-Jan-2025 16:34:20.243 INFORMATION [http-nio-8080-exec-148] org.apache.catalina.core.ApplicationContext.log Manager: install: Installing context configuration at 'file:/C:/Users/EDUARD~1/AppData/Local/Temp/context5533677660322844343.xml'
25-Jan-2025 16:34:21.951 INFORMATION [http-nio-8080-exec-146] org.apache.catalina.core.ApplicationContext.log Manager: start: Starting web application '/GhostNetFishing'
25-Jan-2025 16:38:14.409 INFORMATION [http-nio-8080-exec-156] org.apache.catalina.core.ApplicationContext.log Manager: list: Listing contexts for virtual host 'localhost'
25-Jan-2025 16:38:14.410 INFORMATION [http-nio-8080-exec-157] org.apache.catalina.core.ApplicationContext.log Manager: list: Listing contexts for virtual host 'localhost'
25-Jan-2025 16:38:14.412 INFORMATION [http-nio-8080-exec-159] org.apache.catalina.core.ApplicationContext.log Manager: undeploy: Undeploying web application at '/GhostNetFishing'
25-Jan-2025 16:38:14.943 INFORMATION [http-nio-8080-exec-158] org.apache.catalina.core.ApplicationContext.log Manager: install: Installing context configuration at 'file:/C:/Users/EDUARD~1/AppData/Local/Temp/context17041261531600372389.xml'
25-Jan-2025 16:38:16.674 INFORMATION [http-nio-8080-exec-157] org.apache.catalina.core.ApplicationContext.log Manager: start: Starting web application '/GhostNetFishing'
25-Jan-2025 16:39:52.752 INFORMATION [http-nio-8080-exec-174] org.apache.catalina.core.ApplicationContext.log Manager: list: Listing contexts for virtual host 'localhost'
25-Jan-2025 16:39:52.753 INFORMATION [http-nio-8080-exec-175] org.apache.catalina.core.ApplicationContext.log Manager: list: Listing contexts for virtual host 'localhost'
25-Jan-2025 16:39:52.756 INFORMATION [http-nio-8080-exec-169] org.apache.catalina.core.ApplicationContext.log Manager: undeploy: Undeploying web application at '/GhostNetFishing'
25-Jan-2025 16:39:53.282 INFORMATION [http-nio-8080-exec-170] org.apache.catalina.core.ApplicationContext.log Manager: install: Installing context configuration at 'file:/C:/Users/EDUARD~1/AppData/Local/Temp/context2452503826827715698.xml'
25-Jan-2025 16:39:55.013 INFORMATION [http-nio-8080-exec-171] org.apache.catalina.core.ApplicationContext.log Manager: start: Starting web application '/GhostNetFishing'
25-Jan-2025 16:42:18.445 INFORMATION [http-nio-8080-exec-181] org.apache.catalina.core.ApplicationContext.log Manager: list: Listing contexts for virtual host 'localhost'
25-Jan-2025 16:42:18.446 INFORMATION [http-nio-8080-exec-182] org.apache.catalina.core.ApplicationContext.log Manager: list: Listing contexts for virtual host 'localhost'
25-Jan-2025 16:42:18.449 INFORMATION [http-nio-8080-exec-183] org.apache.catalina.core.ApplicationContext.log Manager: undeploy: Undeploying web application at '/GhostNetFishing'
25-Jan-2025 16:42:18.972 INFORMATION [http-nio-8080-exec-179] org.apache.catalina.core.ApplicationContext.log Manager: install: Installing context configuration at 'file:/C:/Users/EDUARD~1/AppData/Local/Temp/context3117261193380005215.xml'
25-Jan-2025 16:42:20.635 INFORMATION [http-nio-8080-exec-181] org.apache.catalina.core.ApplicationContext.log Manager: start: Starting web application '/GhostNetFishing'
25-Jan-2025 16:48:27.714 INFORMATION [http-nio-8080-exec-192] org.apache.catalina.core.ApplicationContext.log Manager: list: Listing contexts for virtual host 'localhost'
25-Jan-2025 16:48:27.715 INFORMATION [http-nio-8080-exec-193] org.apache.catalina.core.ApplicationContext.log Manager: list: Listing contexts for virtual host 'localhost'
25-Jan-2025 16:48:27.717 INFORMATION [http-nio-8080-exec-194] org.apache.catalina.core.ApplicationContext.log Manager: undeploy: Undeploying web application at '/GhostNetFishing'
25-Jan-2025 16:48:28.236 INFORMATION [http-nio-8080-exec-191] org.apache.catalina.core.ApplicationContext.log Manager: install: Installing context configuration at 'file:/C:/Users/EDUARD~1/AppData/Local/Temp/context8719719804696667738.xml'
25-Jan-2025 16:48:29.910 INFORMATION [http-nio-8080-exec-192] org.apache.catalina.core.ApplicationContext.log Manager: start: Starting web application '/GhostNetFishing'
25-Jan-2025 16:54:14.560 INFORMATION [http-nio-8080-exec-202] org.apache.catalina.core.ApplicationContext.log Manager: list: Listing contexts for virtual host 'localhost'
25-Jan-2025 16:54:14.561 INFORMATION [http-nio-8080-exec-203] org.apache.catalina.core.ApplicationContext.log Manager: list: Listing contexts for virtual host 'localhost'
25-Jan-2025 16:54:14.564 INFORMATION [http-nio-8080-exec-204] org.apache.catalina.core.ApplicationContext.log Manager: undeploy: Undeploying web application at '/GhostNetFishing'
25-Jan-2025 16:54:15.089 INFORMATION [http-nio-8080-exec-196] org.apache.catalina.core.ApplicationContext.log Manager: install: Installing context configuration at 'file:/C:/Users/EDUARD~1/AppData/Local/Temp/context8635440580782457574.xml'
25-Jan-2025 16:54:16.858 INFORMATION [http-nio-8080-exec-199] org.apache.catalina.core.ApplicationContext.log Manager: start: Starting web application '/GhostNetFishing'
25-Jan-2025 17:05:04.022 INFORMATION [http-nio-8080-exec-209] org.apache.catalina.core.ApplicationContext.log Manager: list: Listing contexts for virtual host 'localhost'
25-Jan-2025 17:05:04.023 INFORMATION [http-nio-8080-exec-210] org.apache.catalina.core.ApplicationContext.log Manager: list: Listing contexts for virtual host 'localhost'
25-Jan-2025 17:05:04.025 INFORMATION [http-nio-8080-exec-214] org.apache.catalina.core.ApplicationContext.log Manager: undeploy: Undeploying web application at '/GhostNetFishing'
25-Jan-2025 17:05:04.541 INFORMATION [http-nio-8080-exec-213] org.apache.catalina.core.ApplicationContext.log Manager: install: Installing context configuration at 'file:/C:/Users/EDUARD~1/AppData/Local/Temp/context13427695997630173725.xml'
25-Jan-2025 17:05:06.229 INFORMATION [http-nio-8080-exec-208] org.apache.catalina.core.ApplicationContext.log Manager: start: Starting web application '/GhostNetFishing'
25-Jan-2025 17:16:20.523 INFORMATION [http-nio-8080-exec-218] org.apache.catalina.core.ApplicationContext.log Manager: list: Listing contexts for virtual host 'localhost'
25-Jan-2025 17:16:20.524 INFORMATION [http-nio-8080-exec-219] org.apache.catalina.core.ApplicationContext.log Manager: list: Listing contexts for virtual host 'localhost'
25-Jan-2025 17:16:20.527 INFORMATION [http-nio-8080-exec-220] org.apache.catalina.core.ApplicationContext.log Manager: undeploy: Undeploying web application at '/GhostNetFishing'
25-Jan-2025 17:16:21.049 INFORMATION [http-nio-8080-exec-223] org.apache.catalina.core.ApplicationContext.log Manager: install: Installing context configuration at 'file:/C:/Users/EDUARD~1/AppData/Local/Temp/context8640165368920598286.xml'
25-Jan-2025 17:16:22.753 INFORMATION [http-nio-8080-exec-221] org.apache.catalina.core.ApplicationContext.log Manager: start: Starting web application '/GhostNetFishing'
25-Jan-2025 17:43:07.507 INFORMATION [http-nio-8080-exec-232] org.apache.catalina.core.ApplicationContext.log Manager: list: Listing contexts for virtual host 'localhost'
25-Jan-2025 17:43:07.508 INFORMATION [http-nio-8080-exec-233] org.apache.catalina.core.ApplicationContext.log Manager: list: Listing contexts for virtual host 'localhost'
25-Jan-2025 17:43:07.511 INFORMATION [http-nio-8080-exec-234] org.apache.catalina.core.ApplicationContext.log Manager: undeploy: Undeploying web application at '/GhostNetFishing'
25-Jan-2025 17:43:08.041 INFORMATION [http-nio-8080-exec-228] org.apache.catalina.core.ApplicationContext.log Manager: install: Installing context configuration at 'file:/C:/Users/EDUARD~1/AppData/Local/Temp/context3414988770836441326.xml'
25-Jan-2025 17:43:09.742 INFORMATION [http-nio-8080-exec-231] org.apache.catalina.core.ApplicationContext.log Manager: start: Starting web application '/GhostNetFishing'
25-Jan-2025 17:53:11.684 INFORMATION [http-nio-8080-exec-237] org.apache.catalina.core.ApplicationContext.log Manager: list: Listing contexts for virtual host 'localhost'
25-Jan-2025 17:53:11.685 INFORMATION [http-nio-8080-exec-243] org.apache.catalina.core.ApplicationContext.log Manager: list: Listing contexts for virtual host 'localhost'
25-Jan-2025 17:53:11.687 INFORMATION [http-nio-8080-exec-244] org.apache.catalina.core.ApplicationContext.log Manager: undeploy: Undeploying web application at '/GhostNetFishing'
25-Jan-2025 17:53:12.201 INFORMATION [http-nio-8080-exec-241] org.apache.catalina.core.ApplicationContext.log Manager: install: Installing context configuration at 'file:/C:/Users/EDUARD~1/AppData/Local/Temp/context6816620113151905208.xml'
25-Jan-2025 17:53:13.980 INFORMATION [http-nio-8080-exec-237] org.apache.catalina.core.ApplicationContext.log Manager: start: Starting web application '/GhostNetFishing'
25-Jan-2025 17:53:42.118 INFORMATION [http-nio-8080-exec-249] org.apache.catalina.core.ApplicationContext.log Manager: list: Listing contexts for virtual host 'localhost'
25-Jan-2025 17:53:42.119 INFORMATION [http-nio-8080-exec-250] org.apache.catalina.core.ApplicationContext.log Manager: list: Listing contexts for virtual host 'localhost'
25-Jan-2025 17:53:42.121 INFORMATION [http-nio-8080-exec-251] org.apache.catalina.core.ApplicationContext.log Manager: undeploy: Undeploying web application at '/GhostNetFishing'
25-Jan-2025 17:53:42.646 INFORMATION [http-nio-8080-exec-242] org.apache.catalina.core.ApplicationContext.log Manager: install: Installing context configuration at 'file:/C:/Users/EDUARD~1/AppData/Local/Temp/context8992964394342013274.xml'
25-Jan-2025 17:53:44.326 INFORMATION [http-nio-8080-exec-240] org.apache.catalina.core.ApplicationContext.log Manager: start: Starting web application '/GhostNetFishing'
25-Jan-2025 17:58:16.033 INFORMATION [http-nio-8080-exec-253] org.apache.catalina.core.ApplicationContext.log Manager: list: Listing contexts for virtual host 'localhost'
25-Jan-2025 17:58:16.034 INFORMATION [http-nio-8080-exec-260] org.apache.catalina.core.ApplicationContext.log Manager: list: Listing contexts for virtual host 'localhost'
25-Jan-2025 17:58:16.037 INFORMATION [http-nio-8080-exec-261] org.apache.catalina.core.ApplicationContext.log Manager: undeploy: Undeploying web application at '/GhostNetFishing'
25-Jan-2025 17:58:16.555 INFORMATION [http-nio-8080-exec-254] org.apache.catalina.core.ApplicationContext.log Manager: install: Installing context configuration at 'file:/C:/Users/EDUARD~1/AppData/Local/Temp/context800507759975090158.xml'
25-Jan-2025 17:58:18.262 INFORMATION [http-nio-8080-exec-262] org.apache.catalina.core.ApplicationContext.log Manager: start: Starting web application '/GhostNetFishing'
25-Jan-2025 17:59:34.593 INFORMATION [http-nio-8080-exec-268] org.apache.catalina.core.ApplicationContext.log Manager: list: Listing contexts for virtual host 'localhost'
25-Jan-2025 17:59:34.594 INFORMATION [http-nio-8080-exec-257] org.apache.catalina.core.ApplicationContext.log Manager: list: Listing contexts for virtual host 'localhost'
25-Jan-2025 17:59:34.596 INFORMATION [http-nio-8080-exec-258] org.apache.catalina.core.ApplicationContext.log Manager: undeploy: Undeploying web application at '/GhostNetFishing'
25-Jan-2025 17:59:35.120 INFORMATION [http-nio-8080-exec-257] org.apache.catalina.core.ApplicationContext.log Manager: install: Installing context configuration at 'file:/C:/Users/EDUARD~1/AppData/Local/Temp/context11623521881917530150.xml'
25-Jan-2025 17:59:36.812 INFORMATION [http-nio-8080-exec-259] org.apache.catalina.core.ApplicationContext.log Manager: start: Starting web application '/GhostNetFishing'
25-Jan-2025 18:00:16.338 INFORMATION [http-nio-8080-exec-269] org.apache.catalina.core.ApplicationContext.log Manager: list: Listing contexts for virtual host 'localhost'
25-Jan-2025 18:00:16.339 INFORMATION [http-nio-8080-exec-266] org.apache.catalina.core.ApplicationContext.log Manager: list: Listing contexts for virtual host 'localhost'
25-Jan-2025 18:00:16.342 INFORMATION [http-nio-8080-exec-271] org.apache.catalina.core.ApplicationContext.log Manager: undeploy: Undeploying web application at '/GhostNetFishing'
25-Jan-2025 18:00:16.865 INFORMATION [http-nio-8080-exec-274] org.apache.catalina.core.ApplicationContext.log Manager: install: Installing context configuration at 'file:/C:/Users/EDUARD~1/AppData/Local/Temp/context2854456611806878897.xml'
25-Jan-2025 18:00:18.724 INFORMATION [http-nio-8080-exec-265] org.apache.catalina.core.ApplicationContext.log Manager: start: Starting web application '/GhostNetFishing'
25-Jan-2025 18:48:29.770 INFORMATION [http-nio-8080-exec-281] org.apache.catalina.core.ApplicationContext.log Manager: list: Listing contexts for virtual host 'localhost'
25-Jan-2025 18:48:29.771 INFORMATION [http-nio-8080-exec-282] org.apache.catalina.core.ApplicationContext.log Manager: list: Listing contexts for virtual host 'localhost'
25-Jan-2025 18:48:29.774 INFORMATION [http-nio-8080-exec-283] org.apache.catalina.core.ApplicationContext.log Manager: undeploy: Undeploying web application at '/GhostNetFishing'
25-Jan-2025 18:48:30.289 INFORMATION [http-nio-8080-exec-284] org.apache.catalina.core.ApplicationContext.log Manager: install: Installing context configuration at 'file:/C:/Users/EDUARD~1/AppData/Local/Temp/context1781297161162226800.xml'
25-Jan-2025 18:48:32.036 INFORMATION [http-nio-8080-exec-276] org.apache.catalina.core.ApplicationContext.log Manager: start: Starting web application '/GhostNetFishing'
25-Jan-2025 18:48:45.990 INFORMATION [http-nio-8080-exec-275] org.apache.catalina.core.ApplicationContext.log Manager: list: Listing contexts for virtual host 'localhost'
25-Jan-2025 18:48:45.991 INFORMATION [http-nio-8080-exec-276] org.apache.catalina.core.ApplicationContext.log Manager: list: Listing contexts for virtual host 'localhost'
25-Jan-2025 18:48:45.994 INFORMATION [http-nio-8080-exec-281] org.apache.catalina.core.ApplicationContext.log Manager: undeploy: Undeploying web application at '/GhostNetFishing'
25-Jan-2025 18:48:46.520 INFORMATION [http-nio-8080-exec-285] org.apache.catalina.core.ApplicationContext.log Manager: install: Installing context configuration at 'file:/C:/Users/EDUARD~1/AppData/Local/Temp/context6367584335498358173.xml'
25-Jan-2025 18:48:48.212 INFORMATION [http-nio-8080-exec-275] org.apache.catalina.core.ApplicationContext.log Manager: start: Starting web application '/GhostNetFishing'
25-Jan-2025 18:50:09.833 INFORMATION [http-nio-8080-exec-295] org.apache.catalina.core.ApplicationContext.log Manager: list: Listing contexts for virtual host 'localhost'
25-Jan-2025 18:50:09.833 INFORMATION [http-nio-8080-exec-287] org.apache.catalina.core.ApplicationContext.log Manager: list: Listing contexts for virtual host 'localhost'
25-Jan-2025 18:50:09.836 INFORMATION [http-nio-8080-exec-291] org.apache.catalina.core.ApplicationContext.log Manager: undeploy: Undeploying web application at '/GhostNetFishing'
25-Jan-2025 18:50:10.358 INFORMATION [http-nio-8080-exec-295] org.apache.catalina.core.ApplicationContext.log Manager: install: Installing context configuration at 'file:/C:/Users/EDUARD~1/AppData/Local/Temp/context9159151009875198481.xml'
25-Jan-2025 18:50:12.054 INFORMATION [http-nio-8080-exec-293] org.apache.catalina.core.ApplicationContext.log Manager: start: Starting web application '/GhostNetFishing'
25-Jan-2025 19:17:39.531 INFORMATION [http-nio-8080-exec-303] org.apache.catalina.core.ApplicationContext.log Manager: list: Listing contexts for virtual host 'localhost'
25-Jan-2025 19:17:39.532 INFORMATION [http-nio-8080-exec-304] org.apache.catalina.core.ApplicationContext.log Manager: list: Listing contexts for virtual host 'localhost'
25-Jan-2025 19:17:39.534 INFORMATION [http-nio-8080-exec-305] org.apache.catalina.core.ApplicationContext.log Manager: undeploy: Undeploying web application at '/GhostNetFishing'
25-Jan-2025 19:17:40.051 INFORMATION [http-nio-8080-exec-298] org.apache.catalina.core.ApplicationContext.log Manager: install: Installing context configuration at 'file:/C:/Users/EDUARD~1/AppData/Local/Temp/context8231641511861957147.xml'
25-Jan-2025 19:17:41.868 INFORMATION [http-nio-8080-exec-302] org.apache.catalina.core.ApplicationContext.log Manager: start: Starting web application '/GhostNetFishing'
25-Jan-2025 19:18:15.643 INFORMATION [http-nio-8080-exec-309] org.apache.catalina.core.ApplicationContext.log Manager: list: Listing contexts for virtual host 'localhost'
25-Jan-2025 19:18:15.644 INFORMATION [http-nio-8080-exec-307] org.apache.catalina.core.ApplicationContext.log Manager: list: Listing contexts for virtual host 'localhost'
25-Jan-2025 19:18:15.646 INFORMATION [http-nio-8080-exec-308] org.apache.catalina.core.ApplicationContext.log Manager: undeploy: Undeploying web application at '/GhostNetFishing'
25-Jan-2025 19:18:16.172 INFORMATION [http-nio-8080-exec-304] org.apache.catalina.core.ApplicationContext.log Manager: install: Installing context configuration at 'file:/C:/Users/EDUARD~1/AppData/Local/Temp/context13276002199266123480.xml'
25-Jan-2025 19:18:17.914 INFORMATION [http-nio-8080-exec-301] org.apache.catalina.core.ApplicationContext.log Manager: start: Starting web application '/GhostNetFishing'
25-Jan-2025 19:22:19.112 INFORMATION [http-nio-8080-exec-318] org.apache.catalina.core.ApplicationContext.log Manager: list: Listing contexts for virtual host 'localhost'
25-Jan-2025 19:22:19.112 INFORMATION [http-nio-8080-exec-309] org.apache.catalina.core.ApplicationContext.log Manager: list: Listing contexts for virtual host 'localhost'
25-Jan-2025 19:22:19.115 INFORMATION [http-nio-8080-exec-319] org.apache.catalina.core.ApplicationContext.log Manager: undeploy: Undeploying web application at '/GhostNetFishing'
25-Jan-2025 19:22:19.640 INFORMATION [http-nio-8080-exec-312] org.apache.catalina.core.ApplicationContext.log Manager: install: Installing context configuration at 'file:/C:/Users/EDUARD~1/AppData/Local/Temp/context2840037643988359092.xml'
25-Jan-2025 19:22:21.342 INFORMATION [http-nio-8080-exec-309] org.apache.catalina.core.ApplicationContext.log Manager: start: Starting web application '/GhostNetFishing'
25-Jan-2025 19:24:39.154 INFORMATION [http-nio-8080-exec-315] org.apache.catalina.core.ApplicationContext.log Manager: list: Listing contexts for virtual host 'localhost'
25-Jan-2025 19:24:39.155 INFORMATION [http-nio-8080-exec-326] org.apache.catalina.core.ApplicationContext.log Manager: list: Listing contexts for virtual host 'localhost'
25-Jan-2025 19:24:39.157 INFORMATION [http-nio-8080-exec-313] org.apache.catalina.core.ApplicationContext.log Manager: undeploy: Undeploying web application at '/GhostNetFishing'
25-Jan-2025 19:24:39.675 INFORMATION [http-nio-8080-exec-325] org.apache.catalina.core.ApplicationContext.log Manager: install: Installing context configuration at 'file:/C:/Users/EDUARD~1/AppData/Local/Temp/context1935507212271300857.xml'
25-Jan-2025 19:24:41.424 INFORMATION [http-nio-8080-exec-321] org.apache.catalina.core.ApplicationContext.log Manager: start: Starting web application '/GhostNetFishing'
25-Jan-2025 19:24:53.078 INFORMATION [http-nio-8080-exec-326] org.apache.catalina.core.ApplicationContext.log Manager: list: Listing contexts for virtual host 'localhost'
25-Jan-2025 19:24:53.079 INFORMATION [http-nio-8080-exec-328] org.apache.catalina.core.ApplicationContext.log Manager: list: Listing contexts for virtual host 'localhost'
25-Jan-2025 19:24:53.081 INFORMATION [http-nio-8080-exec-317] org.apache.catalina.core.ApplicationContext.log Manager: undeploy: Undeploying web application at '/GhostNetFishing'
25-Jan-2025 19:24:53.604 INFORMATION [http-nio-8080-exec-322] org.apache.catalina.core.ApplicationContext.log Manager: install: Installing context configuration at 'file:/C:/Users/EDUARD~1/AppData/Local/Temp/context7608114664622267438.xml'
25-Jan-2025 19:24:55.358 INFORMATION [http-nio-8080-exec-328] org.apache.catalina.core.ApplicationContext.log Manager: start: Starting web application '/GhostNetFishing'
25-Jan-2025 19:25:15.538 INFORMATION [http-nio-8080-exec-332] org.apache.catalina.core.ApplicationContext.log Manager: list: Listing contexts for virtual host 'localhost'
25-Jan-2025 19:25:15.538 INFORMATION [http-nio-8080-exec-333] org.apache.catalina.core.ApplicationContext.log Manager: list: Listing contexts for virtual host 'localhost'
25-Jan-2025 19:25:15.541 INFORMATION [http-nio-8080-exec-331] org.apache.catalina.core.ApplicationContext.log Manager: undeploy: Undeploying web application at '/GhostNetFishing'
25-Jan-2025 19:25:16.064 INFORMATION [http-nio-8080-exec-326] org.apache.catalina.core.ApplicationContext.log Manager: install: Installing context configuration at 'file:/C:/Users/EDUARD~1/AppData/Local/Temp/context10011840205910210376.xml'
25-Jan-2025 19:25:17.742 INFORMATION [http-nio-8080-exec-323] org.apache.catalina.core.ApplicationContext.log Manager: start: Starting web application '/GhostNetFishing'
25-Jan-2025 19:25:41.042 INFORMATION [http-nio-8080-exec-339] org.apache.catalina.core.ApplicationContext.log Manager: list: Listing contexts for virtual host 'localhost'
25-Jan-2025 19:25:41.043 INFORMATION [http-nio-8080-exec-336] org.apache.catalina.core.ApplicationContext.log Manager: list: Listing contexts for virtual host 'localhost'
25-Jan-2025 19:25:41.045 INFORMATION [http-nio-8080-exec-340] org.apache.catalina.core.ApplicationContext.log Manager: undeploy: Undeploying web application at '/GhostNetFishing'
25-Jan-2025 19:25:41.569 INFORMATION [http-nio-8080-exec-339] org.apache.catalina.core.ApplicationContext.log Manager: install: Installing context configuration at 'file:/C:/Users/EDUARD~1/AppData/Local/Temp/context7695460338654689999.xml'
25-Jan-2025 19:25:43.278 INFORMATION [http-nio-8080-exec-342] org.apache.catalina.core.ApplicationContext.log Manager: start: Starting web application '/GhostNetFishing'
25-Jan-2025 19:47:45.471 INFORMATION [http-nio-8080-exec-350] org.apache.catalina.core.ApplicationContext.log Manager: list: Listing contexts for virtual host 'localhost'
25-Jan-2025 19:47:45.472 INFORMATION [http-nio-8080-exec-349] org.apache.catalina.core.ApplicationContext.log Manager: list: Listing contexts for virtual host 'localhost'
25-Jan-2025 19:47:45.474 INFORMATION [http-nio-8080-exec-351] org.apache.catalina.core.ApplicationContext.log Manager: undeploy: Undeploying web application at '/GhostNetFishing'
25-Jan-2025 19:47:46.002 INFORMATION [http-nio-8080-exec-348] org.apache.catalina.core.ApplicationContext.log Manager: install: Installing context configuration at 'file:/C:/Users/EDUARD~1/AppData/Local/Temp/context16015611977118657940.xml'
25-Jan-2025 19:47:47.833 INFORMATION [http-nio-8080-exec-349] org.apache.catalina.core.ApplicationContext.log Manager: start: Starting web application '/GhostNetFishing'
25-Jan-2025 19:52:11.139 INFORMATION [http-nio-8080-exec-357] org.apache.catalina.core.ApplicationContext.log Manager: list: Listing contexts for virtual host 'localhost'
25-Jan-2025 19:52:11.140 INFORMATION [http-nio-8080-exec-358] org.apache.catalina.core.ApplicationContext.log Manager: list: Listing contexts for virtual host 'localhost'
25-Jan-2025 19:52:11.142 INFORMATION [http-nio-8080-exec-361] org.apache.catalina.core.ApplicationContext.log Manager: undeploy: Undeploying web application at '/GhostNetFishing'
25-Jan-2025 19:52:11.669 INFORMATION [http-nio-8080-exec-355] org.apache.catalina.core.ApplicationContext.log Manager: install: Installing context configuration at 'file:/C:/Users/EDUARD~1/AppData/Local/Temp/context1409421263661218.xml'
25-Jan-2025 19:52:13.454 INFORMATION [http-nio-8080-exec-357] org.apache.catalina.core.ApplicationContext.log Manager: start: Starting web application '/GhostNetFishing'
25-Jan-2025 19:57:21.985 INFORMATION [http-nio-8080-exec-365] org.apache.catalina.core.ApplicationContext.log Manager: list: Listing contexts for virtual host 'localhost'
25-Jan-2025 19:57:21.985 INFORMATION [http-nio-8080-exec-363] org.apache.catalina.core.ApplicationContext.log Manager: list: Listing contexts for virtual host 'localhost'
25-Jan-2025 19:57:21.988 INFORMATION [http-nio-8080-exec-364] org.apache.catalina.core.ApplicationContext.log Manager: undeploy: Undeploying web application at '/GhostNetFishing'
25-Jan-2025 19:57:22.511 INFORMATION [http-nio-8080-exec-366] org.apache.catalina.core.ApplicationContext.log Manager: install: Installing context configuration at 'file:/C:/Users/EDUARD~1/AppData/Local/Temp/context16768099296979502592.xml'
25-Jan-2025 19:57:24.267 INFORMATION [http-nio-8080-exec-369] org.apache.catalina.core.ApplicationContext.log Manager: start: Starting web application '/GhostNetFishing'
25-Jan-2025 19:59:55.097 INFORMATION [http-nio-8080-exec-379] org.apache.catalina.core.ApplicationContext.log Manager: list: Listing contexts for virtual host 'localhost'
25-Jan-2025 19:59:55.098 INFORMATION [http-nio-8080-exec-380] org.apache.catalina.core.ApplicationContext.log Manager: list: Listing contexts for virtual host 'localhost'
25-Jan-2025 19:59:55.099 INFORMATION [http-nio-8080-exec-381] org.apache.catalina.core.ApplicationContext.log Manager: undeploy: Undeploying web application at '/GhostNetFishing'
25-Jan-2025 19:59:55.621 INFORMATION [http-nio-8080-exec-377] org.apache.catalina.core.ApplicationContext.log Manager: install: Installing context configuration at 'file:/C:/Users/EDUARD~1/AppData/Local/Temp/context11284544810893650307.xml'
25-Jan-2025 19:59:57.374 INFORMATION [http-nio-8080-exec-376] org.apache.catalina.core.ApplicationContext.log Manager: start: Starting web application '/GhostNetFishing'
25-Jan-2025 20:00:23.804 INFORMATION [http-nio-8080-exec-375] org.apache.catalina.core.ApplicationContext.log Manager: list: Listing contexts for virtual host 'localhost'
25-Jan-2025 20:00:23.804 INFORMATION [http-nio-8080-exec-382] org.apache.catalina.core.ApplicationContext.log Manager: list: Listing contexts for virtual host 'localhost'
25-Jan-2025 20:00:23.806 INFORMATION [http-nio-8080-exec-386] org.apache.catalina.core.ApplicationContext.log Manager: undeploy: Undeploying web application at '/GhostNetFishing'
25-Jan-2025 20:00:24.340 INFORMATION [http-nio-8080-exec-381] org.apache.catalina.core.ApplicationContext.log Manager: install: Installing context configuration at 'file:/C:/Users/EDUARD~1/AppData/Local/Temp/context11140377114898809776.xml'
25-Jan-2025 20:00:26.106 INFORMATION [http-nio-8080-exec-388] org.apache.catalina.core.ApplicationContext.log Manager: start: Starting web application '/GhostNetFishing'
25-Jan-2025 20:01:23.297 INFORMATION [http-nio-8080-exec-389] org.apache.catalina.core.ApplicationContext.log Manager: list: Listing contexts for virtual host 'localhost'
25-Jan-2025 20:01:23.299 INFORMATION [http-nio-8080-exec-391] org.apache.catalina.core.ApplicationContext.log Manager: list: Listing contexts for virtual host 'localhost'
25-Jan-2025 20:01:23.301 INFORMATION [http-nio-8080-exec-392] org.apache.catalina.core.ApplicationContext.log Manager: undeploy: Undeploying web application at '/GhostNetFishing'
25-Jan-2025 20:01:23.826 INFORMATION [http-nio-8080-exec-389] org.apache.catalina.core.ApplicationContext.log Manager: install: Installing context configuration at 'file:/C:/Users/EDUARD~1/AppData/Local/Temp/context9546510613519174101.xml'
25-Jan-2025 20:01:25.589 INFORMATION [http-nio-8080-exec-394] org.apache.catalina.core.ApplicationContext.log Manager: start: Starting web application '/GhostNetFishing'
25-Jan-2025 20:08:23.509 INFORMATION [http-nio-8080-exec-404] org.apache.catalina.core.ApplicationContext.log Manager: list: Listing contexts for virtual host 'localhost'
25-Jan-2025 20:08:23.509 INFORMATION [http-nio-8080-exec-405] org.apache.catalina.core.ApplicationContext.log Manager: list: Listing contexts for virtual host 'localhost'
25-Jan-2025 20:08:23.512 INFORMATION [http-nio-8080-exec-406] org.apache.catalina.core.ApplicationContext.log Manager: undeploy: Undeploying web application at '/GhostNetFishing'
25-Jan-2025 20:08:24.032 INFORMATION [http-nio-8080-exec-399] org.apache.catalina.core.ApplicationContext.log Manager: install: Installing context configuration at 'file:/C:/Users/EDUARD~1/AppData/Local/Temp/context6978643363790654405.xml'
25-Jan-2025 20:08:25.808 INFORMATION [http-nio-8080-exec-405] org.apache.catalina.core.ApplicationContext.log Manager: start: Starting web application '/GhostNetFishing'
25-Jan-2025 20:17:12.770 INFORMATION [http-nio-8080-exec-412] org.apache.catalina.core.ApplicationContext.log Manager: list: Listing contexts for virtual host 'localhost'
25-Jan-2025 20:17:12.771 INFORMATION [http-nio-8080-exec-408] org.apache.catalina.core.ApplicationContext.log Manager: list: Listing contexts for virtual host 'localhost'
25-Jan-2025 20:17:12.773 INFORMATION [http-nio-8080-exec-409] org.apache.catalina.core.ApplicationContext.log Manager: undeploy: Undeploying web application at '/GhostNetFishing'
25-Jan-2025 20:17:13.302 INFORMATION [http-nio-8080-exec-417] org.apache.catalina.core.ApplicationContext.log Manager: install: Installing context configuration at 'file:/C:/Users/EDUARD~1/AppData/Local/Temp/context18291694117132059358.xml'
25-Jan-2025 20:17:15.147 INFORMATION [http-nio-8080-exec-414] org.apache.catalina.core.ApplicationContext.log Manager: start: Starting web application '/GhostNetFishing'
25-Jan-2025 20:18:43.071 INFORMATION [http-nio-8080-exec-426] org.apache.catalina.core.ApplicationContext.log Manager: list: Listing contexts for virtual host 'localhost'
25-Jan-2025 20:18:43.072 INFORMATION [http-nio-8080-exec-427] org.apache.catalina.core.ApplicationContext.log Manager: list: Listing contexts for virtual host 'localhost'
25-Jan-2025 20:18:43.074 INFORMATION [http-nio-8080-exec-424] org.apache.catalina.core.ApplicationContext.log Manager: undeploy: Undeploying web application at '/GhostNetFishing'
25-Jan-2025 20:18:43.601 INFORMATION [http-nio-8080-exec-419] org.apache.catalina.core.ApplicationContext.log Manager: install: Installing context configuration at 'file:/C:/Users/EDUARD~1/AppData/Local/Temp/context10305095041264786801.xml'
25-Jan-2025 20:18:45.344 INFORMATION [http-nio-8080-exec-425] org.apache.catalina.core.ApplicationContext.log Manager: start: Starting web application '/GhostNetFishing'
25-Jan-2025 20:23:56.125 INFORMATION [http-nio-8080-exec-430] org.apache.catalina.core.ApplicationContext.log Manager: list: Listing contexts for virtual host 'localhost'
25-Jan-2025 20:23:56.125 INFORMATION [http-nio-8080-exec-431] org.apache.catalina.core.ApplicationContext.log Manager: list: Listing contexts for virtual host 'localhost'
25-Jan-2025 20:23:56.128 INFORMATION [http-nio-8080-exec-428] org.apache.catalina.core.ApplicationContext.log Manager: undeploy: Undeploying web application at '/GhostNetFishing'
25-Jan-2025 20:23:56.648 INFORMATION [http-nio-8080-exec-433] org.apache.catalina.core.ApplicationContext.log Manager: install: Installing context configuration at 'file:/C:/Users/EDUARD~1/AppData/Local/Temp/context17320671684839402043.xml'
25-Jan-2025 20:23:58.341 INFORMATION [http-nio-8080-exec-437] org.apache.catalina.core.ApplicationContext.log Manager: start: Starting web application '/GhostNetFishing'
25-Jan-2025 20:27:32.312 INFORMATION [http-nio-8080-exec-444] org.apache.catalina.core.ApplicationContext.log Manager: list: Listing contexts for virtual host 'localhost'
25-Jan-2025 20:27:32.312 INFORMATION [http-nio-8080-exec-446] org.apache.catalina.core.ApplicationContext.log Manager: list: Listing contexts for virtual host 'localhost'
25-Jan-2025 20:27:32.315 INFORMATION [http-nio-8080-exec-445] org.apache.catalina.core.ApplicationContext.log Manager: undeploy: Undeploying web application at '/GhostNetFishing'
25-Jan-2025 20:27:32.841 INFORMATION [http-nio-8080-exec-441] org.apache.catalina.core.ApplicationContext.log Manager: install: Installing context configuration at 'file:/C:/Users/EDUARD~1/AppData/Local/Temp/context18118320248239723641.xml'
25-Jan-2025 20:27:34.625 INFORMATION [http-nio-8080-exec-438] org.apache.catalina.core.ApplicationContext.log Manager: start: Starting web application '/GhostNetFishing'
25-Jan-2025 20:28:44.528 INFORMATION [http-nio-8080-exec-452] org.apache.catalina.core.ApplicationContext.log Manager: list: Listing contexts for virtual host 'localhost'
25-Jan-2025 20:28:44.529 INFORMATION [http-nio-8080-exec-455] org.apache.catalina.core.ApplicationContext.log Manager: list: Listing contexts for virtual host 'localhost'
25-Jan-2025 20:28:44.531 INFORMATION [http-nio-8080-exec-430] org.apache.catalina.core.ApplicationContext.log Manager: undeploy: Undeploying web application at '/GhostNetFishing'
25-Jan-2025 20:28:45.048 INFORMATION [http-nio-8080-exec-449] org.apache.catalina.core.ApplicationContext.log Manager: install: Installing context configuration at 'file:/C:/Users/EDUARD~1/AppData/Local/Temp/context8832424793585494287.xml'
25-Jan-2025 20:28:46.793 INFORMATION [http-nio-8080-exec-454] org.apache.catalina.core.ApplicationContext.log Manager: start: Starting web application '/GhostNetFishing'
25-Jan-2025 20:31:16.977 INFORMATION [http-nio-8080-exec-456] org.apache.catalina.core.ApplicationContext.log Manager: list: Listing contexts for virtual host 'localhost'
25-Jan-2025 20:31:16.978 INFORMATION [http-nio-8080-exec-460] org.apache.catalina.core.ApplicationContext.log Manager: list: Listing contexts for virtual host 'localhost'
25-Jan-2025 20:31:16.980 INFORMATION [http-nio-8080-exec-464] org.apache.catalina.core.ApplicationContext.log Manager: undeploy: Undeploying web application at '/GhostNetFishing'
25-Jan-2025 20:31:17.497 INFORMATION [http-nio-8080-exec-457] org.apache.catalina.core.ApplicationContext.log Manager: install: Installing context configuration at 'file:/C:/Users/EDUARD~1/AppData/Local/Temp/context8572207034754256495.xml'
25-Jan-2025 20:31:19.247 INFORMATION [http-nio-8080-exec-458] org.apache.catalina.core.ApplicationContext.log Manager: start: Starting web application '/GhostNetFishing'
25-Jan-2025 20:33:43.931 INFORMATION [http-nio-8080-exec-473] org.apache.catalina.core.ApplicationContext.log Manager: list: Listing contexts for virtual host 'localhost'
25-Jan-2025 20:33:43.933 INFORMATION [http-nio-8080-exec-468] org.apache.catalina.core.ApplicationContext.log Manager: list: Listing contexts for virtual host 'localhost'
25-Jan-2025 20:33:43.936 INFORMATION [http-nio-8080-exec-474] org.apache.catalina.core.ApplicationContext.log Manager: undeploy: Undeploying web application at '/GhostNetFishing'
25-Jan-2025 20:33:44.454 INFORMATION [http-nio-8080-exec-472] org.apache.catalina.core.ApplicationContext.log Manager: install: Installing context configuration at 'file:/C:/Users/EDUARD~1/AppData/Local/Temp/context13766360498843933056.xml'
25-Jan-2025 20:33:46.241 INFORMATION [http-nio-8080-exec-473] org.apache.catalina.core.ApplicationContext.log Manager: start: Starting web application '/GhostNetFishing'
25-Jan-2025 20:38:03.317 INFORMATION [http-nio-8080-exec-478] org.apache.catalina.core.ApplicationContext.log Manager: list: Listing contexts for virtual host 'localhost'
25-Jan-2025 20:38:03.317 INFORMATION [http-nio-8080-exec-479] org.apache.catalina.core.ApplicationContext.log Manager: list: Listing contexts for virtual host 'localhost'
25-Jan-2025 20:38:03.319 INFORMATION [http-nio-8080-exec-477] org.apache.catalina.core.ApplicationContext.log Manager: undeploy: Undeploying web application at '/GhostNetFishing'
25-Jan-2025 20:38:03.847 INFORMATION [http-nio-8080-exec-479] org.apache.catalina.core.ApplicationContext.log Manager: install: Installing context configuration at 'file:/C:/Users/EDUARD~1/AppData/Local/Temp/context4149901614504854175.xml'
25-Jan-2025 20:38:05.636 INFORMATION [http-nio-8080-exec-482] org.apache.catalina.core.ApplicationContext.log Manager: start: Starting web application '/GhostNetFishing'
25-Jan-2025 20:40:56.097 INFORMATION [http-nio-8080-exec-492] org.apache.catalina.core.ApplicationContext.log Manager: list: Listing contexts for virtual host 'localhost'
25-Jan-2025 20:40:56.098 INFORMATION [http-nio-8080-exec-493] org.apache.catalina.core.ApplicationContext.log Manager: list: Listing contexts for virtual host 'localhost'
25-Jan-2025 20:40:56.100 INFORMATION [http-nio-8080-exec-494] org.apache.catalina.core.ApplicationContext.log Manager: undeploy: Undeploying web application at '/GhostNetFishing'
25-Jan-2025 20:40:56.622 INFORMATION [http-nio-8080-exec-495] org.apache.catalina.core.ApplicationContext.log Manager: install: Installing context configuration at 'file:/C:/Users/EDUARD~1/AppData/Local/Temp/context2149691497707785788.xml'
25-Jan-2025 20:40:58.407 INFORMATION [http-nio-8080-exec-486] org.apache.catalina.core.ApplicationContext.log Manager: start: Starting web application '/GhostNetFishing'
25-Jan-2025 20:52:50.373 INFORMATION [http-nio-8080-exec-504] org.apache.catalina.core.ApplicationContext.log Manager: list: Listing contexts for virtual host 'localhost'
25-Jan-2025 20:52:50.374 INFORMATION [http-nio-8080-exec-505] org.apache.catalina.core.ApplicationContext.log Manager: list: Listing contexts for virtual host 'localhost'
25-Jan-2025 20:52:50.376 INFORMATION [http-nio-8080-exec-496] org.apache.catalina.core.ApplicationContext.log Manager: undeploy: Undeploying web application at '/GhostNetFishing'
25-Jan-2025 20:52:50.897 INFORMATION [http-nio-8080-exec-497] org.apache.catalina.core.ApplicationContext.log Manager: install: Installing context configuration at 'file:/C:/Users/EDUARD~1/AppData/Local/Temp/context5650988586618809464.xml'
25-Jan-2025 20:52:52.679 INFORMATION [http-nio-8080-exec-499] org.apache.catalina.core.ApplicationContext.log Manager: start: Starting web application '/GhostNetFishing'
25-Jan-2025 20:53:31.434 INFORMATION [http-nio-8080-exec-503] org.apache.catalina.core.ApplicationContext.log Manager: list: Listing contexts for virtual host 'localhost'
25-Jan-2025 20:53:31.435 INFORMATION [http-nio-8080-exec-507] org.apache.catalina.core.ApplicationContext.log Manager: list: Listing contexts for virtual host 'localhost'
25-Jan-2025 20:53:31.437 INFORMATION [http-nio-8080-exec-499] org.apache.catalina.core.ApplicationContext.log Manager: undeploy: Undeploying web application at '/GhostNetFishing'
25-Jan-2025 20:53:31.961 INFORMATION [http-nio-8080-exec-498] org.apache.catalina.core.ApplicationContext.log Manager: install: Installing context configuration at 'file:/C:/Users/EDUARD~1/AppData/Local/Temp/context13030264612818595897.xml'
25-Jan-2025 20:53:33.728 INFORMATION [http-nio-8080-exec-509] org.apache.catalina.core.ApplicationContext.log Manager: start: Starting web application '/GhostNetFishing'
25-Jan-2025 20:54:40.642 INFORMATION [http-nio-8080-exec-507] org.apache.catalina.core.ApplicationContext.log Manager: list: Listing contexts for virtual host 'localhost'
25-Jan-2025 20:54:40.643 INFORMATION [http-nio-8080-exec-503] org.apache.catalina.core.ApplicationContext.log Manager: list: Listing contexts for virtual host 'localhost'
25-Jan-2025 20:54:40.646 INFORMATION [http-nio-8080-exec-506] org.apache.catalina.core.ApplicationContext.log Manager: undeploy: Undeploying web application at '/GhostNetFishing'
25-Jan-2025 20:54:41.165 INFORMATION [http-nio-8080-exec-514] org.apache.catalina.core.ApplicationContext.log Manager: install: Installing context configuration at 'file:/C:/Users/EDUARD~1/AppData/Local/Temp/context5627904118290637776.xml'
25-Jan-2025 20:54:42.944 INFORMATION [http-nio-8080-exec-512] org.apache.catalina.core.ApplicationContext.log Manager: start: Starting web application '/GhostNetFishing'
25-Jan-2025 20:58:04.666 INFORMATION [http-nio-8080-exec-523] org.apache.catalina.core.ApplicationContext.log Manager: list: Listing contexts for virtual host 'localhost'
25-Jan-2025 20:58:04.667 INFORMATION [http-nio-8080-exec-524] org.apache.catalina.core.ApplicationContext.log Manager: list: Listing contexts for virtual host 'localhost'
25-Jan-2025 20:58:04.670 INFORMATION [http-nio-8080-exec-515] org.apache.catalina.core.ApplicationContext.log Manager: undeploy: Undeploying web application at '/GhostNetFishing'
25-Jan-2025 20:58:05.194 INFORMATION [http-nio-8080-exec-520] org.apache.catalina.core.ApplicationContext.log Manager: install: Installing context configuration at 'file:/C:/Users/EDUARD~1/AppData/Local/Temp/context16396718395839190434.xml'
25-Jan-2025 20:58:06.966 INFORMATION [http-nio-8080-exec-521] org.apache.catalina.core.ApplicationContext.log Manager: start: Starting web application '/GhostNetFishing'
25-Jan-2025 20:59:50.134 INFORMATION [http-nio-8080-exec-510] org.apache.catalina.core.ApplicationContext.log Manager: list: Listing contexts for virtual host 'localhost'
25-Jan-2025 20:59:50.134 INFORMATION [http-nio-8080-exec-532] org.apache.catalina.core.ApplicationContext.log Manager: list: Listing contexts for virtual host 'localhost'
25-Jan-2025 20:59:50.136 INFORMATION [http-nio-8080-exec-530] org.apache.catalina.core.ApplicationContext.log Manager: undeploy: Undeploying web application at '/GhostNetFishing'
25-Jan-2025 20:59:50.651 INFORMATION [http-nio-8080-exec-529] org.apache.catalina.core.ApplicationContext.log Manager: install: Installing context configuration at 'file:/C:/Users/EDUARD~1/AppData/Local/Temp/context726783717898134316.xml'
25-Jan-2025 20:59:52.397 INFORMATION [http-nio-8080-exec-525] org.apache.catalina.core.ApplicationContext.log Manager: start: Starting web application '/GhostNetFishing'
25-Jan-2025 21:02:59.880 INFORMATION [http-nio-8080-exec-539] org.apache.catalina.core.ApplicationContext.log Manager: list: Listing contexts for virtual host 'localhost'
25-Jan-2025 21:02:59.881 INFORMATION [http-nio-8080-exec-540] org.apache.catalina.core.ApplicationContext.log Manager: list: Listing contexts for virtual host 'localhost'
25-Jan-2025 21:02:59.883 INFORMATION [http-nio-8080-exec-541] org.apache.catalina.core.ApplicationContext.log Manager: undeploy: Undeploying web application at '/GhostNetFishing'
25-Jan-2025 21:03:00.400 INFORMATION [http-nio-8080-exec-538] org.apache.catalina.core.ApplicationContext.log Manager: install: Installing context configuration at 'file:/C:/Users/EDUARD~1/AppData/Local/Temp/context15751624967491381974.xml'
25-Jan-2025 21:03:02.264 INFORMATION [http-nio-8080-exec-542] org.apache.catalina.core.ApplicationContext.log Manager: start: Starting web application '/GhostNetFishing'
25-Jan-2025 21:07:08.642 INFORMATION [http-nio-8080-exec-549] org.apache.catalina.core.ApplicationContext.log Manager: list: Listing contexts for virtual host 'localhost'
25-Jan-2025 21:07:08.642 INFORMATION [http-nio-8080-exec-550] org.apache.catalina.core.ApplicationContext.log Manager: list: Listing contexts for virtual host 'localhost'
25-Jan-2025 21:07:08.645 INFORMATION [http-nio-8080-exec-551] org.apache.catalina.core.ApplicationContext.log Manager: undeploy: Undeploying web application at '/GhostNetFishing'
25-Jan-2025 21:07:09.160 INFORMATION [http-nio-8080-exec-544] org.apache.catalina.core.ApplicationContext.log Manager: install: Installing context configuration at 'file:/C:/Users/EDUARD~1/AppData/Local/Temp/context6540855074363724735.xml'
25-Jan-2025 21:07:10.882 INFORMATION [http-nio-8080-exec-543] org.apache.catalina.core.ApplicationContext.log Manager: start: Starting web application '/GhostNetFishing'
25-Jan-2025 21:09:52.469 INFORMATION [http-nio-8080-exec-557] org.apache.catalina.core.ApplicationContext.log Manager: list: Listing contexts for virtual host 'localhost'
25-Jan-2025 21:09:52.471 INFORMATION [http-nio-8080-exec-558] org.apache.catalina.core.ApplicationContext.log Manager: list: Listing contexts for virtual host 'localhost'
25-Jan-2025 21:09:52.473 INFORMATION [http-nio-8080-exec-561] org.apache.catalina.core.ApplicationContext.log Manager: undeploy: Undeploying web application at '/GhostNetFishing'
25-Jan-2025 21:09:52.998 INFORMATION [http-nio-8080-exec-559] org.apache.catalina.core.ApplicationContext.log Manager: install: Installing context configuration at 'file:/C:/Users/EDUARD~1/AppData/Local/Temp/context15190191556039044481.xml'
25-Jan-2025 21:09:54.854 INFORMATION [http-nio-8080-exec-558] org.apache.catalina.core.ApplicationContext.log Manager: start: Starting web application '/GhostNetFishing'
25-Jan-2025 21:15:59.550 INFORMATION [http-nio-8080-exec-564] org.apache.catalina.core.ApplicationContext.log Manager: list: Listing contexts for virtual host 'localhost'
25-Jan-2025 21:15:59.550 INFORMATION [http-nio-8080-exec-569] org.apache.catalina.core.ApplicationContext.log Manager: list: Listing contexts for virtual host 'localhost'
25-Jan-2025 21:15:59.553 INFORMATION [http-nio-8080-exec-566] org.apache.catalina.core.ApplicationContext.log Manager: undeploy: Undeploying web application at '/GhostNetFishing'
25-Jan-2025 21:16:00.071 INFORMATION [http-nio-8080-exec-564] org.apache.catalina.core.ApplicationContext.log Manager: install: Installing context configuration at 'file:/C:/Users/EDUARD~1/AppData/Local/Temp/context16256425997741643918.xml'
25-Jan-2025 21:16:01.798 INFORMATION [http-nio-8080-exec-569] org.apache.catalina.core.ApplicationContext.log Manager: start: Starting web application '/GhostNetFishing'
25-Jan-2025 21:17:07.210 INFORMATION [http-nio-8080-exec-563] org.apache.catalina.core.ApplicationContext.log Manager: list: Listing contexts for virtual host 'localhost'
25-Jan-2025 21:17:07.210 INFORMATION [http-nio-8080-exec-568] org.apache.catalina.core.ApplicationContext.log Manager: list: Listing contexts for virtual host 'localhost'
25-Jan-2025 21:17:07.213 INFORMATION [http-nio-8080-exec-575] org.apache.catalina.core.ApplicationContext.log Manager: undeploy: Undeploying web application at '/GhostNetFishing'
25-Jan-2025 21:17:07.728 INFORMATION [http-nio-8080-exec-570] org.apache.catalina.core.ApplicationContext.log Manager: install: Installing context configuration at 'file:/C:/Users/EDUARD~1/AppData/Local/Temp/context3357469372216427975.xml'
25-Jan-2025 21:17:09.591 INFORMATION [http-nio-8080-exec-573] org.apache.catalina.core.ApplicationContext.log Manager: start: Starting web application '/GhostNetFishing'
25-Jan-2025 21:20:26.575 INFORMATION [http-nio-8080-exec-586] org.apache.catalina.core.ApplicationContext.log Manager: list: Listing contexts for virtual host 'localhost'
25-Jan-2025 21:20:26.575 INFORMATION [http-nio-8080-exec-587] org.apache.catalina.core.ApplicationContext.log Manager: list: Listing contexts for virtual host 'localhost'
25-Jan-2025 21:20:26.578 INFORMATION [http-nio-8080-exec-589] org.apache.catalina.core.ApplicationContext.log Manager: undeploy: Undeploying web application at '/GhostNetFishing'
25-Jan-2025 21:20:27.102 INFORMATION [http-nio-8080-exec-580] org.apache.catalina.core.ApplicationContext.log Manager: install: Installing context configuration at 'file:/C:/Users/EDUARD~1/AppData/Local/Temp/context2125530200761641398.xml'
25-Jan-2025 21:20:28.865 INFORMATION [http-nio-8080-exec-581] org.apache.catalina.core.ApplicationContext.log Manager: start: Starting web application '/GhostNetFishing'
25-Jan-2025 21:21:46.384 INFORMATION [http-nio-8080-exec-5] org.apache.catalina.core.ApplicationContext.log Manager: init: Associated with Deployer 'Catalina:type=Deployer,host=localhost'
25-Jan-2025 21:21:46.384 INFORMATION [http-nio-8080-exec-5] org.apache.catalina.core.ApplicationContext.log Manager: init: Global resources are available
25-Jan-2025 21:21:46.402 INFORMATION [http-nio-8080-exec-8] org.apache.catalina.core.ApplicationContext.log Manager: list: Listing contexts for virtual host 'localhost'
25-Jan-2025 21:21:46.404 INFORMATION [http-nio-8080-exec-9] org.apache.catalina.core.ApplicationContext.log Manager: list: Listing contexts for virtual host 'localhost'
25-Jan-2025 21:21:46.409 INFORMATION [http-nio-8080-exec-10] org.apache.catalina.core.ApplicationContext.log Manager: undeploy: Undeploying web application at '/GhostNetFishing'
25-Jan-2025 21:21:46.952 INFORMATION [http-nio-8080-exec-6] org.apache.catalina.core.ApplicationContext.log Manager: install: Installing context configuration at 'file:/C:/Users/EDUARD~1/AppData/Local/Temp/context6736247857315858483.xml'
25-Jan-2025 21:21:48.916 INFORMATION [http-nio-8080-exec-8] org.apache.catalina.core.ApplicationContext.log Manager: start: Starting web application '/GhostNetFishing'
25-Jan-2025 21:24:13.179 INFORMATION [http-nio-8080-exec-14] org.apache.catalina.core.ApplicationContext.log Manager: list: Listing contexts for virtual host 'localhost'
25-Jan-2025 21:24:13.180 INFORMATION [http-nio-8080-exec-15] org.apache.catalina.core.ApplicationContext.log Manager: list: Listing contexts for virtual host 'localhost'
25-Jan-2025 21:24:13.184 INFORMATION [http-nio-8080-exec-16] org.apache.catalina.core.ApplicationContext.log Manager: undeploy: Undeploying web application at '/GhostNetFishing'
25-Jan-2025 21:24:13.715 INFORMATION [http-nio-8080-exec-11] org.apache.catalina.core.ApplicationContext.log Manager: install: Installing context configuration at 'file:/C:/Users/EDUARD~1/AppData/Local/Temp/context3949004849673094884.xml'
25-Jan-2025 21:24:15.527 INFORMATION [http-nio-8080-exec-12] org.apache.catalina.core.ApplicationContext.log Manager: start: Starting web application '/GhostNetFishing'
25-Jan-2025 21:26:29.701 INFORMATION [http-nio-8080-exec-27] org.apache.catalina.core.ApplicationContext.log Manager: list: Listing contexts for virtual host 'localhost'
25-Jan-2025 21:26:29.702 INFORMATION [http-nio-8080-exec-30] org.apache.catalina.core.ApplicationContext.log Manager: list: Listing contexts for virtual host 'localhost'
25-Jan-2025 21:26:29.706 INFORMATION [http-nio-8080-exec-28] org.apache.catalina.core.ApplicationContext.log Manager: undeploy: Undeploying web application at '/GhostNetFishing'
25-Jan-2025 21:26:30.240 INFORMATION [http-nio-8080-exec-23] org.apache.catalina.core.ApplicationContext.log Manager: install: Installing context configuration at 'file:/C:/Users/EDUARD~1/AppData/Local/Temp/context18212608692135618766.xml'
25-Jan-2025 21:26:32.000 INFORMATION [http-nio-8080-exec-22] org.apache.catalina.core.ApplicationContext.log Manager: start: Starting web application '/GhostNetFishing'
25-Jan-2025 21:29:45.781 INFORMATION [http-nio-8080-exec-37] org.apache.catalina.core.ApplicationContext.log Manager: list: Listing contexts for virtual host 'localhost'
25-Jan-2025 21:29:45.782 INFORMATION [http-nio-8080-exec-38] org.apache.catalina.core.ApplicationContext.log Manager: list: Listing contexts for virtual host 'localhost'
25-Jan-2025 21:29:45.785 INFORMATION [http-nio-8080-exec-22] org.apache.catalina.core.ApplicationContext.log Manager: undeploy: Undeploying web application at '/GhostNetFishing'
25-Jan-2025 21:29:46.308 INFORMATION [http-nio-8080-exec-31] org.apache.catalina.core.ApplicationContext.log Manager: install: Installing context configuration at 'file:/C:/Users/EDUARD~1/AppData/Local/Temp/context16460606401948960435.xml'
25-Jan-2025 21:29:48.106 INFORMATION [http-nio-8080-exec-32] org.apache.catalina.core.ApplicationContext.log Manager: start: Starting web application '/GhostNetFishing'
