24-Jan-2025 18:09:22.404 INFORMATION [http-nio-8080-exec-4] org.apache.catalina.core.ApplicationContext.log Manager: init: Associated with Deployer 'Catalina:type=Deployer,host=localhost'
24-Jan-2025 18:09:22.404 INFORMATION [http-nio-8080-exec-4] org.apache.catalina.core.ApplicationContext.log Manager: init: Global resources are available
24-Jan-2025 18:09:22.438 INFORMATION [http-nio-8080-exec-8] org.apache.catalina.core.ApplicationContext.log Manager: list: Listing contexts for virtual host 'localhost'
24-Jan-2025 18:09:22.440 INFORMATION [http-nio-8080-exec-9] org.apache.catalina.core.ApplicationContext.log Manager: list: Listing contexts for virtual host 'localhost'
24-Jan-2025 18:09:22.453 INFORMATION [http-nio-8080-exec-10] org.apache.catalina.core.ApplicationContext.log Manager: undeploy: Undeploying web application at '/GhostNetFishing'
24-Jan-2025 18:09:23.004 INFORMATION [http-nio-8080-exec-7] org.apache.catalina.core.ApplicationContext.log Manager: install: Installing context configuration at 'file:/C:/Users/EDUARD~1/AppData/Local/Temp/context2507964537099743268.xml'
24-Jan-2025 18:09:24.919 INFORMATION [http-nio-8080-exec-9] org.apache.catalina.core.ApplicationContext.log Manager: start: Starting web application '/GhostNetFishing'
24-Jan-2025 18:09:55.401 INFORMATION [http-nio-8080-exec-11] org.apache.catalina.core.ApplicationContext.log Manager: list: Listing contexts for virtual host 'localhost'
24-Jan-2025 18:09:55.402 INFORMATION [http-nio-8080-exec-1] org.apache.catalina.core.ApplicationContext.log Manager: list: Listing contexts for virtual host 'localhost'
24-Jan-2025 18:09:55.406 INFORMATION [http-nio-8080-exec-14] org.apache.catalina.core.ApplicationContext.log Manager: undeploy: Undeploying web application at '/GhostNetFishing'
24-Jan-2025 18:09:55.937 INFORMATION [http-nio-8080-exec-11] org.apache.catalina.core.ApplicationContext.log Manager: install: Installing context configuration at 'file:/C:/Users/EDUARD~1/AppData/Local/Temp/context12481503839255651875.xml'
24-Jan-2025 18:09:57.765 INFORMATION [http-nio-8080-exec-16] org.apache.catalina.core.ApplicationContext.log Manager: start: Starting web application '/GhostNetFishing'
24-Jan-2025 18:11:22.606 INFORMATION [http-nio-8080-exec-21] org.apache.catalina.core.ApplicationContext.log Manager: list: Listing contexts for virtual host 'localhost'
24-Jan-2025 18:11:22.607 INFORMATION [http-nio-8080-exec-22] org.apache.catalina.core.ApplicationContext.log Manager: list: Listing contexts for virtual host 'localhost'
24-Jan-2025 18:11:22.611 INFORMATION [http-nio-8080-exec-23] org.apache.catalina.core.ApplicationContext.log Manager: undeploy: Undeploying web application at '/GhostNetFishing'
24-Jan-2025 18:11:23.129 INFORMATION [http-nio-8080-exec-12] org.apache.catalina.core.ApplicationContext.log Manager: install: Installing context configuration at 'file:/C:/Users/EDUARD~1/AppData/Local/Temp/context1897500314169226573.xml'
24-Jan-2025 18:11:24.908 INFORMATION [http-nio-8080-exec-4] org.apache.catalina.core.ApplicationContext.log Manager: start: Starting web application '/GhostNetFishing'
24-Jan-2025 18:12:25.798 INFORMATION [http-nio-8080-exec-19] org.apache.catalina.core.ApplicationContext.log Manager: list: Listing contexts for virtual host 'localhost'
24-Jan-2025 18:12:25.799 INFORMATION [http-nio-8080-exec-21] org.apache.catalina.core.ApplicationContext.log Manager: list: Listing contexts for virtual host 'localhost'
24-Jan-2025 18:12:25.802 INFORMATION [http-nio-8080-exec-18] org.apache.catalina.core.ApplicationContext.log Manager: undeploy: Undeploying web application at '/GhostNetFishing'
24-Jan-2025 18:12:26.320 INFORMATION [http-nio-8080-exec-27] org.apache.catalina.core.ApplicationContext.log Manager: install: Installing context configuration at 'file:/C:/Users/EDUARD~1/AppData/Local/Temp/context16353385052713799566.xml'
24-Jan-2025 18:12:28.108 INFORMATION [http-nio-8080-exec-21] org.apache.catalina.core.ApplicationContext.log Manager: start: Starting web application '/GhostNetFishing'
24-Jan-2025 18:15:00.425 INFORMATION [http-nio-8080-exec-33] org.apache.catalina.core.ApplicationContext.log Manager: list: Listing contexts for virtual host 'localhost'
24-Jan-2025 18:15:00.426 INFORMATION [http-nio-8080-exec-35] org.apache.catalina.core.ApplicationContext.log Manager: list: Listing contexts for virtual host 'localhost'
24-Jan-2025 18:15:00.429 INFORMATION [http-nio-8080-exec-34] org.apache.catalina.core.ApplicationContext.log Manager: undeploy: Undeploying web application at '/GhostNetFishing'
24-Jan-2025 18:15:00.946 INFORMATION [http-nio-8080-exec-29] org.apache.catalina.core.ApplicationContext.log Manager: install: Installing context configuration at 'file:/C:/Users/EDUARD~1/AppData/Local/Temp/context3579554818730120687.xml'
24-Jan-2025 18:15:02.709 INFORMATION [http-nio-8080-exec-33] org.apache.catalina.core.ApplicationContext.log Manager: start: Starting web application '/GhostNetFishing'
24-Jan-2025 18:17:07.062 INFORMATION [http-nio-8080-exec-31] org.apache.catalina.core.ApplicationContext.log Manager: list: Listing contexts for virtual host 'localhost'
24-Jan-2025 18:17:07.063 INFORMATION [http-nio-8080-exec-44] org.apache.catalina.core.ApplicationContext.log Manager: list: Listing contexts for virtual host 'localhost'
24-Jan-2025 18:17:07.065 INFORMATION [http-nio-8080-exec-32] org.apache.catalina.core.ApplicationContext.log Manager: undeploy: Undeploying web application at '/GhostNetFishing'
24-Jan-2025 18:17:07.583 INFORMATION [http-nio-8080-exec-36] org.apache.catalina.core.ApplicationContext.log Manager: install: Installing context configuration at 'file:/C:/Users/EDUARD~1/AppData/Local/Temp/context4395938153785304513.xml'
24-Jan-2025 18:17:09.333 INFORMATION [http-nio-8080-exec-42] org.apache.catalina.core.ApplicationContext.log Manager: start: Starting web application '/GhostNetFishing'
24-Jan-2025 18:26:22.228 INFORMATION [http-nio-8080-exec-51] org.apache.catalina.core.ApplicationContext.log Manager: list: Listing contexts for virtual host 'localhost'
24-Jan-2025 18:26:22.229 INFORMATION [http-nio-8080-exec-52] org.apache.catalina.core.ApplicationContext.log Manager: list: Listing contexts for virtual host 'localhost'
24-Jan-2025 18:26:22.232 INFORMATION [http-nio-8080-exec-53] org.apache.catalina.core.ApplicationContext.log Manager: undeploy: Undeploying web application at '/GhostNetFishing'
24-Jan-2025 18:26:22.760 INFORMATION [http-nio-8080-exec-47] org.apache.catalina.core.ApplicationContext.log Manager: install: Installing context configuration at 'file:/C:/Users/EDUARD~1/AppData/Local/Temp/context16520089703292625031.xml'
24-Jan-2025 18:26:24.499 INFORMATION [http-nio-8080-exec-45] org.apache.catalina.core.ApplicationContext.log Manager: start: Starting web application '/GhostNetFishing'
24-Jan-2025 18:27:06.438 INFORMATION [http-nio-8080-exec-49] org.apache.catalina.core.ApplicationContext.log Manager: list: Listing contexts for virtual host 'localhost'
24-Jan-2025 18:27:06.439 INFORMATION [http-nio-8080-exec-57] org.apache.catalina.core.ApplicationContext.log Manager: list: Listing contexts for virtual host 'localhost'
24-Jan-2025 18:27:06.442 INFORMATION [http-nio-8080-exec-58] org.apache.catalina.core.ApplicationContext.log Manager: undeploy: Undeploying web application at '/GhostNetFishing'
24-Jan-2025 18:27:06.968 INFORMATION [http-nio-8080-exec-48] org.apache.catalina.core.ApplicationContext.log Manager: install: Installing context configuration at 'file:/C:/Users/EDUARD~1/AppData/Local/Temp/context10075546366098798941.xml'
24-Jan-2025 18:27:08.710 INFORMATION [http-nio-8080-exec-46] org.apache.catalina.core.ApplicationContext.log Manager: start: Starting web application '/GhostNetFishing'
24-Jan-2025 18:31:20.243 INFORMATION [http-nio-8080-exec-66] org.apache.catalina.core.ApplicationContext.log Manager: list: Listing contexts for virtual host 'localhost'
24-Jan-2025 18:31:20.244 INFORMATION [http-nio-8080-exec-68] org.apache.catalina.core.ApplicationContext.log Manager: list: Listing contexts for virtual host 'localhost'
24-Jan-2025 18:31:20.247 INFORMATION [http-nio-8080-exec-56] org.apache.catalina.core.ApplicationContext.log Manager: undeploy: Undeploying web application at '/GhostNetFishing'
24-Jan-2025 18:31:20.766 INFORMATION [http-nio-8080-exec-62] org.apache.catalina.core.ApplicationContext.log Manager: install: Installing context configuration at 'file:/C:/Users/EDUARD~1/AppData/Local/Temp/context17748611360728449740.xml'
24-Jan-2025 18:31:22.516 INFORMATION [http-nio-8080-exec-66] org.apache.catalina.core.ApplicationContext.log Manager: start: Starting web application '/GhostNetFishing'
24-Jan-2025 18:34:10.413 INFORMATION [http-nio-8080-exec-74] org.apache.catalina.core.ApplicationContext.log Manager: list: Listing contexts for virtual host 'localhost'
24-Jan-2025 18:34:10.414 INFORMATION [http-nio-8080-exec-75] org.apache.catalina.core.ApplicationContext.log Manager: list: Listing contexts for virtual host 'localhost'
24-Jan-2025 18:34:10.417 INFORMATION [http-nio-8080-exec-76] org.apache.catalina.core.ApplicationContext.log Manager: undeploy: Undeploying web application at '/GhostNetFishing'
24-Jan-2025 18:34:10.946 INFORMATION [http-nio-8080-exec-72] org.apache.catalina.core.ApplicationContext.log Manager: install: Installing context configuration at 'file:/C:/Users/EDUARD~1/AppData/Local/Temp/context13808308561587266193.xml'
24-Jan-2025 18:34:12.684 INFORMATION [http-nio-8080-exec-69] org.apache.catalina.core.ApplicationContext.log Manager: start: Starting web application '/GhostNetFishing'
24-Jan-2025 18:37:21.395 INFORMATION [http-nio-8080-exec-85] org.apache.catalina.core.ApplicationContext.log Manager: list: Listing contexts for virtual host 'localhost'
24-Jan-2025 18:37:21.396 INFORMATION [http-nio-8080-exec-86] org.apache.catalina.core.ApplicationContext.log Manager: list: Listing contexts for virtual host 'localhost'
24-Jan-2025 18:37:21.399 INFORMATION [http-nio-8080-exec-74] org.apache.catalina.core.ApplicationContext.log Manager: undeploy: Undeploying web application at '/GhostNetFishing'
24-Jan-2025 18:37:21.920 INFORMATION [http-nio-8080-exec-81] org.apache.catalina.core.ApplicationContext.log Manager: install: Installing context configuration at 'file:/C:/Users/EDUARD~1/AppData/Local/Temp/context11108671387491338620.xml'
24-Jan-2025 18:37:23.635 INFORMATION [http-nio-8080-exec-85] org.apache.catalina.core.ApplicationContext.log Manager: start: Starting web application '/GhostNetFishing'
24-Jan-2025 18:37:49.655 INFORMATION [http-nio-8080-exec-90] org.apache.catalina.core.ApplicationContext.log Manager: list: Listing contexts for virtual host 'localhost'
24-Jan-2025 18:37:49.656 INFORMATION [http-nio-8080-exec-87] org.apache.catalina.core.ApplicationContext.log Manager: list: Listing contexts for virtual host 'localhost'
24-Jan-2025 18:37:49.659 INFORMATION [http-nio-8080-exec-91] org.apache.catalina.core.ApplicationContext.log Manager: undeploy: Undeploying web application at '/GhostNetFishing'
24-Jan-2025 18:37:50.182 INFORMATION [http-nio-8080-exec-82] org.apache.catalina.core.ApplicationContext.log Manager: install: Installing context configuration at 'file:/C:/Users/EDUARD~1/AppData/Local/Temp/context11239762185000098636.xml'
24-Jan-2025 18:37:51.909 INFORMATION [http-nio-8080-exec-79] org.apache.catalina.core.ApplicationContext.log Manager: start: Starting web application '/GhostNetFishing'
24-Jan-2025 18:42:13.313 INFORMATION [http-nio-8080-exec-3] org.apache.catalina.core.ApplicationContext.log Manager: init: Associated with Deployer 'Catalina:type=Deployer,host=localhost'
24-Jan-2025 18:42:13.313 INFORMATION [http-nio-8080-exec-3] org.apache.catalina.core.ApplicationContext.log Manager: init: Global resources are available
24-Jan-2025 18:42:13.679 INFORMATION [http-nio-8080-exec-2] org.apache.catalina.core.ApplicationContext.log Manager: list: Listing contexts for virtual host 'localhost'
24-Jan-2025 18:42:13.681 INFORMATION [http-nio-8080-exec-1] org.apache.catalina.core.ApplicationContext.log Manager: list: Listing contexts for virtual host 'localhost'
24-Jan-2025 18:42:13.685 INFORMATION [http-nio-8080-exec-3] org.apache.catalina.core.ApplicationContext.log Manager: undeploy: Undeploying web application at '/GhostNetFishing'
24-Jan-2025 18:42:14.229 INFORMATION [http-nio-8080-exec-10] org.apache.catalina.core.ApplicationContext.log Manager: install: Installing context configuration at 'file:/C:/Users/EDUARD~1/AppData/Local/Temp/context13409045760159722217.xml'
24-Jan-2025 18:42:16.207 INFORMATION [http-nio-8080-exec-8] org.apache.catalina.core.ApplicationContext.log Manager: start: Starting web application '/GhostNetFishing'
24-Jan-2025 18:44:11.161 INFORMATION [http-nio-8080-exec-12] org.apache.catalina.core.ApplicationContext.log Manager: list: Listing contexts for virtual host 'localhost'
24-Jan-2025 18:44:11.163 INFORMATION [http-nio-8080-exec-16] org.apache.catalina.core.ApplicationContext.log Manager: list: Listing contexts for virtual host 'localhost'
24-Jan-2025 18:44:11.165 INFORMATION [http-nio-8080-exec-1] org.apache.catalina.core.ApplicationContext.log Manager: undeploy: Undeploying web application at '/GhostNetFishing'
24-Jan-2025 18:44:11.684 INFORMATION [http-nio-8080-exec-12] org.apache.catalina.core.ApplicationContext.log Manager: install: Installing context configuration at 'file:/C:/Users/EDUARD~1/AppData/Local/Temp/context16882955220754851806.xml'
24-Jan-2025 18:44:13.609 INFORMATION [http-nio-8080-exec-2] org.apache.catalina.core.ApplicationContext.log Manager: start: Starting web application '/GhostNetFishing'
24-Jan-2025 18:46:30.702 INFORMATION [http-nio-8080-exec-21] org.apache.catalina.core.ApplicationContext.log Manager: list: Listing contexts for virtual host 'localhost'
24-Jan-2025 18:46:30.703 INFORMATION [http-nio-8080-exec-22] org.apache.catalina.core.ApplicationContext.log Manager: list: Listing contexts for virtual host 'localhost'
24-Jan-2025 18:46:30.706 INFORMATION [http-nio-8080-exec-23] org.apache.catalina.core.ApplicationContext.log Manager: undeploy: Undeploying web application at '/GhostNetFishing'
24-Jan-2025 18:46:31.232 INFORMATION [http-nio-8080-exec-14] org.apache.catalina.core.ApplicationContext.log Manager: install: Installing context configuration at 'file:/C:/Users/EDUARD~1/AppData/Local/Temp/context14491855389905040113.xml'
24-Jan-2025 18:46:33.061 INFORMATION [http-nio-8080-exec-19] org.apache.catalina.core.ApplicationContext.log Manager: start: Starting web application '/GhostNetFishing'
24-Jan-2025 18:47:38.745 INFORMATION [http-nio-8080-exec-28] org.apache.catalina.core.ApplicationContext.log Manager: list: Listing contexts for virtual host 'localhost'
24-Jan-2025 18:47:38.746 INFORMATION [http-nio-8080-exec-22] org.apache.catalina.core.ApplicationContext.log Manager: list: Listing contexts for virtual host 'localhost'
24-Jan-2025 18:47:38.749 INFORMATION [http-nio-8080-exec-29] org.apache.catalina.core.ApplicationContext.log Manager: undeploy: Undeploying web application at '/GhostNetFishing'
24-Jan-2025 18:47:39.267 INFORMATION [http-nio-8080-exec-28] org.apache.catalina.core.ApplicationContext.log Manager: install: Installing context configuration at 'file:/C:/Users/EDUARD~1/AppData/Local/Temp/context2570037676761286227.xml'
24-Jan-2025 18:47:41.068 INFORMATION [http-nio-8080-exec-20] org.apache.catalina.core.ApplicationContext.log Manager: start: Starting web application '/GhostNetFishing'
24-Jan-2025 18:55:51.309 INFORMATION [http-nio-8080-exec-34] org.apache.catalina.core.ApplicationContext.log Manager: list: Listing contexts for virtual host 'localhost'
24-Jan-2025 18:55:51.310 INFORMATION [http-nio-8080-exec-35] org.apache.catalina.core.ApplicationContext.log Manager: list: Listing contexts for virtual host 'localhost'
24-Jan-2025 18:55:51.312 INFORMATION [http-nio-8080-exec-36] org.apache.catalina.core.ApplicationContext.log Manager: undeploy: Undeploying web application at '/GhostNetFishing'
24-Jan-2025 18:55:51.839 INFORMATION [http-nio-8080-exec-33] org.apache.catalina.core.ApplicationContext.log Manager: install: Installing context configuration at 'file:/C:/Users/EDUARD~1/AppData/Local/Temp/context3146658601409657364.xml'
24-Jan-2025 18:55:53.610 INFORMATION [http-nio-8080-exec-37] org.apache.catalina.core.ApplicationContext.log Manager: start: Starting web application '/GhostNetFishing'
24-Jan-2025 18:58:31.959 INFORMATION [http-nio-8080-exec-44] org.apache.catalina.core.ApplicationContext.log Manager: list: Listing contexts for virtual host 'localhost'
24-Jan-2025 18:58:31.960 INFORMATION [http-nio-8080-exec-45] org.apache.catalina.core.ApplicationContext.log Manager: list: Listing contexts for virtual host 'localhost'
24-Jan-2025 18:58:31.963 INFORMATION [http-nio-8080-exec-46] org.apache.catalina.core.ApplicationContext.log Manager: undeploy: Undeploying web application at '/GhostNetFishing'
24-Jan-2025 18:58:32.489 INFORMATION [http-nio-8080-exec-41] org.apache.catalina.core.ApplicationContext.log Manager: install: Installing context configuration at 'file:/C:/Users/EDUARD~1/AppData/Local/Temp/context4148189662921426363.xml'
24-Jan-2025 18:58:34.301 INFORMATION [http-nio-8080-exec-42] org.apache.catalina.core.ApplicationContext.log Manager: start: Starting web application '/GhostNetFishing'
24-Jan-2025 19:01:30.465 INFORMATION [http-nio-8080-exec-51] org.apache.catalina.core.ApplicationContext.log Manager: list: Listing contexts for virtual host 'localhost'
24-Jan-2025 19:01:30.465 INFORMATION [http-nio-8080-exec-52] org.apache.catalina.core.ApplicationContext.log Manager: list: Listing contexts for virtual host 'localhost'
24-Jan-2025 19:01:30.468 INFORMATION [http-nio-8080-exec-53] org.apache.catalina.core.ApplicationContext.log Manager: undeploy: Undeploying web application at '/GhostNetFishing'
24-Jan-2025 19:01:30.995 INFORMATION [http-nio-8080-exec-45] org.apache.catalina.core.ApplicationContext.log Manager: install: Installing context configuration at 'file:/C:/Users/EDUARD~1/AppData/Local/Temp/context14040776522604729222.xml'
24-Jan-2025 19:01:32.802 INFORMATION [http-nio-8080-exec-47] org.apache.catalina.core.ApplicationContext.log Manager: start: Starting web application '/GhostNetFishing'
24-Jan-2025 19:02:08.385 INFORMATION [http-nio-8080-exec-38] org.apache.catalina.core.ApplicationContext.log Manager: list: Listing contexts for virtual host 'localhost'
24-Jan-2025 19:02:08.386 INFORMATION [http-nio-8080-exec-48] org.apache.catalina.core.ApplicationContext.log Manager: list: Listing contexts for virtual host 'localhost'
24-Jan-2025 19:02:08.388 INFORMATION [http-nio-8080-exec-55] org.apache.catalina.core.ApplicationContext.log Manager: undeploy: Undeploying web application at '/GhostNetFishing'
24-Jan-2025 19:02:08.910 INFORMATION [http-nio-8080-exec-51] org.apache.catalina.core.ApplicationContext.log Manager: install: Installing context configuration at 'file:/C:/Users/EDUARD~1/AppData/Local/Temp/context7385149239548102678.xml'
24-Jan-2025 19:02:10.716 INFORMATION [http-nio-8080-exec-43] org.apache.catalina.core.ApplicationContext.log Manager: start: Starting web application '/GhostNetFishing'
24-Jan-2025 19:04:06.984 INFORMATION [http-nio-8080-exec-56] org.apache.catalina.core.ApplicationContext.log Manager: list: Listing contexts for virtual host 'localhost'
24-Jan-2025 19:04:06.985 INFORMATION [http-nio-8080-exec-54] org.apache.catalina.core.ApplicationContext.log Manager: list: Listing contexts for virtual host 'localhost'
24-Jan-2025 19:04:06.988 INFORMATION [http-nio-8080-exec-64] org.apache.catalina.core.ApplicationContext.log Manager: undeploy: Undeploying web application at '/GhostNetFishing'
24-Jan-2025 19:04:07.517 INFORMATION [http-nio-8080-exec-59] org.apache.catalina.core.ApplicationContext.log Manager: install: Installing context configuration at 'file:/C:/Users/EDUARD~1/AppData/Local/Temp/context15595288924853730320.xml'
24-Jan-2025 19:04:09.328 INFORMATION [http-nio-8080-exec-56] org.apache.catalina.core.ApplicationContext.log Manager: start: Starting web application '/GhostNetFishing'
24-Jan-2025 19:09:53.574 INFORMATION [http-nio-8080-exec-73] org.apache.catalina.core.ApplicationContext.log Manager: list: Listing contexts for virtual host 'localhost'
24-Jan-2025 19:09:53.575 INFORMATION [http-nio-8080-exec-66] org.apache.catalina.core.ApplicationContext.log Manager: list: Listing contexts for virtual host 'localhost'
24-Jan-2025 19:09:53.577 INFORMATION [http-nio-8080-exec-67] org.apache.catalina.core.ApplicationContext.log Manager: undeploy: Undeploying web application at '/GhostNetFishing'
24-Jan-2025 19:09:54.099 INFORMATION [http-nio-8080-exec-69] org.apache.catalina.core.ApplicationContext.log Manager: install: Installing context configuration at 'file:/C:/Users/EDUARD~1/AppData/Local/Temp/context16341334090245928838.xml'
24-Jan-2025 19:09:55.868 INFORMATION [http-nio-8080-exec-68] org.apache.catalina.core.ApplicationContext.log Manager: start: Starting web application '/GhostNetFishing'
24-Jan-2025 19:20:30.330 INFORMATION [http-nio-8080-exec-80] org.apache.catalina.core.ApplicationContext.log Manager: list: Listing contexts for virtual host 'localhost'
24-Jan-2025 19:20:30.331 INFORMATION [http-nio-8080-exec-81] org.apache.catalina.core.ApplicationContext.log Manager: list: Listing contexts for virtual host 'localhost'
24-Jan-2025 19:20:30.333 INFORMATION [http-nio-8080-exec-82] org.apache.catalina.core.ApplicationContext.log Manager: undeploy: Undeploying web application at '/GhostNetFishing'
24-Jan-2025 19:20:30.849 INFORMATION [http-nio-8080-exec-78] org.apache.catalina.core.ApplicationContext.log Manager: install: Installing context configuration at 'file:/C:/Users/EDUARD~1/AppData/Local/Temp/context1073168614131918848.xml'
24-Jan-2025 19:20:32.674 INFORMATION [http-nio-8080-exec-75] org.apache.catalina.core.ApplicationContext.log Manager: start: Starting web application '/GhostNetFishing'
24-Jan-2025 19:24:50.402 INFORMATION [http-nio-8080-exec-90] org.apache.catalina.core.ApplicationContext.log Manager: list: Listing contexts for virtual host 'localhost'
24-Jan-2025 19:24:50.403 INFORMATION [http-nio-8080-exec-91] org.apache.catalina.core.ApplicationContext.log Manager: list: Listing contexts for virtual host 'localhost'
24-Jan-2025 19:24:50.406 INFORMATION [http-nio-8080-exec-92] org.apache.catalina.core.ApplicationContext.log Manager: undeploy: Undeploying web application at '/GhostNetFishing'
24-Jan-2025 19:24:50.929 INFORMATION [http-nio-8080-exec-86] org.apache.catalina.core.ApplicationContext.log Manager: install: Installing context configuration at 'file:/C:/Users/EDUARD~1/AppData/Local/Temp/context15929375856661724921.xml'
24-Jan-2025 19:24:52.709 INFORMATION [http-nio-8080-exec-90] org.apache.catalina.core.ApplicationContext.log Manager: start: Starting web application '/GhostNetFishing'
24-Jan-2025 19:29:01.282 INFORMATION [http-nio-8080-exec-102] org.apache.catalina.core.ApplicationContext.log Manager: list: Listing contexts for virtual host 'localhost'
24-Jan-2025 19:29:01.283 INFORMATION [http-nio-8080-exec-101] org.apache.catalina.core.ApplicationContext.log Manager: list: Listing contexts for virtual host 'localhost'
24-Jan-2025 19:29:01.286 INFORMATION [http-nio-8080-exec-103] org.apache.catalina.core.ApplicationContext.log Manager: undeploy: Undeploying web application at '/GhostNetFishing'
24-Jan-2025 19:29:01.804 INFORMATION [http-nio-8080-exec-99] org.apache.catalina.core.ApplicationContext.log Manager: install: Installing context configuration at 'file:/C:/Users/EDUARD~1/AppData/Local/Temp/context14486828427335596720.xml'
24-Jan-2025 19:29:03.579 INFORMATION [http-nio-8080-exec-100] org.apache.catalina.core.ApplicationContext.log Manager: start: Starting web application '/GhostNetFishing'
24-Jan-2025 19:33:35.765 INFORMATION [http-nio-8080-exec-110] org.apache.catalina.core.ApplicationContext.log Manager: list: Listing contexts for virtual host 'localhost'
24-Jan-2025 19:33:35.766 INFORMATION [http-nio-8080-exec-111] org.apache.catalina.core.ApplicationContext.log Manager: list: Listing contexts for virtual host 'localhost'
24-Jan-2025 19:33:35.769 INFORMATION [http-nio-8080-exec-112] org.apache.catalina.core.ApplicationContext.log Manager: undeploy: Undeploying web application at '/GhostNetFishing'
24-Jan-2025 19:33:36.286 INFORMATION [http-nio-8080-exec-110] org.apache.catalina.core.ApplicationContext.log Manager: install: Installing context configuration at 'file:/C:/Users/EDUARD~1/AppData/Local/Temp/context10861060605166707859.xml'
24-Jan-2025 19:33:38.119 INFORMATION [http-nio-8080-exec-111] org.apache.catalina.core.ApplicationContext.log Manager: start: Starting web application '/GhostNetFishing'
24-Jan-2025 19:42:31.793 INFORMATION [http-nio-8080-exec-120] org.apache.catalina.core.ApplicationContext.log Manager: list: Listing contexts for virtual host 'localhost'
24-Jan-2025 19:42:31.794 INFORMATION [http-nio-8080-exec-121] org.apache.catalina.core.ApplicationContext.log Manager: list: Listing contexts for virtual host 'localhost'
24-Jan-2025 19:42:31.796 INFORMATION [http-nio-8080-exec-122] org.apache.catalina.core.ApplicationContext.log Manager: undeploy: Undeploying web application at '/GhostNetFishing'
24-Jan-2025 19:42:32.314 INFORMATION [http-nio-8080-exec-121] org.apache.catalina.core.ApplicationContext.log Manager: install: Installing context configuration at 'file:/C:/Users/EDUARD~1/AppData/Local/Temp/context9573779754441534738.xml'
24-Jan-2025 19:42:34.116 INFORMATION [http-nio-8080-exec-116] org.apache.catalina.core.ApplicationContext.log Manager: start: Starting web application '/GhostNetFishing'
24-Jan-2025 19:50:52.617 INFORMATION [http-nio-8080-exec-126] org.apache.catalina.core.ApplicationContext.log Manager: list: Listing contexts for virtual host 'localhost'
24-Jan-2025 19:50:52.618 INFORMATION [http-nio-8080-exec-129] org.apache.catalina.core.ApplicationContext.log Manager: list: Listing contexts for virtual host 'localhost'
24-Jan-2025 19:50:52.630 INFORMATION [http-nio-8080-exec-130] org.apache.catalina.core.ApplicationContext.log Manager: undeploy: Undeploying web application at '/GhostNetFishing'
24-Jan-2025 19:50:53.150 INFORMATION [http-nio-8080-exec-127] org.apache.catalina.core.ApplicationContext.log Manager: install: Installing context configuration at 'file:/C:/Users/EDUARD~1/AppData/Local/Temp/context4345124686459866433.xml'
24-Jan-2025 19:50:55.007 INFORMATION [http-nio-8080-exec-126] org.apache.catalina.core.ApplicationContext.log Manager: start: Starting web application '/GhostNetFishing'
24-Jan-2025 19:52:44.845 INFORMATION [http-nio-8080-exec-140] org.apache.catalina.core.ApplicationContext.log Manager: list: Listing contexts for virtual host 'localhost'
24-Jan-2025 19:52:44.846 INFORMATION [http-nio-8080-exec-141] org.apache.catalina.core.ApplicationContext.log Manager: list: Listing contexts for virtual host 'localhost'
24-Jan-2025 19:52:44.848 INFORMATION [http-nio-8080-exec-142] org.apache.catalina.core.ApplicationContext.log Manager: undeploy: Undeploying web application at '/GhostNetFishing'
24-Jan-2025 19:52:45.368 INFORMATION [http-nio-8080-exec-135] org.apache.catalina.core.ApplicationContext.log Manager: install: Installing context configuration at 'file:/C:/Users/EDUARD~1/AppData/Local/Temp/context4725635683312619974.xml'
24-Jan-2025 19:52:47.178 INFORMATION [http-nio-8080-exec-144] org.apache.catalina.core.ApplicationContext.log Manager: start: Starting web application '/GhostNetFishing'
24-Jan-2025 19:57:51.601 INFORMATION [http-nio-8080-exec-151] org.apache.catalina.core.ApplicationContext.log Manager: list: Listing contexts for virtual host 'localhost'
24-Jan-2025 19:57:51.602 INFORMATION [http-nio-8080-exec-152] org.apache.catalina.core.ApplicationContext.log Manager: list: Listing contexts for virtual host 'localhost'
24-Jan-2025 19:57:51.604 INFORMATION [http-nio-8080-exec-153] org.apache.catalina.core.ApplicationContext.log Manager: undeploy: Undeploying web application at '/GhostNetFishing'
24-Jan-2025 19:57:52.127 INFORMATION [http-nio-8080-exec-152] org.apache.catalina.core.ApplicationContext.log Manager: install: Installing context configuration at 'file:/C:/Users/EDUARD~1/AppData/Local/Temp/context5665392680774342272.xml'
24-Jan-2025 19:57:53.951 INFORMATION [http-nio-8080-exec-154] org.apache.catalina.core.ApplicationContext.log Manager: start: Starting web application '/GhostNetFishing'
24-Jan-2025 20:37:47.798 INFORMATION [http-nio-8080-exec-160] org.apache.catalina.core.ApplicationContext.log Manager: list: Listing contexts for virtual host 'localhost'
24-Jan-2025 20:37:47.798 INFORMATION [http-nio-8080-exec-161] org.apache.catalina.core.ApplicationContext.log Manager: list: Listing contexts for virtual host 'localhost'
24-Jan-2025 20:37:47.801 INFORMATION [http-nio-8080-exec-162] org.apache.catalina.core.ApplicationContext.log Manager: undeploy: Undeploying web application at '/GhostNetFishing'
24-Jan-2025 20:37:48.334 INFORMATION [http-nio-8080-exec-158] org.apache.catalina.core.ApplicationContext.log Manager: install: Installing context configuration at 'file:/C:/Users/EDUARD~1/AppData/Local/Temp/context15464478305355399488.xml'
24-Jan-2025 20:37:50.093 INFORMATION [http-nio-8080-exec-157] org.apache.catalina.core.ApplicationContext.log Manager: start: Starting web application '/GhostNetFishing'
24-Jan-2025 20:40:26.671 INFORMATION [http-nio-8080-exec-160] org.apache.catalina.core.ApplicationContext.log Manager: list: Listing contexts for virtual host 'localhost'
24-Jan-2025 20:40:26.671 INFORMATION [http-nio-8080-exec-171] org.apache.catalina.core.ApplicationContext.log Manager: list: Listing contexts for virtual host 'localhost'
24-Jan-2025 20:40:26.674 INFORMATION [http-nio-8080-exec-159] org.apache.catalina.core.ApplicationContext.log Manager: undeploy: Undeploying web application at '/GhostNetFishing'
24-Jan-2025 20:40:27.196 INFORMATION [http-nio-8080-exec-166] org.apache.catalina.core.ApplicationContext.log Manager: install: Installing context configuration at 'file:/C:/Users/EDUARD~1/AppData/Local/Temp/context14443785716881638218.xml'
24-Jan-2025 20:40:28.963 INFORMATION [http-nio-8080-exec-170] org.apache.catalina.core.ApplicationContext.log Manager: start: Starting web application '/GhostNetFishing'
24-Jan-2025 20:53:22.433 INFORMATION [http-nio-8080-exec-178] org.apache.catalina.core.ApplicationContext.log Manager: list: Listing contexts for virtual host 'localhost'
24-Jan-2025 20:53:22.433 INFORMATION [http-nio-8080-exec-177] org.apache.catalina.core.ApplicationContext.log Manager: list: Listing contexts for virtual host 'localhost'
24-Jan-2025 20:53:22.436 INFORMATION [http-nio-8080-exec-179] org.apache.catalina.core.ApplicationContext.log Manager: undeploy: Undeploying web application at '/GhostNetFishing'
24-Jan-2025 20:53:22.956 INFORMATION [http-nio-8080-exec-172] org.apache.catalina.core.ApplicationContext.log Manager: install: Installing context configuration at 'file:/C:/Users/EDUARD~1/AppData/Local/Temp/context4175684401711227602.xml'
24-Jan-2025 20:53:24.781 INFORMATION [http-nio-8080-exec-178] org.apache.catalina.core.ApplicationContext.log Manager: start: Starting web application '/GhostNetFishing'
24-Jan-2025 20:56:08.148 INFORMATION [http-nio-8080-exec-188] org.apache.catalina.core.ApplicationContext.log Manager: list: Listing contexts for virtual host 'localhost'
24-Jan-2025 20:56:08.149 INFORMATION [http-nio-8080-exec-189] org.apache.catalina.core.ApplicationContext.log Manager: list: Listing contexts for virtual host 'localhost'
24-Jan-2025 20:56:08.153 INFORMATION [http-nio-8080-exec-190] org.apache.catalina.core.ApplicationContext.log Manager: undeploy: Undeploying web application at '/GhostNetFishing'
24-Jan-2025 20:56:08.673 INFORMATION [http-nio-8080-exec-189] org.apache.catalina.core.ApplicationContext.log Manager: install: Installing context configuration at 'file:/C:/Users/EDUARD~1/AppData/Local/Temp/context15773016499448168947.xml'
24-Jan-2025 20:56:10.447 INFORMATION [http-nio-8080-exec-188] org.apache.catalina.core.ApplicationContext.log Manager: start: Starting web application '/GhostNetFishing'
24-Jan-2025 21:02:49.479 INFORMATION [http-nio-8080-exec-200] org.apache.catalina.core.ApplicationContext.log Manager: list: Listing contexts for virtual host 'localhost'
24-Jan-2025 21:02:49.479 INFORMATION [http-nio-8080-exec-201] org.apache.catalina.core.ApplicationContext.log Manager: list: Listing contexts for virtual host 'localhost'
24-Jan-2025 21:02:49.482 INFORMATION [http-nio-8080-exec-194] org.apache.catalina.core.ApplicationContext.log Manager: undeploy: Undeploying web application at '/GhostNetFishing'
24-Jan-2025 21:02:50.018 INFORMATION [http-nio-8080-exec-198] org.apache.catalina.core.ApplicationContext.log Manager: install: Installing context configuration at 'file:/C:/Users/EDUARD~1/AppData/Local/Temp/context16173215337492352412.xml'
24-Jan-2025 21:03:26.099 INFORMATION [http-nio-8080-exec-202] org.apache.catalina.core.ApplicationContext.log Manager: list: Listing contexts for virtual host 'localhost'
24-Jan-2025 21:03:26.100 INFORMATION [http-nio-8080-exec-193] org.apache.catalina.core.ApplicationContext.log Manager: list: Listing contexts for virtual host 'localhost'
24-Jan-2025 21:04:01.920 INFORMATION [http-nio-8080-exec-197] org.apache.catalina.core.ApplicationContext.log Manager: undeploy: Undeploying web application at '/GhostNetFishing'
24-Jan-2025 21:04:02.437 INFORMATION [http-nio-8080-exec-193] org.apache.catalina.core.ApplicationContext.log Manager: start: Starting web application '/GhostNetFishing'
24-Jan-2025 21:04:02.441 INFORMATION [http-nio-8080-exec-192] org.apache.catalina.core.ApplicationContext.log Manager: install: Installing context configuration at 'file:/C:/Users/EDUARD~1/AppData/Local/Temp/context897538076859375239.xml'
24-Jan-2025 21:04:04.266 INFORMATION [http-nio-8080-exec-201] org.apache.catalina.core.ApplicationContext.log Manager: start: Starting web application '/GhostNetFishing'
24-Jan-2025 21:04:17.932 INFORMATION [http-nio-8080-exec-204] org.apache.catalina.core.ApplicationContext.log Manager: list: Listing contexts for virtual host 'localhost'
24-Jan-2025 21:04:17.933 INFORMATION [http-nio-8080-exec-203] org.apache.catalina.core.ApplicationContext.log Manager: list: Listing contexts for virtual host 'localhost'
24-Jan-2025 21:04:17.936 INFORMATION [http-nio-8080-exec-205] org.apache.catalina.core.ApplicationContext.log Manager: undeploy: Undeploying web application at '/GhostNetFishing'
24-Jan-2025 21:04:18.459 INFORMATION [http-nio-8080-exec-197] org.apache.catalina.core.ApplicationContext.log Manager: install: Installing context configuration at 'file:/C:/Users/EDUARD~1/AppData/Local/Temp/context6403841159174938583.xml'
24-Jan-2025 21:04:20.279 INFORMATION [http-nio-8080-exec-207] org.apache.catalina.core.ApplicationContext.log Manager: start: Starting web application '/GhostNetFishing'
24-Jan-2025 21:06:45.533 INFORMATION [http-nio-8080-exec-216] org.apache.catalina.core.ApplicationContext.log Manager: list: Listing contexts for virtual host 'localhost'
24-Jan-2025 21:06:45.533 INFORMATION [http-nio-8080-exec-210] org.apache.catalina.core.ApplicationContext.log Manager: list: Listing contexts for virtual host 'localhost'
24-Jan-2025 21:06:45.536 INFORMATION [http-nio-8080-exec-211] org.apache.catalina.core.ApplicationContext.log Manager: undeploy: Undeploying web application at '/GhostNetFishing'
24-Jan-2025 21:06:46.070 INFORMATION [http-nio-8080-exec-214] org.apache.catalina.core.ApplicationContext.log Manager: install: Installing context configuration at 'file:/C:/Users/EDUARD~1/AppData/Local/Temp/context3031518031689524763.xml'
24-Jan-2025 21:06:47.812 INFORMATION [http-nio-8080-exec-216] org.apache.catalina.core.ApplicationContext.log Manager: start: Starting web application '/GhostNetFishing'
24-Jan-2025 21:08:21.943 INFORMATION [http-nio-8080-exec-224] org.apache.catalina.core.ApplicationContext.log Manager: list: Listing contexts for virtual host 'localhost'
24-Jan-2025 21:08:21.944 INFORMATION [http-nio-8080-exec-225] org.apache.catalina.core.ApplicationContext.log Manager: list: Listing contexts for virtual host 'localhost'
24-Jan-2025 21:08:21.946 INFORMATION [http-nio-8080-exec-209] org.apache.catalina.core.ApplicationContext.log Manager: undeploy: Undeploying web application at '/GhostNetFishing'
24-Jan-2025 21:08:22.474 INFORMATION [http-nio-8080-exec-223] org.apache.catalina.core.ApplicationContext.log Manager: install: Installing context configuration at 'file:/C:/Users/EDUARD~1/AppData/Local/Temp/context13899912335469250498.xml'
24-Jan-2025 21:08:24.268 INFORMATION [http-nio-8080-exec-224] org.apache.catalina.core.ApplicationContext.log Manager: start: Starting web application '/GhostNetFishing'
24-Jan-2025 21:11:38.799 INFORMATION [http-nio-8080-exec-232] org.apache.catalina.core.ApplicationContext.log Manager: list: Listing contexts for virtual host 'localhost'
24-Jan-2025 21:11:38.799 INFORMATION [http-nio-8080-exec-233] org.apache.catalina.core.ApplicationContext.log Manager: list: Listing contexts for virtual host 'localhost'
24-Jan-2025 21:11:38.802 INFORMATION [http-nio-8080-exec-234] org.apache.catalina.core.ApplicationContext.log Manager: undeploy: Undeploying web application at '/GhostNetFishing'
24-Jan-2025 21:11:39.320 INFORMATION [http-nio-8080-exec-227] org.apache.catalina.core.ApplicationContext.log Manager: install: Installing context configuration at 'file:/C:/Users/EDUARD~1/AppData/Local/Temp/context16744061450883583444.xml'
24-Jan-2025 21:11:41.075 INFORMATION [http-nio-8080-exec-232] org.apache.catalina.core.ApplicationContext.log Manager: start: Starting web application '/GhostNetFishing'
24-Jan-2025 21:13:52.524 INFORMATION [http-nio-8080-exec-241] org.apache.catalina.core.ApplicationContext.log Manager: list: Listing contexts for virtual host 'localhost'
24-Jan-2025 21:13:52.525 INFORMATION [http-nio-8080-exec-242] org.apache.catalina.core.ApplicationContext.log Manager: list: Listing contexts for virtual host 'localhost'
24-Jan-2025 21:13:52.527 INFORMATION [http-nio-8080-exec-233] org.apache.catalina.core.ApplicationContext.log Manager: undeploy: Undeploying web application at '/GhostNetFishing'
24-Jan-2025 21:13:53.052 INFORMATION [http-nio-8080-exec-239] org.apache.catalina.core.ApplicationContext.log Manager: install: Installing context configuration at 'file:/C:/Users/EDUARD~1/AppData/Local/Temp/context4185266346767828614.xml'
24-Jan-2025 21:13:54.922 INFORMATION [http-nio-8080-exec-235] org.apache.catalina.core.ApplicationContext.log Manager: start: Starting web application '/GhostNetFishing'
24-Jan-2025 21:16:03.248 INFORMATION [http-nio-8080-exec-236] org.apache.catalina.core.ApplicationContext.log Manager: list: Listing contexts for virtual host 'localhost'
24-Jan-2025 21:16:03.249 INFORMATION [http-nio-8080-exec-249] org.apache.catalina.core.ApplicationContext.log Manager: list: Listing contexts for virtual host 'localhost'
24-Jan-2025 21:16:03.252 INFORMATION [http-nio-8080-exec-240] org.apache.catalina.core.ApplicationContext.log Manager: undeploy: Undeploying web application at '/GhostNetFishing'
24-Jan-2025 21:16:03.780 INFORMATION [http-nio-8080-exec-244] org.apache.catalina.core.ApplicationContext.log Manager: install: Installing context configuration at 'file:/C:/Users/EDUARD~1/AppData/Local/Temp/context10650238285032594733.xml'
24-Jan-2025 21:16:05.502 INFORMATION [http-nio-8080-exec-247] org.apache.catalina.core.ApplicationContext.log Manager: start: Starting web application '/GhostNetFishing'
24-Jan-2025 21:17:37.250 INFORMATION [http-nio-8080-exec-249] org.apache.catalina.core.ApplicationContext.log Manager: list: Listing contexts for virtual host 'localhost'
24-Jan-2025 21:17:37.250 INFORMATION [http-nio-8080-exec-255] org.apache.catalina.core.ApplicationContext.log Manager: list: Listing contexts for virtual host 'localhost'
24-Jan-2025 21:17:37.253 INFORMATION [http-nio-8080-exec-246] org.apache.catalina.core.ApplicationContext.log Manager: undeploy: Undeploying web application at '/GhostNetFishing'
24-Jan-2025 21:17:37.776 INFORMATION [http-nio-8080-exec-253] org.apache.catalina.core.ApplicationContext.log Manager: install: Installing context configuration at 'file:/C:/Users/EDUARD~1/AppData/Local/Temp/context18041844848674237589.xml'
24-Jan-2025 21:17:39.491 INFORMATION [http-nio-8080-exec-255] org.apache.catalina.core.ApplicationContext.log Manager: start: Starting web application '/GhostNetFishing'
24-Jan-2025 21:23:11.458 INFORMATION [http-nio-8080-exec-262] org.apache.catalina.core.ApplicationContext.log Manager: list: Listing contexts for virtual host 'localhost'
24-Jan-2025 21:23:11.458 INFORMATION [http-nio-8080-exec-263] org.apache.catalina.core.ApplicationContext.log Manager: list: Listing contexts for virtual host 'localhost'
24-Jan-2025 21:23:11.461 INFORMATION [http-nio-8080-exec-264] org.apache.catalina.core.ApplicationContext.log Manager: undeploy: Undeploying web application at '/GhostNetFishing'
24-Jan-2025 21:23:11.988 INFORMATION [http-nio-8080-exec-265] org.apache.catalina.core.ApplicationContext.log Manager: install: Installing context configuration at 'file:/C:/Users/EDUARD~1/AppData/Local/Temp/context16674662825865822690.xml'
24-Jan-2025 21:23:13.782 INFORMATION [http-nio-8080-exec-256] org.apache.catalina.core.ApplicationContext.log Manager: start: Starting web application '/GhostNetFishing'
24-Jan-2025 21:57:14.316 INFORMATION [http-nio-8080-exec-271] org.apache.catalina.core.ApplicationContext.log Manager: list: Listing contexts for virtual host 'localhost'
24-Jan-2025 21:57:14.317 INFORMATION [http-nio-8080-exec-272] org.apache.catalina.core.ApplicationContext.log Manager: list: Listing contexts for virtual host 'localhost'
24-Jan-2025 21:57:14.320 INFORMATION [http-nio-8080-exec-273] org.apache.catalina.core.ApplicationContext.log Manager: undeploy: Undeploying web application at '/GhostNetFishing'
24-Jan-2025 21:57:14.844 INFORMATION [http-nio-8080-exec-266] org.apache.catalina.core.ApplicationContext.log Manager: install: Installing context configuration at 'file:/C:/Users/EDUARD~1/AppData/Local/Temp/context6712217440901532673.xml'
24-Jan-2025 21:57:16.602 INFORMATION [http-nio-8080-exec-274] org.apache.catalina.core.ApplicationContext.log Manager: start: Starting web application '/GhostNetFishing'
24-Jan-2025 21:58:50.455 INFORMATION [http-nio-8080-exec-272] org.apache.catalina.core.ApplicationContext.log Manager: list: Listing contexts for virtual host 'localhost'
24-Jan-2025 21:58:50.455 INFORMATION [http-nio-8080-exec-282] org.apache.catalina.core.ApplicationContext.log Manager: list: Listing contexts for virtual host 'localhost'
24-Jan-2025 21:58:50.458 INFORMATION [http-nio-8080-exec-269] org.apache.catalina.core.ApplicationContext.log Manager: undeploy: Undeploying web application at '/GhostNetFishing'
24-Jan-2025 21:58:50.982 INFORMATION [http-nio-8080-exec-271] org.apache.catalina.core.ApplicationContext.log Manager: install: Installing context configuration at 'file:/C:/Users/EDUARD~1/AppData/Local/Temp/context6073457055538882078.xml'
24-Jan-2025 21:58:52.691 INFORMATION [http-nio-8080-exec-278] org.apache.catalina.core.ApplicationContext.log Manager: start: Starting web application '/GhostNetFishing'
24-Jan-2025 22:01:03.221 INFORMATION [http-nio-8080-exec-289] org.apache.catalina.core.ApplicationContext.log Manager: list: Listing contexts for virtual host 'localhost'
24-Jan-2025 22:01:03.221 INFORMATION [http-nio-8080-exec-290] org.apache.catalina.core.ApplicationContext.log Manager: list: Listing contexts for virtual host 'localhost'
24-Jan-2025 22:01:03.224 INFORMATION [http-nio-8080-exec-282] org.apache.catalina.core.ApplicationContext.log Manager: undeploy: Undeploying web application at '/GhostNetFishing'
24-Jan-2025 22:01:03.744 INFORMATION [http-nio-8080-exec-286] org.apache.catalina.core.ApplicationContext.log Manager: install: Installing context configuration at 'file:/C:/Users/EDUARD~1/AppData/Local/Temp/context8428328850342140861.xml'
24-Jan-2025 22:01:05.486 INFORMATION [http-nio-8080-exec-283] org.apache.catalina.core.ApplicationContext.log Manager: start: Starting web application '/GhostNetFishing'
24-Jan-2025 22:03:34.816 INFORMATION [http-nio-8080-exec-298] org.apache.catalina.core.ApplicationContext.log Manager: list: Listing contexts for virtual host 'localhost'
24-Jan-2025 22:03:34.817 INFORMATION [http-nio-8080-exec-297] org.apache.catalina.core.ApplicationContext.log Manager: list: Listing contexts for virtual host 'localhost'
24-Jan-2025 22:03:34.819 INFORMATION [http-nio-8080-exec-299] org.apache.catalina.core.ApplicationContext.log Manager: undeploy: Undeploying web application at '/GhostNetFishing'
24-Jan-2025 22:03:35.340 INFORMATION [http-nio-8080-exec-296] org.apache.catalina.core.ApplicationContext.log Manager: install: Installing context configuration at 'file:/C:/Users/EDUARD~1/AppData/Local/Temp/context3274092574775516321.xml'
24-Jan-2025 22:03:37.198 INFORMATION [http-nio-8080-exec-294] org.apache.catalina.core.ApplicationContext.log Manager: start: Starting web application '/GhostNetFishing'
24-Jan-2025 22:04:03.868 INFORMATION [http-nio-8080-exec-290] org.apache.catalina.core.ApplicationContext.log Manager: list: Listing contexts for virtual host 'localhost'
24-Jan-2025 22:04:03.869 INFORMATION [http-nio-8080-exec-297] org.apache.catalina.core.ApplicationContext.log Manager: list: Listing contexts for virtual host 'localhost'
24-Jan-2025 22:04:03.871 INFORMATION [http-nio-8080-exec-295] org.apache.catalina.core.ApplicationContext.log Manager: undeploy: Undeploying web application at '/GhostNetFishing'
24-Jan-2025 22:04:04.396 INFORMATION [http-nio-8080-exec-298] org.apache.catalina.core.ApplicationContext.log Manager: install: Installing context configuration at 'file:/C:/Users/EDUARD~1/AppData/Local/Temp/context4201433516824470928.xml'
24-Jan-2025 22:04:06.181 INFORMATION [http-nio-8080-exec-290] org.apache.catalina.core.ApplicationContext.log Manager: start: Starting web application '/GhostNetFishing'
24-Jan-2025 22:05:59.041 INFORMATION [http-nio-8080-exec-306] org.apache.catalina.core.ApplicationContext.log Manager: list: Listing contexts for virtual host 'localhost'
24-Jan-2025 22:05:59.042 INFORMATION [http-nio-8080-exec-311] org.apache.catalina.core.ApplicationContext.log Manager: list: Listing contexts for virtual host 'localhost'
24-Jan-2025 22:05:59.044 INFORMATION [http-nio-8080-exec-312] org.apache.catalina.core.ApplicationContext.log Manager: undeploy: Undeploying web application at '/GhostNetFishing'
24-Jan-2025 22:05:59.573 INFORMATION [http-nio-8080-exec-304] org.apache.catalina.core.ApplicationContext.log Manager: install: Installing context configuration at 'file:/C:/Users/EDUARD~1/AppData/Local/Temp/context8829804701933485308.xml'
24-Jan-2025 22:06:01.304 INFORMATION [http-nio-8080-exec-309] org.apache.catalina.core.ApplicationContext.log Manager: start: Starting web application '/GhostNetFishing'
24-Jan-2025 22:07:33.382 INFORMATION [http-nio-8080-exec-320] org.apache.catalina.core.ApplicationContext.log Manager: list: Listing contexts for virtual host 'localhost'
24-Jan-2025 22:07:33.383 INFORMATION [http-nio-8080-exec-322] org.apache.catalina.core.ApplicationContext.log Manager: list: Listing contexts for virtual host 'localhost'
24-Jan-2025 22:07:33.385 INFORMATION [http-nio-8080-exec-307] org.apache.catalina.core.ApplicationContext.log Manager: undeploy: Undeploying web application at '/GhostNetFishing'
24-Jan-2025 22:07:33.907 INFORMATION [http-nio-8080-exec-317] org.apache.catalina.core.ApplicationContext.log Manager: install: Installing context configuration at 'file:/C:/Users/EDUARD~1/AppData/Local/Temp/context15823461794686819260.xml'
24-Jan-2025 22:07:35.677 INFORMATION [http-nio-8080-exec-318] org.apache.catalina.core.ApplicationContext.log Manager: start: Starting web application '/GhostNetFishing'
24-Jan-2025 22:08:22.580 INFORMATION [http-nio-8080-exec-325] org.apache.catalina.core.ApplicationContext.log Manager: list: Listing contexts for virtual host 'localhost'
24-Jan-2025 22:08:22.581 INFORMATION [http-nio-8080-exec-326] org.apache.catalina.core.ApplicationContext.log Manager: list: Listing contexts for virtual host 'localhost'
24-Jan-2025 22:08:22.583 INFORMATION [http-nio-8080-exec-323] org.apache.catalina.core.ApplicationContext.log Manager: undeploy: Undeploying web application at '/GhostNetFishing'
24-Jan-2025 22:08:23.095 INFORMATION [http-nio-8080-exec-324] org.apache.catalina.core.ApplicationContext.log Manager: install: Installing context configuration at 'file:/C:/Users/EDUARD~1/AppData/Local/Temp/context7975548278443274684.xml'
24-Jan-2025 22:08:24.966 INFORMATION [http-nio-8080-exec-329] org.apache.catalina.core.ApplicationContext.log Manager: start: Starting web application '/GhostNetFishing'
24-Jan-2025 22:09:20.380 INFORMATION [http-nio-8080-exec-323] org.apache.catalina.core.ApplicationContext.log Manager: list: Listing contexts for virtual host 'localhost'
24-Jan-2025 22:09:20.381 INFORMATION [http-nio-8080-exec-330] org.apache.catalina.core.ApplicationContext.log Manager: list: Listing contexts for virtual host 'localhost'
24-Jan-2025 22:09:20.383 INFORMATION [http-nio-8080-exec-333] org.apache.catalina.core.ApplicationContext.log Manager: undeploy: Undeploying web application at '/GhostNetFishing'
24-Jan-2025 22:09:20.908 INFORMATION [http-nio-8080-exec-331] org.apache.catalina.core.ApplicationContext.log Manager: install: Installing context configuration at 'file:/C:/Users/EDUARD~1/AppData/Local/Temp/context105668934919455852.xml'
24-Jan-2025 22:09:22.715 INFORMATION [http-nio-8080-exec-330] org.apache.catalina.core.ApplicationContext.log Manager: start: Starting web application '/GhostNetFishing'
24-Jan-2025 22:10:57.954 INFORMATION [http-nio-8080-exec-334] org.apache.catalina.core.ApplicationContext.log Manager: list: Listing contexts for virtual host 'localhost'
24-Jan-2025 22:10:57.955 INFORMATION [http-nio-8080-exec-343] org.apache.catalina.core.ApplicationContext.log Manager: list: Listing contexts for virtual host 'localhost'
24-Jan-2025 22:10:57.957 INFORMATION [http-nio-8080-exec-323] org.apache.catalina.core.ApplicationContext.log Manager: undeploy: Undeploying web application at '/GhostNetFishing'
24-Jan-2025 22:10:58.483 INFORMATION [http-nio-8080-exec-340] org.apache.catalina.core.ApplicationContext.log Manager: install: Installing context configuration at 'file:/C:/Users/EDUARD~1/AppData/Local/Temp/context9967471649111778631.xml'
24-Jan-2025 22:11:00.236 INFORMATION [http-nio-8080-exec-339] org.apache.catalina.core.ApplicationContext.log Manager: start: Starting web application '/GhostNetFishing'
24-Jan-2025 22:11:45.014 INFORMATION [http-nio-8080-exec-323] org.apache.catalina.core.ApplicationContext.log Manager: list: Listing contexts for virtual host 'localhost'
24-Jan-2025 22:11:45.014 INFORMATION [http-nio-8080-exec-344] org.apache.catalina.core.ApplicationContext.log Manager: list: Listing contexts for virtual host 'localhost'
24-Jan-2025 22:11:45.017 INFORMATION [http-nio-8080-exec-347] org.apache.catalina.core.ApplicationContext.log Manager: undeploy: Undeploying web application at '/GhostNetFishing'
24-Jan-2025 22:11:45.536 INFORMATION [http-nio-8080-exec-349] org.apache.catalina.core.ApplicationContext.log Manager: install: Installing context configuration at 'file:/C:/Users/EDUARD~1/AppData/Local/Temp/context2886956842616565055.xml'
24-Jan-2025 22:11:47.313 INFORMATION [http-nio-8080-exec-323] org.apache.catalina.core.ApplicationContext.log Manager: start: Starting web application '/GhostNetFishing'
24-Jan-2025 22:12:51.155 INFORMATION [http-nio-8080-exec-356] org.apache.catalina.core.ApplicationContext.log Manager: list: Listing contexts for virtual host 'localhost'
24-Jan-2025 22:12:51.155 INFORMATION [http-nio-8080-exec-346] org.apache.catalina.core.ApplicationContext.log Manager: list: Listing contexts for virtual host 'localhost'
24-Jan-2025 22:12:51.157 INFORMATION [http-nio-8080-exec-344] org.apache.catalina.core.ApplicationContext.log Manager: undeploy: Undeploying web application at '/GhostNetFishing'
24-Jan-2025 22:12:51.683 INFORMATION [http-nio-8080-exec-346] org.apache.catalina.core.ApplicationContext.log Manager: install: Installing context configuration at 'file:/C:/Users/EDUARD~1/AppData/Local/Temp/context2667223361474518900.xml'
24-Jan-2025 22:12:53.435 INFORMATION [http-nio-8080-exec-355] org.apache.catalina.core.ApplicationContext.log Manager: start: Starting web application '/GhostNetFishing'
24-Jan-2025 22:14:55.398 INFORMATION [http-nio-8080-exec-356] org.apache.catalina.core.ApplicationContext.log Manager: list: Listing contexts for virtual host 'localhost'
24-Jan-2025 22:14:55.399 INFORMATION [http-nio-8080-exec-364] org.apache.catalina.core.ApplicationContext.log Manager: list: Listing contexts for virtual host 'localhost'
24-Jan-2025 22:14:55.401 INFORMATION [http-nio-8080-exec-363] org.apache.catalina.core.ApplicationContext.log Manager: undeploy: Undeploying web application at '/GhostNetFishing'
24-Jan-2025 22:14:55.927 INFORMATION [http-nio-8080-exec-359] org.apache.catalina.core.ApplicationContext.log Manager: install: Installing context configuration at 'file:/C:/Users/EDUARD~1/AppData/Local/Temp/context9795776145604067590.xml'
24-Jan-2025 22:14:57.676 INFORMATION [http-nio-8080-exec-362] org.apache.catalina.core.ApplicationContext.log Manager: start: Starting web application '/GhostNetFishing'
24-Jan-2025 22:17:02.891 INFORMATION [http-nio-8080-exec-371] org.apache.catalina.core.ApplicationContext.log Manager: list: Listing contexts for virtual host 'localhost'
24-Jan-2025 22:17:02.892 INFORMATION [http-nio-8080-exec-372] org.apache.catalina.core.ApplicationContext.log Manager: list: Listing contexts for virtual host 'localhost'
24-Jan-2025 22:17:02.894 INFORMATION [http-nio-8080-exec-358] org.apache.catalina.core.ApplicationContext.log Manager: undeploy: Undeploying web application at '/GhostNetFishing'
24-Jan-2025 22:17:03.419 INFORMATION [http-nio-8080-exec-365] org.apache.catalina.core.ApplicationContext.log Manager: install: Installing context configuration at 'file:/C:/Users/EDUARD~1/AppData/Local/Temp/context1373874302953664445.xml'
24-Jan-2025 22:17:05.196 INFORMATION [http-nio-8080-exec-367] org.apache.catalina.core.ApplicationContext.log Manager: start: Starting web application '/GhostNetFishing'
